[ 2016-06-02T08:39:44+08:00 ] 123.123.96.186 /
INFO: [ app_init ] --START--
INFO: Run Behavior\BuildLiteBehavior [ RunTime:0.000015s ]
INFO: [ app_init ] --END-- [ RunTime:0.000104s ]
INFO: [ app_begin ] --START--
INFO: Run Behavior\ReadHtmlCacheBehavior [ RunTime:0.000526s ]
INFO: [ app_begin ] --END-- [ RunTime:0.000593s ]
SQL: SHOW COLUMNS FROM `area` [ RunTime:0.0011s ]
SQL: SELECT `id` FROM `area` WHERE `name` = '北京' LIMIT 1   [ RunTime:0.0005s ]
INFO: [ view_parse ] --START--
INFO: [ template_filter ] --START--
INFO: Run Behavior\ContentReplaceBehavior [ RunTime:0.000221s ]
INFO: [ template_filter ] --END-- [ RunTime:0.000325s ]
NOTIC: [8] Undefined index: user /data/home/qxu1192070148/htdocs/Application/Runtime/Cache/Home/56d70cf0f710f5f596f222a4dbf456c5.php 第 369 行.
INFO: Run Behavior\ParseTemplateBehavior [ RunTime:0.023821s ]
INFO: [ view_parse ] --END-- [ RunTime:0.023891s ]
INFO: [ view_filter ] --START--
INFO: Run Behavior\WriteHtmlCacheBehavior [ RunTime:0.000320s ]
INFO: [ view_filter ] --END-- [ RunTime:0.000374s ]
INFO: [ app_end ] --START--
INFO: Run Behavior\ShowPageTraceBehavior [ RunTime:0.000550s ]
INFO: [ app_end ] --END-- [ RunTime:0.000606s ]

[ 2016-06-02T08:47:21+08:00 ] 203.208.60.130 /
INFO: [ app_init ] --START--
INFO: Run Behavior\BuildLiteBehavior [ RunTime:0.000015s ]
INFO: [ app_init ] --END-- [ RunTime:0.000099s ]
INFO: [ app_begin ] --START--
INFO: Run Behavior\ReadHtmlCacheBehavior [ RunTime:0.000529s ]
INFO: [ app_begin ] --END-- [ RunTime:0.000613s ]
SQL: SHOW COLUMNS FROM `area` [ RunTime:0.0011s ]
SQL: SELECT `id` FROM `area` WHERE `name` = '北京' LIMIT 1   [ RunTime:0.0004s ]
INFO: [ view_parse ] --START--
INFO: [ template_filter ] --START--
INFO: Run Behavior\ContentReplaceBehavior [ RunTime:0.000212s ]
INFO: [ template_filter ] --END-- [ RunTime:0.000281s ]
NOTIC: [8] Undefined index: user /data/home/qxu1192070148/htdocs/Application/Runtime/Cache/Home/56d70cf0f710f5f596f222a4dbf456c5.php 第 369 行.
INFO: Run Behavior\ParseTemplateBehavior [ RunTime:0.020663s ]
INFO: [ view_parse ] --END-- [ RunTime:0.020733s ]
INFO: [ view_filter ] --START--
INFO: Run Behavior\WriteHtmlCacheBehavior [ RunTime:0.000308s ]
INFO: [ view_filter ] --END-- [ RunTime:0.000366s ]
INFO: [ app_end ] --START--
INFO: Run Behavior\ShowPageTraceBehavior [ RunTime:0.000556s ]
INFO: [ app_end ] --END-- [ RunTime:0.000626s ]

[ 2016-06-02T08:48:30+08:00 ] 123.123.96.186 /
INFO: [ app_init ] --START--
INFO: Run Behavior\BuildLiteBehavior [ RunTime:0.000014s ]
INFO: [ app_init ] --END-- [ RunTime:0.000098s ]
INFO: [ app_begin ] --START--
INFO: Run Behavior\ReadHtmlCacheBehavior [ RunTime:0.000553s ]
INFO: [ app_begin ] --END-- [ RunTime:0.000625s ]
SQL: SHOW COLUMNS FROM `area` [ RunTime:0.0010s ]
SQL: SELECT `id` FROM `area` WHERE `name` = '北京' LIMIT 1   [ RunTime:0.0003s ]
INFO: [ view_parse ] --START--
INFO: [ template_filter ] --START--
INFO: Run Behavior\ContentReplaceBehavior [ RunTime:0.000207s ]
INFO: [ template_filter ] --END-- [ RunTime:0.000272s ]
NOTIC: [8] Undefined index: user /data/home/qxu1192070148/htdocs/Application/Runtime/Cache/Home/56d70cf0f710f5f596f222a4dbf456c5.php 第 369 行.
INFO: Run Behavior\ParseTemplateBehavior [ RunTime:0.020587s ]
INFO: [ view_parse ] --END-- [ RunTime:0.020652s ]
INFO: [ view_filter ] --START--
INFO: Run Behavior\WriteHtmlCacheBehavior [ RunTime:0.000291s ]
INFO: [ view_filter ] --END-- [ RunTime:0.000344s ]
INFO: [ app_end ] --START--
INFO: Run Behavior\ShowPageTraceBehavior [ RunTime:0.000524s ]
INFO: [ app_end ] --END-- [ RunTime:0.000579s ]

[ 2016-06-02T09:03:20+08:00 ] 123.123.96.186 /
INFO: [ app_init ] --START--
INFO: Run Behavior\BuildLiteBehavior [ RunTime:0.000015s ]
INFO: [ app_init ] --END-- [ RunTime:0.000099s ]
INFO: [ app_begin ] --START--
INFO: Run Behavior\ReadHtmlCacheBehavior [ RunTime:0.000521s ]
INFO: [ app_begin ] --END-- [ RunTime:0.000586s ]
SQL: SHOW COLUMNS FROM `area` [ RunTime:0.0012s ]
SQL: SELECT `id` FROM `area` WHERE `name` = '北京' LIMIT 1   [ RunTime:0.0003s ]
INFO: [ view_parse ] --START--
INFO: [ template_filter ] --START--
INFO: Run Behavior\ContentReplaceBehavior [ RunTime:0.000205s ]
INFO: [ template_filter ] --END-- [ RunTime:0.000278s ]
NOTIC: [8] Undefined index: user /data/home/qxu1192070148/htdocs/Application/Runtime/Cache/Home/56d70cf0f710f5f596f222a4dbf456c5.php 第 369 行.
INFO: Run Behavior\ParseTemplateBehavior [ RunTime:0.020820s ]
INFO: [ view_parse ] --END-- [ RunTime:0.020891s ]
INFO: [ view_filter ] --START--
INFO: Run Behavior\WriteHtmlCacheBehavior [ RunTime:0.000337s ]
INFO: [ view_filter ] --END-- [ RunTime:0.000393s ]
INFO: [ app_end ] --START--
INFO: Run Behavior\ShowPageTraceBehavior [ RunTime:0.000491s ]
INFO: [ app_end ] --END-- [ RunTime:0.000548s ]

[ 2016-06-02T10:10:32+08:00 ] 203.208.60.130 /
INFO: [ app_init ] --START--
INFO: Run Behavior\BuildLiteBehavior [ RunTime:0.000015s ]
INFO: [ app_init ] --END-- [ RunTime:0.000111s ]
INFO: [ app_begin ] --START--
INFO: Run Behavior\ReadHtmlCacheBehavior [ RunTime:0.000518s ]
INFO: [ app_begin ] --END-- [ RunTime:0.000590s ]
SQL: SHOW COLUMNS FROM `area` [ RunTime:0.0010s ]
SQL: SELECT `id` FROM `area` WHERE `name` = '北京' LIMIT 1   [ RunTime:0.0004s ]
INFO: [ view_parse ] --START--
INFO: [ template_filter ] --START--
INFO: Run Behavior\ContentReplaceBehavior [ RunTime:0.000232s ]
INFO: [ template_filter ] --END-- [ RunTime:0.000332s ]
NOTIC: [8] Undefined index: user /data/home/qxu1192070148/htdocs/Application/Runtime/Cache/Home/56d70cf0f710f5f596f222a4dbf456c5.php 第 369 行.
INFO: Run Behavior\ParseTemplateBehavior [ RunTime:0.022251s ]
INFO: [ view_parse ] --END-- [ RunTime:0.022327s ]
INFO: [ view_filter ] --START--
INFO: Run Behavior\WriteHtmlCacheBehavior [ RunTime:0.000362s ]
INFO: [ view_filter ] --END-- [ RunTime:0.000428s ]
INFO: [ app_end ] --START--
INFO: Run Behavior\ShowPageTraceBehavior [ RunTime:0.000527s ]
INFO: [ app_end ] --END-- [ RunTime:0.000589s ]

[ 2016-06-02T10:11:24+08:00 ] 203.208.60.143 /index.php/home/index/index
INFO: [ app_init ] --START--
INFO: Run Behavior\BuildLiteBehavior [ RunTime:0.000015s ]
INFO: [ app_init ] --END-- [ RunTime:0.000106s ]
INFO: [ app_begin ] --START--
INFO: Run Behavior\ReadHtmlCacheBehavior [ RunTime:0.000519s ]
INFO: [ app_begin ] --END-- [ RunTime:0.000582s ]
SQL: SHOW COLUMNS FROM `area` [ RunTime:0.0010s ]
SQL: SELECT `id` FROM `area` WHERE `name` = '北京' LIMIT 1   [ RunTime:0.0003s ]
INFO: [ view_parse ] --START--
INFO: [ template_filter ] --START--
INFO: Run Behavior\ContentReplaceBehavior [ RunTime:0.000209s ]
INFO: [ template_filter ] --END-- [ RunTime:0.000290s ]
NOTIC: [8] Undefined index: user /data/home/qxu1192070148/htdocs/Application/Runtime/Cache/Home/56d70cf0f710f5f596f222a4dbf456c5.php 第 369 行.
INFO: Run Behavior\ParseTemplateBehavior [ RunTime:0.020977s ]
INFO: [ view_parse ] --END-- [ RunTime:0.021052s ]
INFO: [ view_filter ] --START--
INFO: Run Behavior\WriteHtmlCacheBehavior [ RunTime:0.000289s ]
INFO: [ view_filter ] --END-- [ RunTime:0.000345s ]
INFO: [ app_end ] --START--
INFO: Run Behavior\ShowPageTraceBehavior [ RunTime:0.000674s ]
INFO: [ app_end ] --END-- [ RunTime:0.000746s ]

[ 2016-06-02T12:06:53+08:00 ] 203.208.60.132 /
INFO: [ app_init ] --START--
INFO: Run Behavior\BuildLiteBehavior [ RunTime:0.000014s ]
INFO: [ app_init ] --END-- [ RunTime:0.000100s ]
INFO: [ app_begin ] --START--
INFO: Run Behavior\ReadHtmlCacheBehavior [ RunTime:0.000518s ]
INFO: [ app_begin ] --END-- [ RunTime:0.000585s ]
SQL: SHOW COLUMNS FROM `area` [ RunTime:0.0012s ]
SQL: SELECT `id` FROM `area` WHERE `name` = '北京' LIMIT 1   [ RunTime:0.0004s ]
INFO: [ view_parse ] --START--
INFO: [ template_filter ] --START--
INFO: Run Behavior\ContentReplaceBehavior [ RunTime:0.000212s ]
INFO: [ template_filter ] --END-- [ RunTime:0.000305s ]
NOTIC: [8] Undefined index: user /data/home/qxu1192070148/htdocs/Application/Runtime/Cache/Home/56d70cf0f710f5f596f222a4dbf456c5.php 第 369 行.
INFO: Run Behavior\ParseTemplateBehavior [ RunTime:0.022106s ]
INFO: [ view_parse ] --END-- [ RunTime:0.022178s ]
INFO: [ view_filter ] --START--
INFO: Run Behavior\WriteHtmlCacheBehavior [ RunTime:0.000303s ]
INFO: [ view_filter ] --END-- [ RunTime:0.000370s ]
INFO: [ app_end ] --START--
INFO: Run Behavior\ShowPageTraceBehavior [ RunTime:0.000515s ]
INFO: [ app_end ] --END-- [ RunTime:0.000596s ]

[ 2016-06-02T13:10:50+08:00 ] 123.151.40.40 /
INFO: [ app_init ] --START--
INFO: Run Behavior\BuildLiteBehavior [ RunTime:0.000014s ]
INFO: [ app_init ] --END-- [ RunTime:0.000098s ]
INFO: [ app_begin ] --START--
INFO: Run Behavior\ReadHtmlCacheBehavior [ RunTime:0.000521s ]
INFO: [ app_begin ] --END-- [ RunTime:0.000585s ]
SQL: SHOW COLUMNS FROM `area` [ RunTime:0.0009s ]
SQL: SELECT `id` FROM `area` WHERE `name` = '北京' LIMIT 1   [ RunTime:0.0005s ]
INFO: [ view_parse ] --START--
INFO: [ template_filter ] --START--
INFO: Run Behavior\ContentReplaceBehavior [ RunTime:0.000230s ]
INFO: [ template_filter ] --END-- [ RunTime:0.000325s ]
NOTIC: [8] Undefined index: user /data/home/qxu1192070148/htdocs/Application/Runtime/Cache/Home/56d70cf0f710f5f596f222a4dbf456c5.php 第 369 行.
INFO: Run Behavior\ParseTemplateBehavior [ RunTime:0.021283s ]
INFO: [ view_parse ] --END-- [ RunTime:0.021362s ]
INFO: [ view_filter ] --START--
INFO: Run Behavior\WriteHtmlCacheBehavior [ RunTime:0.000367s ]
INFO: [ view_filter ] --END-- [ RunTime:0.000438s ]
INFO: [ app_end ] --START--
INFO: Run Behavior\ShowPageTraceBehavior [ RunTime:0.000510s ]
INFO: [ app_end ] --END-- [ RunTime:0.000568s ]

[ 2016-06-02T13:10:54+08:00 ] 125.39.210.27 /
INFO: [ app_init ] --START--
INFO: Run Behavior\BuildLiteBehavior [ RunTime:0.000015s ]
INFO: [ app_init ] --END-- [ RunTime:0.000102s ]
INFO: [ app_begin ] --START--
INFO: Run Behavior\ReadHtmlCacheBehavior [ RunTime:0.000538s ]
INFO: [ app_begin ] --END-- [ RunTime:0.000601s ]
SQL: SHOW COLUMNS FROM `area` [ RunTime:0.0009s ]
SQL: SELECT `id` FROM `area` WHERE `name` = '天津' LIMIT 1   [ RunTime:0.0004s ]
INFO: [ view_parse ] --START--
INFO: [ template_filter ] --START--
INFO: Run Behavior\ContentReplaceBehavior [ RunTime:0.000205s ]
INFO: [ template_filter ] --END-- [ RunTime:0.000280s ]
NOTIC: [8] Undefined index: user /data/home/qxu1192070148/htdocs/Application/Runtime/Cache/Home/56d70cf0f710f5f596f222a4dbf456c5.php 第 369 行.
INFO: Run Behavior\ParseTemplateBehavior [ RunTime:0.020845s ]
INFO: [ view_parse ] --END-- [ RunTime:0.020912s ]
INFO: [ view_filter ] --START--
INFO: Run Behavior\WriteHtmlCacheBehavior [ RunTime:0.000296s ]
INFO: [ view_filter ] --END-- [ RunTime:0.000349s ]
INFO: [ app_end ] --START--
INFO: Run Behavior\ShowPageTraceBehavior [ RunTime:0.000542s ]
INFO: [ app_end ] --END-- [ RunTime:0.000599s ]

[ 2016-06-02T13:18:20+08:00 ] 123.151.40.40 /
INFO: [ app_init ] --START--
INFO: Run Behavior\BuildLiteBehavior [ RunTime:0.000019s ]
INFO: [ app_init ] --END-- [ RunTime:0.000134s ]
INFO: [ app_begin ] --START--
INFO: Run Behavior\ReadHtmlCacheBehavior [ RunTime:0.000530s ]
INFO: [ app_begin ] --END-- [ RunTime:0.000594s ]
SQL: SHOW COLUMNS FROM `area` [ RunTime:0.0011s ]
SQL: SELECT `id` FROM `area` WHERE `name` = '北京' LIMIT 1   [ RunTime:0.0003s ]
INFO: [ view_parse ] --START--
INFO: [ template_filter ] --START--
INFO: Run Behavior\ContentReplaceBehavior [ RunTime:0.000214s ]
INFO: [ template_filter ] --END-- [ RunTime:0.000311s ]
NOTIC: [8] Undefined index: user /data/home/qxu1192070148/htdocs/Application/Runtime/Cache/Home/56d70cf0f710f5f596f222a4dbf456c5.php 第 369 行.
INFO: Run Behavior\ParseTemplateBehavior [ RunTime:0.021492s ]
INFO: [ view_parse ] --END-- [ RunTime:0.021563s ]
INFO: [ view_filter ] --START--
INFO: Run Behavior\WriteHtmlCacheBehavior [ RunTime:0.000303s ]
INFO: [ view_filter ] --END-- [ RunTime:0.000405s ]
INFO: [ app_end ] --START--
INFO: Run Behavior\ShowPageTraceBehavior [ RunTime:0.000538s ]
INFO: [ app_end ] --END-- [ RunTime:0.000594s ]

[ 2016-06-02T13:57:41+08:00 ] 123.125.71.31 /
INFO: [ app_init ] --START--
INFO: Run Behavior\BuildLiteBehavior [ RunTime:0.000015s ]
INFO: [ app_init ] --END-- [ RunTime:0.000102s ]
INFO: [ app_begin ] --START--
INFO: Run Behavior\ReadHtmlCacheBehavior [ RunTime:0.000502s ]
INFO: [ app_begin ] --END-- [ RunTime:0.000563s ]
SQL: SHOW COLUMNS FROM `area` [ RunTime:0.0010s ]
SQL: SELECT `id` FROM `area` WHERE `name` = '北京' LIMIT 1   [ RunTime:0.0005s ]
INFO: [ view_parse ] --START--
INFO: [ template_filter ] --START--
INFO: Run Behavior\ContentReplaceBehavior [ RunTime:0.000217s ]
INFO: [ template_filter ] --END-- [ RunTime:0.000296s ]
NOTIC: [8] Undefined index: user /data/home/qxu1192070148/htdocs/Application/Runtime/Cache/Home/56d70cf0f710f5f596f222a4dbf456c5.php 第 369 行.
INFO: Run Behavior\ParseTemplateBehavior [ RunTime:0.022442s ]
INFO: [ view_parse ] --END-- [ RunTime:0.022509s ]
INFO: [ view_filter ] --START--
INFO: Run Behavior\WriteHtmlCacheBehavior [ RunTime:0.000307s ]
INFO: [ view_filter ] --END-- [ RunTime:0.000362s ]
INFO: [ app_end ] --START--
INFO: Run Behavior\ShowPageTraceBehavior [ RunTime:0.000496s ]
INFO: [ app_end ] --END-- [ RunTime:0.000552s ]

[ 2016-06-02T14:36:48+08:00 ] 203.208.60.136 /index.php/home/hotelWineshop/electrical.html?goodsTypeName=%E7%94%B5%E5%99%A8%E4%B8%93%E5%8C%BA
INFO: [ app_init ] --START--
INFO: Run Behavior\BuildLiteBehavior [ RunTime:0.000016s ]
INFO: [ app_init ] --END-- [ RunTime:0.000102s ]
INFO: [ app_begin ] --START--
INFO: Run Behavior\ReadHtmlCacheBehavior [ RunTime:0.000518s ]
INFO: [ app_begin ] --END-- [ RunTime:0.000586s ]
SQL: SHOW COLUMNS FROM `goods` [ RunTime:0.0011s ]
SQL: SELECT COUNT(id) AS c FROM `goods` WHERE `f_goods_type_id` = (SELECT `id` FROM `goods_type` WHERE `name` = '电器专区'); [ RunTime:0.0006s ]
NOTIC: [8] Undefined index: pageNow /data/home/qxu1192070148/htdocs/Application/Home/Model/GoodsModel.class.php 第 33 行.
SQL: SELECT
goods.id AS id,
goods.`name` AS name,
area_goods_price.price AS price,
area_goods_price.inventory AS inventory,
area_goods_price.sale_price AS sale_price,
area_goods_price.sale_inventory AS sale_inventory,
area_goods_price.sale_time AS sale_time,
goods_img.`name` AS img
FROM
goods
INNER JOIN area_goods_price ON area_goods_price.id = goods.id
LEFT JOIN goods_img ON goods_img.f_goods_id = goods.id
WHERE goods.f_goods_type_id = (SELECT id FROM goods_type WHERE `name` = '电器专区')
LIMIT 0,8; [ RunTime:0.0008s ]
INFO: [ view_parse ] --START--
INFO: [ template_filter ] --START--
INFO: Run Behavior\ContentReplaceBehavior [ RunTime:0.000178s ]
INFO: [ template_filter ] --END-- [ RunTime:0.000285s ]
NOTIC: [8] Undefined index: userIpInfo /data/home/qxu1192070148/htdocs/Application/Runtime/Cache/Home/9731e9e98fbb948dcb16804fdc1d7ea0.php 第 283 行.
NOTIC: [8] Undefined index: user /data/home/qxu1192070148/htdocs/Application/Runtime/Cache/Home/9731e9e98fbb948dcb16804fdc1d7ea0.php 第 289 行.
NOTIC: [8] Undefined index: userIpInfo /data/home/qxu1192070148/htdocs/Application/Runtime/Cache/Home/9731e9e98fbb948dcb16804fdc1d7ea0.php 第 363 行.
INFO: Run Behavior\ParseTemplateBehavior [ RunTime:0.020882s ]
INFO: [ view_parse ] --END-- [ RunTime:0.020960s ]
INFO: [ view_filter ] --START--
INFO: Run Behavior\WriteHtmlCacheBehavior [ RunTime:0.000466s ]
INFO: [ view_filter ] --END-- [ RunTime:0.000522s ]
INFO: [ app_end ] --START--
INFO: Run Behavior\ShowPageTraceBehavior [ RunTime:0.000526s ]
INFO: [ app_end ] --END-- [ RunTime:0.000582s ]

[ 2016-06-02T15:31:58+08:00 ] 203.208.60.132 /
INFO: [ app_init ] --START--
INFO: Run Behavior\BuildLiteBehavior [ RunTime:0.000014s ]
INFO: [ app_init ] --END-- [ RunTime:0.000099s ]
INFO: [ app_begin ] --START--
INFO: Run Behavior\ReadHtmlCacheBehavior [ RunTime:0.000503s ]
INFO: [ app_begin ] --END-- [ RunTime:0.000570s ]
SQL: SHOW COLUMNS FROM `area` [ RunTime:0.0012s ]
SQL: SELECT `id` FROM `area` WHERE `name` = '北京' LIMIT 1   [ RunTime:0.0005s ]
INFO: [ view_parse ] --START--
INFO: [ template_filter ] --START--
INFO: Run Behavior\ContentReplaceBehavior [ RunTime:0.000212s ]
INFO: [ template_filter ] --END-- [ RunTime:0.000300s ]
NOTIC: [8] Undefined index: user /data/home/qxu1192070148/htdocs/Application/Runtime/Cache/Home/56d70cf0f710f5f596f222a4dbf456c5.php 第 369 行.
INFO: Run Behavior\ParseTemplateBehavior [ RunTime:0.024348s ]
INFO: [ view_parse ] --END-- [ RunTime:0.024443s ]
INFO: [ view_filter ] --START--
INFO: Run Behavior\WriteHtmlCacheBehavior [ RunTime:0.000440s ]
INFO: [ view_filter ] --END-- [ RunTime:0.000519s ]
INFO: [ app_end ] --START--
INFO: Run Behavior\ShowPageTraceBehavior [ RunTime:0.000709s ]
INFO: [ app_end ] --END-- [ RunTime:0.000801s ]

[ 2016-06-02T16:24:09+08:00 ] 220.181.108.156 /
INFO: [ app_init ] --START--
INFO: Run Behavior\BuildLiteBehavior [ RunTime:0.000014s ]
INFO: [ app_init ] --END-- [ RunTime:0.000103s ]
INFO: [ app_begin ] --START--
INFO: Run Behavior\ReadHtmlCacheBehavior [ RunTime:0.000511s ]
INFO: [ app_begin ] --END-- [ RunTime:0.000577s ]
SQL: SHOW COLUMNS FROM `area` [ RunTime:0.0011s ]
SQL: SELECT `id` FROM `area` WHERE `name` = '北京' LIMIT 1   [ RunTime:0.0004s ]
INFO: [ view_parse ] --START--
INFO: [ template_filter ] --START--
INFO: Run Behavior\ContentReplaceBehavior [ RunTime:0.000319s ]
INFO: [ template_filter ] --END-- [ RunTime:0.000456s ]
NOTIC: [8] Undefined index: user /data/home/qxu1192070148/htdocs/Application/Runtime/Cache/Home/56d70cf0f710f5f596f222a4dbf456c5.php 第 369 行.
INFO: Run Behavior\ParseTemplateBehavior [ RunTime:0.024711s ]
INFO: [ view_parse ] --END-- [ RunTime:0.024783s ]
INFO: [ view_filter ] --START--
INFO: Run Behavior\WriteHtmlCacheBehavior [ RunTime:0.000340s ]
INFO: [ view_filter ] --END-- [ RunTime:0.000395s ]
INFO: [ app_end ] --START--
INFO: Run Behavior\ShowPageTraceBehavior [ RunTime:0.000595s ]
INFO: [ app_end ] --END-- [ RunTime:0.000656s ]

[ 2016-06-02T17:39:26+08:00 ] 221.217.208.91 /
INFO: [ app_init ] --START--
INFO: Run Behavior\BuildLiteBehavior [ RunTime:0.000016s ]
INFO: [ app_init ] --END-- [ RunTime:0.000115s ]
INFO: [ app_begin ] --START--
INFO: Run Behavior\ReadHtmlCacheBehavior [ RunTime:0.000638s ]
INFO: [ app_begin ] --END-- [ RunTime:0.000708s ]
SQL: SHOW COLUMNS FROM `area` [ RunTime:0.0010s ]
SQL: SELECT `id` FROM `area` WHERE `name` = '北京' LIMIT 1   [ RunTime:0.0005s ]
INFO: [ view_parse ] --START--
INFO: [ template_filter ] --START--
INFO: Run Behavior\ContentReplaceBehavior [ RunTime:0.000225s ]
INFO: [ template_filter ] --END-- [ RunTime:0.000301s ]
NOTIC: [8] Undefined index: user /data/home/qxu1192070148/htdocs/Application/Runtime/Cache/Home/56d70cf0f710f5f596f222a4dbf456c5.php 第 369 行.
INFO: Run Behavior\ParseTemplateBehavior [ RunTime:0.021131s ]
INFO: [ view_parse ] --END-- [ RunTime:0.021203s ]
INFO: [ view_filter ] --START--
INFO: Run Behavior\WriteHtmlCacheBehavior [ RunTime:0.000312s ]
INFO: [ view_filter ] --END-- [ RunTime:0.000367s ]
INFO: [ app_end ] --START--
INFO: Run Behavior\ShowPageTraceBehavior [ RunTime:0.000553s ]
INFO: [ app_end ] --END-- [ RunTime:0.000611s ]

[ 2016-06-02T17:39:48+08:00 ] 221.217.208.91 /index.php/home/user/ajaxSignIn.html
INFO: [ app_init ] --START--
INFO: Run Behavior\BuildLiteBehavior [ RunTime:0.000014s ]
INFO: [ app_init ] --END-- [ RunTime:0.000107s ]
INFO: [ app_begin ] --START--
INFO: Run Behavior\ReadHtmlCacheBehavior [ RunTime:0.000501s ]
INFO: [ app_begin ] --END-- [ RunTime:0.000563s ]
SQL: SHOW COLUMNS FROM `area` [ RunTime:0.0009s ]
SQL: SELECT `id` FROM `area` WHERE `name` = '北京' LIMIT 1   [ RunTime:0.0003s ]
NOTIC: [8] Undefined index: signin_name /data/home/qxu1192070148/htdocs/a4php/func/func.php 第 300 行.

[ 2016-06-02T17:40:04+08:00 ] 221.217.208.91 /index.php/home/hotelWineshop/paper.html?goodsTypeName=%E9%85%92%E5%BA%97%E7%94%A8%E7%BA%B8
INFO: [ app_init ] --START--
INFO: Run Behavior\BuildLiteBehavior [ RunTime:0.000014s ]
INFO: [ app_init ] --END-- [ RunTime:0.000099s ]
INFO: [ app_begin ] --START--
INFO: Run Behavior\ReadHtmlCacheBehavior [ RunTime:0.000514s ]
INFO: [ app_begin ] --END-- [ RunTime:0.000590s ]
SQL: SHOW COLUMNS FROM `goods` [ RunTime:0.0014s ]
SQL: SELECT COUNT(id) AS c FROM `goods` WHERE `f_goods_type_id` = (SELECT `id` FROM `goods_type` WHERE `name` = '酒店用纸'); [ RunTime:0.0007s ]
NOTIC: [8] Undefined index: pageNow /data/home/qxu1192070148/htdocs/Application/Home/Model/GoodsModel.class.php 第 33 行.
SQL: SELECT
goods.id AS id,
goods.`name` AS name,
area_goods_price.price AS price,
area_goods_price.inventory AS inventory,
area_goods_price.sale_price AS sale_price,
area_goods_price.sale_inventory AS sale_inventory,
area_goods_price.sale_time AS sale_time,
goods_img.`name` AS img
FROM
goods
INNER JOIN area_goods_price ON area_goods_price.id = goods.id
LEFT JOIN goods_img ON goods_img.f_goods_id = goods.id
WHERE goods.f_goods_type_id = (SELECT id FROM goods_type WHERE `name` = '酒店用纸')
LIMIT 0,8; [ RunTime:0.0015s ]
INFO: [ view_parse ] --START--
INFO: [ template_filter ] --START--
INFO: Run Behavior\ContentReplaceBehavior [ RunTime:0.000168s ]
INFO: [ template_filter ] --END-- [ RunTime:0.000235s ]
NOTIC: [8] Undefined index: user /data/home/qxu1192070148/htdocs/Application/Runtime/Cache/Home/3aa7ea44b1b9c117d807f3d1e55c1f10.php 第 289 行.
INFO: Run Behavior\ParseTemplateBehavior [ RunTime:0.019502s ]
INFO: [ view_parse ] --END-- [ RunTime:0.019567s ]
INFO: [ view_filter ] --START--
INFO: Run Behavior\WriteHtmlCacheBehavior [ RunTime:0.000295s ]
INFO: [ view_filter ] --END-- [ RunTime:0.000350s ]
INFO: [ app_end ] --START--
INFO: Run Behavior\ShowPageTraceBehavior [ RunTime:0.000501s ]
INFO: [ app_end ] --END-- [ RunTime:0.000557s ]

[ 2016-06-02T17:46:03+08:00 ] 111.199.20.192 /
INFO: [ app_init ] --START--
INFO: Run Behavior\BuildLiteBehavior [ RunTime:0.000015s ]
INFO: [ app_init ] --END-- [ RunTime:0.000109s ]
INFO: [ app_begin ] --START--
INFO: Run Behavior\ReadHtmlCacheBehavior [ RunTime:0.000528s ]
INFO: [ app_begin ] --END-- [ RunTime:0.000598s ]
SQL: SHOW COLUMNS FROM `area` [ RunTime:0.0009s ]
SQL: SELECT `id` FROM `area` WHERE `name` = '北京' LIMIT 1   [ RunTime:0.0003s ]
INFO: [ view_parse ] --START--
INFO: [ template_filter ] --START--
INFO: Run Behavior\ContentReplaceBehavior [ RunTime:0.000213s ]
INFO: [ template_filter ] --END-- [ RunTime:0.000294s ]
NOTIC: [8] Undefined index: user /data/home/qxu1192070148/htdocs/Application/Runtime/Cache/Home/56d70cf0f710f5f596f222a4dbf456c5.php 第 369 行.
INFO: Run Behavior\ParseTemplateBehavior [ RunTime:0.021890s ]
INFO: [ view_parse ] --END-- [ RunTime:0.021961s ]
INFO: [ view_filter ] --START--
INFO: Run Behavior\WriteHtmlCacheBehavior [ RunTime:0.000326s ]
INFO: [ view_filter ] --END-- [ RunTime:0.000388s ]
INFO: [ app_end ] --START--
INFO: Run Behavior\ShowPageTraceBehavior [ RunTime:0.000528s ]
INFO: [ app_end ] --END-- [ RunTime:0.000586s ]

[ 2016-06-02T17:46:17+08:00 ] 111.199.20.192 /
INFO: [ app_init ] --START--
INFO: Run Behavior\BuildLiteBehavior [ RunTime:0.000014s ]
INFO: [ app_init ] --END-- [ RunTime:0.000101s ]
INFO: [ app_begin ] --START--
INFO: Run Behavior\ReadHtmlCacheBehavior [ RunTime:0.000548s ]
INFO: [ app_begin ] --END-- [ RunTime:0.000611s ]
SQL: SHOW COLUMNS FROM `area` [ RunTime:0.0009s ]
SQL: SELECT `id` FROM `area` WHERE `name` = '北京' LIMIT 1   [ RunTime:0.0003s ]
INFO: [ view_parse ] --START--
INFO: [ template_filter ] --START--
INFO: Run Behavior\ContentReplaceBehavior [ RunTime:0.000207s ]
INFO: [ template_filter ] --END-- [ RunTime:0.000283s ]
NOTIC: [8] Undefined index: user /data/home/qxu1192070148/htdocs/Application/Runtime/Cache/Home/56d70cf0f710f5f596f222a4dbf456c5.php 第 367 行.
INFO: Run Behavior\ParseTemplateBehavior [ RunTime:0.020147s ]
INFO: [ view_parse ] --END-- [ RunTime:0.020214s ]
INFO: [ view_filter ] --START--
INFO: Run Behavior\WriteHtmlCacheBehavior [ RunTime:0.000306s ]
INFO: [ view_filter ] --END-- [ RunTime:0.000362s ]
INFO: [ app_end ] --START--
INFO: Run Behavior\ShowPageTraceBehavior [ RunTime:0.000539s ]
INFO: [ app_end ] --END-- [ RunTime:0.000596s ]

[ 2016-06-02T17:46:30+08:00 ] 111.199.20.192 /index.php/home/user/ajaxSignIn.html
INFO: [ app_init ] --START--
INFO: Run Behavior\BuildLiteBehavior [ RunTime:0.000018s ]
INFO: [ app_init ] --END-- [ RunTime:0.000120s ]
INFO: [ app_begin ] --START--
INFO: Run Behavior\ReadHtmlCacheBehavior [ RunTime:0.000699s ]
INFO: [ app_begin ] --END-- [ RunTime:0.000781s ]
SQL: SHOW COLUMNS FROM `area` [ RunTime:0.0010s ]
SQL: SELECT `id` FROM `area` WHERE `name` = '北京' LIMIT 1   [ RunTime:0.0006s ]
SQL: SHOW COLUMNS FROM `user` [ RunTime:0.0012s ]
SQL: SELECT * FROM `user` WHERE `signin_name` = 'test' LIMIT 1   [ RunTime:0.0006s ]
SQL: SHOW COLUMNS FROM `user` [ RunTime:0.0008s ]
SQL: UPDATE `user` SET `last_time`='1464860790' WHERE `id` = '8' [ RunTime:0.0051s ]

[ 2016-06-02T17:46:31+08:00 ] 111.199.20.192 /
INFO: [ app_init ] --START--
INFO: Run Behavior\BuildLiteBehavior [ RunTime:0.000020s ]
INFO: [ app_init ] --END-- [ RunTime:0.000122s ]
INFO: [ app_begin ] --START--
INFO: Run Behavior\ReadHtmlCacheBehavior [ RunTime:0.000562s ]
INFO: [ app_begin ] --END-- [ RunTime:0.000628s ]
SQL: SHOW COLUMNS FROM `area` [ RunTime:0.0009s ]
SQL: SELECT `id` FROM `area` WHERE `name` = '北京' LIMIT 1   [ RunTime:0.0003s ]
INFO: [ view_parse ] --START--
INFO: [ template_filter ] --START--
INFO: Run Behavior\ContentReplaceBehavior [ RunTime:0.000202s ]
INFO: [ template_filter ] --END-- [ RunTime:0.000271s ]
INFO: Run Behavior\ParseTemplateBehavior [ RunTime:0.019937s ]
INFO: [ view_parse ] --END-- [ RunTime:0.020005s ]
INFO: [ view_filter ] --START--
INFO: Run Behavior\WriteHtmlCacheBehavior [ RunTime:0.000323s ]
INFO: [ view_filter ] --END-- [ RunTime:0.000378s ]
INFO: [ app_end ] --START--
INFO: Run Behavior\ShowPageTraceBehavior [ RunTime:0.000523s ]
INFO: [ app_end ] --END-- [ RunTime:0.000584s ]

[ 2016-06-02T17:46:34+08:00 ] 111.199.20.192 /index.php/home/hotelWineshop/paper.html?goodsTypeName=%E9%85%92%E5%BA%97%E7%94%A8%E7%BA%B8
INFO: [ app_init ] --START--
INFO: Run Behavior\BuildLiteBehavior [ RunTime:0.000015s ]
INFO: [ app_init ] --END-- [ RunTime:0.000101s ]
INFO: [ app_begin ] --START--
INFO: Run Behavior\ReadHtmlCacheBehavior [ RunTime:0.000539s ]
INFO: [ app_begin ] --END-- [ RunTime:0.000604s ]
SQL: SHOW COLUMNS FROM `goods` [ RunTime:0.0016s ]
SQL: SELECT COUNT(id) AS c FROM `goods` WHERE `f_goods_type_id` = (SELECT `id` FROM `goods_type` WHERE `name` = '酒店用纸'); [ RunTime:0.0003s ]
NOTIC: [8] Undefined index: pageNow /data/home/qxu1192070148/htdocs/Application/Home/Model/GoodsModel.class.php 第 33 行.
SQL: SELECT
goods.id AS id,
goods.`name` AS name,
area_goods_price.price AS price,
area_goods_price.inventory AS inventory,
area_goods_price.sale_price AS sale_price,
area_goods_price.sale_inventory AS sale_inventory,
area_goods_price.sale_time AS sale_time,
goods_img.`name` AS img
FROM
goods
INNER JOIN area_goods_price ON area_goods_price.id = goods.id
LEFT JOIN goods_img ON goods_img.f_goods_id = goods.id
WHERE goods.f_goods_type_id = (SELECT id FROM goods_type WHERE `name` = '酒店用纸')
LIMIT 0,8; [ RunTime:0.0003s ]
INFO: [ view_parse ] --START--
INFO: [ template_filter ] --START--
INFO: Run Behavior\ContentReplaceBehavior [ RunTime:0.000167s ]
INFO: [ template_filter ] --END-- [ RunTime:0.000232s ]
INFO: Run Behavior\ParseTemplateBehavior [ RunTime:0.018459s ]
INFO: [ view_parse ] --END-- [ RunTime:0.018523s ]
INFO: [ view_filter ] --START--
INFO: Run Behavior\WriteHtmlCacheBehavior [ RunTime:0.000280s ]
INFO: [ view_filter ] --END-- [ RunTime:0.000333s ]
INFO: [ app_end ] --START--
INFO: Run Behavior\ShowPageTraceBehavior [ RunTime:0.000504s ]
INFO: [ app_end ] --END-- [ RunTime:0.000560s ]

[ 2016-06-02T17:46:36+08:00 ] 111.199.20.192 /index.php/home/goods/detail.html?id=184
INFO: [ app_init ] --START--
INFO: Run Behavior\BuildLiteBehavior [ RunTime:0.000014s ]
INFO: [ app_init ] --END-- [ RunTime:0.000097s ]
INFO: [ app_begin ] --START--
INFO: Run Behavior\ReadHtmlCacheBehavior [ RunTime:0.000504s ]
INFO: [ app_begin ] --END-- [ RunTime:0.000568s ]
SQL: SHOW COLUMNS FROM `goods` [ RunTime:0.0011s ]
SQL: SELECT
goods.id AS id,
goods.`name`,
goods.`explain`,
area_goods_price.price AS price,
area_goods_price.inventory AS inventory,
area_goods_price.sale_price AS sale_price,
area_goods_price.sale_inventory AS sale_inventory,
area_goods_price.sale_time AS sale_time,
goods_img.`name` AS img
FROM
goods
INNER JOIN area_goods_price ON area_goods_price.id = goods.id
LEFT JOIN goods_img ON goods_img.f_goods_id = goods.id
WHERE area_goods_price.id = '184' [ RunTime:0.0010s ]
SQL: SHOW COLUMNS FROM `norms` [ RunTime:0.0008s ]
SQL: SELECT `id`,`name` FROM `norms` WHERE `f_goods_id` = '184'  [ RunTime:0.0007s ]
INFO: [ view_parse ] --START--
INFO: [ template_filter ] --START--
INFO: Run Behavior\ContentReplaceBehavior [ RunTime:0.000156s ]
INFO: [ template_filter ] --END-- [ RunTime:0.000221s ]
INFO: Run Behavior\ParseTemplateBehavior [ RunTime:0.017295s ]
INFO: [ view_parse ] --END-- [ RunTime:0.017367s ]
INFO: [ view_filter ] --START--
INFO: Run Behavior\WriteHtmlCacheBehavior [ RunTime:0.000330s ]
INFO: [ view_filter ] --END-- [ RunTime:0.000388s ]
INFO: [ app_end ] --START--
INFO: Run Behavior\ShowPageTraceBehavior [ RunTime:0.000524s ]
INFO: [ app_end ] --END-- [ RunTime:0.000594s ]

[ 2016-06-02T17:46:38+08:00 ] 111.199.20.192 /index.php/home/goods/ajaxJoinCart.html
INFO: [ app_init ] --START--
INFO: Run Behavior\BuildLiteBehavior [ RunTime:0.000015s ]
INFO: [ app_init ] --END-- [ RunTime:0.000101s ]
INFO: [ app_begin ] --START--
INFO: Run Behavior\ReadHtmlCacheBehavior [ RunTime:0.000522s ]
INFO: [ app_begin ] --END-- [ RunTime:0.000588s ]
SQL: SHOW COLUMNS FROM `cart` [ RunTime:0.0011s ]
NOTIC: [8] Undefined index: validate /data/home/qxu1192070148/htdocs/ThinkPHP/Library/Think/Model.class.php 第 1185 行.
NOTIC: [8] Undefined index: auto /data/home/qxu1192070148/htdocs/ThinkPHP/Library/Think/Model.class.php 第 1128 行.
SQL: INSERT INTO `cart` (`f_norms_id`,`number`,`f_goods_id`,`f_user_id`) VALUES ('1','1','184','8') [ RunTime:0.0122s ]

[ 2016-06-02T17:46:42+08:00 ] 111.199.20.192 /index.php/home/user/myShoppingCart.html
INFO: [ app_init ] --START--
INFO: Run Behavior\BuildLiteBehavior [ RunTime:0.000014s ]
INFO: [ app_init ] --END-- [ RunTime:0.000098s ]
INFO: [ app_begin ] --START--
INFO: Run Behavior\ReadHtmlCacheBehavior [ RunTime:0.000545s ]
INFO: [ app_begin ] --END-- [ RunTime:0.000612s ]
SQL: SHOW COLUMNS FROM `cart` [ RunTime:0.0010s ]
SQL: SELECT
goods.id AS goods_id,
goods.`name`,
area_goods_price.price AS price,
area_goods_price.inventory AS inventory,
area_goods_price.sale_price AS sale_price,
area_goods_price.sale_inventory AS sale_inventory,
area_goods_price.sale_time AS sale_time,
norms.id AS norms_id,
norms.`name` AS norms_name,
cart.number AS number,
cart.id AS cart_id
FROM cart
LEFT JOIN goods ON goods.id = cart.f_goods_id
LEFT JOIN area_goods_price ON area_goods_price.id = cart.f_goods_id
LEFT JOIN norms ON norms.id = cart.f_norms_id
WHERE cart.f_user_id = 8 [ RunTime:0.0007s ]
INFO: [ view_parse ] --START--
INFO: [ template_filter ] --START--
INFO: Run Behavior\ContentReplaceBehavior [ RunTime:0.000172s ]
INFO: [ template_filter ] --END-- [ RunTime:0.000245s ]
INFO: Run Behavior\ParseTemplateBehavior [ RunTime:0.017858s ]
INFO: [ view_parse ] --END-- [ RunTime:0.017932s ]
INFO: [ view_filter ] --START--
INFO: Run Behavior\WriteHtmlCacheBehavior [ RunTime:0.000294s ]
INFO: [ view_filter ] --END-- [ RunTime:0.000347s ]
INFO: [ app_end ] --START--
INFO: Run Behavior\ShowPageTraceBehavior [ RunTime:0.000534s ]
INFO: [ app_end ] --END-- [ RunTime:0.000590s ]

[ 2016-06-02T17:46:44+08:00 ] 111.199.20.192 /index.php/home/user/ajaxCreateOrderForm.html
INFO: [ app_init ] --START--
INFO: Run Behavior\BuildLiteBehavior [ RunTime:0.000014s ]
INFO: [ app_init ] --END-- [ RunTime:0.000099s ]
INFO: [ app_begin ] --START--
INFO: Run Behavior\ReadHtmlCacheBehavior [ RunTime:0.000519s ]
INFO: [ app_begin ] --END-- [ RunTime:0.000580s ]
NOTIC: [8] Undefined index: cityIp /data/home/qxu1192070148/htdocs/a4php/func/func.php 第 1327 行.
SQL: SHOW COLUMNS FROM `order_goods` [ RunTime:0.0013s ]
SQL: INSERT INTO `order_goods` (`f_order_form_no`,`f_goods_id`,`f_norms_id`,`number`) VALUES ('ebece69cc60857a940e6122292f62979','184','1','1') [ RunTime:0.0004s ]
SQL: SHOW COLUMNS FROM `order_form` [ RunTime:0.0012s ]
SQL: INSERT INTO `order_form` (`f_user_id`,`create_time`,`no`,`price`,`f_order_form_status_id`) VALUES ('8','1464860804','ebece69cc60857a940e6122292f62979','60.5','3') [ RunTime:0.0007s ]
SQL: SHOW COLUMNS FROM `cart` [ RunTime:0.0009s ]
SQL: DELETE FROM `cart` WHERE `id` = '3' [ RunTime:0.0064s ]

[ 2016-06-02T17:46:44+08:00 ] 111.199.20.192 /index.php/home/pay/index.html
INFO: [ app_init ] --START--
INFO: Run Behavior\BuildLiteBehavior [ RunTime:0.000013s ]
INFO: [ app_init ] --END-- [ RunTime:0.000100s ]
INFO: [ app_begin ] --START--
INFO: Run Behavior\ReadHtmlCacheBehavior [ RunTime:0.000528s ]
INFO: [ app_begin ] --END-- [ RunTime:0.000596s ]
SQL: SHOW COLUMNS FROM `order_goods` [ RunTime:0.0011s ]
SQL: SELECT * FROM `order_goods` WHERE `f_order_form_no` = 'ebece69cc60857a940e6122292f62979'  [ RunTime:0.0005s ]
SQL: SHOW COLUMNS FROM `goods` [ RunTime:0.0008s ]
SQL: SELECT
goods.id AS id,
goods.`name` AS name,
area_goods_price.price AS price,
area_goods_price.inventory AS inventory,
area_goods_price.sale_price AS sale_price,
area_goods_price.sale_inventory AS sale_inventory,
area_goods_price.sale_time AS sale_time
FROM
goods
INNER JOIN area_goods_price ON area_goods_price.id = goods.id
WHERE area_goods_price.id = 184 [ RunTime:0.0005s ]
INFO: [ view_parse ] --START--
INFO: [ template_filter ] --START--
INFO: Run Behavior\ContentReplaceBehavior [ RunTime:0.000199s ]
INFO: [ template_filter ] --END-- [ RunTime:0.000298s ]
NOTIC: [8] Undefined index: explain /data/home/qxu1192070148/htdocs/Application/Runtime/Cache/Home/10f69b614a07b73184b66620648f7651.php 第 583 行.
INFO: Run Behavior\ParseTemplateBehavior [ RunTime:0.018715s ]
INFO: [ view_parse ] --END-- [ RunTime:0.018800s ]
INFO: [ view_filter ] --START--
INFO: Run Behavior\WriteHtmlCacheBehavior [ RunTime:0.000291s ]
INFO: [ view_filter ] --END-- [ RunTime:0.000353s ]
INFO: [ app_end ] --START--
INFO: Run Behavior\ShowPageTraceBehavior [ RunTime:0.000534s ]
INFO: [ app_end ] --END-- [ RunTime:0.000591s ]

[ 2016-06-02T17:46:47+08:00 ] 111.199.20.192 /index.php/home/pay/wechatScanPay.html
INFO: [ app_init ] --START--
INFO: Run Behavior\BuildLiteBehavior [ RunTime:0.000014s ]
INFO: [ app_init ] --END-- [ RunTime:0.000102s ]
INFO: [ app_begin ] --START--
INFO: Run Behavior\ReadHtmlCacheBehavior [ RunTime:0.000622s ]
INFO: [ app_begin ] --END-- [ RunTime:0.000689s ]
SQL: SHOW COLUMNS FROM `order_form` [ RunTime:0.0014s ]
NOTIC: [8] Undefined index: is_need_invoice /data/home/qxu1192070148/htdocs/Application/Home/Controller/PayController.class.php 第 44 行.
SQL: UPDATE `order_form` SET `f_pay_type_id`='2' WHERE `no` = 'ebece69cc60857a940e6122292f62979' [ RunTime:0.0005s ]
NOTIC: [2] curl_setopt(): CURLOPT_FOLLOWLOCATION cannot be activated when safe_mode is enabled or an open_basedir is set /data/home/qxu1192070148/htdocs/PlugIn/BeeCloud/sdk/src/network.php 第 25 行.

[ 2016-06-02T17:46:47+08:00 ] 111.199.20.192 /index.php/home/pay/makeQrCode.html
INFO: [ app_init ] --START--
INFO: Run Behavior\BuildLiteBehavior [ RunTime:0.000013s ]
INFO: [ app_init ] --END-- [ RunTime:0.000099s ]
INFO: [ app_begin ] --START--
INFO: Run Behavior\ReadHtmlCacheBehavior [ RunTime:0.000509s ]
INFO: [ app_begin ] --END-- [ RunTime:0.000576s ]
INFO: [ app_end ] --START--
INFO: Run Behavior\ShowPageTraceBehavior [ RunTime:0.000579s ]
INFO: [ app_end ] --END-- [ RunTime:0.000664s ]

[ 2016-06-02T17:47:18+08:00 ] 123.57.146.46 /home/pay/bcWebHook
INFO: [ app_init ] --START--
INFO: Run Behavior\BuildLiteBehavior [ RunTime:0.000014s ]
INFO: [ app_init ] --END-- [ RunTime:0.000115s ]
INFO: [ app_begin ] --START--
INFO: Run Behavior\ReadHtmlCacheBehavior [ RunTime:0.000500s ]
INFO: [ app_begin ] --END-- [ RunTime:0.000576s ]
NOTIC: [8] Undefined index: sys /data/home/qxu1192070148/htdocs/Application/Home/Controller/PayController.class.php 第 189 行.
SQL: SHOW COLUMNS FROM `order_form` [ RunTime:0.0011s ]
SQL: UPDATE `order_form` SET `f_order_form_status_id`='2' WHERE `no` = 'ebece69cc60857a940e6122292f62979' [ RunTime:0.0004s ]
SQL: UPDATE `order_form` SET `bc_id`='e21b85cf-f1e7-42fa-af51-6c6aeb146af5' WHERE `no` = 'ebece69cc60857a940e6122292f62979' [ RunTime:0.0003s ]
NOTIC: [8] curl_setopt(): CURLOPT_SSL_VERIFYHOST with value 1 is deprecated and will be removed as of libcurl 7.28.1. It is recommended to use value 2 instead /data/home/qxu1192070148/htdocs/a4php/func/func.php 第 1110 行.

[ 2016-06-02T17:47:20+08:00 ] 123.57.146.46 /home/pay/bcWebHook
INFO: [ app_init ] --START--
INFO: Run Behavior\BuildLiteBehavior [ RunTime:0.000014s ]
INFO: [ app_init ] --END-- [ RunTime:0.000101s ]
INFO: [ app_begin ] --START--
INFO: Run Behavior\ReadHtmlCacheBehavior [ RunTime:0.000518s ]
INFO: [ app_begin ] --END-- [ RunTime:0.000591s ]
NOTIC: [8] Undefined index: sys /data/home/qxu1192070148/htdocs/Application/Home/Controller/PayController.class.php 第 189 行.
SQL: SHOW COLUMNS FROM `order_form` [ RunTime:0.0013s ]
SQL: UPDATE `order_form` SET `f_order_form_status_id`='2' WHERE `no` = 'ebece69cc60857a940e6122292f62979' [ RunTime:0.0005s ]
SQL: UPDATE `order_form` SET `bc_id`='e21b85cf-f1e7-42fa-af51-6c6aeb146af5' WHERE `no` = 'ebece69cc60857a940e6122292f62979' [ RunTime:0.0004s ]
NOTIC: [8] curl_setopt(): CURLOPT_SSL_VERIFYHOST with value 1 is deprecated and will be removed as of libcurl 7.28.1. It is recommended to use value 2 instead /data/home/qxu1192070148/htdocs/a4php/func/func.php 第 1110 行.

[ 2016-06-02T17:47:25+08:00 ] 182.92.114.175 /home/pay/bcWebHook
INFO: [ app_init ] --START--
INFO: Run Behavior\BuildLiteBehavior [ RunTime:0.000014s ]
INFO: [ app_init ] --END-- [ RunTime:0.000099s ]
INFO: [ app_begin ] --START--
INFO: Run Behavior\ReadHtmlCacheBehavior [ RunTime:0.000505s ]
INFO: [ app_begin ] --END-- [ RunTime:0.000592s ]
NOTIC: [8] Undefined index: sys /data/home/qxu1192070148/htdocs/Application/Home/Controller/PayController.class.php 第 189 行.
SQL: SHOW COLUMNS FROM `order_form` [ RunTime:0.0012s ]
SQL: UPDATE `order_form` SET `f_order_form_status_id`='2' WHERE `no` = 'ebece69cc60857a940e6122292f62979' [ RunTime:0.0007s ]
SQL: UPDATE `order_form` SET `bc_id`='e21b85cf-f1e7-42fa-af51-6c6aeb146af5' WHERE `no` = 'ebece69cc60857a940e6122292f62979' [ RunTime:0.0004s ]
NOTIC: [8] curl_setopt(): CURLOPT_SSL_VERIFYHOST with value 1 is deprecated and will be removed as of libcurl 7.28.1. It is recommended to use value 2 instead /data/home/qxu1192070148/htdocs/a4php/func/func.php 第 1110 行.

[ 2016-06-02T17:47:34+08:00 ] 182.92.114.175 /home/pay/bcWebHook
INFO: [ app_init ] --START--
INFO: Run Behavior\BuildLiteBehavior [ RunTime:0.000024s ]
INFO: [ app_init ] --END-- [ RunTime:0.000112s ]
INFO: [ app_begin ] --START--
INFO: Run Behavior\ReadHtmlCacheBehavior [ RunTime:0.000512s ]
INFO: [ app_begin ] --END-- [ RunTime:0.000587s ]
NOTIC: [8] Undefined index: sys /data/home/qxu1192070148/htdocs/Application/Home/Controller/PayController.class.php 第 189 行.
SQL: SHOW COLUMNS FROM `order_form` [ RunTime:0.0014s ]
SQL: UPDATE `order_form` SET `f_order_form_status_id`='2' WHERE `no` = 'ebece69cc60857a940e6122292f62979' [ RunTime:0.0005s ]
SQL: UPDATE `order_form` SET `bc_id`='e21b85cf-f1e7-42fa-af51-6c6aeb146af5' WHERE `no` = 'ebece69cc60857a940e6122292f62979' [ RunTime:0.0004s ]
NOTIC: [8] curl_setopt(): CURLOPT_SSL_VERIFYHOST with value 1 is deprecated and will be removed as of libcurl 7.28.1. It is recommended to use value 2 instead /data/home/qxu1192070148/htdocs/a4php/func/func.php 第 1110 行.

[ 2016-06-02T17:47:50+08:00 ] 123.57.146.46 /home/pay/bcWebHook
INFO: [ app_init ] --START--
INFO: Run Behavior\BuildLiteBehavior [ RunTime:0.000016s ]
INFO: [ app_init ] --END-- [ RunTime:0.000105s ]
INFO: [ app_begin ] --START--
INFO: Run Behavior\ReadHtmlCacheBehavior [ RunTime:0.000552s ]
INFO: [ app_begin ] --END-- [ RunTime:0.000632s ]
NOTIC: [8] Undefined index: sys /data/home/qxu1192070148/htdocs/Application/Home/Controller/PayController.class.php 第 189 行.
SQL: SHOW COLUMNS FROM `order_form` [ RunTime:0.0011s ]
SQL: UPDATE `order_form` SET `f_order_form_status_id`='2' WHERE `no` = 'ebece69cc60857a940e6122292f62979' [ RunTime:0.0004s ]
SQL: UPDATE `order_form` SET `bc_id`='e21b85cf-f1e7-42fa-af51-6c6aeb146af5' WHERE `no` = 'ebece69cc60857a940e6122292f62979' [ RunTime:0.0003s ]
NOTIC: [8] curl_setopt(): CURLOPT_SSL_VERIFYHOST with value 1 is deprecated and will be removed as of libcurl 7.28.1. It is recommended to use value 2 instead /data/home/qxu1192070148/htdocs/a4php/func/func.php 第 1110 行.

[ 2016-06-02T17:48:23+08:00 ] 123.57.146.46 /home/pay/bcWebHook
INFO: [ app_init ] --START--
INFO: Run Behavior\BuildLiteBehavior [ RunTime:0.000014s ]
INFO: [ app_init ] --END-- [ RunTime:0.000101s ]
INFO: [ app_begin ] --START--
INFO: Run Behavior\ReadHtmlCacheBehavior [ RunTime:0.000509s ]
INFO: [ app_begin ] --END-- [ RunTime:0.000583s ]
NOTIC: [8] Undefined index: sys /data/home/qxu1192070148/htdocs/Application/Home/Controller/PayController.class.php 第 189 行.
SQL: SHOW COLUMNS FROM `order_form` [ RunTime:0.0012s ]
SQL: UPDATE `order_form` SET `f_order_form_status_id`='2' WHERE `no` = 'ebece69cc60857a940e6122292f62979' [ RunTime:0.0004s ]
SQL: UPDATE `order_form` SET `bc_id`='e21b85cf-f1e7-42fa-af51-6c6aeb146af5' WHERE `no` = 'ebece69cc60857a940e6122292f62979' [ RunTime:0.0004s ]
NOTIC: [8] curl_setopt(): CURLOPT_SSL_VERIFYHOST with value 1 is deprecated and will be removed as of libcurl 7.28.1. It is recommended to use value 2 instead /data/home/qxu1192070148/htdocs/a4php/func/func.php 第 1110 行.

[ 2016-06-02T17:49:28+08:00 ] 182.92.114.175 /home/pay/bcWebHook
INFO: [ app_init ] --START--
INFO: Run Behavior\BuildLiteBehavior [ RunTime:0.000014s ]
INFO: [ app_init ] --END-- [ RunTime:0.000102s ]
INFO: [ app_begin ] --START--
INFO: Run Behavior\ReadHtmlCacheBehavior [ RunTime:0.000513s ]
INFO: [ app_begin ] --END-- [ RunTime:0.000590s ]
NOTIC: [8] Undefined index: sys /data/home/qxu1192070148/htdocs/Application/Home/Controller/PayController.class.php 第 189 行.
SQL: SHOW COLUMNS FROM `order_form` [ RunTime:0.0014s ]
SQL: UPDATE `order_form` SET `f_order_form_status_id`='2' WHERE `no` = 'ebece69cc60857a940e6122292f62979' [ RunTime:0.0004s ]
SQL: UPDATE `order_form` SET `bc_id`='e21b85cf-f1e7-42fa-af51-6c6aeb146af5' WHERE `no` = 'ebece69cc60857a940e6122292f62979' [ RunTime:0.0004s ]
NOTIC: [8] curl_setopt(): CURLOPT_SSL_VERIFYHOST with value 1 is deprecated and will be removed as of libcurl 7.28.1. It is recommended to use value 2 instead /data/home/qxu1192070148/htdocs/a4php/func/func.php 第 1110 行.

[ 2016-06-02T17:51:36+08:00 ] 123.57.146.46 /home/pay/bcWebHook
INFO: [ app_init ] --START--
INFO: Run Behavior\BuildLiteBehavior [ RunTime:0.000017s ]
INFO: [ app_init ] --END-- [ RunTime:0.000127s ]
INFO: [ app_begin ] --START--
INFO: Run Behavior\ReadHtmlCacheBehavior [ RunTime:0.000542s ]
INFO: [ app_begin ] --END-- [ RunTime:0.000618s ]
NOTIC: [8] Undefined index: sys /data/home/qxu1192070148/htdocs/Application/Home/Controller/PayController.class.php 第 189 行.
SQL: SHOW COLUMNS FROM `order_form` [ RunTime:0.0012s ]
SQL: UPDATE `order_form` SET `f_order_form_status_id`='2' WHERE `no` = 'ebece69cc60857a940e6122292f62979' [ RunTime:0.0006s ]
SQL: UPDATE `order_form` SET `bc_id`='e21b85cf-f1e7-42fa-af51-6c6aeb146af5' WHERE `no` = 'ebece69cc60857a940e6122292f62979' [ RunTime:0.0003s ]
NOTIC: [8] curl_setopt(): CURLOPT_SSL_VERIFYHOST with value 1 is deprecated and will be removed as of libcurl 7.28.1. It is recommended to use value 2 instead /data/home/qxu1192070148/htdocs/a4php/func/func.php 第 1110 行.

[ 2016-06-02T17:55:53+08:00 ] 182.92.114.175 /home/pay/bcWebHook
INFO: [ app_init ] --START--
INFO: Run Behavior\BuildLiteBehavior [ RunTime:0.000014s ]
INFO: [ app_init ] --END-- [ RunTime:0.000096s ]
INFO: [ app_begin ] --START--
INFO: Run Behavior\ReadHtmlCacheBehavior [ RunTime:0.000518s ]
INFO: [ app_begin ] --END-- [ RunTime:0.000592s ]
NOTIC: [8] Undefined index: sys /data/home/qxu1192070148/htdocs/Application/Home/Controller/PayController.class.php 第 189 行.
SQL: SHOW COLUMNS FROM `order_form` [ RunTime:0.0011s ]
SQL: UPDATE `order_form` SET `f_order_form_status_id`='2' WHERE `no` = 'ebece69cc60857a940e6122292f62979' [ RunTime:0.0005s ]
SQL: UPDATE `order_form` SET `bc_id`='e21b85cf-f1e7-42fa-af51-6c6aeb146af5' WHERE `no` = 'ebece69cc60857a940e6122292f62979' [ RunTime:0.0003s ]
NOTIC: [8] curl_setopt(): CURLOPT_SSL_VERIFYHOST with value 1 is deprecated and will be removed as of libcurl 7.28.1. It is recommended to use value 2 instead /data/home/qxu1192070148/htdocs/a4php/func/func.php 第 1110 行.

[ 2016-06-02T18:04:26+08:00 ] 123.57.146.46 /home/pay/bcWebHook
INFO: [ app_init ] --START--
INFO: Run Behavior\BuildLiteBehavior [ RunTime:0.000018s ]
INFO: [ app_init ] --END-- [ RunTime:0.000112s ]
INFO: [ app_begin ] --START--
INFO: Run Behavior\ReadHtmlCacheBehavior [ RunTime:0.000610s ]
INFO: [ app_begin ] --END-- [ RunTime:0.000689s ]
NOTIC: [8] Undefined index: sys /data/home/qxu1192070148/htdocs/Application/Home/Controller/PayController.class.php 第 189 行.
SQL: SHOW COLUMNS FROM `order_form` [ RunTime:0.0013s ]
SQL: UPDATE `order_form` SET `f_order_form_status_id`='2' WHERE `no` = 'ebece69cc60857a940e6122292f62979' [ RunTime:0.0004s ]
SQL: UPDATE `order_form` SET `bc_id`='e21b85cf-f1e7-42fa-af51-6c6aeb146af5' WHERE `no` = 'ebece69cc60857a940e6122292f62979' [ RunTime:0.0003s ]
NOTIC: [8] curl_setopt(): CURLOPT_SSL_VERIFYHOST with value 1 is deprecated and will be removed as of libcurl 7.28.1. It is recommended to use value 2 instead /data/home/qxu1192070148/htdocs/a4php/func/func.php 第 1110 行.

[ 2016-06-02T18:21:30+08:00 ] 182.92.114.175 /home/pay/bcWebHook
INFO: [ app_init ] --START--
INFO: Run Behavior\BuildLiteBehavior [ RunTime:0.000014s ]
INFO: [ app_init ] --END-- [ RunTime:0.000109s ]
INFO: [ app_begin ] --START--
INFO: Run Behavior\ReadHtmlCacheBehavior [ RunTime:0.000595s ]
INFO: [ app_begin ] --END-- [ RunTime:0.000669s ]
NOTIC: [8] Undefined index: sys /data/home/qxu1192070148/htdocs/Application/Home/Controller/PayController.class.php 第 189 行.
SQL: SHOW COLUMNS FROM `order_form` [ RunTime:0.0014s ]
SQL: UPDATE `order_form` SET `f_order_form_status_id`='2' WHERE `no` = 'ebece69cc60857a940e6122292f62979' [ RunTime:0.0005s ]
SQL: UPDATE `order_form` SET `bc_id`='e21b85cf-f1e7-42fa-af51-6c6aeb146af5' WHERE `no` = 'ebece69cc60857a940e6122292f62979' [ RunTime:0.0004s ]
NOTIC: [8] curl_setopt(): CURLOPT_SSL_VERIFYHOST with value 1 is deprecated and will be removed as of libcurl 7.28.1. It is recommended to use value 2 instead /data/home/qxu1192070148/htdocs/a4php/func/func.php 第 1110 行.

[ 2016-06-02T18:47:27+08:00 ] 203.208.60.137 /
INFO: [ app_init ] --START--
INFO: Run Behavior\BuildLiteBehavior [ RunTime:0.000014s ]
INFO: [ app_init ] --END-- [ RunTime:0.000097s ]
INFO: [ app_begin ] --START--
INFO: Run Behavior\ReadHtmlCacheBehavior [ RunTime:0.000550s ]
INFO: [ app_begin ] --END-- [ RunTime:0.000625s ]
SQL: SHOW COLUMNS FROM `area` [ RunTime:0.0014s ]
SQL: SELECT `id` FROM `area` WHERE `name` = '北京' LIMIT 1   [ RunTime:0.0005s ]
INFO: [ view_parse ] --START--
INFO: [ template_filter ] --START--
INFO: Run Behavior\ContentReplaceBehavior [ RunTime:0.000298s ]
INFO: [ template_filter ] --END-- [ RunTime:0.000435s ]
NOTIC: [8] Undefined index: user /data/home/qxu1192070148/htdocs/Application/Runtime/Cache/Home/56d70cf0f710f5f596f222a4dbf456c5.php 第 367 行.
INFO: Run Behavior\ParseTemplateBehavior [ RunTime:0.036597s ]
INFO: [ view_parse ] --END-- [ RunTime:0.036759s ]
INFO: [ view_filter ] --START--
INFO: Run Behavior\WriteHtmlCacheBehavior [ RunTime:0.000490s ]
INFO: [ view_filter ] --END-- [ RunTime:0.000572s ]
INFO: [ app_end ] --START--
INFO: Run Behavior\ShowPageTraceBehavior [ RunTime:0.001613s ]
INFO: [ app_end ] --END-- [ RunTime:0.001725s ]

[ 2016-06-02T18:55:39+08:00 ] 182.92.114.175 /home/pay/bcWebHook
INFO: [ app_init ] --START--
INFO: Run Behavior\BuildLiteBehavior [ RunTime:0.000014s ]
INFO: [ app_init ] --END-- [ RunTime:0.000099s ]
INFO: [ app_begin ] --START--
INFO: Run Behavior\ReadHtmlCacheBehavior [ RunTime:0.000507s ]
INFO: [ app_begin ] --END-- [ RunTime:0.000581s ]
NOTIC: [8] Undefined index: sys /data/home/qxu1192070148/htdocs/Application/Home/Controller/PayController.class.php 第 189 行.
SQL: SHOW COLUMNS FROM `order_form` [ RunTime:0.0014s ]
SQL: UPDATE `order_form` SET `f_order_form_status_id`='2' WHERE `no` = 'ebece69cc60857a940e6122292f62979' [ RunTime:0.0004s ]
SQL: UPDATE `order_form` SET `bc_id`='e21b85cf-f1e7-42fa-af51-6c6aeb146af5' WHERE `no` = 'ebece69cc60857a940e6122292f62979' [ RunTime:0.0003s ]
NOTIC: [8] curl_setopt(): CURLOPT_SSL_VERIFYHOST with value 1 is deprecated and will be removed as of libcurl 7.28.1. It is recommended to use value 2 instead /data/home/qxu1192070148/htdocs/a4php/func/func.php 第 1110 行.

[ 2016-06-02T20:03:56+08:00 ] 182.92.114.175 /home/pay/bcWebHook
INFO: [ app_init ] --START--
INFO: Run Behavior\BuildLiteBehavior [ RunTime:0.000014s ]
INFO: [ app_init ] --END-- [ RunTime:0.000100s ]
INFO: [ app_begin ] --START--
INFO: Run Behavior\ReadHtmlCacheBehavior [ RunTime:0.000526s ]
INFO: [ app_begin ] --END-- [ RunTime:0.000601s ]
NOTIC: [8] Undefined index: sys /data/home/qxu1192070148/htdocs/Application/Home/Controller/PayController.class.php 第 189 行.
SQL: SHOW COLUMNS FROM `order_form` [ RunTime:0.0014s ]
SQL: UPDATE `order_form` SET `f_order_form_status_id`='2' WHERE `no` = 'ebece69cc60857a940e6122292f62979' [ RunTime:0.0004s ]
SQL: UPDATE `order_form` SET `bc_id`='e21b85cf-f1e7-42fa-af51-6c6aeb146af5' WHERE `no` = 'ebece69cc60857a940e6122292f62979' [ RunTime:0.0003s ]
NOTIC: [8] curl_setopt(): CURLOPT_SSL_VERIFYHOST with value 1 is deprecated and will be removed as of libcurl 7.28.1. It is recommended to use value 2 instead /data/home/qxu1192070148/htdocs/a4php/func/func.php 第 1110 行.

[ 2016-06-02T20:23:07+08:00 ] 123.125.71.71 /
INFO: [ app_init ] --START--
INFO: Run Behavior\BuildLiteBehavior [ RunTime:0.000014s ]
INFO: [ app_init ] --END-- [ RunTime:0.000101s ]
INFO: [ app_begin ] --START--
INFO: Run Behavior\ReadHtmlCacheBehavior [ RunTime:0.000487s ]
INFO: [ app_begin ] --END-- [ RunTime:0.000555s ]
SQL: SHOW COLUMNS FROM `area` [ RunTime:0.0015s ]
SQL: SELECT `id` FROM `area` WHERE `name` = '北京' LIMIT 1   [ RunTime:0.0005s ]
INFO: [ view_parse ] --START--
INFO: [ template_filter ] --START--
INFO: Run Behavior\ContentReplaceBehavior [ RunTime:0.000195s ]
INFO: [ template_filter ] --END-- [ RunTime:0.000302s ]
NOTIC: [8] Undefined index: user /data/home/qxu1192070148/htdocs/Application/Runtime/Cache/Home/56d70cf0f710f5f596f222a4dbf456c5.php 第 367 行.
INFO: Run Behavior\ParseTemplateBehavior [ RunTime:0.021154s ]
INFO: [ view_parse ] --END-- [ RunTime:0.021232s ]
INFO: [ view_filter ] --START--
INFO: Run Behavior\WriteHtmlCacheBehavior [ RunTime:0.000279s ]
INFO: [ view_filter ] --END-- [ RunTime:0.000334s ]
INFO: [ app_end ] --START--
INFO: Run Behavior\ShowPageTraceBehavior [ RunTime:0.000555s ]
INFO: [ app_end ] --END-- [ RunTime:0.000618s ]

[ 2016-06-02T21:00:16+08:00 ] 123.151.40.40 /
INFO: [ app_init ] --START--
INFO: Run Behavior\BuildLiteBehavior [ RunTime:0.000014s ]
INFO: [ app_init ] --END-- [ RunTime:0.000095s ]
INFO: [ app_begin ] --START--
INFO: Run Behavior\ReadHtmlCacheBehavior [ RunTime:0.000521s ]
INFO: [ app_begin ] --END-- [ RunTime:0.000585s ]
SQL: SHOW COLUMNS FROM `area` [ RunTime:0.0013s ]
SQL: SELECT `id` FROM `area` WHERE `name` = '北京' LIMIT 1   [ RunTime:0.0005s ]
INFO: [ view_parse ] --START--
INFO: [ template_filter ] --START--
INFO: Run Behavior\ContentReplaceBehavior [ RunTime:0.000204s ]
INFO: [ template_filter ] --END-- [ RunTime:0.000319s ]
NOTIC: [8] Undefined index: user /data/home/qxu1192070148/htdocs/Application/Runtime/Cache/Home/56d70cf0f710f5f596f222a4dbf456c5.php 第 367 行.
INFO: Run Behavior\ParseTemplateBehavior [ RunTime:0.024111s ]
INFO: [ view_parse ] --END-- [ RunTime:0.024193s ]
INFO: [ view_filter ] --START--
INFO: Run Behavior\WriteHtmlCacheBehavior [ RunTime:0.000319s ]
INFO: [ view_filter ] --END-- [ RunTime:0.000416s ]
INFO: [ app_end ] --START--
INFO: Run Behavior\ShowPageTraceBehavior [ RunTime:0.000521s ]
INFO: [ app_end ] --END-- [ RunTime:0.000579s ]

[ 2016-06-02T21:00:16+08:00 ] 61.49.57.60 /
INFO: [ app_init ] --START--
INFO: Run Behavior\BuildLiteBehavior [ RunTime:0.000015s ]
INFO: [ app_init ] --END-- [ RunTime:0.000116s ]
INFO: [ app_begin ] --START--
INFO: Run Behavior\ReadHtmlCacheBehavior [ RunTime:0.000581s ]
INFO: [ app_begin ] --END-- [ RunTime:0.000655s ]
SQL: SHOW COLUMNS FROM `area` [ RunTime:0.0011s ]
SQL: SELECT `id` FROM `area` WHERE `name` = '北京' LIMIT 1   [ RunTime:0.0003s ]
INFO: [ view_parse ] --START--
INFO: [ template_filter ] --START--
INFO: Run Behavior\ContentReplaceBehavior [ RunTime:0.000243s ]
INFO: [ template_filter ] --END-- [ RunTime:0.000343s ]
NOTIC: [8] Undefined index: user /data/home/qxu1192070148/htdocs/Application/Runtime/Cache/Home/56d70cf0f710f5f596f222a4dbf456c5.php 第 367 行.
INFO: Run Behavior\ParseTemplateBehavior [ RunTime:0.028247s ]
INFO: [ view_parse ] --END-- [ RunTime:0.028335s ]
INFO: [ view_filter ] --START--
INFO: Run Behavior\WriteHtmlCacheBehavior [ RunTime:0.000366s ]
INFO: [ view_filter ] --END-- [ RunTime:0.000438s ]
INFO: [ app_end ] --START--
INFO: Run Behavior\ShowPageTraceBehavior [ RunTime:0.000572s ]
INFO: [ app_end ] --END-- [ RunTime:0.000634s ]

[ 2016-06-02T21:02:12+08:00 ] 123.151.40.40 /
INFO: [ app_init ] --START--
INFO: Run Behavior\BuildLiteBehavior [ RunTime:0.000021s ]
INFO: [ app_init ] --END-- [ RunTime:0.000145s ]
INFO: [ app_begin ] --START--
INFO: Run Behavior\ReadHtmlCacheBehavior [ RunTime:0.000519s ]
INFO: [ app_begin ] --END-- [ RunTime:0.000587s ]
SQL: SHOW COLUMNS FROM `area` [ RunTime:0.0012s ]
SQL: SELECT `id` FROM `area` WHERE `name` = '北京' LIMIT 1   [ RunTime:0.0003s ]
INFO: [ view_parse ] --START--
INFO: [ template_filter ] --START--
INFO: Run Behavior\ContentReplaceBehavior [ RunTime:0.000197s ]
INFO: [ template_filter ] --END-- [ RunTime:0.000279s ]
NOTIC: [8] Undefined index: user /data/home/qxu1192070148/htdocs/Application/Runtime/Cache/Home/56d70cf0f710f5f596f222a4dbf456c5.php 第 367 行.
INFO: Run Behavior\ParseTemplateBehavior [ RunTime:0.019850s ]
INFO: [ view_parse ] --END-- [ RunTime:0.019931s ]
INFO: [ view_filter ] --START--
INFO: Run Behavior\WriteHtmlCacheBehavior [ RunTime:0.000378s ]
INFO: [ view_filter ] --END-- [ RunTime:0.000435s ]
INFO: [ app_end ] --START--
INFO: Run Behavior\ShowPageTraceBehavior [ RunTime:0.000533s ]
INFO: [ app_end ] --END-- [ RunTime:0.000590s ]

[ 2016-06-02T22:20:29+08:00 ] 123.57.146.46 /home/pay/bcWebHook
INFO: [ app_init ] --START--
INFO: Run Behavior\BuildLiteBehavior [ RunTime:0.000014s ]
INFO: [ app_init ] --END-- [ RunTime:0.000099s ]
INFO: [ app_begin ] --START--
INFO: Run Behavior\ReadHtmlCacheBehavior [ RunTime:0.000503s ]
INFO: [ app_begin ] --END-- [ RunTime:0.000579s ]
NOTIC: [8] Undefined index: sys /data/home/qxu1192070148/htdocs/Application/Home/Controller/PayController.class.php 第 189 行.
SQL: SHOW COLUMNS FROM `order_form` [ RunTime:0.0014s ]
SQL: UPDATE `order_form` SET `f_order_form_status_id`='2' WHERE `no` = 'ebece69cc60857a940e6122292f62979' [ RunTime:0.0004s ]
SQL: UPDATE `order_form` SET `bc_id`='e21b85cf-f1e7-42fa-af51-6c6aeb146af5' WHERE `no` = 'ebece69cc60857a940e6122292f62979' [ RunTime:0.0003s ]
NOTIC: [8] curl_setopt(): CURLOPT_SSL_VERIFYHOST with value 1 is deprecated and will be removed as of libcurl 7.28.1. It is recommended to use value 2 instead /data/home/qxu1192070148/htdocs/a4php/func/func.php 第 1110 行.

[ 2016-06-02T23:10:19+08:00 ] 66.249.64.233 /index.php/home/amusementAndKeepHealth/batheFoot.html?goodsTypeName=%E6%B2%90%E8%B6%B3%E4%B8%93%E5%8C%BA
INFO: [ app_init ] --START--
INFO: Run Behavior\BuildLiteBehavior [ RunTime:0.000016s ]
INFO: [ app_init ] --END-- [ RunTime:0.000106s ]
INFO: [ app_begin ] --START--
INFO: Run Behavior\ReadHtmlCacheBehavior [ RunTime:0.000523s ]
INFO: [ app_begin ] --END-- [ RunTime:0.000592s ]
SQL: SHOW COLUMNS FROM `goods` [ RunTime:0.0013s ]
SQL: SELECT COUNT(id) AS c FROM `goods` WHERE `f_goods_type_id` = (SELECT `id` FROM `goods_type` WHERE `name` = '沐足专区'); [ RunTime:0.0012s ]
NOTIC: [8] Undefined index: pageNow /data/home/qxu1192070148/htdocs/Application/Home/Model/GoodsModel.class.php 第 33 行.
SQL: SELECT
goods.id AS id,
goods.`name` AS name,
area_goods_price.price AS price,
area_goods_price.inventory AS inventory,
area_goods_price.sale_price AS sale_price,
area_goods_price.sale_inventory AS sale_inventory,
area_goods_price.sale_time AS sale_time,
goods_img.`name` AS img
FROM
goods
INNER JOIN area_goods_price ON area_goods_price.id = goods.id
LEFT JOIN goods_img ON goods_img.f_goods_id = goods.id
WHERE goods.f_goods_type_id = (SELECT id FROM goods_type WHERE `name` = '沐足专区')
LIMIT 0,8; [ RunTime:0.0014s ]
INFO: [ view_parse ] --START--
INFO: [ template_filter ] --START--
INFO: Run Behavior\ContentReplaceBehavior [ RunTime:0.000160s ]
INFO: [ template_filter ] --END-- [ RunTime:0.000224s ]
NOTIC: [8] Undefined index: userIpInfo /data/home/qxu1192070148/htdocs/Application/Runtime/Cache/Home/7e6360a69ac758b74e4edea222841ee2.php 第 280 行.
NOTIC: [8] Undefined index: user /data/home/qxu1192070148/htdocs/Application/Runtime/Cache/Home/7e6360a69ac758b74e4edea222841ee2.php 第 286 行.
INFO: Run Behavior\ParseTemplateBehavior [ RunTime:0.018476s ]
INFO: [ view_parse ] --END-- [ RunTime:0.018543s ]
INFO: [ view_filter ] --START--
INFO: Run Behavior\WriteHtmlCacheBehavior [ RunTime:0.000279s ]
INFO: [ view_filter ] --END-- [ RunTime:0.000332s ]
INFO: [ app_end ] --START--
INFO: Run Behavior\ShowPageTraceBehavior [ RunTime:0.000528s ]
INFO: [ app_end ] --END-- [ RunTime:0.000583s ]

