[ 2016-06-20T10:24:51+08:00 ] 127.0.0.1 /
INFO: [ app_init ] --START--
INFO: Run Behavior\BuildLiteBehavior [ RunTime:0.000039s ]
INFO: [ app_init ] --END-- [ RunTime:0.000424s ]
INFO: [ app_begin ] --START--
INFO: Run Behavior\ReadHtmlCacheBehavior [ RunTime:0.017792s ]
INFO: [ app_begin ] --END-- [ RunTime:0.018027s ]

[ 2016-06-20T10:27:15+08:00 ] 127.0.0.1 /
INFO: [ app_init ] --START--
INFO: Run Behavior\BuildLiteBehavior [ RunTime:0.000037s ]
INFO: [ app_init ] --END-- [ RunTime:0.000226s ]
INFO: [ app_begin ] --START--
INFO: Run Behavior\ReadHtmlCacheBehavior [ RunTime:0.006048s ]
INFO: [ app_begin ] --END-- [ RunTime:0.006267s ]
ERR: 无法加载数据库驱动: Think\Db\Driver\

[ 2016-06-20T10:27:48+08:00 ] 127.0.0.1 /
INFO: [ app_init ] --START--
INFO: Run Behavior\BuildLiteBehavior [ RunTime:0.000036s ]
INFO: [ app_init ] --END-- [ RunTime:0.000205s ]
INFO: [ app_begin ] --START--
INFO: Run Behavior\ReadHtmlCacheBehavior [ RunTime:0.002628s ]
INFO: [ app_begin ] --END-- [ RunTime:0.002840s ]
SQL: SHOW COLUMNS FROM `area` [ RunTime:0.4676s ]
SQL: SELECT `id` FROM `area` WHERE `name` = '北京' LIMIT 1   [ RunTime:0.0019s ]
INFO: [ view_parse ] --START--
INFO: [ template_filter ] --START--
INFO: Run Behavior\ContentReplaceBehavior [ RunTime:0.000264s ]
INFO: [ template_filter ] --END-- [ RunTime:0.000475s ]
NOTIC: [8] Undefined index: user C:\app\wamp\www\Application\Runtime\Cache\Home\56d70cf0f710f5f596f222a4dbf456c5.php 第 235 行.
INFO: Run Behavior\ParseTemplateBehavior [ RunTime:0.358161s ]
INFO: [ view_parse ] --END-- [ RunTime:0.358882s ]
INFO: [ view_filter ] --START--
INFO: Run Behavior\WriteHtmlCacheBehavior [ RunTime:0.074365s ]
INFO: [ view_filter ] --END-- [ RunTime:0.074583s ]
INFO: [ app_end ] --START--
INFO: Run Behavior\ShowPageTraceBehavior [ RunTime:0.008365s ]
INFO: [ app_end ] --END-- [ RunTime:0.008554s ]

[ 2016-06-20T11:25:49+08:00 ] 127.0.0.1 /
INFO: [ app_init ] --START--
INFO: Run Behavior\BuildLiteBehavior [ RunTime:0.000039s ]
INFO: [ app_init ] --END-- [ RunTime:0.000551s ]
INFO: [ app_begin ] --START--
INFO: Run Behavior\ReadHtmlCacheBehavior [ RunTime:0.011632s ]
INFO: [ app_begin ] --END-- [ RunTime:0.013000s ]
SQL: SHOW COLUMNS FROM `area` [ RunTime:0.0211s ]
SQL: SELECT `id` FROM `area` WHERE `name` = '北京' LIMIT 1   [ RunTime:0.0024s ]
INFO: [ view_parse ] --START--
INFO: [ template_filter ] --START--
INFO: Run Behavior\ContentReplaceBehavior [ RunTime:0.000304s ]
INFO: [ template_filter ] --END-- [ RunTime:0.000500s ]
NOTIC: [8] Undefined index: user C:\app\wamp\www\Application\Runtime\Cache\Home\56d70cf0f710f5f596f222a4dbf456c5.php 第 235 行.
INFO: Run Behavior\ParseTemplateBehavior [ RunTime:0.171518s ]
INFO: [ view_parse ] --END-- [ RunTime:0.171742s ]
INFO: [ view_filter ] --START--
INFO: Run Behavior\WriteHtmlCacheBehavior [ RunTime:0.018163s ]
INFO: [ view_filter ] --END-- [ RunTime:0.018387s ]
INFO: [ app_end ] --START--
INFO: Run Behavior\ShowPageTraceBehavior [ RunTime:0.011629s ]
INFO: [ app_end ] --END-- [ RunTime:0.011976s ]

[ 2016-06-20T11:26:32+08:00 ] 127.0.0.1 /
INFO: [ app_init ] --START--
INFO: Run Behavior\BuildLiteBehavior [ RunTime:0.000037s ]
INFO: [ app_init ] --END-- [ RunTime:0.000219s ]
INFO: [ app_begin ] --START--
INFO: Run Behavior\ReadHtmlCacheBehavior [ RunTime:0.002431s ]
INFO: [ app_begin ] --END-- [ RunTime:0.002635s ]
SQL: SHOW COLUMNS FROM `area` [ RunTime:0.0185s ]
SQL: SELECT `id` FROM `area` WHERE `name` = '北京' LIMIT 1   [ RunTime:0.0009s ]
INFO: [ view_parse ] --START--
INFO: [ template_filter ] --START--
INFO: Run Behavior\ContentReplaceBehavior [ RunTime:0.000379s ]
INFO: [ template_filter ] --END-- [ RunTime:0.000615s ]
NOTIC: [8] Undefined index: user C:\app\wamp\www\Application\Runtime\Cache\Home\56d70cf0f710f5f596f222a4dbf456c5.php 第 235 行.
INFO: Run Behavior\ParseTemplateBehavior [ RunTime:0.137646s ]
INFO: [ view_parse ] --END-- [ RunTime:0.137907s ]
INFO: [ view_filter ] --START--
INFO: Run Behavior\WriteHtmlCacheBehavior [ RunTime:0.001984s ]
INFO: [ view_filter ] --END-- [ RunTime:0.002152s ]
INFO: [ app_end ] --START--
INFO: Run Behavior\ShowPageTraceBehavior [ RunTime:0.003333s ]
INFO: [ app_end ] --END-- [ RunTime:0.003520s ]

[ 2016-06-20T11:27:01+08:00 ] 127.0.0.1 /
INFO: [ app_init ] --START--
INFO: Run Behavior\BuildLiteBehavior [ RunTime:0.000044s ]
INFO: [ app_init ] --END-- [ RunTime:0.000293s ]
INFO: [ app_begin ] --START--
INFO: Run Behavior\ReadHtmlCacheBehavior [ RunTime:0.003227s ]
INFO: [ app_begin ] --END-- [ RunTime:0.003439s ]
SQL: SHOW COLUMNS FROM `area` [ RunTime:0.0629s ]
SQL: SELECT `id` FROM `area` WHERE `name` = '北京' LIMIT 1   [ RunTime:0.0009s ]
INFO: [ view_parse ] --START--
INFO: [ template_filter ] --START--
INFO: Run Behavior\ContentReplaceBehavior [ RunTime:0.000309s ]
INFO: [ template_filter ] --END-- [ RunTime:0.000483s ]
NOTIC: [8] Undefined index: user C:\app\wamp\www\Application\Runtime\Cache\Home\56d70cf0f710f5f596f222a4dbf456c5.php 第 235 行.
INFO: Run Behavior\ParseTemplateBehavior [ RunTime:0.060452s ]
INFO: [ view_parse ] --END-- [ RunTime:0.060645s ]
INFO: [ view_filter ] --START--
INFO: Run Behavior\WriteHtmlCacheBehavior [ RunTime:0.001424s ]
INFO: [ view_filter ] --END-- [ RunTime:0.001589s ]
INFO: [ app_end ] --START--
INFO: Run Behavior\ShowPageTraceBehavior [ RunTime:0.003356s ]
INFO: [ app_end ] --END-- [ RunTime:0.003562s ]

[ 2016-06-20T11:27:52+08:00 ] 127.0.0.1 /index.php/home/user/ajaxSignIn.html
INFO: [ app_init ] --START--
INFO: Run Behavior\BuildLiteBehavior [ RunTime:0.000035s ]
INFO: [ app_init ] --END-- [ RunTime:0.000195s ]
INFO: [ app_begin ] --START--
INFO: Run Behavior\ReadHtmlCacheBehavior [ RunTime:0.002499s ]
INFO: [ app_begin ] --END-- [ RunTime:0.002691s ]
SQL: SHOW COLUMNS FROM `area` [ RunTime:0.0167s ]
SQL: SELECT `id` FROM `area` WHERE `name` = '北京' LIMIT 1   [ RunTime:0.0009s ]
SQL: SHOW COLUMNS FROM `user` [ RunTime:0.0265s ]
SQL: SELECT * FROM `user` WHERE `signin_name` = 'test' LIMIT 1   [ RunTime:0.0012s ]
SQL: SHOW COLUMNS FROM `user` [ RunTime:0.0409s ]
SQL: UPDATE `user` SET `last_time`='1466393272' WHERE `id` = 8 [ RunTime:0.1070s ]

[ 2016-06-20T11:27:54+08:00 ] 127.0.0.1 /
INFO: [ app_init ] --START--
INFO: Run Behavior\BuildLiteBehavior [ RunTime:0.000037s ]
INFO: [ app_init ] --END-- [ RunTime:0.000224s ]
INFO: [ app_begin ] --START--
INFO: Run Behavior\ReadHtmlCacheBehavior [ RunTime:0.005591s ]
INFO: [ app_begin ] --END-- [ RunTime:0.005992s ]
SQL: SHOW COLUMNS FROM `area` [ RunTime:0.0296s ]
SQL: SELECT `id` FROM `area` WHERE `name` = '北京' LIMIT 1   [ RunTime:0.0007s ]
INFO: [ view_parse ] --START--
INFO: [ template_filter ] --START--
INFO: Run Behavior\ContentReplaceBehavior [ RunTime:0.000261s ]
INFO: [ template_filter ] --END-- [ RunTime:0.000438s ]
INFO: Run Behavior\ParseTemplateBehavior [ RunTime:0.063950s ]
INFO: [ view_parse ] --END-- [ RunTime:0.064243s ]
INFO: [ view_filter ] --START--
INFO: Run Behavior\WriteHtmlCacheBehavior [ RunTime:0.002287s ]
INFO: [ view_filter ] --END-- [ RunTime:0.002455s ]
INFO: [ app_end ] --START--
INFO: Run Behavior\ShowPageTraceBehavior [ RunTime:0.002625s ]
INFO: [ app_end ] --END-- [ RunTime:0.002785s ]

[ 2016-06-20T11:37:26+08:00 ] 127.0.0.1 /index.php/home/hotelWineshop/paper.html?goodsTypeName=%E9%85%92%E5%BA%97%E7%94%A8%E7%BA%B8
INFO: [ app_init ] --START--
INFO: Run Behavior\BuildLiteBehavior [ RunTime:0.000037s ]
INFO: [ app_init ] --END-- [ RunTime:0.000213s ]
INFO: [ app_begin ] --START--
INFO: Run Behavior\ReadHtmlCacheBehavior [ RunTime:0.010464s ]
INFO: [ app_begin ] --END-- [ RunTime:0.010713s ]
SQL: SHOW COLUMNS FROM `goods` [ RunTime:0.0541s ]
SQL: SELECT COUNT(id) AS c FROM `goods` WHERE `f_goods_type_id` = (SELECT `id` FROM `goods_type` WHERE `name` = '酒店用纸'); [ RunTime:0.0351s ]
INFO: [ view_parse ] --START--
INFO: [ template_filter ] --START--
INFO: Run Behavior\ContentReplaceBehavior [ RunTime:0.000292s ]
INFO: [ template_filter ] --END-- [ RunTime:0.000553s ]
NOTIC: [2] Invalid argument supplied for foreach() C:\app\wamp\www\Application\Runtime\Cache\Home\3aa7ea44b1b9c117d807f3d1e55c1f10.php 第 461 行.
NOTIC: [8] Undefined index: limitPage C:\app\wamp\www\Application\Runtime\Cache\Home\3aa7ea44b1b9c117d807f3d1e55c1f10.php 第 494 行.
NOTIC: [8] Undefined index: limitPage C:\app\wamp\www\Application\Runtime\Cache\Home\3aa7ea44b1b9c117d807f3d1e55c1f10.php 第 494 行.
NOTIC: [8] Undefined index: limitPage C:\app\wamp\www\Application\Runtime\Cache\Home\3aa7ea44b1b9c117d807f3d1e55c1f10.php 第 498 行.
NOTIC: [8] Undefined index: limitPage C:\app\wamp\www\Application\Runtime\Cache\Home\3aa7ea44b1b9c117d807f3d1e55c1f10.php 第 506 行.
NOTIC: [8] Undefined index: limitPage C:\app\wamp\www\Application\Runtime\Cache\Home\3aa7ea44b1b9c117d807f3d1e55c1f10.php 第 506 行.
INFO: Run Behavior\ParseTemplateBehavior [ RunTime:0.080311s ]
INFO: [ view_parse ] --END-- [ RunTime:0.080495s ]
INFO: [ view_filter ] --START--
INFO: Run Behavior\WriteHtmlCacheBehavior [ RunTime:0.001563s ]
INFO: [ view_filter ] --END-- [ RunTime:0.001727s ]
INFO: [ app_end ] --START--
INFO: Run Behavior\ShowPageTraceBehavior [ RunTime:0.008403s ]
INFO: [ app_end ] --END-- [ RunTime:0.008580s ]

[ 2016-06-20T13:22:08+08:00 ] 127.0.0.1 /
INFO: [ app_init ] --START--
INFO: Run Behavior\BuildLiteBehavior [ RunTime:0.000037s ]
INFO: [ app_init ] --END-- [ RunTime:0.000215s ]
INFO: [ app_begin ] --START--
INFO: Run Behavior\ReadHtmlCacheBehavior [ RunTime:0.002868s ]
INFO: [ app_begin ] --END-- [ RunTime:0.003068s ]
SQL: SHOW COLUMNS FROM `area` [ RunTime:0.0488s ]
SQL: SELECT `id` FROM `area` WHERE `name` = '北京' LIMIT 1   [ RunTime:0.0008s ]
INFO: [ view_parse ] --START--
INFO: [ template_filter ] --START--
INFO: Run Behavior\ContentReplaceBehavior [ RunTime:0.000278s ]
INFO: [ template_filter ] --END-- [ RunTime:0.000455s ]
INFO: Run Behavior\ParseTemplateBehavior [ RunTime:0.103427s ]
INFO: [ view_parse ] --END-- [ RunTime:0.103783s ]
INFO: [ view_filter ] --START--
INFO: Run Behavior\WriteHtmlCacheBehavior [ RunTime:0.001733s ]
INFO: [ view_filter ] --END-- [ RunTime:0.001901s ]
INFO: [ app_end ] --START--
INFO: Run Behavior\ShowPageTraceBehavior [ RunTime:0.003098s ]
INFO: [ app_end ] --END-- [ RunTime:0.003287s ]

[ 2016-06-20T13:22:11+08:00 ] 127.0.0.1 /index.php/home/hotelWineshop/paper.html?goodsTypeName=%E9%85%92%E5%BA%97%E7%94%A8%E7%BA%B8
INFO: [ app_init ] --START--
INFO: Run Behavior\BuildLiteBehavior [ RunTime:0.000037s ]
INFO: [ app_init ] --END-- [ RunTime:0.000199s ]
INFO: [ app_begin ] --START--
INFO: Run Behavior\ReadHtmlCacheBehavior [ RunTime:0.002251s ]
INFO: [ app_begin ] --END-- [ RunTime:0.002457s ]
SQL: SHOW COLUMNS FROM `goods` [ RunTime:0.0196s ]
SQL: SELECT COUNT(id) AS c FROM `goods` WHERE `f_goods_type_id` = (SELECT `id` FROM `goods_type` WHERE `name` = '酒店用纸'); [ RunTime:0.0009s ]
NOTIC: [8] Undefined index: pageNow C:\app\wamp\www\Application\Home\Model\GoodsModel.class.php 第 33 行.
SQL: SELECT
goods.id AS id,
goods.`name` AS name,
price_1.price AS price,
inventory_1.number AS inventory,
price_1.sale_price AS sale_price,
inventory_1.sale_number AS sale_inventory,
price_1.sale_start AS sale_time,
price_1.sale_end AS sale_time,
goods_img.`name` AS img
FROM goods
INNER JOIN price_1 ON price_1.id = goods.id
LEFT JOIN inventory_1 ON inventory_1.id = goods.id
LEFT JOIN goods_img ON goods_img.f_goods_id = goods.id
WHERE goods.f_goods_type_id = (SELECT id FROM goods_type WHERE `name` = '酒店用纸')
LIMIT 0,8; [ RunTime:0.0058s ]
INFO: [ view_parse ] --START--
INFO: [ template_filter ] --START--
INFO: Run Behavior\ContentReplaceBehavior [ RunTime:0.000294s ]
INFO: [ template_filter ] --END-- [ RunTime:0.000524s ]
INFO: Run Behavior\ParseTemplateBehavior [ RunTime:0.090302s ]
INFO: [ view_parse ] --END-- [ RunTime:0.090505s ]
INFO: [ view_filter ] --START--
INFO: Run Behavior\WriteHtmlCacheBehavior [ RunTime:0.001304s ]
INFO: [ view_filter ] --END-- [ RunTime:0.003736s ]
INFO: [ app_end ] --START--
INFO: Run Behavior\ShowPageTraceBehavior [ RunTime:0.001921s ]
INFO: [ app_end ] --END-- [ RunTime:0.002090s ]

[ 2016-06-20T13:22:59+08:00 ] 127.0.0.1 /index.php/home/hotelWineshop/paper.html?goodsTypeName=%E9%85%92%E5%BA%97%E7%94%A8%E7%BA%B8
INFO: [ app_init ] --START--
INFO: Run Behavior\BuildLiteBehavior [ RunTime:0.000037s ]
INFO: [ app_init ] --END-- [ RunTime:0.000229s ]
INFO: [ app_begin ] --START--
INFO: Run Behavior\ReadHtmlCacheBehavior [ RunTime:0.002211s ]
INFO: [ app_begin ] --END-- [ RunTime:0.002468s ]
SQL: SHOW COLUMNS FROM `goods` [ RunTime:0.0193s ]
SQL: SELECT COUNT(id) AS c FROM `goods` WHERE `f_goods_type_id` = (SELECT `id` FROM `goods_type` WHERE `name` = '酒店用纸'); [ RunTime:0.0035s ]
NOTIC: [8] Undefined index: pageNow C:\app\wamp\www\Application\Home\Model\GoodsModel.class.php 第 33 行.
SQL: SELECT
goods.id AS id,
goods.`name` AS name,
price_1.price AS price,
inventory_1.number AS inventory,
price_1.sale_price AS sale_price,
inventory_1.sale_number AS sale_inventory,
price_1.sale_start AS sale_time,
price_1.sale_end AS sale_time,
goods_img.`name` AS img
FROM goods
INNER JOIN price_1 ON price_1.id = goods.id
LEFT JOIN inventory_1 ON inventory_1.id = goods.id
LEFT JOIN goods_img ON goods_img.f_goods_id = goods.id
WHERE goods.f_goods_type_id = (SELECT id FROM goods_type WHERE `name` = '酒店用纸')
LIMIT 0,8; [ RunTime:0.0016s ]
INFO: [ view_parse ] --START--
INFO: [ template_filter ] --START--
INFO: Run Behavior\ContentReplaceBehavior [ RunTime:0.000303s ]
INFO: [ template_filter ] --END-- [ RunTime:0.000581s ]
INFO: Run Behavior\ParseTemplateBehavior [ RunTime:0.079960s ]
INFO: [ view_parse ] --END-- [ RunTime:0.080149s ]
INFO: [ view_filter ] --START--
INFO: Run Behavior\WriteHtmlCacheBehavior [ RunTime:0.001326s ]
INFO: [ view_filter ] --END-- [ RunTime:0.001496s ]
INFO: [ app_end ] --START--
INFO: Run Behavior\ShowPageTraceBehavior [ RunTime:0.002245s ]
INFO: [ app_end ] --END-- [ RunTime:0.002481s ]

[ 2016-06-20T13:24:01+08:00 ] 127.0.0.1 /index.php/home/hotelWineshop/paper.html?goodsTypeName=%E9%85%92%E5%BA%97%E7%94%A8%E7%BA%B8
INFO: [ app_init ] --START--
INFO: Run Behavior\BuildLiteBehavior [ RunTime:0.000108s ]
INFO: [ app_init ] --END-- [ RunTime:0.000361s ]
INFO: [ app_begin ] --START--
INFO: Run Behavior\ReadHtmlCacheBehavior [ RunTime:0.001816s ]
INFO: [ app_begin ] --END-- [ RunTime:0.002024s ]
SQL: SHOW COLUMNS FROM `goods` [ RunTime:0.0215s ]
SQL: SELECT COUNT(id) AS c FROM `goods` WHERE `f_goods_type_id` = (SELECT `id` FROM `goods_type` WHERE `name` = '酒店用纸'); [ RunTime:0.0008s ]
NOTIC: [8] Undefined index: pageNow C:\app\wamp\www\Application\Home\Model\GoodsModel.class.php 第 33 行.
SQL: SELECT
goods.id AS id,
goods.`name` AS name,
price_1.price AS price,
inventory_1.number AS inventory,
price_1.sale_price AS sale_price,
inventory_1.sale_number AS sale_inventory,
price_1.sale_start AS sale_time,
price_1.sale_end AS sale_time,
goods_img.`name` AS img,
goods_img.`thumb` AS thumb
FROM goods
INNER JOIN price_1 ON price_1.id = goods.id
LEFT JOIN inventory_1 ON inventory_1.id = goods.id
LEFT JOIN goods_img ON goods_img.f_goods_id = goods.id
WHERE goods.f_goods_type_id = (SELECT id FROM goods_type WHERE `name` = '酒店用纸')
LIMIT 0,8; [ RunTime:0.0014s ]
INFO: [ view_parse ] --START--
INFO: [ template_filter ] --START--
INFO: Run Behavior\ContentReplaceBehavior [ RunTime:0.000292s ]
INFO: [ template_filter ] --END-- [ RunTime:0.000461s ]
INFO: Run Behavior\ParseTemplateBehavior [ RunTime:0.056573s ]
INFO: [ view_parse ] --END-- [ RunTime:0.056746s ]
INFO: [ view_filter ] --START--
INFO: Run Behavior\WriteHtmlCacheBehavior [ RunTime:0.001764s ]
INFO: [ view_filter ] --END-- [ RunTime:0.001935s ]
INFO: [ app_end ] --START--
INFO: Run Behavior\ShowPageTraceBehavior [ RunTime:0.002794s ]
INFO: [ app_end ] --END-- [ RunTime:0.002982s ]

[ 2016-06-20T13:28:01+08:00 ] 127.0.0.1 /index.php/home/hotelWineshop/paper.html?goodsTypeName=%E9%85%92%E5%BA%97%E7%94%A8%E7%BA%B8
INFO: [ app_init ] --START--
INFO: Run Behavior\BuildLiteBehavior [ RunTime:0.000050s ]
INFO: [ app_init ] --END-- [ RunTime:0.000398s ]
INFO: [ app_begin ] --START--
INFO: Run Behavior\ReadHtmlCacheBehavior [ RunTime:0.004286s ]
INFO: [ app_begin ] --END-- [ RunTime:0.004752s ]
SQL: SHOW COLUMNS FROM `goods` [ RunTime:0.0226s ]
SQL: SELECT COUNT(id) AS c FROM `goods` WHERE `f_goods_type_id` = (SELECT `id` FROM `goods_type` WHERE `name` = '酒店用纸'); [ RunTime:0.0008s ]
NOTIC: [8] Undefined index: pageNow C:\app\wamp\www\Application\Home\Model\GoodsModel.class.php 第 33 行.
SQL: SELECT
goods.id AS id,
goods.`name` AS name,
price_1.price AS price,
inventory_1.number AS inventory,
price_1.sale_price AS sale_price,
inventory_1.sale_number AS sale_inventory,
price_1.sale_start AS sale_time,
price_1.sale_end AS sale_time,
goods_img.`name` AS img,
goods_img.`thumb` AS thumb
FROM goods
INNER JOIN price_1 ON price_1.id = goods.id
LEFT JOIN inventory_1 ON inventory_1.id = goods.id
LEFT JOIN goods_img ON goods_img.f_goods_id = goods.id
WHERE goods.f_goods_type_id = (SELECT id FROM goods_type WHERE `name` = '酒店用纸')
LIMIT 0,8; [ RunTime:0.0011s ]
NOTIC: [8] Undefined index: Content-MD5 C:\app\wamp\www\PlugIn\ucloud\http.php 第 67 行.
NOTIC: [8] Undefined index: Content-Type C:\app\wamp\www\PlugIn\ucloud\http.php 第 67 行.
NOTIC: [8] Undefined index: Expires C:\app\wamp\www\PlugIn\ucloud\http.php 第 67 行.
INFO: [ view_parse ] --START--
INFO: [ template_filter ] --START--
INFO: Run Behavior\ContentReplaceBehavior [ RunTime:0.000308s ]
INFO: [ template_filter ] --END-- [ RunTime:0.000478s ]
INFO: Run Behavior\ParseTemplateBehavior [ RunTime:0.070548s ]
INFO: [ view_parse ] --END-- [ RunTime:0.070739s ]
INFO: [ view_filter ] --START--
INFO: Run Behavior\WriteHtmlCacheBehavior [ RunTime:0.006937s ]
INFO: [ view_filter ] --END-- [ RunTime:0.007233s ]
INFO: [ app_end ] --START--
INFO: Run Behavior\ShowPageTraceBehavior [ RunTime:0.004721s ]
INFO: [ app_end ] --END-- [ RunTime:0.005066s ]

[ 2016-06-20T15:59:20+08:00 ] 127.0.0.1 /index.php/home/hotelWineshop/paper.html?goodsTypeName=%E9%85%92%E5%BA%97%E7%94%A8%E7%BA%B8
INFO: [ app_init ] --START--
INFO: Run Behavior\BuildLiteBehavior [ RunTime:0.000039s ]
INFO: [ app_init ] --END-- [ RunTime:0.000204s ]
INFO: [ app_begin ] --START--
INFO: Run Behavior\ReadHtmlCacheBehavior [ RunTime:0.002103s ]
INFO: [ app_begin ] --END-- [ RunTime:0.002299s ]
SQL: SHOW COLUMNS FROM `goods` [ RunTime:0.0366s ]
SQL: SELECT COUNT(id) AS c FROM `goods` WHERE `f_goods_type_id` = (SELECT `id` FROM `goods_type` WHERE `name` = '酒店用纸'); [ RunTime:0.0039s ]
NOTIC: [8] Undefined index: pageNow C:\app\wamp\www\Application\Home\Model\GoodsModel.class.php 第 33 行.
SQL: SELECT
goods.id AS id,
goods.`name` AS name,
price_1.price AS price,
inventory_1.number AS inventory,
price_1.sale_price AS sale_price,
inventory_1.sale_number AS sale_inventory,
price_1.sale_start AS sale_time,
price_1.sale_end AS sale_time,
goods_img.`name` AS img,
goods_img.`thumb` AS thumb
FROM goods
INNER JOIN price_1 ON price_1.id = goods.id
LEFT JOIN inventory_1 ON inventory_1.id = goods.id
LEFT JOIN goods_img ON goods_img.f_goods_id = goods.id
WHERE goods.f_goods_type_id = (SELECT id FROM goods_type WHERE `name` = '酒店用纸')
LIMIT 0,8; [ RunTime:0.0066s ]
NOTIC: [8] Undefined index: Content-MD5 C:\app\wamp\www\PlugIn\ucloud\http.php 第 67 行.
NOTIC: [8] Undefined index: Content-Type C:\app\wamp\www\PlugIn\ucloud\http.php 第 67 行.
NOTIC: [8] Undefined index: Expires C:\app\wamp\www\PlugIn\ucloud\http.php 第 67 行.
INFO: [ view_parse ] --START--
INFO: [ template_filter ] --START--
INFO: Run Behavior\ContentReplaceBehavior [ RunTime:0.001338s ]
INFO: [ template_filter ] --END-- [ RunTime:0.001543s ]
INFO: Run Behavior\ParseTemplateBehavior [ RunTime:0.350830s ]
INFO: [ view_parse ] --END-- [ RunTime:0.351068s ]
INFO: [ view_filter ] --START--
INFO: Run Behavior\WriteHtmlCacheBehavior [ RunTime:0.008825s ]
INFO: [ view_filter ] --END-- [ RunTime:0.008994s ]
INFO: [ app_end ] --START--
INFO: Run Behavior\ShowPageTraceBehavior [ RunTime:0.004048s ]
INFO: [ app_end ] --END-- [ RunTime:0.004222s ]

