[ 2016-06-14T09:04:31+08:00 ] 127.0.0.1 /
INFO: [ app_init ] --START--
INFO: Run Behavior\BuildLiteBehavior [ RunTime:0.000024s ]
INFO: [ app_init ] --END-- [ RunTime:0.000122s ]
INFO: [ app_begin ] --START--
INFO: Run Behavior\ReadHtmlCacheBehavior [ RunTime:0.001384s ]
INFO: [ app_begin ] --END-- [ RunTime:0.001459s ]
SQL: SHOW COLUMNS FROM `area` [ RunTime:0.0461s ]
SQL: SELECT `id` FROM `area` WHERE `name` = '北京' LIMIT 1   [ RunTime:0.0368s ]
INFO: [ view_parse ] --START--
INFO: [ template_filter ] --START--
INFO: Run Behavior\ContentReplaceBehavior [ RunTime:0.000198s ]
INFO: [ template_filter ] --END-- [ RunTime:0.000313s ]
NOTIC: [8] Undefined index: user D:\wamp\www\Application\Runtime\Cache\Home\56d70cf0f710f5f596f222a4dbf456c5.php 第 374 行.
INFO: Run Behavior\ParseTemplateBehavior [ RunTime:0.040247s ]
INFO: [ view_parse ] --END-- [ RunTime:0.040366s ]
INFO: [ view_filter ] --START--
INFO: Run Behavior\WriteHtmlCacheBehavior [ RunTime:0.001139s ]
INFO: [ view_filter ] --END-- [ RunTime:0.001204s ]
INFO: [ app_end ] --START--
INFO: Run Behavior\ShowPageTraceBehavior [ RunTime:0.001491s ]
INFO: [ app_end ] --END-- [ RunTime:0.001559s ]

[ 2016-06-14T20:15:54+08:00 ] 127.0.0.1 /
INFO: [ app_init ] --START--
INFO: Run Behavior\BuildLiteBehavior [ RunTime:0.000042s ]
INFO: [ app_init ] --END-- [ RunTime:0.003426s ]
INFO: [ app_begin ] --START--
INFO: Run Behavior\ReadHtmlCacheBehavior [ RunTime:0.000588s ]
INFO: [ app_begin ] --END-- [ RunTime:0.000657s ]
SQL: SHOW COLUMNS FROM `area` [ RunTime:0.0635s ]
SQL: SELECT `id` FROM `area` WHERE `name` = '北京' LIMIT 1   [ RunTime:0.0009s ]
INFO: [ view_parse ] --START--
INFO: [ template_filter ] --START--
INFO: Run Behavior\ContentReplaceBehavior [ RunTime:0.000745s ]
INFO: [ template_filter ] --END-- [ RunTime:0.000837s ]
NOTIC: [8] Undefined index: user D:\ide\wamp\www\Application\Runtime\Cache\Home\56d70cf0f710f5f596f222a4dbf456c5.php 第 374 行.
INFO: Run Behavior\ParseTemplateBehavior [ RunTime:0.096404s ]
INFO: [ view_parse ] --END-- [ RunTime:0.096468s ]
INFO: [ view_filter ] --START--
INFO: Run Behavior\WriteHtmlCacheBehavior [ RunTime:0.000384s ]
INFO: [ view_filter ] --END-- [ RunTime:0.000432s ]
INFO: [ app_end ] --START--
INFO: Run Behavior\ShowPageTraceBehavior [ RunTime:0.000699s ]
INFO: [ app_end ] --END-- [ RunTime:0.000768s ]

