[ 2016-05-29T12:46:48+08:00 ] 127.0.0.1 /
INFO: [ app_init ] --START--
INFO: Run Behavior\BuildLiteBehavior [ RunTime:0.000030s ]
INFO: [ app_init ] --END-- [ RunTime:0.000153s ]
INFO: [ app_begin ] --START--
INFO: Run Behavior\ReadHtmlCacheBehavior [ RunTime:0.001580s ]
INFO: [ app_begin ] --END-- [ RunTime:0.001767s ]
SQL: SHOW COLUMNS FROM `area` [ RunTime:0.1197s ]
SQL: SELECT `id` FROM `area` WHERE `name` = '北京' LIMIT 1   [ RunTime:0.3098s ]
INFO: [ view_parse ] --START--
INFO: [ template_filter ] --START--
INFO: Run Behavior\ContentReplaceBehavior [ RunTime:0.000292s ]
INFO: [ template_filter ] --END-- [ RunTime:0.000430s ]
NOTIC: [8] Undefined index: user E:\wamp\www\Application\Runtime\Cache\Home\56d70cf0f710f5f596f222a4dbf456c5.php 第 286 行.
INFO: Run Behavior\ParseTemplateBehavior [ RunTime:0.033493s ]
INFO: [ view_parse ] --END-- [ RunTime:0.033659s ]
INFO: [ view_filter ] --START--
INFO: Run Behavior\WriteHtmlCacheBehavior [ RunTime:0.000622s ]
INFO: [ view_filter ] --END-- [ RunTime:0.000695s ]
INFO: [ app_end ] --START--
INFO: Run Behavior\ShowPageTraceBehavior [ RunTime:0.001123s ]
INFO: [ app_end ] --END-- [ RunTime:0.001247s ]

[ 2016-05-29T12:49:21+08:00 ] 127.0.0.1 /index.php/home/user/ajaxSignIn.html
INFO: [ app_init ] --START--
INFO: Run Behavior\BuildLiteBehavior [ RunTime:0.000017s ]
INFO: [ app_init ] --END-- [ RunTime:0.000087s ]
INFO: [ app_begin ] --START--
INFO: Run Behavior\ReadHtmlCacheBehavior [ RunTime:0.000673s ]
INFO: [ app_begin ] --END-- [ RunTime:0.000740s ]
SQL: SHOW COLUMNS FROM `area` [ RunTime:0.1352s ]
SQL: SELECT `id` FROM `area` WHERE `name` = '北京' LIMIT 1   [ RunTime:0.1299s ]
SQL: SHOW COLUMNS FROM `user` [ RunTime:0.1316s ]
SQL: SELECT * FROM `user` WHERE `signin_name` = 'test' LIMIT 1   [ RunTime:0.1321s ]
SQL: SHOW COLUMNS FROM `user` [ RunTime:0.1386s ]
SQL: UPDATE `user` SET `last_time`='1464497361' WHERE `id` = 8 [ RunTime:0.1337s ]

[ 2016-05-29T12:49:23+08:00 ] 127.0.0.1 /
INFO: [ app_init ] --START--
INFO: Run Behavior\BuildLiteBehavior [ RunTime:0.000028s ]
INFO: [ app_init ] --END-- [ RunTime:0.000137s ]
INFO: [ app_begin ] --START--
INFO: Run Behavior\ReadHtmlCacheBehavior [ RunTime:0.000795s ]
INFO: [ app_begin ] --END-- [ RunTime:0.000902s ]
SQL: SHOW COLUMNS FROM `area` [ RunTime:0.1294s ]
SQL: SELECT `id` FROM `area` WHERE `name` = '北京' LIMIT 1   [ RunTime:0.1274s ]
INFO: [ view_parse ] --START--
INFO: [ template_filter ] --START--
INFO: Run Behavior\ContentReplaceBehavior [ RunTime:0.000244s ]
INFO: [ template_filter ] --END-- [ RunTime:0.000372s ]
INFO: Run Behavior\ParseTemplateBehavior [ RunTime:0.023490s ]
INFO: [ view_parse ] --END-- [ RunTime:0.023610s ]
INFO: [ view_filter ] --START--
INFO: Run Behavior\WriteHtmlCacheBehavior [ RunTime:0.000461s ]
INFO: [ view_filter ] --END-- [ RunTime:0.000522s ]
INFO: [ app_end ] --START--
INFO: Run Behavior\ShowPageTraceBehavior [ RunTime:0.000637s ]
INFO: [ app_end ] --END-- [ RunTime:0.000704s ]

[ 2016-05-29T12:50:34+08:00 ] 127.0.0.1 /index.php/home/user/myShoppingCart.html
INFO: [ app_init ] --START--
INFO: Run Behavior\BuildLiteBehavior [ RunTime:0.000121s ]
INFO: [ app_init ] --END-- [ RunTime:0.000246s ]
INFO: [ app_begin ] --START--
INFO: Run Behavior\ReadHtmlCacheBehavior [ RunTime:0.000779s ]
INFO: [ app_begin ] --END-- [ RunTime:0.000858s ]
SQL: SHOW COLUMNS FROM `cart` [ RunTime:0.1302s ]
SQL: SELECT
goods.id AS goods_id,
goods.`name`,
area_goods_price.price AS price,
area_goods_price.inventory AS inventory,
area_goods_price.sale_price AS sale_price,
area_goods_price.sale_inventory AS sale_inventory,
area_goods_price.sale_time AS sale_time,
norms.id AS norms_id,
norms.`name` AS norms_name,
cart.number AS number,
cart.id AS cart_id
FROM cart
LEFT JOIN goods ON goods.id = cart.f_goods_id
LEFT JOIN area_goods_price ON area_goods_price.id = cart.f_goods_id
LEFT JOIN norms ON norms.id = cart.f_norms_id
WHERE cart.f_user_id = 8 [ RunTime:0.1240s ]
INFO: [ view_parse ] --START--
INFO: [ template_filter ] --START--
INFO: Run Behavior\ContentReplaceBehavior [ RunTime:0.000155s ]
INFO: [ template_filter ] --END-- [ RunTime:0.000247s ]
INFO: Run Behavior\ParseTemplateBehavior [ RunTime:0.018368s ]
INFO: [ view_parse ] --END-- [ RunTime:0.018454s ]
INFO: [ view_filter ] --START--
INFO: Run Behavior\WriteHtmlCacheBehavior [ RunTime:0.000380s ]
INFO: [ view_filter ] --END-- [ RunTime:0.000438s ]
INFO: [ app_end ] --START--
INFO: Run Behavior\ShowPageTraceBehavior [ RunTime:0.000649s ]
INFO: [ app_end ] --END-- [ RunTime:0.000708s ]

[ 2016-05-29T12:50:37+08:00 ] 127.0.0.1 /index.php/home/user/myOrderForm.html
INFO: [ app_init ] --START--
INFO: Run Behavior\BuildLiteBehavior [ RunTime:0.000018s ]
INFO: [ app_init ] --END-- [ RunTime:0.000088s ]
INFO: [ app_begin ] --START--
INFO: Run Behavior\ReadHtmlCacheBehavior [ RunTime:0.000520s ]
INFO: [ app_begin ] --END-- [ RunTime:0.000585s ]
SQL: SHOW COLUMNS FROM `order_form` [ RunTime:0.1238s ]
SQL: SELECT
order_form.id,
order_form.f_user_id,
order_form.create_time,
order_form.refund_time,
order_form.`no`,
order_form.price,
order_form.is_need_invoice,
order_form.f_order_form_status_id,
order_form.bc_id,
order_form_status.`name` AS order_form_status_name
FROM `order_form`
INNER JOIN order_form_status ON order_form_status.id = order_form.f_order_form_status_id
WHERE order_form.f_user_id = 8
AND f_order_form_status_id > 0 [ RunTime:0.1284s ]
SQL: SHOW COLUMNS FROM `order_goods` [ RunTime:0.2853s ]
SQL: SHOW COLUMNS FROM `goods` [ RunTime:0.1407s ]
SQL: SELECT * FROM `order_goods` WHERE `f_order_form_no` = 'd16d69744bc0f45cf5acb538d98d5bfd'  [ RunTime:0.1271s ]
SQL: SELECT
goods.id AS id,
goods.`name` AS name,
area_goods_price.price AS price,
area_goods_price.inventory AS inventory,
area_goods_price.sale_price AS sale_price,
area_goods_price.sale_inventory AS sale_inventory,
area_goods_price.sale_time AS sale_time
FROM
goods
INNER JOIN area_goods_price ON area_goods_price.id = goods.id
WHERE area_goods_price.id = 184 [ RunTime:0.1374s ]
INFO: [ view_parse ] --START--
INFO: [ template_filter ] --START--
INFO: Run Behavior\ContentReplaceBehavior [ RunTime:0.000313s ]
INFO: [ template_filter ] --END-- [ RunTime:0.000477s ]
NOTIC: [8] Undefined index: goods E:\wamp\www\Application\Runtime\Cache\Home\29e75cbd77d33d91950dd368c5090943.php 第 496 行.
INFO: Run Behavior\ParseTemplateBehavior [ RunTime:0.037709s ]
INFO: [ view_parse ] --END-- [ RunTime:0.037845s ]
INFO: [ view_filter ] --START--
INFO: Run Behavior\WriteHtmlCacheBehavior [ RunTime:0.000406s ]
INFO: [ view_filter ] --END-- [ RunTime:0.000500s ]
INFO: [ app_end ] --START--
INFO: Run Behavior\ShowPageTraceBehavior [ RunTime:0.000785s ]
INFO: [ app_end ] --END-- [ RunTime:0.000879s ]

[ 2016-05-29T12:50:39+08:00 ] 127.0.0.1 /index.php/home/user/refund.html?no=d16d69744bc0f45cf5acb538d98d5bfd
INFO: [ app_init ] --START--
INFO: Run Behavior\BuildLiteBehavior [ RunTime:0.000025s ]
INFO: [ app_init ] --END-- [ RunTime:0.000133s ]
INFO: [ app_begin ] --START--
INFO: Run Behavior\ReadHtmlCacheBehavior [ RunTime:0.000605s ]
INFO: [ app_begin ] --END-- [ RunTime:0.000686s ]
SQL: SHOW COLUMNS FROM `order_form` [ RunTime:0.1162s ]
SQL: SELECT
order_form.id,
order_form.f_user_id,
order_form.create_time,
order_form.refund_time,
order_form.`no`,
order_form.price,
order_form.is_need_invoice,
order_form.invoice_type,
order_form.invoice_company_name,
order_form.f_order_form_status_id,
order_form.bc_id,
order_form.f_pay_type_id,
pay_type.`name` AS pay_type
FROM
order_form
LEFT JOIN pay_type ON pay_type.id = order_form.f_pay_type_id
WHERE order_form.`no` = 'd16d69744bc0f45cf5acb538d98d5bfd' [ RunTime:0.1183s ]
INFO: [ view_parse ] --START--
INFO: [ template_filter ] --START--
INFO: Run Behavior\ContentReplaceBehavior [ RunTime:0.000145s ]
INFO: [ template_filter ] --END-- [ RunTime:0.000240s ]
INFO: Run Behavior\ParseTemplateBehavior [ RunTime:0.024933s ]
INFO: [ view_parse ] --END-- [ RunTime:0.025056s ]
INFO: [ view_filter ] --START--
INFO: Run Behavior\WriteHtmlCacheBehavior [ RunTime:0.000274s ]
INFO: [ view_filter ] --END-- [ RunTime:0.000331s ]
INFO: [ app_end ] --START--
INFO: Run Behavior\ShowPageTraceBehavior [ RunTime:0.000537s ]
INFO: [ app_end ] --END-- [ RunTime:0.000597s ]

[ 2016-05-29T12:51:59+08:00 ] 127.0.0.1 /index.php/home/user/ajaxCreateRefund.html
INFO: [ app_init ] --START--
INFO: Run Behavior\BuildLiteBehavior [ RunTime:0.000019s ]
INFO: [ app_init ] --END-- [ RunTime:0.000092s ]
INFO: [ app_begin ] --START--
INFO: Run Behavior\ReadHtmlCacheBehavior [ RunTime:0.001047s ]
INFO: [ app_begin ] --END-- [ RunTime:0.001175s ]

[ 2016-05-29T12:51:36+08:00 ] 127.0.0.1 /index.php/home/user/ajaxCreateRefund.html
INFO: [ app_init ] --START--
INFO: Run Behavior\BuildLiteBehavior [ RunTime:0.000019s ]
INFO: [ app_init ] --END-- [ RunTime:0.000090s ]
INFO: [ app_begin ] --START--
INFO: Run Behavior\ReadHtmlCacheBehavior [ RunTime:0.000639s ]
INFO: [ app_begin ] --END-- [ RunTime:0.000722s ]
SQL: SHOW COLUMNS FROM `order_form` [ RunTime:0.1443s ]
NOTIC: [8] Undefined index: validate E:\wamp\www\ThinkPHP\Library\Think\Model.class.php 第 1185 行.
NOTIC: [8] Undefined index: auto E:\wamp\www\ThinkPHP\Library\Think\Model.class.php 第 1128 行.
INFO: [ app_end ] --START--
INFO: Run Behavior\ShowPageTraceBehavior [ RunTime:0.000703s ]
INFO: [ app_end ] --END-- [ RunTime:0.000778s ]

[ 2016-05-29T12:52:14+08:00 ] 127.0.0.1 /index.php/home/user/ajaxCreateRefund.html
INFO: [ app_init ] --START--
INFO: Run Behavior\BuildLiteBehavior [ RunTime:0.000032s ]
INFO: [ app_init ] --END-- [ RunTime:0.000172s ]
INFO: [ app_begin ] --START--
INFO: Run Behavior\ReadHtmlCacheBehavior [ RunTime:0.001418s ]
INFO: [ app_begin ] --END-- [ RunTime:0.001564s ]
SQL: SHOW COLUMNS FROM `order_form` [ RunTime:0.1373s ]
NOTIC: [8] Undefined index: validate E:\wamp\www\ThinkPHP\Library\Think\Model.class.php 第 1185 行.
NOTIC: [8] Undefined index: auto E:\wamp\www\ThinkPHP\Library\Think\Model.class.php 第 1128 行.
INFO: [ app_end ] --START--
INFO: Run Behavior\ShowPageTraceBehavior [ RunTime:0.001766s ]
INFO: [ app_end ] --END-- [ RunTime:0.001903s ]

[ 2016-05-29T12:52:51+08:00 ] 127.0.0.1 /index.php/home/user/ajaxCreateRefund.html
INFO: [ app_init ] --START--
INFO: Run Behavior\BuildLiteBehavior [ RunTime:0.000022s ]
INFO: [ app_init ] --END-- [ RunTime:0.000101s ]
INFO: [ app_begin ] --START--
INFO: Run Behavior\ReadHtmlCacheBehavior [ RunTime:0.001150s ]
INFO: [ app_begin ] --END-- [ RunTime:0.001288s ]
SQL: SHOW COLUMNS FROM `order_form` [ RunTime:0.1225s ]
NOTIC: [8] Undefined index: validate E:\wamp\www\ThinkPHP\Library\Think\Model.class.php 第 1185 行.
NOTIC: [8] Undefined index: auto E:\wamp\www\ThinkPHP\Library\Think\Model.class.php 第 1128 行.
INFO: [ app_end ] --START--
INFO: Run Behavior\ShowPageTraceBehavior [ RunTime:0.001645s ]
INFO: [ app_end ] --END-- [ RunTime:0.001815s ]

[ 2016-05-29T12:52:53+08:00 ] 127.0.0.1 /index.php/home/user/refund.html?no=d16d69744bc0f45cf5acb538d98d5bfd
INFO: [ app_init ] --START--
INFO: Run Behavior\BuildLiteBehavior [ RunTime:0.000025s ]
INFO: [ app_init ] --END-- [ RunTime:0.000116s ]
INFO: [ app_begin ] --START--
INFO: Run Behavior\ReadHtmlCacheBehavior [ RunTime:0.001195s ]
INFO: [ app_begin ] --END-- [ RunTime:0.001351s ]
SQL: SHOW COLUMNS FROM `order_form` [ RunTime:0.1389s ]
SQL: SELECT
order_form.id,
order_form.f_user_id,
order_form.create_time,
order_form.refund_time,
order_form.`no`,
order_form.price,
order_form.is_need_invoice,
order_form.invoice_type,
order_form.invoice_company_name,
order_form.f_order_form_status_id,
order_form.bc_id,
order_form.f_pay_type_id,
pay_type.`name` AS pay_type
FROM
order_form
LEFT JOIN pay_type ON pay_type.id = order_form.f_pay_type_id
WHERE order_form.`no` = 'd16d69744bc0f45cf5acb538d98d5bfd' [ RunTime:0.1417s ]
INFO: [ view_parse ] --START--
INFO: [ template_filter ] --START--
INFO: Run Behavior\ContentReplaceBehavior [ RunTime:0.000144s ]
INFO: [ template_filter ] --END-- [ RunTime:0.000234s ]
INFO: Run Behavior\ParseTemplateBehavior [ RunTime:0.018831s ]
INFO: [ view_parse ] --END-- [ RunTime:0.018960s ]
INFO: [ view_filter ] --START--
INFO: Run Behavior\WriteHtmlCacheBehavior [ RunTime:0.000721s ]
INFO: [ view_filter ] --END-- [ RunTime:0.000844s ]
INFO: [ app_end ] --START--
INFO: Run Behavior\ShowPageTraceBehavior [ RunTime:0.000877s ]
INFO: [ app_end ] --END-- [ RunTime:0.000992s ]

[ 2016-05-29T12:52:55+08:00 ] 127.0.0.1 /index.php/home/user/ajaxCreateRefund.html
INFO: [ app_init ] --START--
INFO: Run Behavior\BuildLiteBehavior [ RunTime:0.000034s ]
INFO: [ app_init ] --END-- [ RunTime:0.000176s ]
INFO: [ app_begin ] --START--
INFO: Run Behavior\ReadHtmlCacheBehavior [ RunTime:0.001120s ]
INFO: [ app_begin ] --END-- [ RunTime:0.001273s ]
SQL: SHOW COLUMNS FROM `order_form` [ RunTime:0.1512s ]
NOTIC: [8] Undefined index: validate E:\wamp\www\ThinkPHP\Library\Think\Model.class.php 第 1185 行.
NOTIC: [8] Undefined index: auto E:\wamp\www\ThinkPHP\Library\Think\Model.class.php 第 1128 行.
INFO: [ app_end ] --START--
INFO: Run Behavior\ShowPageTraceBehavior [ RunTime:0.000789s ]
INFO: [ app_end ] --END-- [ RunTime:0.000857s ]

[ 2016-05-29T12:53:46+08:00 ] 127.0.0.1 /index.php/home/user/ajaxCreateRefund.html
INFO: [ app_init ] --START--
INFO: Run Behavior\BuildLiteBehavior [ RunTime:0.000026s ]
INFO: [ app_init ] --END-- [ RunTime:0.000127s ]
INFO: [ app_begin ] --START--
INFO: Run Behavior\ReadHtmlCacheBehavior [ RunTime:0.000708s ]
INFO: [ app_begin ] --END-- [ RunTime:0.000776s ]
SQL: SHOW COLUMNS FROM `order_form` [ RunTime:0.1210s ]
NOTIC: [8] Undefined index: validate E:\wamp\www\ThinkPHP\Library\Think\Model.class.php 第 1185 行.
NOTIC: [8] Undefined index: auto E:\wamp\www\ThinkPHP\Library\Think\Model.class.php 第 1128 行.
SQL: UPDATE `order_form` SET `no`='d16d69744bc0f45cf5acb538d98d5bfd',`f_order_form_status_id`='6',`refund_explain`='' WHERE `no` = 'd16d69744bc0f45cf5acb538d98d5bfd' [ RunTime:0.1208s ]

