[ 2016-05-23T13:03:42+08:00 ] 127.0.0.1 /
INFO: [ app_init ] --START--
INFO: Run Behavior\BuildLiteBehavior [ RunTime:0.000019s ]
INFO: [ app_init ] --END-- [ RunTime:0.000435s ]
INFO: [ app_begin ] --START--
INFO: Run Behavior\ReadHtmlCacheBehavior [ RunTime:0.000836s ]
INFO: [ app_begin ] --END-- [ RunTime:0.000931s ]
SQL: SHOW COLUMNS FROM `area` [ RunTime:0.0627s ]
SQL: SELECT `id` FROM `area` WHERE `name` = '北京' LIMIT 1   [ RunTime:0.0524s ]
INFO: [ view_parse ] --START--
INFO: [ template_filter ] --START--
INFO: Run Behavior\ContentReplaceBehavior [ RunTime:0.000212s ]
INFO: [ template_filter ] --END-- [ RunTime:0.000317s ]
NOTIC: [8] Undefined index: user E:\wamp\www\Application\Runtime\Cache\Home\56d70cf0f710f5f596f222a4dbf456c5.php 第 269 行.
INFO: Run Behavior\ParseTemplateBehavior [ RunTime:0.023834s ]
INFO: [ view_parse ] --END-- [ RunTime:0.023950s ]
INFO: [ view_filter ] --START--
INFO: Run Behavior\WriteHtmlCacheBehavior [ RunTime:0.000387s ]
INFO: [ view_filter ] --END-- [ RunTime:0.000445s ]
INFO: [ app_end ] --START--
INFO: Run Behavior\ShowPageTraceBehavior [ RunTime:0.000663s ]
INFO: [ app_end ] --END-- [ RunTime:0.000721s ]

[ 2016-05-23T13:03:44+08:00 ] 127.0.0.1 /index.php/home/user/ajaxSignIn.html
INFO: [ app_init ] --START--
INFO: Run Behavior\BuildLiteBehavior [ RunTime:0.000017s ]
INFO: [ app_init ] --END-- [ RunTime:0.000419s ]
INFO: [ app_begin ] --START--
INFO: Run Behavior\ReadHtmlCacheBehavior [ RunTime:0.000627s ]
INFO: [ app_begin ] --END-- [ RunTime:0.000687s ]
SQL: SHOW COLUMNS FROM `area` [ RunTime:0.0903s ]
SQL: SELECT `id` FROM `area` WHERE `name` = '北京' LIMIT 1   [ RunTime:0.0481s ]

[ 2016-05-23T17:54:47+08:00 ] 127.0.0.1 /
INFO: [ app_init ] --START--
INFO: Run Behavior\BuildLiteBehavior [ RunTime:0.000057s ]
INFO: [ app_init ] --END-- [ RunTime:0.000617s ]
INFO: [ app_begin ] --START--
INFO: Run Behavior\ReadHtmlCacheBehavior [ RunTime:0.000664s ]
INFO: [ app_begin ] --END-- [ RunTime:0.000733s ]
SQL: SHOW COLUMNS FROM `area` [ RunTime:0.0448s ]
SQL: SELECT `id` FROM `area` WHERE `name` = '北京' LIMIT 1   [ RunTime:0.0426s ]
INFO: [ view_parse ] --START--
INFO: [ template_filter ] --START--
INFO: Run Behavior\ContentReplaceBehavior [ RunTime:0.000216s ]
INFO: [ template_filter ] --END-- [ RunTime:0.000329s ]
NOTIC: [8] Undefined index: user E:\wamp\www\Application\Runtime\Cache\Home\56d70cf0f710f5f596f222a4dbf456c5.php 第 282 行.
INFO: Run Behavior\ParseTemplateBehavior [ RunTime:0.023598s ]
INFO: [ view_parse ] --END-- [ RunTime:0.023740s ]
INFO: [ view_filter ] --START--
INFO: Run Behavior\WriteHtmlCacheBehavior [ RunTime:0.000477s ]
INFO: [ view_filter ] --END-- [ RunTime:0.000541s ]
INFO: [ app_end ] --START--
INFO: Run Behavior\ShowPageTraceBehavior [ RunTime:0.000628s ]
INFO: [ app_end ] --END-- [ RunTime:0.000690s ]

[ 2016-05-23T17:55:12+08:00 ] 127.0.0.1 /index.php/home/user/ajaxSignIn.html
INFO: [ app_init ] --START--
INFO: Run Behavior\BuildLiteBehavior [ RunTime:0.000016s ]
INFO: [ app_init ] --END-- [ RunTime:0.000413s ]
INFO: [ app_begin ] --START--
INFO: Run Behavior\ReadHtmlCacheBehavior [ RunTime:0.000618s ]
INFO: [ app_begin ] --END-- [ RunTime:0.000676s ]
SQL: SHOW COLUMNS FROM `area` [ RunTime:0.0530s ]
SQL: SELECT `id` FROM `area` WHERE `name` = '北京' LIMIT 1   [ RunTime:0.5808s ]
SQL: SHOW COLUMNS FROM `user` [ RunTime:0.0524s ]
SQL: SELECT * FROM `user` WHERE `signin_name` = 'test' LIMIT 1   [ RunTime:0.0663s ]
SQL: SHOW COLUMNS FROM `user` [ RunTime:0.0533s ]
SQL: UPDATE `user` SET `last_time`='1463997311' WHERE `id` = 8 [ RunTime:0.4010s ]

[ 2016-05-23T17:55:14+08:00 ] 127.0.0.1 /
INFO: [ app_init ] --START--
INFO: Run Behavior\BuildLiteBehavior [ RunTime:0.000019s ]
INFO: [ app_init ] --END-- [ RunTime:0.000408s ]
INFO: [ app_begin ] --START--
INFO: Run Behavior\ReadHtmlCacheBehavior [ RunTime:0.000555s ]
INFO: [ app_begin ] --END-- [ RunTime:0.000625s ]
SQL: SHOW COLUMNS FROM `area` [ RunTime:0.0612s ]
SQL: SELECT `id` FROM `area` WHERE `name` = '北京' LIMIT 1   [ RunTime:0.0620s ]
INFO: [ view_parse ] --START--
INFO: [ template_filter ] --START--
INFO: Run Behavior\ContentReplaceBehavior [ RunTime:0.000193s ]
INFO: [ template_filter ] --END-- [ RunTime:0.000291s ]
INFO: Run Behavior\ParseTemplateBehavior [ RunTime:0.035678s ]
INFO: [ view_parse ] --END-- [ RunTime:0.035825s ]
INFO: [ view_filter ] --START--
INFO: Run Behavior\WriteHtmlCacheBehavior [ RunTime:0.000369s ]
INFO: [ view_filter ] --END-- [ RunTime:0.000426s ]
INFO: [ app_end ] --START--
INFO: Run Behavior\ShowPageTraceBehavior [ RunTime:0.000614s ]
INFO: [ app_end ] --END-- [ RunTime:0.000673s ]

[ 2016-05-23T17:55:16+08:00 ] 127.0.0.1 /index.php/home/hotelWineshop/paper.html?goodsTypeName=%E9%85%92%E5%BA%97%E7%94%A8%E7%BA%B8
INFO: [ app_init ] --START--
INFO: Run Behavior\BuildLiteBehavior [ RunTime:0.000027s ]
INFO: [ app_init ] --END-- [ RunTime:0.000516s ]
INFO: [ app_begin ] --START--
INFO: Run Behavior\ReadHtmlCacheBehavior [ RunTime:0.000674s ]
INFO: [ app_begin ] --END-- [ RunTime:0.000740s ]
SQL: SHOW COLUMNS FROM `goods` [ RunTime:0.0421s ]
SQL: SELECT COUNT(id) AS c FROM `goods` WHERE `f_goods_type_id` = (SELECT `id` FROM `goods_type` WHERE `name` = '酒店用纸'); [ RunTime:0.0407s ]
NOTIC: [8] Undefined index: pageNow E:\wamp\www\Application\Home\Model\GoodsModel.class.php 第 33 行.
SQL: SELECT
goods.id AS id,
goods.`name` AS name,
area_goods_price.price AS price,
area_goods_price.inventory AS inventory,
area_goods_price.sale_price AS sale_price,
area_goods_price.sale_inventory AS sale_inventory,
area_goods_price.sale_time AS sale_time
FROM
goods
INNER JOIN area_goods_price ON area_goods_price.id = goods.id
WHERE goods.f_goods_type_id = (SELECT id FROM goods_type WHERE `name` = '酒店用纸')
LIMIT 0,8; [ RunTime:0.0438s ]
INFO: [ view_parse ] --START--
INFO: [ template_filter ] --START--
INFO: Run Behavior\ContentReplaceBehavior [ RunTime:0.000151s ]
INFO: [ template_filter ] --END-- [ RunTime:0.000231s ]
INFO: Run Behavior\ParseTemplateBehavior [ RunTime:0.018748s ]
INFO: [ view_parse ] --END-- [ RunTime:0.018846s ]
INFO: [ view_filter ] --START--
INFO: Run Behavior\WriteHtmlCacheBehavior [ RunTime:0.000356s ]
INFO: [ view_filter ] --END-- [ RunTime:0.000416s ]
INFO: [ app_end ] --START--
INFO: Run Behavior\ShowPageTraceBehavior [ RunTime:0.000606s ]
INFO: [ app_end ] --END-- [ RunTime:0.000665s ]

[ 2016-05-23T17:55:19+08:00 ] 127.0.0.1 /index.php/home/hotelWineshop/cleaning.html?goodsTypeName=%E9%85%92%E5%BA%97%E6%B8%85%E6%B4%81
INFO: [ app_init ] --START--
INFO: Run Behavior\BuildLiteBehavior [ RunTime:0.000020s ]
INFO: [ app_init ] --END-- [ RunTime:0.000399s ]
INFO: [ app_begin ] --START--
INFO: Run Behavior\ReadHtmlCacheBehavior [ RunTime:0.000681s ]
INFO: [ app_begin ] --END-- [ RunTime:0.000750s ]
SQL: SHOW COLUMNS FROM `goods` [ RunTime:0.0611s ]
SQL: SELECT COUNT(id) AS c FROM `goods` WHERE `f_goods_type_id` = (SELECT `id` FROM `goods_type` WHERE `name` = '酒店清洁'); [ RunTime:0.0609s ]
NOTIC: [8] Undefined index: pageNow E:\wamp\www\Application\Home\Model\GoodsModel.class.php 第 33 行.
SQL: SELECT
goods.id AS id,
goods.`name` AS name,
area_goods_price.price AS price,
area_goods_price.inventory AS inventory,
area_goods_price.sale_price AS sale_price,
area_goods_price.sale_inventory AS sale_inventory,
area_goods_price.sale_time AS sale_time
FROM
goods
INNER JOIN area_goods_price ON area_goods_price.id = goods.id
WHERE goods.f_goods_type_id = (SELECT id FROM goods_type WHERE `name` = '酒店清洁')
LIMIT 0,8; [ RunTime:0.0598s ]
INFO: [ view_parse ] --START--
INFO: [ template_filter ] --START--
INFO: Run Behavior\ContentReplaceBehavior [ RunTime:0.000266s ]
INFO: [ template_filter ] --END-- [ RunTime:0.000383s ]
INFO: Run Behavior\ParseTemplateBehavior [ RunTime:0.033925s ]
INFO: [ view_parse ] --END-- [ RunTime:0.034087s ]
INFO: [ view_filter ] --START--
INFO: Run Behavior\WriteHtmlCacheBehavior [ RunTime:0.000437s ]
INFO: [ view_filter ] --END-- [ RunTime:0.000518s ]
INFO: [ app_end ] --START--
INFO: Run Behavior\ShowPageTraceBehavior [ RunTime:0.000834s ]
INFO: [ app_end ] --END-- [ RunTime:0.000914s ]

[ 2016-05-23T17:55:22+08:00 ] 127.0.0.1 /index.php/home/hotelWineshop/cleaning.html?goodsTypeName=%E9%85%92%E5%BA%97%E6%B8%85%E6%B4%81&pageNow=2
INFO: [ app_init ] --START--
INFO: Run Behavior\BuildLiteBehavior [ RunTime:0.000019s ]
INFO: [ app_init ] --END-- [ RunTime:0.000401s ]
INFO: [ app_begin ] --START--
INFO: Run Behavior\ReadHtmlCacheBehavior [ RunTime:0.000556s ]
INFO: [ app_begin ] --END-- [ RunTime:0.000621s ]
SQL: SHOW COLUMNS FROM `goods` [ RunTime:0.0630s ]
SQL: SELECT COUNT(id) AS c FROM `goods` WHERE `f_goods_type_id` = (SELECT `id` FROM `goods_type` WHERE `name` = '酒店清洁'); [ RunTime:0.2861s ]
SQL: SELECT
goods.id AS id,
goods.`name` AS name,
area_goods_price.price AS price,
area_goods_price.inventory AS inventory,
area_goods_price.sale_price AS sale_price,
area_goods_price.sale_inventory AS sale_inventory,
area_goods_price.sale_time AS sale_time
FROM
goods
INNER JOIN area_goods_price ON area_goods_price.id = goods.id
WHERE goods.f_goods_type_id = (SELECT id FROM goods_type WHERE `name` = '酒店清洁')
LIMIT 8,8; [ RunTime:0.0638s ]
INFO: [ view_parse ] --START--
INFO: [ template_filter ] --START--
INFO: Run Behavior\ContentReplaceBehavior [ RunTime:0.000256s ]
INFO: [ template_filter ] --END-- [ RunTime:0.000368s ]
INFO: Run Behavior\ParseTemplateBehavior [ RunTime:0.031530s ]
INFO: [ view_parse ] --END-- [ RunTime:0.031676s ]
INFO: [ view_filter ] --START--
INFO: Run Behavior\WriteHtmlCacheBehavior [ RunTime:0.000333s ]
INFO: [ view_filter ] --END-- [ RunTime:0.000408s ]
INFO: [ app_end ] --START--
INFO: Run Behavior\ShowPageTraceBehavior [ RunTime:0.000654s ]
INFO: [ app_end ] --END-- [ RunTime:0.000728s ]

[ 2016-05-23T17:55:25+08:00 ] 127.0.0.1 /index.php/home/user/myOrderForm.html
INFO: [ app_init ] --START--
INFO: Run Behavior\BuildLiteBehavior [ RunTime:0.000031s ]
INFO: [ app_init ] --END-- [ RunTime:0.000466s ]
INFO: [ app_begin ] --START--
INFO: Run Behavior\ReadHtmlCacheBehavior [ RunTime:0.000552s ]
INFO: [ app_begin ] --END-- [ RunTime:0.000621s ]
SQL: SHOW COLUMNS FROM `order_form` [ RunTime:0.0531s ]
SQL: SELECT
order_form.id,
order_form.f_user_id,
order_form.create_time,
order_form.refund_time,
order_form.`no`,
order_form.price,
order_form.is_need_invoice,
order_form.f_order_form_status_id,
order_form_status.`name` AS order_form_status_name
FROM `order_form`
INNER JOIN order_form_status ON order_form_status.id = order_form.f_order_form_status_id
WHERE order_form.f_user_id = 8 [ RunTime:0.0517s ]
SQL: SHOW COLUMNS FROM `order_goods` [ RunTime:0.0518s ]
SQL: SHOW COLUMNS FROM `goods` [ RunTime:0.0549s ]
SQL: SELECT * FROM `order_goods` WHERE `f_order_form_no` = 'fc057cdb952a800ce0a209c1ca510d13'  [ RunTime:0.0505s ]
SQL: SELECT
goods.id AS id,
goods.`name` AS name,
goods.img AS img,
area_goods_price.price AS price,
area_goods_price.inventory AS inventory,
area_goods_price.sale_price AS sale_price,
area_goods_price.sale_inventory AS sale_inventory,
area_goods_price.sale_time AS sale_time
FROM
goods
INNER JOIN area_goods_price ON area_goods_price.id = goods.id
WHERE area_goods_price.id = 184 [ RunTime:0.0517s ]
SQL: SELECT * FROM `order_goods` WHERE `f_order_form_no` = 'd3c51bc1e0b3b612d5ab00d70e7c1920'  [ RunTime:0.0542s ]
SQL: SELECT
goods.id AS id,
goods.`name` AS name,
goods.img AS img,
area_goods_price.price AS price,
area_goods_price.inventory AS inventory,
area_goods_price.sale_price AS sale_price,
area_goods_price.sale_inventory AS sale_inventory,
area_goods_price.sale_time AS sale_time
FROM
goods
INNER JOIN area_goods_price ON area_goods_price.id = goods.id
WHERE area_goods_price.id = 184 [ RunTime:0.0516s ]
INFO: [ view_parse ] --START--
INFO: [ template_filter ] --START--
INFO: Run Behavior\ContentReplaceBehavior [ RunTime:0.000333s ]
INFO: [ template_filter ] --END-- [ RunTime:0.000496s ]
NOTIC: [8] Undefined index: goods E:\wamp\www\Application\Runtime\Cache\Home\29e75cbd77d33d91950dd368c5090943.php 第 502 行.
NOTIC: [8] Undefined index: goods E:\wamp\www\Application\Runtime\Cache\Home\29e75cbd77d33d91950dd368c5090943.php 第 502 行.
INFO: Run Behavior\ParseTemplateBehavior [ RunTime:0.034541s ]
INFO: [ view_parse ] --END-- [ RunTime:0.034640s ]
INFO: [ view_filter ] --START--
INFO: Run Behavior\WriteHtmlCacheBehavior [ RunTime:0.000284s ]
INFO: [ view_filter ] --END-- [ RunTime:0.000342s ]
INFO: [ app_end ] --START--
INFO: Run Behavior\ShowPageTraceBehavior [ RunTime:0.000523s ]
INFO: [ app_end ] --END-- [ RunTime:0.000582s ]

[ 2016-05-23T17:55:32+08:00 ] 127.0.0.1 /index.php/home/user/myShoppingCart.html
INFO: [ app_init ] --START--
INFO: Run Behavior\BuildLiteBehavior [ RunTime:0.000021s ]
INFO: [ app_init ] --END-- [ RunTime:0.000401s ]
INFO: [ app_begin ] --START--
INFO: Run Behavior\ReadHtmlCacheBehavior [ RunTime:0.000675s ]
INFO: [ app_begin ] --END-- [ RunTime:0.000741s ]
SQL: SHOW COLUMNS FROM `cart` [ RunTime:0.0483s ]
SQL: SELECT
goods.id AS goods_id,
goods.`name`,
area_goods_price.price AS price,
area_goods_price.inventory AS inventory,
area_goods_price.sale_price AS sale_price,
area_goods_price.sale_inventory AS sale_inventory,
area_goods_price.sale_time AS sale_time,
norms.id AS norms_id,
norms.`name` AS norms_name,
cart.number AS number,
cart.id AS cart_id
FROM cart
LEFT JOIN goods ON goods.id = cart.f_goods_id
LEFT JOIN area_goods_price ON area_goods_price.id = cart.f_goods_id
LEFT JOIN norms ON norms.id = cart.f_norms_id
WHERE cart.f_user_id = 8 [ RunTime:0.0452s ]
INFO: [ view_parse ] --START--
INFO: [ template_filter ] --START--
INFO: Run Behavior\ContentReplaceBehavior [ RunTime:0.000333s ]
INFO: [ template_filter ] --END-- [ RunTime:0.000500s ]
INFO: Run Behavior\ParseTemplateBehavior [ RunTime:0.038359s ]
INFO: [ view_parse ] --END-- [ RunTime:0.038541s ]
INFO: [ view_filter ] --START--
INFO: Run Behavior\WriteHtmlCacheBehavior [ RunTime:0.000541s ]
INFO: [ view_filter ] --END-- [ RunTime:0.000728s ]
INFO: [ app_end ] --START--
INFO: Run Behavior\ShowPageTraceBehavior [ RunTime:0.001519s ]
INFO: [ app_end ] --END-- [ RunTime:0.001661s ]

[ 2016-05-23T17:55:34+08:00 ] 127.0.0.1 /index.php/home/hotelWineshop/paper.html?goodsTypeName=%E9%85%92%E5%BA%97%E7%94%A8%E7%BA%B8
INFO: [ app_init ] --START--
INFO: Run Behavior\BuildLiteBehavior [ RunTime:0.000018s ]
INFO: [ app_init ] --END-- [ RunTime:0.000378s ]
INFO: [ app_begin ] --START--
INFO: Run Behavior\ReadHtmlCacheBehavior [ RunTime:0.000601s ]
INFO: [ app_begin ] --END-- [ RunTime:0.000678s ]
SQL: SHOW COLUMNS FROM `goods` [ RunTime:0.0634s ]
SQL: SELECT COUNT(id) AS c FROM `goods` WHERE `f_goods_type_id` = (SELECT `id` FROM `goods_type` WHERE `name` = '酒店用纸'); [ RunTime:0.0627s ]
NOTIC: [8] Undefined index: pageNow E:\wamp\www\Application\Home\Model\GoodsModel.class.php 第 33 行.
SQL: SELECT
goods.id AS id,
goods.`name` AS name,
area_goods_price.price AS price,
area_goods_price.inventory AS inventory,
area_goods_price.sale_price AS sale_price,
area_goods_price.sale_inventory AS sale_inventory,
area_goods_price.sale_time AS sale_time
FROM
goods
INNER JOIN area_goods_price ON area_goods_price.id = goods.id
WHERE goods.f_goods_type_id = (SELECT id FROM goods_type WHERE `name` = '酒店用纸')
LIMIT 0,8; [ RunTime:0.0666s ]
INFO: [ view_parse ] --START--
INFO: [ template_filter ] --START--
INFO: Run Behavior\ContentReplaceBehavior [ RunTime:0.000353s ]
INFO: [ template_filter ] --END-- [ RunTime:0.000517s ]
INFO: Run Behavior\ParseTemplateBehavior [ RunTime:0.044832s ]
INFO: [ view_parse ] --END-- [ RunTime:0.045052s ]
INFO: [ view_filter ] --START--
INFO: Run Behavior\WriteHtmlCacheBehavior [ RunTime:0.000593s ]
INFO: [ view_filter ] --END-- [ RunTime:0.000721s ]
INFO: [ app_end ] --START--
INFO: Run Behavior\ShowPageTraceBehavior [ RunTime:0.001251s ]
INFO: [ app_end ] --END-- [ RunTime:0.001380s ]

[ 2016-05-23T17:55:35+08:00 ] 127.0.0.1 /index.php/home/goods/detail.html?id=184
INFO: [ app_init ] --START--
INFO: Run Behavior\BuildLiteBehavior [ RunTime:0.000031s ]
INFO: [ app_init ] --END-- [ RunTime:0.000453s ]
INFO: [ app_begin ] --START--
INFO: Run Behavior\ReadHtmlCacheBehavior [ RunTime:0.000793s ]
INFO: [ app_begin ] --END-- [ RunTime:0.000904s ]
SQL: SHOW COLUMNS FROM `goods` [ RunTime:0.0696s ]
SQL: SELECT
goods.id AS id,
goods.`name` AS name,
area_goods_price.price AS price,
area_goods_price.inventory AS inventory,
area_goods_price.sale_price AS sale_price,
area_goods_price.sale_inventory AS sale_inventory,
area_goods_price.sale_time AS sale_time
FROM
goods
INNER JOIN area_goods_price ON area_goods_price.id = goods.id
WHERE area_goods_price.id = '184' [ RunTime:0.0794s ]
SQL: SHOW COLUMNS FROM `norms` [ RunTime:0.0717s ]
SQL: SELECT `id`,`name` FROM `norms` WHERE `f_goods_id` = 184  [ RunTime:0.0863s ]
INFO: [ view_parse ] --START--
INFO: [ template_filter ] --START--
INFO: Run Behavior\ContentReplaceBehavior [ RunTime:0.000165s ]
INFO: [ template_filter ] --END-- [ RunTime:0.000267s ]
INFO: Run Behavior\ParseTemplateBehavior [ RunTime:0.022581s ]
INFO: [ view_parse ] --END-- [ RunTime:0.022783s ]
INFO: [ view_filter ] --START--
INFO: Run Behavior\WriteHtmlCacheBehavior [ RunTime:0.000275s ]
INFO: [ view_filter ] --END-- [ RunTime:0.000337s ]
INFO: [ app_end ] --START--
INFO: Run Behavior\ShowPageTraceBehavior [ RunTime:0.000612s ]
INFO: [ app_end ] --END-- [ RunTime:0.000717s ]

[ 2016-05-23T17:56:27+08:00 ] 127.0.0.1 /index.php/home/goods/ajaxJoinCart.html
INFO: [ app_init ] --START--
INFO: Run Behavior\BuildLiteBehavior [ RunTime:0.000020s ]
INFO: [ app_init ] --END-- [ RunTime:0.000468s ]
INFO: [ app_begin ] --START--
INFO: Run Behavior\ReadHtmlCacheBehavior [ RunTime:0.000632s ]
INFO: [ app_begin ] --END-- [ RunTime:0.000694s ]
SQL: SHOW COLUMNS FROM `cart` [ RunTime:0.0543s ]
NOTIC: [8] Undefined index: validate E:\wamp\www\ThinkPHP\Library\Think\Model.class.php 第 1185 行.
NOTIC: [8] Undefined index: auto E:\wamp\www\ThinkPHP\Library\Think\Model.class.php 第 1128 行.
SQL: INSERT INTO `cart` (`f_norms_id`,`number`,`f_goods_id`,`f_user_id`) VALUES ('1','3','184','8') [ RunTime:0.0916s ]

[ 2016-05-23T17:56:39+08:00 ] 127.0.0.1 /index.php/home/user/myShoppingCart.html
INFO: [ app_init ] --START--
INFO: Run Behavior\BuildLiteBehavior [ RunTime:0.000017s ]
INFO: [ app_init ] --END-- [ RunTime:0.000419s ]
INFO: [ app_begin ] --START--
INFO: Run Behavior\ReadHtmlCacheBehavior [ RunTime:0.000519s ]
INFO: [ app_begin ] --END-- [ RunTime:0.000583s ]
SQL: SHOW COLUMNS FROM `cart` [ RunTime:0.0710s ]
SQL: SELECT
goods.id AS goods_id,
goods.`name`,
area_goods_price.price AS price,
area_goods_price.inventory AS inventory,
area_goods_price.sale_price AS sale_price,
area_goods_price.sale_inventory AS sale_inventory,
area_goods_price.sale_time AS sale_time,
norms.id AS norms_id,
norms.`name` AS norms_name,
cart.number AS number,
cart.id AS cart_id
FROM cart
LEFT JOIN goods ON goods.id = cart.f_goods_id
LEFT JOIN area_goods_price ON area_goods_price.id = cart.f_goods_id
LEFT JOIN norms ON norms.id = cart.f_norms_id
WHERE cart.f_user_id = 8 [ RunTime:0.0714s ]
INFO: [ view_parse ] --START--
INFO: [ template_filter ] --START--
INFO: Run Behavior\ContentReplaceBehavior [ RunTime:0.000412s ]
INFO: [ template_filter ] --END-- [ RunTime:0.000646s ]
INFO: Run Behavior\ParseTemplateBehavior [ RunTime:0.038777s ]
INFO: [ view_parse ] --END-- [ RunTime:0.038983s ]
INFO: [ view_filter ] --START--
INFO: Run Behavior\WriteHtmlCacheBehavior [ RunTime:0.000611s ]
INFO: [ view_filter ] --END-- [ RunTime:0.000770s ]
INFO: [ app_end ] --START--
INFO: Run Behavior\ShowPageTraceBehavior [ RunTime:0.001222s ]
INFO: [ app_end ] --END-- [ RunTime:0.001351s ]

[ 2016-05-23T17:56:42+08:00 ] 127.0.0.1 /index.php/home/hotelWineshop/paper.html?goodsTypeName=%E9%85%92%E5%BA%97%E7%94%A8%E7%BA%B8
INFO: [ app_init ] --START--
INFO: Run Behavior\BuildLiteBehavior [ RunTime:0.000017s ]
INFO: [ app_init ] --END-- [ RunTime:0.000376s ]
INFO: [ app_begin ] --START--
INFO: Run Behavior\ReadHtmlCacheBehavior [ RunTime:0.000703s ]
INFO: [ app_begin ] --END-- [ RunTime:0.000813s ]
SQL: SHOW COLUMNS FROM `goods` [ RunTime:0.0477s ]
SQL: SELECT COUNT(id) AS c FROM `goods` WHERE `f_goods_type_id` = (SELECT `id` FROM `goods_type` WHERE `name` = '酒店用纸'); [ RunTime:0.0435s ]
NOTIC: [8] Undefined index: pageNow E:\wamp\www\Application\Home\Model\GoodsModel.class.php 第 33 行.
SQL: SELECT
goods.id AS id,
goods.`name` AS name,
area_goods_price.price AS price,
area_goods_price.inventory AS inventory,
area_goods_price.sale_price AS sale_price,
area_goods_price.sale_inventory AS sale_inventory,
area_goods_price.sale_time AS sale_time
FROM
goods
INNER JOIN area_goods_price ON area_goods_price.id = goods.id
WHERE goods.f_goods_type_id = (SELECT id FROM goods_type WHERE `name` = '酒店用纸')
LIMIT 0,8; [ RunTime:0.0441s ]
INFO: [ view_parse ] --START--
INFO: [ template_filter ] --START--
INFO: Run Behavior\ContentReplaceBehavior [ RunTime:0.000403s ]
INFO: [ template_filter ] --END-- [ RunTime:0.000566s ]
INFO: Run Behavior\ParseTemplateBehavior [ RunTime:0.037929s ]
INFO: [ view_parse ] --END-- [ RunTime:0.038071s ]
INFO: [ view_filter ] --START--
INFO: Run Behavior\WriteHtmlCacheBehavior [ RunTime:0.000355s ]
INFO: [ view_filter ] --END-- [ RunTime:0.000429s ]
INFO: [ app_end ] --START--
INFO: Run Behavior\ShowPageTraceBehavior [ RunTime:0.000657s ]
INFO: [ app_end ] --END-- [ RunTime:0.000731s ]

[ 2016-05-23T17:56:45+08:00 ] 127.0.0.1 /index.php/home/goods/detail.html?id=184
INFO: [ app_init ] --START--
INFO: Run Behavior\BuildLiteBehavior [ RunTime:0.000020s ]
INFO: [ app_init ] --END-- [ RunTime:0.000409s ]
INFO: [ app_begin ] --START--
INFO: Run Behavior\ReadHtmlCacheBehavior [ RunTime:0.000660s ]
INFO: [ app_begin ] --END-- [ RunTime:0.000731s ]
SQL: SHOW COLUMNS FROM `goods` [ RunTime:0.1291s ]
SQL: SELECT
goods.id AS id,
goods.`name` AS name,
area_goods_price.price AS price,
area_goods_price.inventory AS inventory,
area_goods_price.sale_price AS sale_price,
area_goods_price.sale_inventory AS sale_inventory,
area_goods_price.sale_time AS sale_time
FROM
goods
INNER JOIN area_goods_price ON area_goods_price.id = goods.id
WHERE area_goods_price.id = '184' [ RunTime:0.0804s ]
SQL: SHOW COLUMNS FROM `norms` [ RunTime:0.1079s ]
SQL: SELECT `id`,`name` FROM `norms` WHERE `f_goods_id` = 184  [ RunTime:0.0914s ]
INFO: [ view_parse ] --START--
INFO: [ template_filter ] --START--
INFO: Run Behavior\ContentReplaceBehavior [ RunTime:0.000373s ]
INFO: [ template_filter ] --END-- [ RunTime:0.000541s ]
INFO: Run Behavior\ParseTemplateBehavior [ RunTime:0.225962s ]
INFO: [ view_parse ] --END-- [ RunTime:0.226150s ]
INFO: [ view_filter ] --START--
INFO: Run Behavior\WriteHtmlCacheBehavior [ RunTime:0.000522s ]
INFO: [ view_filter ] --END-- [ RunTime:0.000649s ]
INFO: [ app_end ] --START--
INFO: Run Behavior\ShowPageTraceBehavior [ RunTime:0.001240s ]
INFO: [ app_end ] --END-- [ RunTime:0.001373s ]

[ 2016-05-23T17:56:47+08:00 ] 127.0.0.1 /index.php/home/goods/ajaxJoinCart.html
INFO: [ app_init ] --START--
INFO: Run Behavior\BuildLiteBehavior [ RunTime:0.000019s ]
INFO: [ app_init ] --END-- [ RunTime:0.000397s ]
INFO: [ app_begin ] --START--
INFO: Run Behavior\ReadHtmlCacheBehavior [ RunTime:0.000518s ]
INFO: [ app_begin ] --END-- [ RunTime:0.000579s ]
SQL: SHOW COLUMNS FROM `cart` [ RunTime:0.0449s ]
NOTIC: [8] Undefined index: validate E:\wamp\www\ThinkPHP\Library\Think\Model.class.php 第 1185 行.
NOTIC: [8] Undefined index: auto E:\wamp\www\ThinkPHP\Library\Think\Model.class.php 第 1128 行.
SQL: INSERT INTO `cart` (`f_norms_id`,`number`,`f_goods_id`,`f_user_id`) VALUES ('1','1','184','8') [ RunTime:0.0500s ]

[ 2016-05-23T17:56:52+08:00 ] 127.0.0.1 /index.php/home/goods/ajaxJoinCart.html
INFO: [ app_init ] --START--
INFO: Run Behavior\BuildLiteBehavior [ RunTime:0.000021s ]
INFO: [ app_init ] --END-- [ RunTime:0.000482s ]
INFO: [ app_begin ] --START--
INFO: Run Behavior\ReadHtmlCacheBehavior [ RunTime:0.000571s ]
INFO: [ app_begin ] --END-- [ RunTime:0.000635s ]
SQL: SHOW COLUMNS FROM `cart` [ RunTime:0.0518s ]
NOTIC: [8] Undefined index: validate E:\wamp\www\ThinkPHP\Library\Think\Model.class.php 第 1185 行.
NOTIC: [8] Undefined index: auto E:\wamp\www\ThinkPHP\Library\Think\Model.class.php 第 1128 行.
SQL: INSERT INTO `cart` (`f_norms_id`,`number`,`f_goods_id`,`f_user_id`) VALUES ('2','5','184','8') [ RunTime:0.0930s ]

[ 2016-05-23T17:56:55+08:00 ] 127.0.0.1 /index.php/home/user/myShoppingCart.html
INFO: [ app_init ] --START--
INFO: Run Behavior\BuildLiteBehavior [ RunTime:0.000019s ]
INFO: [ app_init ] --END-- [ RunTime:0.000384s ]
INFO: [ app_begin ] --START--
INFO: Run Behavior\ReadHtmlCacheBehavior [ RunTime:0.000569s ]
INFO: [ app_begin ] --END-- [ RunTime:0.000642s ]
SQL: SHOW COLUMNS FROM `cart` [ RunTime:0.0604s ]
SQL: SELECT
goods.id AS goods_id,
goods.`name`,
area_goods_price.price AS price,
area_goods_price.inventory AS inventory,
area_goods_price.sale_price AS sale_price,
area_goods_price.sale_inventory AS sale_inventory,
area_goods_price.sale_time AS sale_time,
norms.id AS norms_id,
norms.`name` AS norms_name,
cart.number AS number,
cart.id AS cart_id
FROM cart
LEFT JOIN goods ON goods.id = cart.f_goods_id
LEFT JOIN area_goods_price ON area_goods_price.id = cart.f_goods_id
LEFT JOIN norms ON norms.id = cart.f_norms_id
WHERE cart.f_user_id = 8 [ RunTime:0.0618s ]
INFO: [ view_parse ] --START--
INFO: [ template_filter ] --START--
INFO: Run Behavior\ContentReplaceBehavior [ RunTime:0.000331s ]
INFO: [ template_filter ] --END-- [ RunTime:0.000494s ]
INFO: Run Behavior\ParseTemplateBehavior [ RunTime:0.037177s ]
INFO: [ view_parse ] --END-- [ RunTime:0.037332s ]
INFO: [ view_filter ] --START--
INFO: Run Behavior\WriteHtmlCacheBehavior [ RunTime:0.000595s ]
INFO: [ view_filter ] --END-- [ RunTime:0.000720s ]
INFO: [ app_end ] --START--
INFO: Run Behavior\ShowPageTraceBehavior [ RunTime:0.000738s ]
INFO: [ app_end ] --END-- [ RunTime:0.000832s ]

[ 2016-05-23T17:57:13+08:00 ] 127.0.0.1 /index.php/home/user/ajaxDelCart.html
INFO: [ app_init ] --START--
INFO: Run Behavior\BuildLiteBehavior [ RunTime:0.000017s ]
INFO: [ app_init ] --END-- [ RunTime:0.000370s ]
INFO: [ app_begin ] --START--
INFO: Run Behavior\ReadHtmlCacheBehavior [ RunTime:0.000508s ]
INFO: [ app_begin ] --END-- [ RunTime:0.000566s ]
SQL: SHOW COLUMNS FROM `cart` [ RunTime:0.0619s ]
SQL: DELETE FROM `cart` WHERE `id` = '19' [ RunTime:0.0660s ]

[ 2016-05-23T17:57:14+08:00 ] 127.0.0.1 /index.php/home/user/myShoppingCart.html
INFO: [ app_init ] --START--
INFO: Run Behavior\BuildLiteBehavior [ RunTime:0.000020s ]
INFO: [ app_init ] --END-- [ RunTime:0.000426s ]
INFO: [ app_begin ] --START--
INFO: Run Behavior\ReadHtmlCacheBehavior [ RunTime:0.000556s ]
INFO: [ app_begin ] --END-- [ RunTime:0.000636s ]
SQL: SHOW COLUMNS FROM `cart` [ RunTime:0.1069s ]
SQL: SELECT
goods.id AS goods_id,
goods.`name`,
area_goods_price.price AS price,
area_goods_price.inventory AS inventory,
area_goods_price.sale_price AS sale_price,
area_goods_price.sale_inventory AS sale_inventory,
area_goods_price.sale_time AS sale_time,
norms.id AS norms_id,
norms.`name` AS norms_name,
cart.number AS number,
cart.id AS cart_id
FROM cart
LEFT JOIN goods ON goods.id = cart.f_goods_id
LEFT JOIN area_goods_price ON area_goods_price.id = cart.f_goods_id
LEFT JOIN norms ON norms.id = cart.f_norms_id
WHERE cart.f_user_id = 8 [ RunTime:0.0519s ]
INFO: [ view_parse ] --START--
INFO: [ template_filter ] --START--
INFO: Run Behavior\ContentReplaceBehavior [ RunTime:0.000332s ]
INFO: [ template_filter ] --END-- [ RunTime:0.000495s ]
INFO: Run Behavior\ParseTemplateBehavior [ RunTime:0.036927s ]
INFO: [ view_parse ] --END-- [ RunTime:0.037070s ]
INFO: [ view_filter ] --START--
INFO: Run Behavior\WriteHtmlCacheBehavior [ RunTime:0.000515s ]
INFO: [ view_filter ] --END-- [ RunTime:0.000638s ]
INFO: [ app_end ] --START--
INFO: Run Behavior\ShowPageTraceBehavior [ RunTime:0.001254s ]
INFO: [ app_end ] --END-- [ RunTime:0.001354s ]

[ 2016-05-23T17:57:20+08:00 ] 127.0.0.1 /index.php/home/user/ajaxCreateOrderForm.html
INFO: [ app_init ] --START--
INFO: Run Behavior\BuildLiteBehavior [ RunTime:0.000019s ]
INFO: [ app_init ] --END-- [ RunTime:0.000507s ]
INFO: [ app_begin ] --START--
INFO: Run Behavior\ReadHtmlCacheBehavior [ RunTime:0.001039s ]
INFO: [ app_begin ] --END-- [ RunTime:0.001134s ]
NOTIC: [8] Undefined index: cityIp E:\wamp\www\a4php\func\func.php 第 1283 行.
SQL: SHOW COLUMNS FROM `order_goods` [ RunTime:0.0523s ]
SQL: INSERT INTO `order_goods` (`f_order_form_no`,`f_goods_id`,`f_norms_id`,`number`) VALUES ('e20ed63fefd7c973123e9f30efbb7562','184','1','3') [ RunTime:0.0514s ]
SQL: INSERT INTO `order_goods` (`f_order_form_no`,`f_goods_id`,`f_norms_id`,`number`) VALUES ('e20ed63fefd7c973123e9f30efbb7562','184','2','5') [ RunTime:0.0515s ]
SQL: SHOW COLUMNS FROM `order_form` [ RunTime:0.0550s ]
SQL: INSERT INTO `order_form` (`f_user_id`,`create_time`,`no`,`price`,`f_order_form_status_id`) VALUES ('8','1463997440','e20ed63fefd7c973123e9f30efbb7562','484','3') [ RunTime:0.0597s ]
SQL: SHOW COLUMNS FROM `cart` [ RunTime:0.0541s ]
SQL: DELETE FROM `cart` WHERE `id` = '18' [ RunTime:0.0947s ]
SQL: DELETE FROM `cart` WHERE `id` = '20' [ RunTime:0.0590s ]

[ 2016-05-23T17:57:21+08:00 ] 127.0.0.1 /index.php/home/pay/index.html
INFO: [ app_init ] --START--
INFO: Run Behavior\BuildLiteBehavior [ RunTime:0.000022s ]
INFO: [ app_init ] --END-- [ RunTime:0.000472s ]
INFO: [ app_begin ] --START--
INFO: Run Behavior\ReadHtmlCacheBehavior [ RunTime:0.000780s ]
INFO: [ app_begin ] --END-- [ RunTime:0.000901s ]
SQL: SHOW COLUMNS FROM `order_goods` [ RunTime:0.0576s ]
SQL: SELECT * FROM `order_goods` WHERE `f_order_form_no` = 'e20ed63fefd7c973123e9f30efbb7562'  [ RunTime:0.0543s ]
SQL: SHOW COLUMNS FROM `goods` [ RunTime:0.0570s ]
SQL: SELECT
goods.id AS id,
goods.`name` AS name,
goods.img AS img,
area_goods_price.price AS price,
area_goods_price.inventory AS inventory,
area_goods_price.sale_price AS sale_price,
area_goods_price.sale_inventory AS sale_inventory,
area_goods_price.sale_time AS sale_time
FROM
goods
INNER JOIN area_goods_price ON area_goods_price.id = goods.id
WHERE area_goods_price.id = 184 [ RunTime:0.5299s ]
SQL: SELECT
goods.id AS id,
goods.`name` AS name,
goods.img AS img,
area_goods_price.price AS price,
area_goods_price.inventory AS inventory,
area_goods_price.sale_price AS sale_price,
area_goods_price.sale_inventory AS sale_inventory,
area_goods_price.sale_time AS sale_time
FROM
goods
INNER JOIN area_goods_price ON area_goods_price.id = goods.id
WHERE area_goods_price.id = 184 [ RunTime:0.0518s ]
INFO: [ view_parse ] --START--
INFO: [ template_filter ] --START--
INFO: Run Behavior\ContentReplaceBehavior [ RunTime:0.000473s ]
INFO: [ template_filter ] --END-- [ RunTime:0.000618s ]
NOTIC: [8] Undefined index: explain E:\wamp\www\Application\Runtime\Cache\Home\10f69b614a07b73184b66620648f7651.php 第 530 行.
NOTIC: [8] Undefined index: explain E:\wamp\www\Application\Runtime\Cache\Home\10f69b614a07b73184b66620648f7651.php 第 530 行.
INFO: Run Behavior\ParseTemplateBehavior [ RunTime:0.034335s ]
INFO: [ view_parse ] --END-- [ RunTime:0.034448s ]
INFO: [ view_filter ] --START--
INFO: Run Behavior\WriteHtmlCacheBehavior [ RunTime:0.000451s ]
INFO: [ view_filter ] --END-- [ RunTime:0.000511s ]
INFO: [ app_end ] --START--
INFO: Run Behavior\ShowPageTraceBehavior [ RunTime:0.000618s ]
INFO: [ app_end ] --END-- [ RunTime:0.000678s ]

[ 2016-05-23T17:57:41+08:00 ] 127.0.0.1 /index.php/home/pay/scanPay.html
INFO: [ app_init ] --START--
INFO: Run Behavior\BuildLiteBehavior [ RunTime:0.000020s ]
INFO: [ app_init ] --END-- [ RunTime:0.000464s ]
INFO: [ app_begin ] --START--
INFO: Run Behavior\ReadHtmlCacheBehavior [ RunTime:0.000705s ]
INFO: [ app_begin ] --END-- [ RunTime:0.000782s ]
INFO: [ view_parse ] --START--
INFO: [ template_filter ] --START--
INFO: Run Behavior\ContentReplaceBehavior [ RunTime:0.000151s ]
INFO: [ template_filter ] --END-- [ RunTime:0.000246s ]
INFO: Run Behavior\ParseTemplateBehavior [ RunTime:0.033091s ]
INFO: [ view_parse ] --END-- [ RunTime:0.033219s ]
INFO: [ view_filter ] --START--
INFO: Run Behavior\WriteHtmlCacheBehavior [ RunTime:0.000513s ]
INFO: [ view_filter ] --END-- [ RunTime:0.000598s ]

[ 2016-05-23T17:57:41+08:00 ] 127.0.0.1 /index.php/home/pay/makeQrCode.html?no=weixin://wxpay/bizpayurl?pr=Rkoqab7
INFO: [ app_init ] --START--
INFO: Run Behavior\BuildLiteBehavior [ RunTime:0.000032s ]
INFO: [ app_init ] --END-- [ RunTime:0.000871s ]
INFO: [ app_begin ] --START--
INFO: Run Behavior\ReadHtmlCacheBehavior [ RunTime:0.000597s ]
INFO: [ app_begin ] --END-- [ RunTime:0.000691s ]
INFO: [ app_end ] --START--
INFO: Run Behavior\ShowPageTraceBehavior [ RunTime:0.000951s ]
INFO: [ app_end ] --END-- [ RunTime:0.001089s ]

