[ 2016-05-27T10:09:23+08:00 ] 127.0.0.1 /
INFO: [ app_init ] --START--
INFO: Run Behavior\BuildLiteBehavior [ RunTime:0.000302s ]
INFO: [ app_init ] --END-- [ RunTime:0.003228s ]
INFO: [ app_begin ] --START--
INFO: Run Behavior\ReadHtmlCacheBehavior [ RunTime:0.001105s ]
INFO: [ app_begin ] --END-- [ RunTime:0.001194s ]
SQL: SHOW COLUMNS FROM `area` [ RunTime:0.0390s ]
SQL: SELECT `id` FROM `area` WHERE `name` = '北京' LIMIT 1   [ RunTime:0.0358s ]
INFO: [ view_parse ] --START--
INFO: [ template_filter ] --START--
INFO: Run Behavior\ContentReplaceBehavior [ RunTime:0.000611s ]
INFO: [ template_filter ] --END-- [ RunTime:0.000820s ]
NOTIC: [8] Undefined index: user E:\wamp\www\Application\Runtime\Cache\Home\56d70cf0f710f5f596f222a4dbf456c5.php 第 288 行.
INFO: Run Behavior\ParseTemplateBehavior [ RunTime:0.066417s ]
INFO: [ view_parse ] --END-- [ RunTime:0.066597s ]
INFO: [ view_filter ] --START--
INFO: Run Behavior\WriteHtmlCacheBehavior [ RunTime:0.001230s ]
INFO: [ view_filter ] --END-- [ RunTime:0.001351s ]
INFO: [ app_end ] --START--
INFO: Run Behavior\ShowPageTraceBehavior [ RunTime:0.002383s ]
INFO: [ app_end ] --END-- [ RunTime:0.002680s ]

[ 2016-05-27T10:15:10+08:00 ] 127.0.0.1 /
INFO: [ app_init ] --START--
INFO: Run Behavior\BuildLiteBehavior [ RunTime:0.000019s ]
INFO: [ app_init ] --END-- [ RunTime:0.000435s ]
INFO: [ app_begin ] --START--
INFO: Run Behavior\ReadHtmlCacheBehavior [ RunTime:0.000859s ]
INFO: [ app_begin ] --END-- [ RunTime:0.000926s ]
SQL: SHOW COLUMNS FROM `area` [ RunTime:0.0347s ]
SQL: SELECT `id` FROM `area` WHERE `name` = '北京' LIMIT 1   [ RunTime:0.0340s ]
INFO: [ view_parse ] --START--
INFO: [ template_filter ] --START--
INFO: Run Behavior\ContentReplaceBehavior [ RunTime:0.000193s ]
INFO: [ template_filter ] --END-- [ RunTime:0.000286s ]
NOTIC: [8] Undefined index: user E:\wamp\www\Application\Runtime\Cache\Home\56d70cf0f710f5f596f222a4dbf456c5.php 第 288 行.
INFO: Run Behavior\ParseTemplateBehavior [ RunTime:0.038469s ]
INFO: [ view_parse ] --END-- [ RunTime:0.038575s ]
INFO: [ view_filter ] --START--
INFO: Run Behavior\WriteHtmlCacheBehavior [ RunTime:0.000505s ]
INFO: [ view_filter ] --END-- [ RunTime:0.000580s ]
INFO: [ app_end ] --START--
INFO: Run Behavior\ShowPageTraceBehavior [ RunTime:0.000690s ]
INFO: [ app_end ] --END-- [ RunTime:0.000753s ]

[ 2016-05-27T10:15:15+08:00 ] 127.0.0.1 /index.php/home/user/ajaxSignIn.html
INFO: [ app_init ] --START--
INFO: Run Behavior\BuildLiteBehavior [ RunTime:0.000019s ]
INFO: [ app_init ] --END-- [ RunTime:0.000412s ]
INFO: [ app_begin ] --START--
INFO: Run Behavior\ReadHtmlCacheBehavior [ RunTime:0.000527s ]
INFO: [ app_begin ] --END-- [ RunTime:0.000588s ]
SQL: SHOW COLUMNS FROM `area` [ RunTime:0.0333s ]
SQL: SELECT `id` FROM `area` WHERE `name` = '北京' LIMIT 1   [ RunTime:0.0325s ]
SQL: SHOW COLUMNS FROM `user` [ RunTime:0.0359s ]
SQL: SELECT * FROM `user` WHERE `signin_name` = 'test' LIMIT 1   [ RunTime:0.0916s ]
SQL: SHOW COLUMNS FROM `user` [ RunTime:0.0378s ]
SQL: UPDATE `user` SET `last_time`='1464315315' WHERE `id` = 8 [ RunTime:0.0378s ]

[ 2016-05-27T10:15:17+08:00 ] 127.0.0.1 /
INFO: [ app_init ] --START--
INFO: Run Behavior\BuildLiteBehavior [ RunTime:0.000022s ]
INFO: [ app_init ] --END-- [ RunTime:0.000404s ]
INFO: [ app_begin ] --START--
INFO: Run Behavior\ReadHtmlCacheBehavior [ RunTime:0.000550s ]
INFO: [ app_begin ] --END-- [ RunTime:0.000621s ]
SQL: SHOW COLUMNS FROM `area` [ RunTime:0.0361s ]
SQL: SELECT `id` FROM `area` WHERE `name` = '北京' LIMIT 1   [ RunTime:0.0321s ]
INFO: [ view_parse ] --START--
INFO: [ template_filter ] --START--
INFO: Run Behavior\ContentReplaceBehavior [ RunTime:0.000200s ]
INFO: [ template_filter ] --END-- [ RunTime:0.000294s ]
INFO: Run Behavior\ParseTemplateBehavior [ RunTime:0.022471s ]
INFO: [ view_parse ] --END-- [ RunTime:0.022582s ]
INFO: [ view_filter ] --START--
INFO: Run Behavior\WriteHtmlCacheBehavior [ RunTime:0.000290s ]
INFO: [ view_filter ] --END-- [ RunTime:0.000348s ]
INFO: [ app_end ] --START--
INFO: Run Behavior\ShowPageTraceBehavior [ RunTime:0.000549s ]
INFO: [ app_end ] --END-- [ RunTime:0.000607s ]

[ 2016-05-27T10:15:19+08:00 ] 127.0.0.1 /index.php/home/hotelWineshop/paper.html?goodsTypeName=%E9%85%92%E5%BA%97%E7%94%A8%E7%BA%B8
INFO: [ app_init ] --START--
INFO: Run Behavior\BuildLiteBehavior [ RunTime:0.000023s ]
INFO: [ app_init ] --END-- [ RunTime:0.000589s ]
INFO: [ app_begin ] --START--
INFO: Run Behavior\ReadHtmlCacheBehavior [ RunTime:0.001180s ]
INFO: [ app_begin ] --END-- [ RunTime:0.001308s ]
SQL: SHOW COLUMNS FROM `goods` [ RunTime:0.0349s ]
SQL: SELECT COUNT(id) AS c FROM `goods` WHERE `f_goods_type_id` = (SELECT `id` FROM `goods_type` WHERE `name` = '酒店用纸'); [ RunTime:0.0343s ]
NOTIC: [8] Undefined index: pageNow E:\wamp\www\Application\Home\Model\GoodsModel.class.php 第 33 行.
SQL: SELECT
goods.id AS id,
goods.`name` AS name,
area_goods_price.price AS price,
area_goods_price.inventory AS inventory,
area_goods_price.sale_price AS sale_price,
area_goods_price.sale_inventory AS sale_inventory,
area_goods_price.sale_time AS sale_time,
goods_img.`name` AS img
FROM
goods
INNER JOIN area_goods_price ON area_goods_price.id = goods.id
LEFT JOIN goods_img ON goods_img.f_goods_id = goods.id
WHERE goods.f_goods_type_id = (SELECT id FROM goods_type WHERE `name` = '酒店用纸')
LIMIT 0,8; [ RunTime:0.0400s ]
INFO: [ view_parse ] --START--
INFO: [ template_filter ] --START--
INFO: Run Behavior\ContentReplaceBehavior [ RunTime:0.000185s ]
INFO: [ template_filter ] --END-- [ RunTime:0.000290s ]
INFO: Run Behavior\ParseTemplateBehavior [ RunTime:0.045057s ]
INFO: [ view_parse ] --END-- [ RunTime:0.045209s ]
INFO: [ view_filter ] --START--
INFO: Run Behavior\WriteHtmlCacheBehavior [ RunTime:0.000705s ]
INFO: [ view_filter ] --END-- [ RunTime:0.000778s ]
INFO: [ app_end ] --START--
INFO: Run Behavior\ShowPageTraceBehavior [ RunTime:0.000891s ]
INFO: [ app_end ] --END-- [ RunTime:0.000961s ]

[ 2016-05-27T10:15:25+08:00 ] 127.0.0.1 /index.php/home/goods/detail.html?id=184
INFO: [ app_init ] --START--
INFO: Run Behavior\BuildLiteBehavior [ RunTime:0.000021s ]
INFO: [ app_init ] --END-- [ RunTime:0.000530s ]
INFO: [ app_begin ] --START--
INFO: Run Behavior\ReadHtmlCacheBehavior [ RunTime:0.000851s ]
INFO: [ app_begin ] --END-- [ RunTime:0.000959s ]
SQL: SHOW COLUMNS FROM `goods` [ RunTime:0.0337s ]
SQL: SELECT
goods.id AS id,
goods.`name`,
goods.`explain`,
area_goods_price.price AS price,
area_goods_price.inventory AS inventory,
area_goods_price.sale_price AS sale_price,
area_goods_price.sale_inventory AS sale_inventory,
area_goods_price.sale_time AS sale_time,
goods_img.`name` AS img
FROM
goods
INNER JOIN area_goods_price ON area_goods_price.id = goods.id
LEFT JOIN goods_img ON goods_img.f_goods_id = goods.id
WHERE area_goods_price.id = '184' [ RunTime:0.0342s ]
SQL: SHOW COLUMNS FROM `norms` [ RunTime:0.0335s ]
SQL: SELECT `id`,`name` FROM `norms` WHERE `f_goods_id` = 184  [ RunTime:0.0324s ]
INFO: [ view_parse ] --START--
INFO: [ template_filter ] --START--
INFO: Run Behavior\ContentReplaceBehavior [ RunTime:0.000273s ]
INFO: [ template_filter ] --END-- [ RunTime:0.000420s ]
INFO: Run Behavior\ParseTemplateBehavior [ RunTime:0.045369s ]
INFO: [ view_parse ] --END-- [ RunTime:0.045555s ]
INFO: [ view_filter ] --START--
INFO: Run Behavior\WriteHtmlCacheBehavior [ RunTime:0.000958s ]
INFO: [ view_filter ] --END-- [ RunTime:0.001076s ]
INFO: [ app_end ] --START--
INFO: Run Behavior\ShowPageTraceBehavior [ RunTime:0.001362s ]
INFO: [ app_end ] --END-- [ RunTime:0.001496s ]

[ 2016-05-27T10:15:28+08:00 ] 127.0.0.1 /index.php/home/goods/ajaxJoinCart.html
INFO: [ app_init ] --START--
INFO: Run Behavior\BuildLiteBehavior [ RunTime:0.000019s ]
INFO: [ app_init ] --END-- [ RunTime:0.000389s ]
INFO: [ app_begin ] --START--
INFO: Run Behavior\ReadHtmlCacheBehavior [ RunTime:0.000503s ]
INFO: [ app_begin ] --END-- [ RunTime:0.000562s ]
SQL: SHOW COLUMNS FROM `cart` [ RunTime:0.3402s ]
NOTIC: [8] Undefined index: validate E:\wamp\www\ThinkPHP\Library\Think\Model.class.php 第 1185 行.
NOTIC: [8] Undefined index: auto E:\wamp\www\ThinkPHP\Library\Think\Model.class.php 第 1128 行.
SQL: INSERT INTO `cart` (`f_norms_id`,`number`,`f_goods_id`,`f_user_id`) VALUES ('1','1','184','8') [ RunTime:0.0512s ]

[ 2016-05-27T10:15:34+08:00 ] 127.0.0.1 /index.php/home/user/myShoppingCart.html
INFO: [ app_init ] --START--
INFO: Run Behavior\BuildLiteBehavior [ RunTime:0.000030s ]
INFO: [ app_init ] --END-- [ RunTime:0.000538s ]
INFO: [ app_begin ] --START--
INFO: Run Behavior\ReadHtmlCacheBehavior [ RunTime:0.000719s ]
INFO: [ app_begin ] --END-- [ RunTime:0.000819s ]
SQL: SHOW COLUMNS FROM `cart` [ RunTime:0.0359s ]
SQL: SELECT
goods.id AS goods_id,
goods.`name`,
area_goods_price.price AS price,
area_goods_price.inventory AS inventory,
area_goods_price.sale_price AS sale_price,
area_goods_price.sale_inventory AS sale_inventory,
area_goods_price.sale_time AS sale_time,
norms.id AS norms_id,
norms.`name` AS norms_name,
cart.number AS number,
cart.id AS cart_id
FROM cart
LEFT JOIN goods ON goods.id = cart.f_goods_id
LEFT JOIN area_goods_price ON area_goods_price.id = cart.f_goods_id
LEFT JOIN norms ON norms.id = cart.f_norms_id
WHERE cart.f_user_id = 8 [ RunTime:0.0398s ]
INFO: [ view_parse ] --START--
INFO: [ template_filter ] --START--
INFO: Run Behavior\ContentReplaceBehavior [ RunTime:0.000289s ]
INFO: [ template_filter ] --END-- [ RunTime:0.000383s ]
INFO: Run Behavior\ParseTemplateBehavior [ RunTime:0.018410s ]
INFO: [ view_parse ] --END-- [ RunTime:0.018494s ]
INFO: [ view_filter ] --START--
INFO: Run Behavior\WriteHtmlCacheBehavior [ RunTime:0.000312s ]
INFO: [ view_filter ] --END-- [ RunTime:0.000370s ]
INFO: [ app_end ] --START--
INFO: Run Behavior\ShowPageTraceBehavior [ RunTime:0.000542s ]
INFO: [ app_end ] --END-- [ RunTime:0.000611s ]

[ 2016-05-27T10:15:54+08:00 ] 127.0.0.1 /index.php/home/user/ajaxCreateOrderForm.html
INFO: [ app_init ] --START--
INFO: Run Behavior\BuildLiteBehavior [ RunTime:0.000023s ]
INFO: [ app_init ] --END-- [ RunTime:0.000574s ]
INFO: [ app_begin ] --START--
INFO: Run Behavior\ReadHtmlCacheBehavior [ RunTime:0.000563s ]
INFO: [ app_begin ] --END-- [ RunTime:0.000625s ]
NOTIC: [8] Undefined index: cityIp E:\wamp\www\a4php\func\func.php 第 1283 行.
SQL: SHOW COLUMNS FROM `order_goods` [ RunTime:0.0330s ]
SQL: INSERT INTO `order_goods` (`f_order_form_no`,`f_goods_id`,`f_norms_id`,`number`) VALUES ('b1c3f689d7bc344c49e1ff766d826c72','184','1','1') [ RunTime:0.0327s ]
SQL: SHOW COLUMNS FROM `order_form` [ RunTime:0.0345s ]
SQL: INSERT INTO `order_form` (`f_user_id`,`create_time`,`no`,`price`,`f_order_form_status_id`) VALUES ('8','1464315353','b1c3f689d7bc344c49e1ff766d826c72','60.5','3') [ RunTime:0.0566s ]
SQL: SHOW COLUMNS FROM `cart` [ RunTime:0.0510s ]
SQL: DELETE FROM `cart` WHERE `id` = '28' [ RunTime:0.0576s ]

[ 2016-05-27T10:15:54+08:00 ] 127.0.0.1 /index.php/home/pay/index.html
INFO: [ app_init ] --START--
INFO: Run Behavior\BuildLiteBehavior [ RunTime:0.000020s ]
INFO: [ app_init ] --END-- [ RunTime:0.000420s ]
INFO: [ app_begin ] --START--
INFO: Run Behavior\ReadHtmlCacheBehavior [ RunTime:0.000558s ]
INFO: [ app_begin ] --END-- [ RunTime:0.000637s ]
SQL: SHOW COLUMNS FROM `order_goods` [ RunTime:0.0336s ]
SQL: SELECT * FROM `order_goods` WHERE `f_order_form_no` = 'b1c3f689d7bc344c49e1ff766d826c72'  [ RunTime:0.0325s ]
SQL: SHOW COLUMNS FROM `goods` [ RunTime:0.0332s ]
SQL: SELECT
goods.id AS id,
goods.`name` AS name,
area_goods_price.price AS price,
area_goods_price.inventory AS inventory,
area_goods_price.sale_price AS sale_price,
area_goods_price.sale_inventory AS sale_inventory,
area_goods_price.sale_time AS sale_time
FROM
goods
INNER JOIN area_goods_price ON area_goods_price.id = goods.id
WHERE area_goods_price.id = 184 [ RunTime:0.0338s ]
INFO: [ view_parse ] --START--
INFO: [ template_filter ] --START--
INFO: Run Behavior\ContentReplaceBehavior [ RunTime:0.000167s ]
INFO: [ template_filter ] --END-- [ RunTime:0.000261s ]
NOTIC: [8] Undefined index: explain E:\wamp\www\Application\Runtime\Cache\Home\10f69b614a07b73184b66620648f7651.php 第 542 行.
INFO: Run Behavior\ParseTemplateBehavior [ RunTime:0.018947s ]
INFO: [ view_parse ] --END-- [ RunTime:0.019032s ]
INFO: [ view_filter ] --START--
INFO: Run Behavior\WriteHtmlCacheBehavior [ RunTime:0.000270s ]
INFO: [ view_filter ] --END-- [ RunTime:0.000326s ]
INFO: [ app_end ] --START--
INFO: Run Behavior\ShowPageTraceBehavior [ RunTime:0.000523s ]
INFO: [ app_end ] --END-- [ RunTime:0.000582s ]

[ 2016-05-27T10:15:58+08:00 ] 127.0.0.1 /index.php/home/pay/wechatScanPay.html
INFO: [ app_init ] --START--
INFO: Run Behavior\BuildLiteBehavior [ RunTime:0.000018s ]
INFO: [ app_init ] --END-- [ RunTime:0.000381s ]
INFO: [ app_begin ] --START--
INFO: Run Behavior\ReadHtmlCacheBehavior [ RunTime:0.000503s ]
INFO: [ app_begin ] --END-- [ RunTime:0.000588s ]
SQL: SHOW COLUMNS FROM `order_form` [ RunTime:0.0342s ]
NOTIC: [8] Undefined index: is_need_invoice E:\wamp\www\Application\Home\Controller\PayController.class.php 第 44 行.
SQL: UPDATE `order_form` SET `f_pay_type_id`='2' WHERE `no` = 'b1c3f689d7bc344c49e1ff766d826c72' [ RunTime:0.0320s ]

[ 2016-05-27T10:31:54+08:00 ] 127.0.0.1 /index.php/home/pay/wechatScanPay.html
INFO: [ app_init ] --START--
INFO: Run Behavior\BuildLiteBehavior [ RunTime:0.000020s ]
INFO: [ app_init ] --END-- [ RunTime:0.000454s ]
INFO: [ app_begin ] --START--
INFO: Run Behavior\ReadHtmlCacheBehavior [ RunTime:0.000683s ]
INFO: [ app_begin ] --END-- [ RunTime:0.000743s ]
SQL: SHOW COLUMNS FROM `order_form` [ RunTime:0.0359s ]
NOTIC: [8] Undefined index: is_need_invoice E:\wamp\www\Application\Home\Controller\PayController.class.php 第 44 行.
SQL: UPDATE `order_form` SET `f_pay_type_id`='2' WHERE `no` = 'b1c3f689d7bc344c49e1ff766d826c72' [ RunTime:0.0344s ]

[ 2016-05-27T10:31:54+08:00 ] 127.0.0.1 /index.php/home/pay/makeQrCode.html
INFO: [ app_init ] --START--
INFO: Run Behavior\BuildLiteBehavior [ RunTime:0.000022s ]
INFO: [ app_init ] --END-- [ RunTime:0.000461s ]
INFO: [ app_begin ] --START--
INFO: Run Behavior\ReadHtmlCacheBehavior [ RunTime:0.000582s ]
INFO: [ app_begin ] --END-- [ RunTime:0.000653s ]
INFO: [ app_end ] --START--
INFO: Run Behavior\ShowPageTraceBehavior [ RunTime:0.001323s ]
INFO: [ app_end ] --END-- [ RunTime:0.001496s ]

[ 2016-05-27T11:06:48+08:00 ] 127.0.0.1 /
INFO: [ app_init ] --START--
INFO: Run Behavior\BuildLiteBehavior [ RunTime:0.000027s ]
INFO: [ app_init ] --END-- [ RunTime:0.000557s ]
INFO: [ app_begin ] --START--
INFO: Run Behavior\ReadHtmlCacheBehavior [ RunTime:0.000986s ]
INFO: [ app_begin ] --END-- [ RunTime:0.001091s ]
SQL: SHOW COLUMNS FROM `area` [ RunTime:0.0352s ]
SQL: SELECT `id` FROM `area` WHERE `name` = '北京' LIMIT 1   [ RunTime:0.0333s ]
INFO: [ view_parse ] --START--
INFO: [ template_filter ] --START--
INFO: Run Behavior\ContentReplaceBehavior [ RunTime:0.000217s ]
INFO: [ template_filter ] --END-- [ RunTime:0.000333s ]
INFO: Run Behavior\ParseTemplateBehavior [ RunTime:0.027646s ]
INFO: [ view_parse ] --END-- [ RunTime:0.027883s ]
INFO: [ view_filter ] --START--
INFO: Run Behavior\WriteHtmlCacheBehavior [ RunTime:0.000739s ]
INFO: [ view_filter ] --END-- [ RunTime:0.000829s ]
INFO: [ app_end ] --START--
INFO: Run Behavior\ShowPageTraceBehavior [ RunTime:0.000966s ]
INFO: [ app_end ] --END-- [ RunTime:0.001040s ]

[ 2016-05-27T11:11:24+08:00 ] 127.0.0.1 /
INFO: [ app_init ] --START--
INFO: Run Behavior\BuildLiteBehavior [ RunTime:0.000018s ]
INFO: [ app_init ] --END-- [ RunTime:0.000470s ]
INFO: [ app_begin ] --START--
INFO: Run Behavior\ReadHtmlCacheBehavior [ RunTime:0.000818s ]
INFO: [ app_begin ] --END-- [ RunTime:0.000887s ]
SQL: SHOW COLUMNS FROM `area` [ RunTime:0.0363s ]
SQL: SELECT `id` FROM `area` WHERE `name` = '北京' LIMIT 1   [ RunTime:0.0450s ]
INFO: [ view_parse ] --START--
INFO: [ template_filter ] --START--
INFO: Run Behavior\ContentReplaceBehavior [ RunTime:0.000191s ]
INFO: [ template_filter ] --END-- [ RunTime:0.000284s ]
INFO: Run Behavior\ParseTemplateBehavior [ RunTime:0.023675s ]
INFO: [ view_parse ] --END-- [ RunTime:0.023793s ]
INFO: [ view_filter ] --START--
INFO: Run Behavior\WriteHtmlCacheBehavior [ RunTime:0.000649s ]
INFO: [ view_filter ] --END-- [ RunTime:0.000712s ]
INFO: [ app_end ] --START--
INFO: Run Behavior\ShowPageTraceBehavior [ RunTime:0.000742s ]
INFO: [ app_end ] --END-- [ RunTime:0.000804s ]

[ 2016-05-27T11:12:15+08:00 ] 127.0.0.1 /
INFO: [ app_init ] --START--
INFO: Run Behavior\BuildLiteBehavior [ RunTime:0.000020s ]
INFO: [ app_init ] --END-- [ RunTime:0.000456s ]
INFO: [ app_begin ] --START--
INFO: Run Behavior\ReadHtmlCacheBehavior [ RunTime:0.000645s ]
INFO: [ app_begin ] --END-- [ RunTime:0.000717s ]
SQL: SHOW COLUMNS FROM `area` [ RunTime:0.0331s ]
SQL: SELECT `id` FROM `area` WHERE `name` = '北京' LIMIT 1   [ RunTime:0.0322s ]
INFO: [ view_parse ] --START--
INFO: [ template_filter ] --START--
INFO: Run Behavior\ContentReplaceBehavior [ RunTime:0.000349s ]
INFO: [ template_filter ] --END-- [ RunTime:0.000457s ]
INFO: Run Behavior\ParseTemplateBehavior [ RunTime:0.038724s ]
INFO: [ view_parse ] --END-- [ RunTime:0.038869s ]
INFO: [ view_filter ] --START--
INFO: Run Behavior\WriteHtmlCacheBehavior [ RunTime:0.000451s ]
INFO: [ view_filter ] --END-- [ RunTime:0.000522s ]
INFO: [ app_end ] --START--
INFO: Run Behavior\ShowPageTraceBehavior [ RunTime:0.000772s ]
INFO: [ app_end ] --END-- [ RunTime:0.000845s ]

[ 2016-05-27T11:13:45+08:00 ] 127.0.0.1 /
INFO: [ app_init ] --START--
INFO: Run Behavior\BuildLiteBehavior [ RunTime:0.000021s ]
INFO: [ app_init ] --END-- [ RunTime:0.000526s ]
INFO: [ app_begin ] --START--
INFO: Run Behavior\ReadHtmlCacheBehavior [ RunTime:0.000753s ]
INFO: [ app_begin ] --END-- [ RunTime:0.000830s ]
SQL: SHOW COLUMNS FROM `area` [ RunTime:0.0374s ]
SQL: SELECT `id` FROM `area` WHERE `name` = '北京' LIMIT 1   [ RunTime:0.0343s ]
INFO: [ view_parse ] --START--
INFO: [ template_filter ] --START--
INFO: Run Behavior\ContentReplaceBehavior [ RunTime:0.000210s ]
INFO: [ template_filter ] --END-- [ RunTime:0.000318s ]
INFO: Run Behavior\ParseTemplateBehavior [ RunTime:0.031462s ]
INFO: [ view_parse ] --END-- [ RunTime:0.031641s ]
INFO: [ view_filter ] --START--
INFO: Run Behavior\WriteHtmlCacheBehavior [ RunTime:0.000656s ]
INFO: [ view_filter ] --END-- [ RunTime:0.000741s ]
INFO: [ app_end ] --START--
INFO: Run Behavior\ShowPageTraceBehavior [ RunTime:0.001067s ]
INFO: [ app_end ] --END-- [ RunTime:0.001164s ]

[ 2016-05-27T11:14:00+08:00 ] 127.0.0.1 /
INFO: [ app_init ] --START--
INFO: Run Behavior\BuildLiteBehavior [ RunTime:0.000025s ]
INFO: [ app_init ] --END-- [ RunTime:0.000527s ]
INFO: [ app_begin ] --START--
INFO: Run Behavior\ReadHtmlCacheBehavior [ RunTime:0.000804s ]
INFO: [ app_begin ] --END-- [ RunTime:0.000873s ]
SQL: SHOW COLUMNS FROM `area` [ RunTime:0.0369s ]
SQL: SELECT `id` FROM `area` WHERE `name` = '北京' LIMIT 1   [ RunTime:0.0344s ]
INFO: [ view_parse ] --START--
INFO: [ template_filter ] --START--
INFO: Run Behavior\ContentReplaceBehavior [ RunTime:0.000191s ]
INFO: [ template_filter ] --END-- [ RunTime:0.000288s ]
INFO: Run Behavior\ParseTemplateBehavior [ RunTime:0.041599s ]
INFO: [ view_parse ] --END-- [ RunTime:0.041771s ]
INFO: [ view_filter ] --START--
INFO: Run Behavior\WriteHtmlCacheBehavior [ RunTime:0.000977s ]
INFO: [ view_filter ] --END-- [ RunTime:0.001041s ]
INFO: [ app_end ] --START--
INFO: Run Behavior\ShowPageTraceBehavior [ RunTime:0.000744s ]
INFO: [ app_end ] --END-- [ RunTime:0.000804s ]

[ 2016-05-27T11:15:03+08:00 ] 127.0.0.1 /
INFO: [ app_init ] --START--
INFO: Run Behavior\BuildLiteBehavior [ RunTime:0.000020s ]
INFO: [ app_init ] --END-- [ RunTime:0.000472s ]
INFO: [ app_begin ] --START--
INFO: Run Behavior\ReadHtmlCacheBehavior [ RunTime:0.000530s ]
INFO: [ app_begin ] --END-- [ RunTime:0.000596s ]
SQL: SHOW COLUMNS FROM `area` [ RunTime:0.0333s ]
SQL: SELECT `id` FROM `area` WHERE `name` = '北京' LIMIT 1   [ RunTime:0.0319s ]
INFO: [ view_parse ] --START--
INFO: [ template_filter ] --START--
INFO: Run Behavior\ContentReplaceBehavior [ RunTime:0.000444s ]
INFO: [ template_filter ] --END-- [ RunTime:0.000630s ]
INFO: Run Behavior\ParseTemplateBehavior [ RunTime:0.050605s ]
INFO: [ view_parse ] --END-- [ RunTime:0.050767s ]
INFO: [ view_filter ] --START--
INFO: Run Behavior\WriteHtmlCacheBehavior [ RunTime:0.000511s ]
INFO: [ view_filter ] --END-- [ RunTime:0.000578s ]
INFO: [ app_end ] --START--
INFO: Run Behavior\ShowPageTraceBehavior [ RunTime:0.000651s ]
INFO: [ app_end ] --END-- [ RunTime:0.000725s ]

[ 2016-05-27T13:20:39+08:00 ] 127.0.0.1 /
INFO: [ app_init ] --START--
INFO: Run Behavior\BuildLiteBehavior [ RunTime:0.000028s ]
INFO: [ app_init ] --END-- [ RunTime:0.000660s ]
INFO: [ app_begin ] --START--
INFO: Run Behavior\ReadHtmlCacheBehavior [ RunTime:0.001035s ]
INFO: [ app_begin ] --END-- [ RunTime:0.001176s ]
SQL: SHOW COLUMNS FROM `area` [ RunTime:0.0354s ]
SQL: SELECT `id` FROM `area` WHERE `name` = '北京' LIMIT 1   [ RunTime:0.0373s ]
INFO: [ view_parse ] --START--
INFO: [ template_filter ] --START--
INFO: Run Behavior\ContentReplaceBehavior [ RunTime:0.000199s ]
INFO: [ template_filter ] --END-- [ RunTime:0.000316s ]
NOTIC: [8] Undefined index: user E:\wamp\www\Application\Runtime\Cache\Home\56d70cf0f710f5f596f222a4dbf456c5.php 第 288 行.
INFO: Run Behavior\ParseTemplateBehavior [ RunTime:0.024600s ]
INFO: [ view_parse ] --END-- [ RunTime:0.024723s ]
INFO: [ view_filter ] --START--
INFO: Run Behavior\WriteHtmlCacheBehavior [ RunTime:0.000375s ]
INFO: [ view_filter ] --END-- [ RunTime:0.000435s ]
INFO: [ app_end ] --START--
INFO: Run Behavior\ShowPageTraceBehavior [ RunTime:0.000628s ]
INFO: [ app_end ] --END-- [ RunTime:0.000687s ]

[ 2016-05-27T13:20:47+08:00 ] 127.0.0.1 /index.php/home/user/ajaxSignIn.html
INFO: [ app_init ] --START--
INFO: Run Behavior\BuildLiteBehavior [ RunTime:0.000019s ]
INFO: [ app_init ] --END-- [ RunTime:0.000447s ]
INFO: [ app_begin ] --START--
INFO: Run Behavior\ReadHtmlCacheBehavior [ RunTime:0.000812s ]
INFO: [ app_begin ] --END-- [ RunTime:0.000876s ]
SQL: SHOW COLUMNS FROM `area` [ RunTime:0.0350s ]
SQL: SELECT `id` FROM `area` WHERE `name` = '北京' LIMIT 1   [ RunTime:0.0348s ]
SQL: SHOW COLUMNS FROM `user` [ RunTime:0.0357s ]
SQL: SELECT * FROM `user` WHERE `signin_name` = 'test' LIMIT 1   [ RunTime:0.0352s ]
SQL: SHOW COLUMNS FROM `user` [ RunTime:0.0357s ]
SQL: UPDATE `user` SET `last_time`='1464326447' WHERE `id` = 8 [ RunTime:0.0582s ]

[ 2016-05-27T13:20:49+08:00 ] 127.0.0.1 /
INFO: [ app_init ] --START--
INFO: Run Behavior\BuildLiteBehavior [ RunTime:0.000020s ]
INFO: [ app_init ] --END-- [ RunTime:0.000426s ]
INFO: [ app_begin ] --START--
INFO: Run Behavior\ReadHtmlCacheBehavior [ RunTime:0.000503s ]
INFO: [ app_begin ] --END-- [ RunTime:0.000567s ]
SQL: SHOW COLUMNS FROM `area` [ RunTime:0.0338s ]
SQL: SELECT `id` FROM `area` WHERE `name` = '北京' LIMIT 1   [ RunTime:0.0358s ]
INFO: [ view_parse ] --START--
INFO: [ template_filter ] --START--
INFO: Run Behavior\ContentReplaceBehavior [ RunTime:0.000277s ]
INFO: [ template_filter ] --END-- [ RunTime:0.000407s ]
INFO: Run Behavior\ParseTemplateBehavior [ RunTime:0.506320s ]
INFO: [ view_parse ] --END-- [ RunTime:0.506526s ]
INFO: [ view_filter ] --START--
INFO: Run Behavior\WriteHtmlCacheBehavior [ RunTime:0.000775s ]
INFO: [ view_filter ] --END-- [ RunTime:0.000903s ]
INFO: [ app_end ] --START--
INFO: Run Behavior\ShowPageTraceBehavior [ RunTime:0.001726s ]
INFO: [ app_end ] --END-- [ RunTime:0.001862s ]

[ 2016-05-27T13:20:54+08:00 ] 127.0.0.1 /index.php/home/user/myOrderForm.html
INFO: [ app_init ] --START--
INFO: Run Behavior\BuildLiteBehavior [ RunTime:0.000041s ]
INFO: [ app_init ] --END-- [ RunTime:0.000646s ]
INFO: [ app_begin ] --START--
INFO: Run Behavior\ReadHtmlCacheBehavior [ RunTime:0.000552s ]
INFO: [ app_begin ] --END-- [ RunTime:0.000622s ]
SQL: SHOW COLUMNS FROM `order_form` [ RunTime:0.0376s ]
SQL: SELECT
order_form.id,
order_form.f_user_id,
order_form.create_time,
order_form.refund_time,
order_form.`no`,
order_form.price,
order_form.is_need_invoice,
order_form.f_order_form_status_id,
order_form_status.`name` AS order_form_status_name
FROM `order_form`
INNER JOIN order_form_status ON order_form_status.id = order_form.f_order_form_status_id
WHERE order_form.f_user_id = 8 [ RunTime:0.0990s ]
SQL: SHOW COLUMNS FROM `order_goods` [ RunTime:0.2541s ]
SQL: SHOW COLUMNS FROM `goods` [ RunTime:0.0362s ]
SQL: SELECT * FROM `order_goods` WHERE `f_order_form_no` = 'fc057cdb952a800ce0a209c1ca510d13'  [ RunTime:0.0350s ]
SQL: SELECT
goods.id AS id,
goods.`name` AS name,
area_goods_price.price AS price,
area_goods_price.inventory AS inventory,
area_goods_price.sale_price AS sale_price,
area_goods_price.sale_inventory AS sale_inventory,
area_goods_price.sale_time AS sale_time
FROM
goods
INNER JOIN area_goods_price ON area_goods_price.id = goods.id
WHERE area_goods_price.id = 184 [ RunTime:0.0352s ]
SQL: SELECT * FROM `order_goods` WHERE `f_order_form_no` = 'd3c51bc1e0b3b612d5ab00d70e7c1920'  [ RunTime:0.0360s ]
SQL: SELECT
goods.id AS id,
goods.`name` AS name,
area_goods_price.price AS price,
area_goods_price.inventory AS inventory,
area_goods_price.sale_price AS sale_price,
area_goods_price.sale_inventory AS sale_inventory,
area_goods_price.sale_time AS sale_time
FROM
goods
INNER JOIN area_goods_price ON area_goods_price.id = goods.id
WHERE area_goods_price.id = 184 [ RunTime:0.0357s ]
SQL: SELECT * FROM `order_goods` WHERE `f_order_form_no` = 'e20ed63fefd7c973123e9f30efbb7562'  [ RunTime:0.0358s ]
SQL: SELECT
goods.id AS id,
goods.`name` AS name,
area_goods_price.price AS price,
area_goods_price.inventory AS inventory,
area_goods_price.sale_price AS sale_price,
area_goods_price.sale_inventory AS sale_inventory,
area_goods_price.sale_time AS sale_time
FROM
goods
INNER JOIN area_goods_price ON area_goods_price.id = goods.id
WHERE area_goods_price.id = 184 [ RunTime:0.0356s ]
SQL: SELECT
goods.id AS id,
goods.`name` AS name,
area_goods_price.price AS price,
area_goods_price.inventory AS inventory,
area_goods_price.sale_price AS sale_price,
area_goods_price.sale_inventory AS sale_inventory,
area_goods_price.sale_time AS sale_time
FROM
goods
INNER JOIN area_goods_price ON area_goods_price.id = goods.id
WHERE area_goods_price.id = 184 [ RunTime:0.0359s ]
SQL: SELECT * FROM `order_goods` WHERE `f_order_form_no` = 'ad3c910a8fee605f2d95fdd6067c009d'  [ RunTime:0.0386s ]
SQL: SELECT
goods.id AS id,
goods.`name` AS name,
area_goods_price.price AS price,
area_goods_price.inventory AS inventory,
area_goods_price.sale_price AS sale_price,
area_goods_price.sale_inventory AS sale_inventory,
area_goods_price.sale_time AS sale_time
FROM
goods
INNER JOIN area_goods_price ON area_goods_price.id = goods.id
WHERE area_goods_price.id = 184 [ RunTime:0.0529s ]
SQL: SELECT
goods.id AS id,
goods.`name` AS name,
area_goods_price.price AS price,
area_goods_price.inventory AS inventory,
area_goods_price.sale_price AS sale_price,
area_goods_price.sale_inventory AS sale_inventory,
area_goods_price.sale_time AS sale_time
FROM
goods
INNER JOIN area_goods_price ON area_goods_price.id = goods.id
WHERE area_goods_price.id = 184 [ RunTime:0.0395s ]
SQL: SELECT
goods.id AS id,
goods.`name` AS name,
area_goods_price.price AS price,
area_goods_price.inventory AS inventory,
area_goods_price.sale_price AS sale_price,
area_goods_price.sale_inventory AS sale_inventory,
area_goods_price.sale_time AS sale_time
FROM
goods
INNER JOIN area_goods_price ON area_goods_price.id = goods.id
WHERE area_goods_price.id = 184 [ RunTime:0.0356s ]
SQL: SELECT * FROM `order_goods` WHERE `f_order_form_no` = 'de7d0332ae98ef6626466882e3760381'  [ RunTime:0.0356s ]
SQL: SELECT
goods.id AS id,
goods.`name` AS name,
area_goods_price.price AS price,
area_goods_price.inventory AS inventory,
area_goods_price.sale_price AS sale_price,
area_goods_price.sale_inventory AS sale_inventory,
area_goods_price.sale_time AS sale_time
FROM
goods
INNER JOIN area_goods_price ON area_goods_price.id = goods.id
WHERE area_goods_price.id = 184 [ RunTime:0.0354s ]
SQL: SELECT * FROM `order_goods` WHERE `f_order_form_no` = '1482dede810cf2da4e533c778bf7d01d'  [ RunTime:0.0353s ]
SQL: SELECT
goods.id AS id,
goods.`name` AS name,
area_goods_price.price AS price,
area_goods_price.inventory AS inventory,
area_goods_price.sale_price AS sale_price,
area_goods_price.sale_inventory AS sale_inventory,
area_goods_price.sale_time AS sale_time
FROM
goods
INNER JOIN area_goods_price ON area_goods_price.id = goods.id
WHERE area_goods_price.id = 184 [ RunTime:0.0354s ]
SQL: SELECT * FROM `order_goods` WHERE `f_order_form_no` = '9bd17cae528c352f9f4813adeca4fda2'  [ RunTime:0.0355s ]
SQL: SELECT
goods.id AS id,
goods.`name` AS name,
area_goods_price.price AS price,
area_goods_price.inventory AS inventory,
area_goods_price.sale_price AS sale_price,
area_goods_price.sale_inventory AS sale_inventory,
area_goods_price.sale_time AS sale_time
FROM
goods
INNER JOIN area_goods_price ON area_goods_price.id = goods.id
WHERE area_goods_price.id = 184 [ RunTime:0.0350s ]
SQL: SELECT * FROM `order_goods` WHERE `f_order_form_no` = '154f538f9b034174bead2bcc30099e0e'  [ RunTime:0.0354s ]
SQL: SELECT
goods.id AS id,
goods.`name` AS name,
area_goods_price.price AS price,
area_goods_price.inventory AS inventory,
area_goods_price.sale_price AS sale_price,
area_goods_price.sale_inventory AS sale_inventory,
area_goods_price.sale_time AS sale_time
FROM
goods
INNER JOIN area_goods_price ON area_goods_price.id = goods.id
WHERE area_goods_price.id = 184 [ RunTime:0.0349s ]
SQL: SELECT * FROM `order_goods` WHERE `f_order_form_no` = 'c63afae4662586e286eb42cadb68bbac'  [ RunTime:0.0370s ]
SQL: SELECT
goods.id AS id,
goods.`name` AS name,
area_goods_price.price AS price,
area_goods_price.inventory AS inventory,
area_goods_price.sale_price AS sale_price,
area_goods_price.sale_inventory AS sale_inventory,
area_goods_price.sale_time AS sale_time
FROM
goods
INNER JOIN area_goods_price ON area_goods_price.id = goods.id
WHERE area_goods_price.id = 184 [ RunTime:0.0364s ]
SQL: SELECT * FROM `order_goods` WHERE `f_order_form_no` = '76ae26707b536ee13d002dd179eabe55'  [ RunTime:0.0354s ]
SQL: SELECT
goods.id AS id,
goods.`name` AS name,
area_goods_price.price AS price,
area_goods_price.inventory AS inventory,
area_goods_price.sale_price AS sale_price,
area_goods_price.sale_inventory AS sale_inventory,
area_goods_price.sale_time AS sale_time
FROM
goods
INNER JOIN area_goods_price ON area_goods_price.id = goods.id
WHERE area_goods_price.id = 184 [ RunTime:0.0362s ]
SQL: SELECT * FROM `order_goods` WHERE `f_order_form_no` = '9721d33b6d09daa4618c2233fbb12865'  [ RunTime:0.0350s ]
SQL: SELECT
goods.id AS id,
goods.`name` AS name,
area_goods_price.price AS price,
area_goods_price.inventory AS inventory,
area_goods_price.sale_price AS sale_price,
area_goods_price.sale_inventory AS sale_inventory,
area_goods_price.sale_time AS sale_time
FROM
goods
INNER JOIN area_goods_price ON area_goods_price.id = goods.id
WHERE area_goods_price.id = 184 [ RunTime:0.0358s ]
SQL: SELECT * FROM `order_goods` WHERE `f_order_form_no` = 'b1c3f689d7bc344c49e1ff766d826c72'  [ RunTime:0.0376s ]
SQL: SELECT
goods.id AS id,
goods.`name` AS name,
area_goods_price.price AS price,
area_goods_price.inventory AS inventory,
area_goods_price.sale_price AS sale_price,
area_goods_price.sale_inventory AS sale_inventory,
area_goods_price.sale_time AS sale_time
FROM
goods
INNER JOIN area_goods_price ON area_goods_price.id = goods.id
WHERE area_goods_price.id = 184 [ RunTime:0.0354s ]
INFO: [ view_parse ] --START--
INFO: [ template_filter ] --START--
INFO: Run Behavior\ContentReplaceBehavior [ RunTime:0.000311s ]
INFO: [ template_filter ] --END-- [ RunTime:0.000478s ]
NOTIC: [8] Undefined index: goods E:\wamp\www\Application\Runtime\Cache\Home\29e75cbd77d33d91950dd368c5090943.php 第 510 行.
NOTIC: [8] Undefined index: goods E:\wamp\www\Application\Runtime\Cache\Home\29e75cbd77d33d91950dd368c5090943.php 第 510 行.
NOTIC: [8] Undefined index: goods E:\wamp\www\Application\Runtime\Cache\Home\29e75cbd77d33d91950dd368c5090943.php 第 510 行.
NOTIC: [8] Undefined index: goods E:\wamp\www\Application\Runtime\Cache\Home\29e75cbd77d33d91950dd368c5090943.php 第 510 行.
NOTIC: [8] Undefined index: goods E:\wamp\www\Application\Runtime\Cache\Home\29e75cbd77d33d91950dd368c5090943.php 第 510 行.
NOTIC: [8] Undefined index: goods E:\wamp\www\Application\Runtime\Cache\Home\29e75cbd77d33d91950dd368c5090943.php 第 510 行.
NOTIC: [8] Undefined index: goods E:\wamp\www\Application\Runtime\Cache\Home\29e75cbd77d33d91950dd368c5090943.php 第 510 行.
NOTIC: [8] Undefined index: goods E:\wamp\www\Application\Runtime\Cache\Home\29e75cbd77d33d91950dd368c5090943.php 第 510 行.
NOTIC: [8] Undefined index: goods E:\wamp\www\Application\Runtime\Cache\Home\29e75cbd77d33d91950dd368c5090943.php 第 510 行.
NOTIC: [8] Undefined index: goods E:\wamp\www\Application\Runtime\Cache\Home\29e75cbd77d33d91950dd368c5090943.php 第 510 行.
NOTIC: [8] Undefined index: goods E:\wamp\www\Application\Runtime\Cache\Home\29e75cbd77d33d91950dd368c5090943.php 第 510 行.
NOTIC: [8] Undefined index: goods E:\wamp\www\Application\Runtime\Cache\Home\29e75cbd77d33d91950dd368c5090943.php 第 510 行.
NOTIC: [8] Undefined index: goods E:\wamp\www\Application\Runtime\Cache\Home\29e75cbd77d33d91950dd368c5090943.php 第 510 行.
NOTIC: [8] Undefined index: goods E:\wamp\www\Application\Runtime\Cache\Home\29e75cbd77d33d91950dd368c5090943.php 第 510 行.
NOTIC: [8] Undefined index: goods E:\wamp\www\Application\Runtime\Cache\Home\29e75cbd77d33d91950dd368c5090943.php 第 510 行.
INFO: Run Behavior\ParseTemplateBehavior [ RunTime:0.041067s ]
INFO: [ view_parse ] --END-- [ RunTime:0.041226s ]
INFO: [ view_filter ] --START--
INFO: Run Behavior\WriteHtmlCacheBehavior [ RunTime:0.000570s ]
INFO: [ view_filter ] --END-- [ RunTime:0.000695s ]
INFO: [ app_end ] --START--
INFO: Run Behavior\ShowPageTraceBehavior [ RunTime:0.001147s ]
INFO: [ app_end ] --END-- [ RunTime:0.001280s ]

[ 2016-05-27T13:42:09+08:00 ] 127.0.0.1 /index.php/home/user/myOrderForm.html
INFO: [ app_init ] --START--
INFO: Run Behavior\BuildLiteBehavior [ RunTime:0.000023s ]
INFO: [ app_init ] --END-- [ RunTime:0.000703s ]
INFO: [ app_begin ] --START--
INFO: Run Behavior\ReadHtmlCacheBehavior [ RunTime:0.000933s ]
INFO: [ app_begin ] --END-- [ RunTime:0.001038s ]
SQL: SHOW COLUMNS FROM `order_form` [ RunTime:0.0374s ]
SQL: SELECT
order_form.id,
order_form.f_user_id,
order_form.create_time,
order_form.refund_time,
order_form.`no`,
order_form.price,
order_form.is_need_invoice,
order_form.f_order_form_status_id,
order_form_status.`name` AS order_form_status_name
FROM `order_form`
INNER JOIN order_form_status ON order_form_status.id = order_form.f_order_form_status_id
WHERE order_form.f_user_id = 8 [ RunTime:0.0513s ]
SQL: SHOW COLUMNS FROM `order_goods` [ RunTime:0.0370s ]
SQL: SHOW COLUMNS FROM `goods` [ RunTime:0.0362s ]
SQL: SELECT * FROM `order_goods` WHERE `f_order_form_no` = 'fc057cdb952a800ce0a209c1ca510d13'  [ RunTime:0.0344s ]
SQL: SELECT
goods.id AS id,
goods.`name` AS name,
area_goods_price.price AS price,
area_goods_price.inventory AS inventory,
area_goods_price.sale_price AS sale_price,
area_goods_price.sale_inventory AS sale_inventory,
area_goods_price.sale_time AS sale_time
FROM
goods
INNER JOIN area_goods_price ON area_goods_price.id = goods.id
WHERE area_goods_price.id = 184 [ RunTime:0.0362s ]
SQL: SELECT * FROM `order_goods` WHERE `f_order_form_no` = 'd3c51bc1e0b3b612d5ab00d70e7c1920'  [ RunTime:0.0358s ]
SQL: SELECT
goods.id AS id,
goods.`name` AS name,
area_goods_price.price AS price,
area_goods_price.inventory AS inventory,
area_goods_price.sale_price AS sale_price,
area_goods_price.sale_inventory AS sale_inventory,
area_goods_price.sale_time AS sale_time
FROM
goods
INNER JOIN area_goods_price ON area_goods_price.id = goods.id
WHERE area_goods_price.id = 184 [ RunTime:0.0359s ]
SQL: SELECT * FROM `order_goods` WHERE `f_order_form_no` = 'e20ed63fefd7c973123e9f30efbb7562'  [ RunTime:0.0356s ]
SQL: SELECT
goods.id AS id,
goods.`name` AS name,
area_goods_price.price AS price,
area_goods_price.inventory AS inventory,
area_goods_price.sale_price AS sale_price,
area_goods_price.sale_inventory AS sale_inventory,
area_goods_price.sale_time AS sale_time
FROM
goods
INNER JOIN area_goods_price ON area_goods_price.id = goods.id
WHERE area_goods_price.id = 184 [ RunTime:0.0351s ]
SQL: SELECT
goods.id AS id,
goods.`name` AS name,
area_goods_price.price AS price,
area_goods_price.inventory AS inventory,
area_goods_price.sale_price AS sale_price,
area_goods_price.sale_inventory AS sale_inventory,
area_goods_price.sale_time AS sale_time
FROM
goods
INNER JOIN area_goods_price ON area_goods_price.id = goods.id
WHERE area_goods_price.id = 184 [ RunTime:0.0351s ]
SQL: SELECT * FROM `order_goods` WHERE `f_order_form_no` = 'ad3c910a8fee605f2d95fdd6067c009d'  [ RunTime:0.0366s ]
SQL: SELECT
goods.id AS id,
goods.`name` AS name,
area_goods_price.price AS price,
area_goods_price.inventory AS inventory,
area_goods_price.sale_price AS sale_price,
area_goods_price.sale_inventory AS sale_inventory,
area_goods_price.sale_time AS sale_time
FROM
goods
INNER JOIN area_goods_price ON area_goods_price.id = goods.id
WHERE area_goods_price.id = 184 [ RunTime:0.0355s ]
SQL: SELECT
goods.id AS id,
goods.`name` AS name,
area_goods_price.price AS price,
area_goods_price.inventory AS inventory,
area_goods_price.sale_price AS sale_price,
area_goods_price.sale_inventory AS sale_inventory,
area_goods_price.sale_time AS sale_time
FROM
goods
INNER JOIN area_goods_price ON area_goods_price.id = goods.id
WHERE area_goods_price.id = 184 [ RunTime:0.0353s ]
SQL: SELECT
goods.id AS id,
goods.`name` AS name,
area_goods_price.price AS price,
area_goods_price.inventory AS inventory,
area_goods_price.sale_price AS sale_price,
area_goods_price.sale_inventory AS sale_inventory,
area_goods_price.sale_time AS sale_time
FROM
goods
INNER JOIN area_goods_price ON area_goods_price.id = goods.id
WHERE area_goods_price.id = 184 [ RunTime:0.0342s ]
SQL: SELECT * FROM `order_goods` WHERE `f_order_form_no` = 'de7d0332ae98ef6626466882e3760381'  [ RunTime:0.0356s ]
SQL: SELECT
goods.id AS id,
goods.`name` AS name,
area_goods_price.price AS price,
area_goods_price.inventory AS inventory,
area_goods_price.sale_price AS sale_price,
area_goods_price.sale_inventory AS sale_inventory,
area_goods_price.sale_time AS sale_time
FROM
goods
INNER JOIN area_goods_price ON area_goods_price.id = goods.id
WHERE area_goods_price.id = 184 [ RunTime:0.0352s ]
SQL: SELECT * FROM `order_goods` WHERE `f_order_form_no` = '1482dede810cf2da4e533c778bf7d01d'  [ RunTime:0.0358s ]
SQL: SELECT
goods.id AS id,
goods.`name` AS name,
area_goods_price.price AS price,
area_goods_price.inventory AS inventory,
area_goods_price.sale_price AS sale_price,
area_goods_price.sale_inventory AS sale_inventory,
area_goods_price.sale_time AS sale_time
FROM
goods
INNER JOIN area_goods_price ON area_goods_price.id = goods.id
WHERE area_goods_price.id = 184 [ RunTime:0.0354s ]
SQL: SELECT * FROM `order_goods` WHERE `f_order_form_no` = '9bd17cae528c352f9f4813adeca4fda2'  [ RunTime:0.0371s ]
SQL: SELECT
goods.id AS id,
goods.`name` AS name,
area_goods_price.price AS price,
area_goods_price.inventory AS inventory,
area_goods_price.sale_price AS sale_price,
area_goods_price.sale_inventory AS sale_inventory,
area_goods_price.sale_time AS sale_time
FROM
goods
INNER JOIN area_goods_price ON area_goods_price.id = goods.id
WHERE area_goods_price.id = 184 [ RunTime:0.0351s ]
SQL: SELECT * FROM `order_goods` WHERE `f_order_form_no` = '154f538f9b034174bead2bcc30099e0e'  [ RunTime:0.0378s ]
SQL: SELECT
goods.id AS id,
goods.`name` AS name,
area_goods_price.price AS price,
area_goods_price.inventory AS inventory,
area_goods_price.sale_price AS sale_price,
area_goods_price.sale_inventory AS sale_inventory,
area_goods_price.sale_time AS sale_time
FROM
goods
INNER JOIN area_goods_price ON area_goods_price.id = goods.id
WHERE area_goods_price.id = 184 [ RunTime:0.0369s ]
SQL: SELECT * FROM `order_goods` WHERE `f_order_form_no` = 'c63afae4662586e286eb42cadb68bbac'  [ RunTime:0.0415s ]
SQL: SELECT
goods.id AS id,
goods.`name` AS name,
area_goods_price.price AS price,
area_goods_price.inventory AS inventory,
area_goods_price.sale_price AS sale_price,
area_goods_price.sale_inventory AS sale_inventory,
area_goods_price.sale_time AS sale_time
FROM
goods
INNER JOIN area_goods_price ON area_goods_price.id = goods.id
WHERE area_goods_price.id = 184 [ RunTime:0.0339s ]
SQL: SELECT * FROM `order_goods` WHERE `f_order_form_no` = '76ae26707b536ee13d002dd179eabe55'  [ RunTime:0.0357s ]
SQL: SELECT
goods.id AS id,
goods.`name` AS name,
area_goods_price.price AS price,
area_goods_price.inventory AS inventory,
area_goods_price.sale_price AS sale_price,
area_goods_price.sale_inventory AS sale_inventory,
area_goods_price.sale_time AS sale_time
FROM
goods
INNER JOIN area_goods_price ON area_goods_price.id = goods.id
WHERE area_goods_price.id = 184 [ RunTime:0.0343s ]
SQL: SELECT * FROM `order_goods` WHERE `f_order_form_no` = '9721d33b6d09daa4618c2233fbb12865'  [ RunTime:0.0357s ]
SQL: SELECT
goods.id AS id,
goods.`name` AS name,
area_goods_price.price AS price,
area_goods_price.inventory AS inventory,
area_goods_price.sale_price AS sale_price,
area_goods_price.sale_inventory AS sale_inventory,
area_goods_price.sale_time AS sale_time
FROM
goods
INNER JOIN area_goods_price ON area_goods_price.id = goods.id
WHERE area_goods_price.id = 184 [ RunTime:0.0414s ]
SQL: SELECT * FROM `order_goods` WHERE `f_order_form_no` = 'b1c3f689d7bc344c49e1ff766d826c72'  [ RunTime:0.0354s ]
SQL: SELECT
goods.id AS id,
goods.`name` AS name,
area_goods_price.price AS price,
area_goods_price.inventory AS inventory,
area_goods_price.sale_price AS sale_price,
area_goods_price.sale_inventory AS sale_inventory,
area_goods_price.sale_time AS sale_time
FROM
goods
INNER JOIN area_goods_price ON area_goods_price.id = goods.id
WHERE area_goods_price.id = 184 [ RunTime:0.0357s ]
INFO: [ view_parse ] --START--
INFO: [ template_filter ] --START--
INFO: Run Behavior\ContentReplaceBehavior [ RunTime:0.000195s ]
INFO: [ template_filter ] --END-- [ RunTime:0.000307s ]
NOTIC: [8] Undefined index: goods E:\wamp\www\Application\Runtime\Cache\Home\29e75cbd77d33d91950dd368c5090943.php 第 512 行.
NOTIC: [8] Undefined index: goods E:\wamp\www\Application\Runtime\Cache\Home\29e75cbd77d33d91950dd368c5090943.php 第 512 行.
NOTIC: [8] Undefined index: goods E:\wamp\www\Application\Runtime\Cache\Home\29e75cbd77d33d91950dd368c5090943.php 第 512 行.
NOTIC: [8] Undefined index: goods E:\wamp\www\Application\Runtime\Cache\Home\29e75cbd77d33d91950dd368c5090943.php 第 512 行.
NOTIC: [8] Undefined index: goods E:\wamp\www\Application\Runtime\Cache\Home\29e75cbd77d33d91950dd368c5090943.php 第 512 行.
NOTIC: [8] Undefined index: goods E:\wamp\www\Application\Runtime\Cache\Home\29e75cbd77d33d91950dd368c5090943.php 第 512 行.
NOTIC: [8] Undefined index: goods E:\wamp\www\Application\Runtime\Cache\Home\29e75cbd77d33d91950dd368c5090943.php 第 512 行.
NOTIC: [8] Undefined index: goods E:\wamp\www\Application\Runtime\Cache\Home\29e75cbd77d33d91950dd368c5090943.php 第 512 行.
NOTIC: [8] Undefined index: goods E:\wamp\www\Application\Runtime\Cache\Home\29e75cbd77d33d91950dd368c5090943.php 第 512 行.
NOTIC: [8] Undefined index: goods E:\wamp\www\Application\Runtime\Cache\Home\29e75cbd77d33d91950dd368c5090943.php 第 512 行.
NOTIC: [8] Undefined index: goods E:\wamp\www\Application\Runtime\Cache\Home\29e75cbd77d33d91950dd368c5090943.php 第 512 行.
NOTIC: [8] Undefined index: goods E:\wamp\www\Application\Runtime\Cache\Home\29e75cbd77d33d91950dd368c5090943.php 第 512 行.
NOTIC: [8] Undefined index: goods E:\wamp\www\Application\Runtime\Cache\Home\29e75cbd77d33d91950dd368c5090943.php 第 512 行.
NOTIC: [8] Undefined index: goods E:\wamp\www\Application\Runtime\Cache\Home\29e75cbd77d33d91950dd368c5090943.php 第 512 行.
NOTIC: [8] Undefined index: goods E:\wamp\www\Application\Runtime\Cache\Home\29e75cbd77d33d91950dd368c5090943.php 第 512 行.
INFO: Run Behavior\ParseTemplateBehavior [ RunTime:0.036511s ]
INFO: [ view_parse ] --END-- [ RunTime:0.036621s ]
INFO: [ view_filter ] --START--
INFO: Run Behavior\WriteHtmlCacheBehavior [ RunTime:0.000556s ]
INFO: [ view_filter ] --END-- [ RunTime:0.000634s ]
INFO: [ app_end ] --START--
INFO: Run Behavior\ShowPageTraceBehavior [ RunTime:0.000850s ]
INFO: [ app_end ] --END-- [ RunTime:0.000931s ]

[ 2016-05-27T13:43:37+08:00 ] 127.0.0.1 /index.php/home/user/myOrderForm.html
INFO: [ app_init ] --START--
INFO: Run Behavior\BuildLiteBehavior [ RunTime:0.000021s ]
INFO: [ app_init ] --END-- [ RunTime:0.000579s ]
INFO: [ app_begin ] --START--
INFO: Run Behavior\ReadHtmlCacheBehavior [ RunTime:0.000768s ]
INFO: [ app_begin ] --END-- [ RunTime:0.000841s ]
SQL: SHOW COLUMNS FROM `order_form` [ RunTime:0.0376s ]
SQL: SELECT
order_form.id,
order_form.f_user_id,
order_form.create_time,
order_form.refund_time,
order_form.`no`,
order_form.price,
order_form.is_need_invoice,
order_form.f_order_form_status_id,
order_form_status.`name` AS order_form_status_name
FROM `order_form`
INNER JOIN order_form_status ON order_form_status.id = order_form.f_order_form_status_id
WHERE order_form.f_user_id = 8 [ RunTime:0.0354s ]
SQL: SHOW COLUMNS FROM `order_goods` [ RunTime:0.0329s ]
SQL: SHOW COLUMNS FROM `goods` [ RunTime:0.0342s ]
SQL: SELECT * FROM `order_goods` WHERE `f_order_form_no` = 'fc057cdb952a800ce0a209c1ca510d13'  [ RunTime:0.0348s ]
SQL: SELECT
goods.id AS id,
goods.`name` AS name,
area_goods_price.price AS price,
area_goods_price.inventory AS inventory,
area_goods_price.sale_price AS sale_price,
area_goods_price.sale_inventory AS sale_inventory,
area_goods_price.sale_time AS sale_time
FROM
goods
INNER JOIN area_goods_price ON area_goods_price.id = goods.id
WHERE area_goods_price.id = 184 [ RunTime:0.0466s ]
SQL: SELECT * FROM `order_goods` WHERE `f_order_form_no` = 'd3c51bc1e0b3b612d5ab00d70e7c1920'  [ RunTime:0.0433s ]
SQL: SELECT
goods.id AS id,
goods.`name` AS name,
area_goods_price.price AS price,
area_goods_price.inventory AS inventory,
area_goods_price.sale_price AS sale_price,
area_goods_price.sale_inventory AS sale_inventory,
area_goods_price.sale_time AS sale_time
FROM
goods
INNER JOIN area_goods_price ON area_goods_price.id = goods.id
WHERE area_goods_price.id = 184 [ RunTime:0.0343s ]
SQL: SELECT * FROM `order_goods` WHERE `f_order_form_no` = 'e20ed63fefd7c973123e9f30efbb7562'  [ RunTime:0.0359s ]
SQL: SELECT
goods.id AS id,
goods.`name` AS name,
area_goods_price.price AS price,
area_goods_price.inventory AS inventory,
area_goods_price.sale_price AS sale_price,
area_goods_price.sale_inventory AS sale_inventory,
area_goods_price.sale_time AS sale_time
FROM
goods
INNER JOIN area_goods_price ON area_goods_price.id = goods.id
WHERE area_goods_price.id = 184 [ RunTime:0.0946s ]
SQL: SELECT
goods.id AS id,
goods.`name` AS name,
area_goods_price.price AS price,
area_goods_price.inventory AS inventory,
area_goods_price.sale_price AS sale_price,
area_goods_price.sale_inventory AS sale_inventory,
area_goods_price.sale_time AS sale_time
FROM
goods
INNER JOIN area_goods_price ON area_goods_price.id = goods.id
WHERE area_goods_price.id = 184 [ RunTime:0.0339s ]
SQL: SELECT * FROM `order_goods` WHERE `f_order_form_no` = 'ad3c910a8fee605f2d95fdd6067c009d'  [ RunTime:0.0371s ]
SQL: SELECT
goods.id AS id,
goods.`name` AS name,
area_goods_price.price AS price,
area_goods_price.inventory AS inventory,
area_goods_price.sale_price AS sale_price,
area_goods_price.sale_inventory AS sale_inventory,
area_goods_price.sale_time AS sale_time
FROM
goods
INNER JOIN area_goods_price ON area_goods_price.id = goods.id
WHERE area_goods_price.id = 184 [ RunTime:0.0367s ]
SQL: SELECT
goods.id AS id,
goods.`name` AS name,
area_goods_price.price AS price,
area_goods_price.inventory AS inventory,
area_goods_price.sale_price AS sale_price,
area_goods_price.sale_inventory AS sale_inventory,
area_goods_price.sale_time AS sale_time
FROM
goods
INNER JOIN area_goods_price ON area_goods_price.id = goods.id
WHERE area_goods_price.id = 184 [ RunTime:0.0375s ]
SQL: SELECT
goods.id AS id,
goods.`name` AS name,
area_goods_price.price AS price,
area_goods_price.inventory AS inventory,
area_goods_price.sale_price AS sale_price,
area_goods_price.sale_inventory AS sale_inventory,
area_goods_price.sale_time AS sale_time
FROM
goods
INNER JOIN area_goods_price ON area_goods_price.id = goods.id
WHERE area_goods_price.id = 184 [ RunTime:0.0325s ]
SQL: SELECT * FROM `order_goods` WHERE `f_order_form_no` = 'de7d0332ae98ef6626466882e3760381'  [ RunTime:0.0374s ]
SQL: SELECT
goods.id AS id,
goods.`name` AS name,
area_goods_price.price AS price,
area_goods_price.inventory AS inventory,
area_goods_price.sale_price AS sale_price,
area_goods_price.sale_inventory AS sale_inventory,
area_goods_price.sale_time AS sale_time
FROM
goods
INNER JOIN area_goods_price ON area_goods_price.id = goods.id
WHERE area_goods_price.id = 184 [ RunTime:0.1306s ]
SQL: SELECT * FROM `order_goods` WHERE `f_order_form_no` = '1482dede810cf2da4e533c778bf7d01d'  [ RunTime:0.0358s ]
SQL: SELECT
goods.id AS id,
goods.`name` AS name,
area_goods_price.price AS price,
area_goods_price.inventory AS inventory,
area_goods_price.sale_price AS sale_price,
area_goods_price.sale_inventory AS sale_inventory,
area_goods_price.sale_time AS sale_time
FROM
goods
INNER JOIN area_goods_price ON area_goods_price.id = goods.id
WHERE area_goods_price.id = 184 [ RunTime:0.0342s ]
SQL: SELECT * FROM `order_goods` WHERE `f_order_form_no` = '9bd17cae528c352f9f4813adeca4fda2'  [ RunTime:0.0338s ]
SQL: SELECT
goods.id AS id,
goods.`name` AS name,
area_goods_price.price AS price,
area_goods_price.inventory AS inventory,
area_goods_price.sale_price AS sale_price,
area_goods_price.sale_inventory AS sale_inventory,
area_goods_price.sale_time AS sale_time
FROM
goods
INNER JOIN area_goods_price ON area_goods_price.id = goods.id
WHERE area_goods_price.id = 184 [ RunTime:0.0355s ]
SQL: SELECT * FROM `order_goods` WHERE `f_order_form_no` = '154f538f9b034174bead2bcc30099e0e'  [ RunTime:0.0334s ]
SQL: SELECT
goods.id AS id,
goods.`name` AS name,
area_goods_price.price AS price,
area_goods_price.inventory AS inventory,
area_goods_price.sale_price AS sale_price,
area_goods_price.sale_inventory AS sale_inventory,
area_goods_price.sale_time AS sale_time
FROM
goods
INNER JOIN area_goods_price ON area_goods_price.id = goods.id
WHERE area_goods_price.id = 184 [ RunTime:0.0343s ]
SQL: SELECT * FROM `order_goods` WHERE `f_order_form_no` = 'c63afae4662586e286eb42cadb68bbac'  [ RunTime:0.0341s ]
SQL: SELECT
goods.id AS id,
goods.`name` AS name,
area_goods_price.price AS price,
area_goods_price.inventory AS inventory,
area_goods_price.sale_price AS sale_price,
area_goods_price.sale_inventory AS sale_inventory,
area_goods_price.sale_time AS sale_time
FROM
goods
INNER JOIN area_goods_price ON area_goods_price.id = goods.id
WHERE area_goods_price.id = 184 [ RunTime:0.0344s ]
SQL: SELECT * FROM `order_goods` WHERE `f_order_form_no` = '76ae26707b536ee13d002dd179eabe55'  [ RunTime:0.0353s ]
SQL: SELECT
goods.id AS id,
goods.`name` AS name,
area_goods_price.price AS price,
area_goods_price.inventory AS inventory,
area_goods_price.sale_price AS sale_price,
area_goods_price.sale_inventory AS sale_inventory,
area_goods_price.sale_time AS sale_time
FROM
goods
INNER JOIN area_goods_price ON area_goods_price.id = goods.id
WHERE area_goods_price.id = 184 [ RunTime:0.0377s ]
SQL: SELECT * FROM `order_goods` WHERE `f_order_form_no` = '9721d33b6d09daa4618c2233fbb12865'  [ RunTime:0.0342s ]
SQL: SELECT
goods.id AS id,
goods.`name` AS name,
area_goods_price.price AS price,
area_goods_price.inventory AS inventory,
area_goods_price.sale_price AS sale_price,
area_goods_price.sale_inventory AS sale_inventory,
area_goods_price.sale_time AS sale_time
FROM
goods
INNER JOIN area_goods_price ON area_goods_price.id = goods.id
WHERE area_goods_price.id = 184 [ RunTime:0.0360s ]
SQL: SELECT * FROM `order_goods` WHERE `f_order_form_no` = 'b1c3f689d7bc344c49e1ff766d826c72'  [ RunTime:0.0363s ]
SQL: SELECT
goods.id AS id,
goods.`name` AS name,
area_goods_price.price AS price,
area_goods_price.inventory AS inventory,
area_goods_price.sale_price AS sale_price,
area_goods_price.sale_inventory AS sale_inventory,
area_goods_price.sale_time AS sale_time
FROM
goods
INNER JOIN area_goods_price ON area_goods_price.id = goods.id
WHERE area_goods_price.id = 184 [ RunTime:0.0416s ]
INFO: [ view_parse ] --START--
INFO: [ template_filter ] --START--
INFO: Run Behavior\ContentReplaceBehavior [ RunTime:0.000288s ]
INFO: [ template_filter ] --END-- [ RunTime:0.000462s ]
NOTIC: [8] Undefined index: goods E:\wamp\www\Application\Runtime\Cache\Home\29e75cbd77d33d91950dd368c5090943.php 第 502 行.
NOTIC: [8] Undefined index: goods E:\wamp\www\Application\Runtime\Cache\Home\29e75cbd77d33d91950dd368c5090943.php 第 502 行.
NOTIC: [8] Undefined index: goods E:\wamp\www\Application\Runtime\Cache\Home\29e75cbd77d33d91950dd368c5090943.php 第 502 行.
NOTIC: [8] Undefined index: goods E:\wamp\www\Application\Runtime\Cache\Home\29e75cbd77d33d91950dd368c5090943.php 第 502 行.
NOTIC: [8] Undefined index: goods E:\wamp\www\Application\Runtime\Cache\Home\29e75cbd77d33d91950dd368c5090943.php 第 502 行.
NOTIC: [8] Undefined index: goods E:\wamp\www\Application\Runtime\Cache\Home\29e75cbd77d33d91950dd368c5090943.php 第 502 行.
NOTIC: [8] Undefined index: goods E:\wamp\www\Application\Runtime\Cache\Home\29e75cbd77d33d91950dd368c5090943.php 第 502 行.
NOTIC: [8] Undefined index: goods E:\wamp\www\Application\Runtime\Cache\Home\29e75cbd77d33d91950dd368c5090943.php 第 502 行.
NOTIC: [8] Undefined index: goods E:\wamp\www\Application\Runtime\Cache\Home\29e75cbd77d33d91950dd368c5090943.php 第 502 行.
NOTIC: [8] Undefined index: goods E:\wamp\www\Application\Runtime\Cache\Home\29e75cbd77d33d91950dd368c5090943.php 第 502 行.
NOTIC: [8] Undefined index: goods E:\wamp\www\Application\Runtime\Cache\Home\29e75cbd77d33d91950dd368c5090943.php 第 502 行.
NOTIC: [8] Undefined index: goods E:\wamp\www\Application\Runtime\Cache\Home\29e75cbd77d33d91950dd368c5090943.php 第 502 行.
NOTIC: [8] Undefined index: goods E:\wamp\www\Application\Runtime\Cache\Home\29e75cbd77d33d91950dd368c5090943.php 第 502 行.
NOTIC: [8] Undefined index: goods E:\wamp\www\Application\Runtime\Cache\Home\29e75cbd77d33d91950dd368c5090943.php 第 502 行.
NOTIC: [8] Undefined index: goods E:\wamp\www\Application\Runtime\Cache\Home\29e75cbd77d33d91950dd368c5090943.php 第 502 行.
INFO: Run Behavior\ParseTemplateBehavior [ RunTime:0.031163s ]
INFO: [ view_parse ] --END-- [ RunTime:0.031261s ]
INFO: [ view_filter ] --START--
INFO: Run Behavior\WriteHtmlCacheBehavior [ RunTime:0.000605s ]
INFO: [ view_filter ] --END-- [ RunTime:0.000678s ]
INFO: [ app_end ] --START--
INFO: Run Behavior\ShowPageTraceBehavior [ RunTime:0.000854s ]
INFO: [ app_end ] --END-- [ RunTime:0.000928s ]

[ 2016-05-27T13:45:01+08:00 ] 127.0.0.1 /index.php/home/user/myOrderForm.html
INFO: [ app_init ] --START--
INFO: Run Behavior\BuildLiteBehavior [ RunTime:0.000032s ]
INFO: [ app_init ] --END-- [ RunTime:0.000840s ]
INFO: [ app_begin ] --START--
INFO: Run Behavior\ReadHtmlCacheBehavior [ RunTime:0.001210s ]
INFO: [ app_begin ] --END-- [ RunTime:0.001361s ]
SQL: SHOW COLUMNS FROM `order_form` [ RunTime:0.0413s ]
SQL: SELECT
order_form.id,
order_form.f_user_id,
order_form.create_time,
order_form.refund_time,
order_form.`no`,
order_form.price,
order_form.is_need_invoice,
order_form.f_order_form_status_id,
order_form_status.`name` AS order_form_status_name
FROM `order_form`
INNER JOIN order_form_status ON order_form_status.id = order_form.f_order_form_status_id
WHERE order_form.f_user_id = 8 [ RunTime:0.0405s ]
SQL: SHOW COLUMNS FROM `order_goods` [ RunTime:0.0394s ]
SQL: SHOW COLUMNS FROM `goods` [ RunTime:0.0419s ]
SQL: SELECT * FROM `order_goods` WHERE `f_order_form_no` = 'fc057cdb952a800ce0a209c1ca510d13'  [ RunTime:0.0368s ]
SQL: SELECT
goods.id AS id,
goods.`name` AS name,
area_goods_price.price AS price,
area_goods_price.inventory AS inventory,
area_goods_price.sale_price AS sale_price,
area_goods_price.sale_inventory AS sale_inventory,
area_goods_price.sale_time AS sale_time
FROM
goods
INNER JOIN area_goods_price ON area_goods_price.id = goods.id
WHERE area_goods_price.id = 184 [ RunTime:0.0433s ]
SQL: SELECT * FROM `order_goods` WHERE `f_order_form_no` = 'd3c51bc1e0b3b612d5ab00d70e7c1920'  [ RunTime:0.0347s ]
SQL: SELECT
goods.id AS id,
goods.`name` AS name,
area_goods_price.price AS price,
area_goods_price.inventory AS inventory,
area_goods_price.sale_price AS sale_price,
area_goods_price.sale_inventory AS sale_inventory,
area_goods_price.sale_time AS sale_time
FROM
goods
INNER JOIN area_goods_price ON area_goods_price.id = goods.id
WHERE area_goods_price.id = 184 [ RunTime:0.0399s ]
SQL: SELECT * FROM `order_goods` WHERE `f_order_form_no` = 'e20ed63fefd7c973123e9f30efbb7562'  [ RunTime:0.0386s ]
SQL: SELECT
goods.id AS id,
goods.`name` AS name,
area_goods_price.price AS price,
area_goods_price.inventory AS inventory,
area_goods_price.sale_price AS sale_price,
area_goods_price.sale_inventory AS sale_inventory,
area_goods_price.sale_time AS sale_time
FROM
goods
INNER JOIN area_goods_price ON area_goods_price.id = goods.id
WHERE area_goods_price.id = 184 [ RunTime:0.0347s ]
SQL: SELECT
goods.id AS id,
goods.`name` AS name,
area_goods_price.price AS price,
area_goods_price.inventory AS inventory,
area_goods_price.sale_price AS sale_price,
area_goods_price.sale_inventory AS sale_inventory,
area_goods_price.sale_time AS sale_time
FROM
goods
INNER JOIN area_goods_price ON area_goods_price.id = goods.id
WHERE area_goods_price.id = 184 [ RunTime:0.0362s ]
SQL: SELECT * FROM `order_goods` WHERE `f_order_form_no` = 'ad3c910a8fee605f2d95fdd6067c009d'  [ RunTime:0.0343s ]
SQL: SELECT
goods.id AS id,
goods.`name` AS name,
area_goods_price.price AS price,
area_goods_price.inventory AS inventory,
area_goods_price.sale_price AS sale_price,
area_goods_price.sale_inventory AS sale_inventory,
area_goods_price.sale_time AS sale_time
FROM
goods
INNER JOIN area_goods_price ON area_goods_price.id = goods.id
WHERE area_goods_price.id = 184 [ RunTime:0.0355s ]
SQL: SELECT
goods.id AS id,
goods.`name` AS name,
area_goods_price.price AS price,
area_goods_price.inventory AS inventory,
area_goods_price.sale_price AS sale_price,
area_goods_price.sale_inventory AS sale_inventory,
area_goods_price.sale_time AS sale_time
FROM
goods
INNER JOIN area_goods_price ON area_goods_price.id = goods.id
WHERE area_goods_price.id = 184 [ RunTime:0.0373s ]
SQL: SELECT
goods.id AS id,
goods.`name` AS name,
area_goods_price.price AS price,
area_goods_price.inventory AS inventory,
area_goods_price.sale_price AS sale_price,
area_goods_price.sale_inventory AS sale_inventory,
area_goods_price.sale_time AS sale_time
FROM
goods
INNER JOIN area_goods_price ON area_goods_price.id = goods.id
WHERE area_goods_price.id = 184 [ RunTime:0.0386s ]
SQL: SELECT * FROM `order_goods` WHERE `f_order_form_no` = 'de7d0332ae98ef6626466882e3760381'  [ RunTime:0.0448s ]
SQL: SELECT
goods.id AS id,
goods.`name` AS name,
area_goods_price.price AS price,
area_goods_price.inventory AS inventory,
area_goods_price.sale_price AS sale_price,
area_goods_price.sale_inventory AS sale_inventory,
area_goods_price.sale_time AS sale_time
FROM
goods
INNER JOIN area_goods_price ON area_goods_price.id = goods.id
WHERE area_goods_price.id = 184 [ RunTime:0.0363s ]
SQL: SELECT * FROM `order_goods` WHERE `f_order_form_no` = '1482dede810cf2da4e533c778bf7d01d'  [ RunTime:0.0353s ]
SQL: SELECT
goods.id AS id,
goods.`name` AS name,
area_goods_price.price AS price,
area_goods_price.inventory AS inventory,
area_goods_price.sale_price AS sale_price,
area_goods_price.sale_inventory AS sale_inventory,
area_goods_price.sale_time AS sale_time
FROM
goods
INNER JOIN area_goods_price ON area_goods_price.id = goods.id
WHERE area_goods_price.id = 184 [ RunTime:0.0358s ]
SQL: SELECT * FROM `order_goods` WHERE `f_order_form_no` = '9bd17cae528c352f9f4813adeca4fda2'  [ RunTime:0.0347s ]
SQL: SELECT
goods.id AS id,
goods.`name` AS name,
area_goods_price.price AS price,
area_goods_price.inventory AS inventory,
area_goods_price.sale_price AS sale_price,
area_goods_price.sale_inventory AS sale_inventory,
area_goods_price.sale_time AS sale_time
FROM
goods
INNER JOIN area_goods_price ON area_goods_price.id = goods.id
WHERE area_goods_price.id = 184 [ RunTime:0.0382s ]
SQL: SELECT * FROM `order_goods` WHERE `f_order_form_no` = '154f538f9b034174bead2bcc30099e0e'  [ RunTime:0.0968s ]
SQL: SELECT
goods.id AS id,
goods.`name` AS name,
area_goods_price.price AS price,
area_goods_price.inventory AS inventory,
area_goods_price.sale_price AS sale_price,
area_goods_price.sale_inventory AS sale_inventory,
area_goods_price.sale_time AS sale_time
FROM
goods
INNER JOIN area_goods_price ON area_goods_price.id = goods.id
WHERE area_goods_price.id = 184 [ RunTime:0.0405s ]
SQL: SELECT * FROM `order_goods` WHERE `f_order_form_no` = 'c63afae4662586e286eb42cadb68bbac'  [ RunTime:0.0359s ]
SQL: SELECT
goods.id AS id,
goods.`name` AS name,
area_goods_price.price AS price,
area_goods_price.inventory AS inventory,
area_goods_price.sale_price AS sale_price,
area_goods_price.sale_inventory AS sale_inventory,
area_goods_price.sale_time AS sale_time
FROM
goods
INNER JOIN area_goods_price ON area_goods_price.id = goods.id
WHERE area_goods_price.id = 184 [ RunTime:0.0362s ]
SQL: SELECT * FROM `order_goods` WHERE `f_order_form_no` = '76ae26707b536ee13d002dd179eabe55'  [ RunTime:0.0443s ]
SQL: SELECT
goods.id AS id,
goods.`name` AS name,
area_goods_price.price AS price,
area_goods_price.inventory AS inventory,
area_goods_price.sale_price AS sale_price,
area_goods_price.sale_inventory AS sale_inventory,
area_goods_price.sale_time AS sale_time
FROM
goods
INNER JOIN area_goods_price ON area_goods_price.id = goods.id
WHERE area_goods_price.id = 184 [ RunTime:0.0378s ]
SQL: SELECT * FROM `order_goods` WHERE `f_order_form_no` = '9721d33b6d09daa4618c2233fbb12865'  [ RunTime:0.0382s ]
SQL: SELECT
goods.id AS id,
goods.`name` AS name,
area_goods_price.price AS price,
area_goods_price.inventory AS inventory,
area_goods_price.sale_price AS sale_price,
area_goods_price.sale_inventory AS sale_inventory,
area_goods_price.sale_time AS sale_time
FROM
goods
INNER JOIN area_goods_price ON area_goods_price.id = goods.id
WHERE area_goods_price.id = 184 [ RunTime:0.0352s ]
SQL: SELECT * FROM `order_goods` WHERE `f_order_form_no` = 'b1c3f689d7bc344c49e1ff766d826c72'  [ RunTime:0.0363s ]
SQL: SELECT
goods.id AS id,
goods.`name` AS name,
area_goods_price.price AS price,
area_goods_price.inventory AS inventory,
area_goods_price.sale_price AS sale_price,
area_goods_price.sale_inventory AS sale_inventory,
area_goods_price.sale_time AS sale_time
FROM
goods
INNER JOIN area_goods_price ON area_goods_price.id = goods.id
WHERE area_goods_price.id = 184 [ RunTime:0.0357s ]
INFO: [ view_parse ] --START--
INFO: [ template_filter ] --START--
INFO: Run Behavior\ContentReplaceBehavior [ RunTime:0.000247s ]
INFO: [ template_filter ] --END-- [ RunTime:0.000399s ]
NOTIC: [8] Undefined index: goods E:\wamp\www\Application\Runtime\Cache\Home\29e75cbd77d33d91950dd368c5090943.php 第 502 行.
NOTIC: [8] Undefined index: goods E:\wamp\www\Application\Runtime\Cache\Home\29e75cbd77d33d91950dd368c5090943.php 第 502 行.
NOTIC: [8] Undefined index: goods E:\wamp\www\Application\Runtime\Cache\Home\29e75cbd77d33d91950dd368c5090943.php 第 502 行.
NOTIC: [8] Undefined index: goods E:\wamp\www\Application\Runtime\Cache\Home\29e75cbd77d33d91950dd368c5090943.php 第 502 行.
NOTIC: [8] Undefined index: goods E:\wamp\www\Application\Runtime\Cache\Home\29e75cbd77d33d91950dd368c5090943.php 第 502 行.
NOTIC: [8] Undefined index: goods E:\wamp\www\Application\Runtime\Cache\Home\29e75cbd77d33d91950dd368c5090943.php 第 502 行.
NOTIC: [8] Undefined index: goods E:\wamp\www\Application\Runtime\Cache\Home\29e75cbd77d33d91950dd368c5090943.php 第 502 行.
NOTIC: [8] Undefined index: goods E:\wamp\www\Application\Runtime\Cache\Home\29e75cbd77d33d91950dd368c5090943.php 第 502 行.
NOTIC: [8] Undefined index: goods E:\wamp\www\Application\Runtime\Cache\Home\29e75cbd77d33d91950dd368c5090943.php 第 502 行.
NOTIC: [8] Undefined index: goods E:\wamp\www\Application\Runtime\Cache\Home\29e75cbd77d33d91950dd368c5090943.php 第 502 行.
NOTIC: [8] Undefined index: goods E:\wamp\www\Application\Runtime\Cache\Home\29e75cbd77d33d91950dd368c5090943.php 第 502 行.
NOTIC: [8] Undefined index: goods E:\wamp\www\Application\Runtime\Cache\Home\29e75cbd77d33d91950dd368c5090943.php 第 502 行.
NOTIC: [8] Undefined index: goods E:\wamp\www\Application\Runtime\Cache\Home\29e75cbd77d33d91950dd368c5090943.php 第 502 行.
NOTIC: [8] Undefined index: goods E:\wamp\www\Application\Runtime\Cache\Home\29e75cbd77d33d91950dd368c5090943.php 第 502 行.
NOTIC: [8] Undefined index: goods E:\wamp\www\Application\Runtime\Cache\Home\29e75cbd77d33d91950dd368c5090943.php 第 502 行.
INFO: Run Behavior\ParseTemplateBehavior [ RunTime:0.036678s ]
INFO: [ view_parse ] --END-- [ RunTime:0.036795s ]
INFO: [ view_filter ] --START--
INFO: Run Behavior\WriteHtmlCacheBehavior [ RunTime:0.000779s ]
INFO: [ view_filter ] --END-- [ RunTime:0.000886s ]
INFO: [ app_end ] --START--
INFO: Run Behavior\ShowPageTraceBehavior [ RunTime:0.001881s ]
INFO: [ app_end ] --END-- [ RunTime:0.002100s ]

[ 2016-05-27T13:45:59+08:00 ] 127.0.0.1 /index.php/home/user/myOrderForm.html
INFO: [ app_init ] --START--
INFO: Run Behavior\BuildLiteBehavior [ RunTime:0.000022s ]
INFO: [ app_init ] --END-- [ RunTime:0.000586s ]
INFO: [ app_begin ] --START--
INFO: Run Behavior\ReadHtmlCacheBehavior [ RunTime:0.000805s ]
INFO: [ app_begin ] --END-- [ RunTime:0.000938s ]
SQL: SHOW COLUMNS FROM `order_form` [ RunTime:0.0374s ]
SQL: SELECT
order_form.id,
order_form.f_user_id,
order_form.create_time,
order_form.refund_time,
order_form.`no`,
order_form.price,
order_form.is_need_invoice,
order_form.f_order_form_status_id,
order_form_status.`name` AS order_form_status_name
FROM `order_form`
INNER JOIN order_form_status ON order_form_status.id = order_form.f_order_form_status_id
WHERE order_form.f_user_id = 8 [ RunTime:0.0400s ]
SQL: SHOW COLUMNS FROM `order_goods` [ RunTime:0.0359s ]
SQL: SHOW COLUMNS FROM `goods` [ RunTime:0.0348s ]
SQL: SELECT * FROM `order_goods` WHERE `f_order_form_no` = 'fc057cdb952a800ce0a209c1ca510d13'  [ RunTime:0.0347s ]
SQL: SELECT
goods.id AS id,
goods.`name` AS name,
area_goods_price.price AS price,
area_goods_price.inventory AS inventory,
area_goods_price.sale_price AS sale_price,
area_goods_price.sale_inventory AS sale_inventory,
area_goods_price.sale_time AS sale_time
FROM
goods
INNER JOIN area_goods_price ON area_goods_price.id = goods.id
WHERE area_goods_price.id = 184 [ RunTime:0.0353s ]
SQL: SELECT * FROM `order_goods` WHERE `f_order_form_no` = 'd3c51bc1e0b3b612d5ab00d70e7c1920'  [ RunTime:0.0347s ]
SQL: SELECT
goods.id AS id,
goods.`name` AS name,
area_goods_price.price AS price,
area_goods_price.inventory AS inventory,
area_goods_price.sale_price AS sale_price,
area_goods_price.sale_inventory AS sale_inventory,
area_goods_price.sale_time AS sale_time
FROM
goods
INNER JOIN area_goods_price ON area_goods_price.id = goods.id
WHERE area_goods_price.id = 184 [ RunTime:0.0416s ]
SQL: SELECT * FROM `order_goods` WHERE `f_order_form_no` = 'e20ed63fefd7c973123e9f30efbb7562'  [ RunTime:0.0355s ]
SQL: SELECT
goods.id AS id,
goods.`name` AS name,
area_goods_price.price AS price,
area_goods_price.inventory AS inventory,
area_goods_price.sale_price AS sale_price,
area_goods_price.sale_inventory AS sale_inventory,
area_goods_price.sale_time AS sale_time
FROM
goods
INNER JOIN area_goods_price ON area_goods_price.id = goods.id
WHERE area_goods_price.id = 184 [ RunTime:0.0374s ]
SQL: SELECT
goods.id AS id,
goods.`name` AS name,
area_goods_price.price AS price,
area_goods_price.inventory AS inventory,
area_goods_price.sale_price AS sale_price,
area_goods_price.sale_inventory AS sale_inventory,
area_goods_price.sale_time AS sale_time
FROM
goods
INNER JOIN area_goods_price ON area_goods_price.id = goods.id
WHERE area_goods_price.id = 184 [ RunTime:0.1173s ]
SQL: SELECT * FROM `order_goods` WHERE `f_order_form_no` = 'ad3c910a8fee605f2d95fdd6067c009d'  [ RunTime:0.0354s ]
SQL: SELECT
goods.id AS id,
goods.`name` AS name,
area_goods_price.price AS price,
area_goods_price.inventory AS inventory,
area_goods_price.sale_price AS sale_price,
area_goods_price.sale_inventory AS sale_inventory,
area_goods_price.sale_time AS sale_time
FROM
goods
INNER JOIN area_goods_price ON area_goods_price.id = goods.id
WHERE area_goods_price.id = 184 [ RunTime:0.0474s ]
SQL: SELECT
goods.id AS id,
goods.`name` AS name,
area_goods_price.price AS price,
area_goods_price.inventory AS inventory,
area_goods_price.sale_price AS sale_price,
area_goods_price.sale_inventory AS sale_inventory,
area_goods_price.sale_time AS sale_time
FROM
goods
INNER JOIN area_goods_price ON area_goods_price.id = goods.id
WHERE area_goods_price.id = 184 [ RunTime:0.0353s ]
SQL: SELECT
goods.id AS id,
goods.`name` AS name,
area_goods_price.price AS price,
area_goods_price.inventory AS inventory,
area_goods_price.sale_price AS sale_price,
area_goods_price.sale_inventory AS sale_inventory,
area_goods_price.sale_time AS sale_time
FROM
goods
INNER JOIN area_goods_price ON area_goods_price.id = goods.id
WHERE area_goods_price.id = 184 [ RunTime:0.0357s ]
SQL: SELECT * FROM `order_goods` WHERE `f_order_form_no` = 'de7d0332ae98ef6626466882e3760381'  [ RunTime:0.0416s ]
SQL: SELECT
goods.id AS id,
goods.`name` AS name,
area_goods_price.price AS price,
area_goods_price.inventory AS inventory,
area_goods_price.sale_price AS sale_price,
area_goods_price.sale_inventory AS sale_inventory,
area_goods_price.sale_time AS sale_time
FROM
goods
INNER JOIN area_goods_price ON area_goods_price.id = goods.id
WHERE area_goods_price.id = 184 [ RunTime:0.0355s ]
SQL: SELECT * FROM `order_goods` WHERE `f_order_form_no` = '1482dede810cf2da4e533c778bf7d01d'  [ RunTime:0.0351s ]
SQL: SELECT
goods.id AS id,
goods.`name` AS name,
area_goods_price.price AS price,
area_goods_price.inventory AS inventory,
area_goods_price.sale_price AS sale_price,
area_goods_price.sale_inventory AS sale_inventory,
area_goods_price.sale_time AS sale_time
FROM
goods
INNER JOIN area_goods_price ON area_goods_price.id = goods.id
WHERE area_goods_price.id = 184 [ RunTime:0.0324s ]
SQL: SELECT * FROM `order_goods` WHERE `f_order_form_no` = '9bd17cae528c352f9f4813adeca4fda2'  [ RunTime:0.0356s ]
SQL: SELECT
goods.id AS id,
goods.`name` AS name,
area_goods_price.price AS price,
area_goods_price.inventory AS inventory,
area_goods_price.sale_price AS sale_price,
area_goods_price.sale_inventory AS sale_inventory,
area_goods_price.sale_time AS sale_time
FROM
goods
INNER JOIN area_goods_price ON area_goods_price.id = goods.id
WHERE area_goods_price.id = 184 [ RunTime:0.0352s ]
SQL: SELECT * FROM `order_goods` WHERE `f_order_form_no` = '154f538f9b034174bead2bcc30099e0e'  [ RunTime:0.0344s ]
SQL: SELECT
goods.id AS id,
goods.`name` AS name,
area_goods_price.price AS price,
area_goods_price.inventory AS inventory,
area_goods_price.sale_price AS sale_price,
area_goods_price.sale_inventory AS sale_inventory,
area_goods_price.sale_time AS sale_time
FROM
goods
INNER JOIN area_goods_price ON area_goods_price.id = goods.id
WHERE area_goods_price.id = 184 [ RunTime:0.0347s ]
SQL: SELECT * FROM `order_goods` WHERE `f_order_form_no` = 'c63afae4662586e286eb42cadb68bbac'  [ RunTime:0.0353s ]
SQL: SELECT
goods.id AS id,
goods.`name` AS name,
area_goods_price.price AS price,
area_goods_price.inventory AS inventory,
area_goods_price.sale_price AS sale_price,
area_goods_price.sale_inventory AS sale_inventory,
area_goods_price.sale_time AS sale_time
FROM
goods
INNER JOIN area_goods_price ON area_goods_price.id = goods.id
WHERE area_goods_price.id = 184 [ RunTime:0.0441s ]
SQL: SELECT * FROM `order_goods` WHERE `f_order_form_no` = '76ae26707b536ee13d002dd179eabe55'  [ RunTime:0.0388s ]
SQL: SELECT
goods.id AS id,
goods.`name` AS name,
area_goods_price.price AS price,
area_goods_price.inventory AS inventory,
area_goods_price.sale_price AS sale_price,
area_goods_price.sale_inventory AS sale_inventory,
area_goods_price.sale_time AS sale_time
FROM
goods
INNER JOIN area_goods_price ON area_goods_price.id = goods.id
WHERE area_goods_price.id = 184 [ RunTime:0.0382s ]
SQL: SELECT * FROM `order_goods` WHERE `f_order_form_no` = '9721d33b6d09daa4618c2233fbb12865'  [ RunTime:0.0415s ]
SQL: SELECT
goods.id AS id,
goods.`name` AS name,
area_goods_price.price AS price,
area_goods_price.inventory AS inventory,
area_goods_price.sale_price AS sale_price,
area_goods_price.sale_inventory AS sale_inventory,
area_goods_price.sale_time AS sale_time
FROM
goods
INNER JOIN area_goods_price ON area_goods_price.id = goods.id
WHERE area_goods_price.id = 184 [ RunTime:0.0359s ]
SQL: SELECT * FROM `order_goods` WHERE `f_order_form_no` = 'b1c3f689d7bc344c49e1ff766d826c72'  [ RunTime:0.0353s ]
SQL: SELECT
goods.id AS id,
goods.`name` AS name,
area_goods_price.price AS price,
area_goods_price.inventory AS inventory,
area_goods_price.sale_price AS sale_price,
area_goods_price.sale_inventory AS sale_inventory,
area_goods_price.sale_time AS sale_time
FROM
goods
INNER JOIN area_goods_price ON area_goods_price.id = goods.id
WHERE area_goods_price.id = 184 [ RunTime:0.0335s ]
INFO: [ view_parse ] --START--
INFO: [ template_filter ] --START--
INFO: Run Behavior\ContentReplaceBehavior [ RunTime:0.000313s ]
INFO: [ template_filter ] --END-- [ RunTime:0.000475s ]
NOTIC: [8] Undefined index: goods E:\wamp\www\Application\Runtime\Cache\Home\29e75cbd77d33d91950dd368c5090943.php 第 502 行.
NOTIC: [8] Undefined index: goods E:\wamp\www\Application\Runtime\Cache\Home\29e75cbd77d33d91950dd368c5090943.php 第 502 行.
NOTIC: [8] Undefined index: goods E:\wamp\www\Application\Runtime\Cache\Home\29e75cbd77d33d91950dd368c5090943.php 第 502 行.
NOTIC: [8] Undefined index: goods E:\wamp\www\Application\Runtime\Cache\Home\29e75cbd77d33d91950dd368c5090943.php 第 502 行.
NOTIC: [8] Undefined index: goods E:\wamp\www\Application\Runtime\Cache\Home\29e75cbd77d33d91950dd368c5090943.php 第 502 行.
NOTIC: [8] Undefined index: goods E:\wamp\www\Application\Runtime\Cache\Home\29e75cbd77d33d91950dd368c5090943.php 第 502 行.
NOTIC: [8] Undefined index: goods E:\wamp\www\Application\Runtime\Cache\Home\29e75cbd77d33d91950dd368c5090943.php 第 502 行.
NOTIC: [8] Undefined index: goods E:\wamp\www\Application\Runtime\Cache\Home\29e75cbd77d33d91950dd368c5090943.php 第 502 行.
NOTIC: [8] Undefined index: goods E:\wamp\www\Application\Runtime\Cache\Home\29e75cbd77d33d91950dd368c5090943.php 第 502 行.
NOTIC: [8] Undefined index: goods E:\wamp\www\Application\Runtime\Cache\Home\29e75cbd77d33d91950dd368c5090943.php 第 502 行.
NOTIC: [8] Undefined index: goods E:\wamp\www\Application\Runtime\Cache\Home\29e75cbd77d33d91950dd368c5090943.php 第 502 行.
NOTIC: [8] Undefined index: goods E:\wamp\www\Application\Runtime\Cache\Home\29e75cbd77d33d91950dd368c5090943.php 第 502 行.
NOTIC: [8] Undefined index: goods E:\wamp\www\Application\Runtime\Cache\Home\29e75cbd77d33d91950dd368c5090943.php 第 502 行.
NOTIC: [8] Undefined index: goods E:\wamp\www\Application\Runtime\Cache\Home\29e75cbd77d33d91950dd368c5090943.php 第 502 行.
NOTIC: [8] Undefined index: goods E:\wamp\www\Application\Runtime\Cache\Home\29e75cbd77d33d91950dd368c5090943.php 第 502 行.
INFO: Run Behavior\ParseTemplateBehavior [ RunTime:0.042577s ]
INFO: [ view_parse ] --END-- [ RunTime:0.042703s ]
INFO: [ view_filter ] --START--
INFO: Run Behavior\WriteHtmlCacheBehavior [ RunTime:0.000801s ]
INFO: [ view_filter ] --END-- [ RunTime:0.000896s ]
INFO: [ app_end ] --START--
INFO: Run Behavior\ShowPageTraceBehavior [ RunTime:0.001541s ]
INFO: [ app_end ] --END-- [ RunTime:0.001651s ]

[ 2016-05-27T13:46:04+08:00 ] 127.0.0.1 /index.php/home/user/myOrderForm.html
INFO: [ app_init ] --START--
INFO: Run Behavior\BuildLiteBehavior [ RunTime:0.000034s ]
INFO: [ app_init ] --END-- [ RunTime:0.001001s ]
INFO: [ app_begin ] --START--
INFO: Run Behavior\ReadHtmlCacheBehavior [ RunTime:0.022371s ]
INFO: [ app_begin ] --END-- [ RunTime:0.022523s ]
SQL: SHOW COLUMNS FROM `order_form` [ RunTime:0.0523s ]
SQL: SELECT
order_form.id,
order_form.f_user_id,
order_form.create_time,
order_form.refund_time,
order_form.`no`,
order_form.price,
order_form.is_need_invoice,
order_form.f_order_form_status_id,
order_form_status.`name` AS order_form_status_name
FROM `order_form`
INNER JOIN order_form_status ON order_form_status.id = order_form.f_order_form_status_id
WHERE order_form.f_user_id = 8 [ RunTime:0.0468s ]
SQL: SHOW COLUMNS FROM `order_goods` [ RunTime:0.1150s ]
SQL: SHOW COLUMNS FROM `goods` [ RunTime:0.0676s ]
SQL: SELECT * FROM `order_goods` WHERE `f_order_form_no` = 'fc057cdb952a800ce0a209c1ca510d13'  [ RunTime:0.0403s ]
SQL: SELECT
goods.id AS id,
goods.`name` AS name,
area_goods_price.price AS price,
area_goods_price.inventory AS inventory,
area_goods_price.sale_price AS sale_price,
area_goods_price.sale_inventory AS sale_inventory,
area_goods_price.sale_time AS sale_time
FROM
goods
INNER JOIN area_goods_price ON area_goods_price.id = goods.id
WHERE area_goods_price.id = 184 [ RunTime:0.0352s ]
SQL: SELECT * FROM `order_goods` WHERE `f_order_form_no` = 'd3c51bc1e0b3b612d5ab00d70e7c1920'  [ RunTime:0.0319s ]
SQL: SELECT
goods.id AS id,
goods.`name` AS name,
area_goods_price.price AS price,
area_goods_price.inventory AS inventory,
area_goods_price.sale_price AS sale_price,
area_goods_price.sale_inventory AS sale_inventory,
area_goods_price.sale_time AS sale_time
FROM
goods
INNER JOIN area_goods_price ON area_goods_price.id = goods.id
WHERE area_goods_price.id = 184 [ RunTime:0.0338s ]
SQL: SELECT * FROM `order_goods` WHERE `f_order_form_no` = 'e20ed63fefd7c973123e9f30efbb7562'  [ RunTime:0.0978s ]
SQL: SELECT
goods.id AS id,
goods.`name` AS name,
area_goods_price.price AS price,
area_goods_price.inventory AS inventory,
area_goods_price.sale_price AS sale_price,
area_goods_price.sale_inventory AS sale_inventory,
area_goods_price.sale_time AS sale_time
FROM
goods
INNER JOIN area_goods_price ON area_goods_price.id = goods.id
WHERE area_goods_price.id = 184 [ RunTime:0.0428s ]
SQL: SELECT
goods.id AS id,
goods.`name` AS name,
area_goods_price.price AS price,
area_goods_price.inventory AS inventory,
area_goods_price.sale_price AS sale_price,
area_goods_price.sale_inventory AS sale_inventory,
area_goods_price.sale_time AS sale_time
FROM
goods
INNER JOIN area_goods_price ON area_goods_price.id = goods.id
WHERE area_goods_price.id = 184 [ RunTime:0.0385s ]
SQL: SELECT * FROM `order_goods` WHERE `f_order_form_no` = 'ad3c910a8fee605f2d95fdd6067c009d'  [ RunTime:0.0372s ]
SQL: SELECT
goods.id AS id,
goods.`name` AS name,
area_goods_price.price AS price,
area_goods_price.inventory AS inventory,
area_goods_price.sale_price AS sale_price,
area_goods_price.sale_inventory AS sale_inventory,
area_goods_price.sale_time AS sale_time
FROM
goods
INNER JOIN area_goods_price ON area_goods_price.id = goods.id
WHERE area_goods_price.id = 184 [ RunTime:0.0369s ]
SQL: SELECT
goods.id AS id,
goods.`name` AS name,
area_goods_price.price AS price,
area_goods_price.inventory AS inventory,
area_goods_price.sale_price AS sale_price,
area_goods_price.sale_inventory AS sale_inventory,
area_goods_price.sale_time AS sale_time
FROM
goods
INNER JOIN area_goods_price ON area_goods_price.id = goods.id
WHERE area_goods_price.id = 184 [ RunTime:0.0446s ]
SQL: SELECT
goods.id AS id,
goods.`name` AS name,
area_goods_price.price AS price,
area_goods_price.inventory AS inventory,
area_goods_price.sale_price AS sale_price,
area_goods_price.sale_inventory AS sale_inventory,
area_goods_price.sale_time AS sale_time
FROM
goods
INNER JOIN area_goods_price ON area_goods_price.id = goods.id
WHERE area_goods_price.id = 184 [ RunTime:0.0456s ]
SQL: SELECT * FROM `order_goods` WHERE `f_order_form_no` = 'de7d0332ae98ef6626466882e3760381'  [ RunTime:0.0464s ]
SQL: SELECT
goods.id AS id,
goods.`name` AS name,
area_goods_price.price AS price,
area_goods_price.inventory AS inventory,
area_goods_price.sale_price AS sale_price,
area_goods_price.sale_inventory AS sale_inventory,
area_goods_price.sale_time AS sale_time
FROM
goods
INNER JOIN area_goods_price ON area_goods_price.id = goods.id
WHERE area_goods_price.id = 184 [ RunTime:0.0362s ]
SQL: SELECT * FROM `order_goods` WHERE `f_order_form_no` = '1482dede810cf2da4e533c778bf7d01d'  [ RunTime:0.0411s ]
SQL: SELECT
goods.id AS id,
goods.`name` AS name,
area_goods_price.price AS price,
area_goods_price.inventory AS inventory,
area_goods_price.sale_price AS sale_price,
area_goods_price.sale_inventory AS sale_inventory,
area_goods_price.sale_time AS sale_time
FROM
goods
INNER JOIN area_goods_price ON area_goods_price.id = goods.id
WHERE area_goods_price.id = 184 [ RunTime:0.0357s ]
SQL: SELECT * FROM `order_goods` WHERE `f_order_form_no` = '9bd17cae528c352f9f4813adeca4fda2'  [ RunTime:0.0416s ]
SQL: SELECT
goods.id AS id,
goods.`name` AS name,
area_goods_price.price AS price,
area_goods_price.inventory AS inventory,
area_goods_price.sale_price AS sale_price,
area_goods_price.sale_inventory AS sale_inventory,
area_goods_price.sale_time AS sale_time
FROM
goods
INNER JOIN area_goods_price ON area_goods_price.id = goods.id
WHERE area_goods_price.id = 184 [ RunTime:0.0336s ]
SQL: SELECT * FROM `order_goods` WHERE `f_order_form_no` = '154f538f9b034174bead2bcc30099e0e'  [ RunTime:0.0435s ]
SQL: SELECT
goods.id AS id,
goods.`name` AS name,
area_goods_price.price AS price,
area_goods_price.inventory AS inventory,
area_goods_price.sale_price AS sale_price,
area_goods_price.sale_inventory AS sale_inventory,
area_goods_price.sale_time AS sale_time
FROM
goods
INNER JOIN area_goods_price ON area_goods_price.id = goods.id
WHERE area_goods_price.id = 184 [ RunTime:0.0382s ]
SQL: SELECT * FROM `order_goods` WHERE `f_order_form_no` = 'c63afae4662586e286eb42cadb68bbac'  [ RunTime:0.0335s ]
SQL: SELECT
goods.id AS id,
goods.`name` AS name,
area_goods_price.price AS price,
area_goods_price.inventory AS inventory,
area_goods_price.sale_price AS sale_price,
area_goods_price.sale_inventory AS sale_inventory,
area_goods_price.sale_time AS sale_time
FROM
goods
INNER JOIN area_goods_price ON area_goods_price.id = goods.id
WHERE area_goods_price.id = 184 [ RunTime:0.0442s ]
SQL: SELECT * FROM `order_goods` WHERE `f_order_form_no` = '76ae26707b536ee13d002dd179eabe55'  [ RunTime:0.0604s ]
SQL: SELECT
goods.id AS id,
goods.`name` AS name,
area_goods_price.price AS price,
area_goods_price.inventory AS inventory,
area_goods_price.sale_price AS sale_price,
area_goods_price.sale_inventory AS sale_inventory,
area_goods_price.sale_time AS sale_time
FROM
goods
INNER JOIN area_goods_price ON area_goods_price.id = goods.id
WHERE area_goods_price.id = 184 [ RunTime:0.0380s ]
SQL: SELECT * FROM `order_goods` WHERE `f_order_form_no` = '9721d33b6d09daa4618c2233fbb12865'  [ RunTime:0.0390s ]
SQL: SELECT
goods.id AS id,
goods.`name` AS name,
area_goods_price.price AS price,
area_goods_price.inventory AS inventory,
area_goods_price.sale_price AS sale_price,
area_goods_price.sale_inventory AS sale_inventory,
area_goods_price.sale_time AS sale_time
FROM
goods
INNER JOIN area_goods_price ON area_goods_price.id = goods.id
WHERE area_goods_price.id = 184 [ RunTime:0.0382s ]
SQL: SELECT * FROM `order_goods` WHERE `f_order_form_no` = 'b1c3f689d7bc344c49e1ff766d826c72'  [ RunTime:0.0392s ]
SQL: SELECT
goods.id AS id,
goods.`name` AS name,
area_goods_price.price AS price,
area_goods_price.inventory AS inventory,
area_goods_price.sale_price AS sale_price,
area_goods_price.sale_inventory AS sale_inventory,
area_goods_price.sale_time AS sale_time
FROM
goods
INNER JOIN area_goods_price ON area_goods_price.id = goods.id
WHERE area_goods_price.id = 184 [ RunTime:0.0357s ]
INFO: [ view_parse ] --START--
INFO: [ template_filter ] --START--
INFO: Run Behavior\ContentReplaceBehavior [ RunTime:0.000312s ]
INFO: [ template_filter ] --END-- [ RunTime:0.000476s ]
NOTIC: [8] Undefined index: goods E:\wamp\www\Application\Runtime\Cache\Home\29e75cbd77d33d91950dd368c5090943.php 第 502 行.
NOTIC: [8] Undefined index: goods E:\wamp\www\Application\Runtime\Cache\Home\29e75cbd77d33d91950dd368c5090943.php 第 502 行.
NOTIC: [8] Undefined index: goods E:\wamp\www\Application\Runtime\Cache\Home\29e75cbd77d33d91950dd368c5090943.php 第 502 行.
NOTIC: [8] Undefined index: goods E:\wamp\www\Application\Runtime\Cache\Home\29e75cbd77d33d91950dd368c5090943.php 第 502 行.
NOTIC: [8] Undefined index: goods E:\wamp\www\Application\Runtime\Cache\Home\29e75cbd77d33d91950dd368c5090943.php 第 502 行.
NOTIC: [8] Undefined index: goods E:\wamp\www\Application\Runtime\Cache\Home\29e75cbd77d33d91950dd368c5090943.php 第 502 行.
NOTIC: [8] Undefined index: goods E:\wamp\www\Application\Runtime\Cache\Home\29e75cbd77d33d91950dd368c5090943.php 第 502 行.
NOTIC: [8] Undefined index: goods E:\wamp\www\Application\Runtime\Cache\Home\29e75cbd77d33d91950dd368c5090943.php 第 502 行.
NOTIC: [8] Undefined index: goods E:\wamp\www\Application\Runtime\Cache\Home\29e75cbd77d33d91950dd368c5090943.php 第 502 行.
NOTIC: [8] Undefined index: goods E:\wamp\www\Application\Runtime\Cache\Home\29e75cbd77d33d91950dd368c5090943.php 第 502 行.
NOTIC: [8] Undefined index: goods E:\wamp\www\Application\Runtime\Cache\Home\29e75cbd77d33d91950dd368c5090943.php 第 502 行.
NOTIC: [8] Undefined index: goods E:\wamp\www\Application\Runtime\Cache\Home\29e75cbd77d33d91950dd368c5090943.php 第 502 行.
NOTIC: [8] Undefined index: goods E:\wamp\www\Application\Runtime\Cache\Home\29e75cbd77d33d91950dd368c5090943.php 第 502 行.
NOTIC: [8] Undefined index: goods E:\wamp\www\Application\Runtime\Cache\Home\29e75cbd77d33d91950dd368c5090943.php 第 502 行.
NOTIC: [8] Undefined index: goods E:\wamp\www\Application\Runtime\Cache\Home\29e75cbd77d33d91950dd368c5090943.php 第 502 行.
INFO: Run Behavior\ParseTemplateBehavior [ RunTime:0.039182s ]
INFO: [ view_parse ] --END-- [ RunTime:0.039310s ]
INFO: [ view_filter ] --START--
INFO: Run Behavior\WriteHtmlCacheBehavior [ RunTime:0.000317s ]
INFO: [ view_filter ] --END-- [ RunTime:0.000389s ]
INFO: [ app_end ] --START--
INFO: Run Behavior\ShowPageTraceBehavior [ RunTime:0.000662s ]
INFO: [ app_end ] --END-- [ RunTime:0.000733s ]

[ 2016-05-27T13:47:53+08:00 ] 127.0.0.1 /index.php/home/user/myOrderForm.html
INFO: [ app_init ] --START--
INFO: Run Behavior\BuildLiteBehavior [ RunTime:0.000020s ]
INFO: [ app_init ] --END-- [ RunTime:0.000454s ]
INFO: [ app_begin ] --START--
INFO: Run Behavior\ReadHtmlCacheBehavior [ RunTime:0.001503s ]
INFO: [ app_begin ] --END-- [ RunTime:0.001591s ]
SQL: SHOW COLUMNS FROM `order_form` [ RunTime:0.0336s ]
SQL: SELECT
order_form.id,
order_form.f_user_id,
order_form.create_time,
order_form.refund_time,
order_form.`no`,
order_form.price,
order_form.is_need_invoice,
order_form.f_order_form_status_id,
order_form_status.`name` AS order_form_status_name
FROM `order_form`
INNER JOIN order_form_status ON order_form_status.id = order_form.f_order_form_status_id
WHERE order_form.f_user_id = 8 [ RunTime:0.0356s ]
SQL: SHOW COLUMNS FROM `order_goods` [ RunTime:0.0350s ]
SQL: SHOW COLUMNS FROM `goods` [ RunTime:0.0339s ]
SQL: SELECT * FROM `order_goods` WHERE `f_order_form_no` = 'fc057cdb952a800ce0a209c1ca510d13'  [ RunTime:0.0406s ]
SQL: SELECT
goods.id AS id,
goods.`name` AS name,
area_goods_price.price AS price,
area_goods_price.inventory AS inventory,
area_goods_price.sale_price AS sale_price,
area_goods_price.sale_inventory AS sale_inventory,
area_goods_price.sale_time AS sale_time
FROM
goods
INNER JOIN area_goods_price ON area_goods_price.id = goods.id
WHERE area_goods_price.id = 184 [ RunTime:0.0411s ]
SQL: SELECT * FROM `order_goods` WHERE `f_order_form_no` = 'd3c51bc1e0b3b612d5ab00d70e7c1920'  [ RunTime:0.0344s ]
SQL: SELECT
goods.id AS id,
goods.`name` AS name,
area_goods_price.price AS price,
area_goods_price.inventory AS inventory,
area_goods_price.sale_price AS sale_price,
area_goods_price.sale_inventory AS sale_inventory,
area_goods_price.sale_time AS sale_time
FROM
goods
INNER JOIN area_goods_price ON area_goods_price.id = goods.id
WHERE area_goods_price.id = 184 [ RunTime:0.0360s ]
SQL: SELECT * FROM `order_goods` WHERE `f_order_form_no` = 'e20ed63fefd7c973123e9f30efbb7562'  [ RunTime:0.0361s ]
SQL: SELECT
goods.id AS id,
goods.`name` AS name,
area_goods_price.price AS price,
area_goods_price.inventory AS inventory,
area_goods_price.sale_price AS sale_price,
area_goods_price.sale_inventory AS sale_inventory,
area_goods_price.sale_time AS sale_time
FROM
goods
INNER JOIN area_goods_price ON area_goods_price.id = goods.id
WHERE area_goods_price.id = 184 [ RunTime:0.0984s ]
SQL: SELECT
goods.id AS id,
goods.`name` AS name,
area_goods_price.price AS price,
area_goods_price.inventory AS inventory,
area_goods_price.sale_price AS sale_price,
area_goods_price.sale_inventory AS sale_inventory,
area_goods_price.sale_time AS sale_time
FROM
goods
INNER JOIN area_goods_price ON area_goods_price.id = goods.id
WHERE area_goods_price.id = 184 [ RunTime:0.0408s ]
SQL: SELECT * FROM `order_goods` WHERE `f_order_form_no` = 'ad3c910a8fee605f2d95fdd6067c009d'  [ RunTime:0.0329s ]
SQL: SELECT
goods.id AS id,
goods.`name` AS name,
area_goods_price.price AS price,
area_goods_price.inventory AS inventory,
area_goods_price.sale_price AS sale_price,
area_goods_price.sale_inventory AS sale_inventory,
area_goods_price.sale_time AS sale_time
FROM
goods
INNER JOIN area_goods_price ON area_goods_price.id = goods.id
WHERE area_goods_price.id = 184 [ RunTime:0.0343s ]
SQL: SELECT
goods.id AS id,
goods.`name` AS name,
area_goods_price.price AS price,
area_goods_price.inventory AS inventory,
area_goods_price.sale_price AS sale_price,
area_goods_price.sale_inventory AS sale_inventory,
area_goods_price.sale_time AS sale_time
FROM
goods
INNER JOIN area_goods_price ON area_goods_price.id = goods.id
WHERE area_goods_price.id = 184 [ RunTime:0.0359s ]
SQL: SELECT
goods.id AS id,
goods.`name` AS name,
area_goods_price.price AS price,
area_goods_price.inventory AS inventory,
area_goods_price.sale_price AS sale_price,
area_goods_price.sale_inventory AS sale_inventory,
area_goods_price.sale_time AS sale_time
FROM
goods
INNER JOIN area_goods_price ON area_goods_price.id = goods.id
WHERE area_goods_price.id = 184 [ RunTime:0.0400s ]
SQL: SELECT * FROM `order_goods` WHERE `f_order_form_no` = 'de7d0332ae98ef6626466882e3760381'  [ RunTime:0.0355s ]
SQL: SELECT
goods.id AS id,
goods.`name` AS name,
area_goods_price.price AS price,
area_goods_price.inventory AS inventory,
area_goods_price.sale_price AS sale_price,
area_goods_price.sale_inventory AS sale_inventory,
area_goods_price.sale_time AS sale_time
FROM
goods
INNER JOIN area_goods_price ON area_goods_price.id = goods.id
WHERE area_goods_price.id = 184 [ RunTime:0.0381s ]
SQL: SELECT * FROM `order_goods` WHERE `f_order_form_no` = '1482dede810cf2da4e533c778bf7d01d'  [ RunTime:0.0350s ]
SQL: SELECT
goods.id AS id,
goods.`name` AS name,
area_goods_price.price AS price,
area_goods_price.inventory AS inventory,
area_goods_price.sale_price AS sale_price,
area_goods_price.sale_inventory AS sale_inventory,
area_goods_price.sale_time AS sale_time
FROM
goods
INNER JOIN area_goods_price ON area_goods_price.id = goods.id
WHERE area_goods_price.id = 184 [ RunTime:0.5115s ]
SQL: SELECT * FROM `order_goods` WHERE `f_order_form_no` = '9bd17cae528c352f9f4813adeca4fda2'  [ RunTime:0.0350s ]
SQL: SELECT
goods.id AS id,
goods.`name` AS name,
area_goods_price.price AS price,
area_goods_price.inventory AS inventory,
area_goods_price.sale_price AS sale_price,
area_goods_price.sale_inventory AS sale_inventory,
area_goods_price.sale_time AS sale_time
FROM
goods
INNER JOIN area_goods_price ON area_goods_price.id = goods.id
WHERE area_goods_price.id = 184 [ RunTime:0.0338s ]
SQL: SELECT * FROM `order_goods` WHERE `f_order_form_no` = '154f538f9b034174bead2bcc30099e0e'  [ RunTime:0.0358s ]
SQL: SELECT
goods.id AS id,
goods.`name` AS name,
area_goods_price.price AS price,
area_goods_price.inventory AS inventory,
area_goods_price.sale_price AS sale_price,
area_goods_price.sale_inventory AS sale_inventory,
area_goods_price.sale_time AS sale_time
FROM
goods
INNER JOIN area_goods_price ON area_goods_price.id = goods.id
WHERE area_goods_price.id = 184 [ RunTime:0.0358s ]
SQL: SELECT * FROM `order_goods` WHERE `f_order_form_no` = 'c63afae4662586e286eb42cadb68bbac'  [ RunTime:0.0313s ]
SQL: SELECT
goods.id AS id,
goods.`name` AS name,
area_goods_price.price AS price,
area_goods_price.inventory AS inventory,
area_goods_price.sale_price AS sale_price,
area_goods_price.sale_inventory AS sale_inventory,
area_goods_price.sale_time AS sale_time
FROM
goods
INNER JOIN area_goods_price ON area_goods_price.id = goods.id
WHERE area_goods_price.id = 184 [ RunTime:0.0338s ]
SQL: SELECT * FROM `order_goods` WHERE `f_order_form_no` = '76ae26707b536ee13d002dd179eabe55'  [ RunTime:0.0343s ]
SQL: SELECT
goods.id AS id,
goods.`name` AS name,
area_goods_price.price AS price,
area_goods_price.inventory AS inventory,
area_goods_price.sale_price AS sale_price,
area_goods_price.sale_inventory AS sale_inventory,
area_goods_price.sale_time AS sale_time
FROM
goods
INNER JOIN area_goods_price ON area_goods_price.id = goods.id
WHERE area_goods_price.id = 184 [ RunTime:0.2552s ]
SQL: SELECT * FROM `order_goods` WHERE `f_order_form_no` = '9721d33b6d09daa4618c2233fbb12865'  [ RunTime:0.0400s ]
SQL: SELECT
goods.id AS id,
goods.`name` AS name,
area_goods_price.price AS price,
area_goods_price.inventory AS inventory,
area_goods_price.sale_price AS sale_price,
area_goods_price.sale_inventory AS sale_inventory,
area_goods_price.sale_time AS sale_time
FROM
goods
INNER JOIN area_goods_price ON area_goods_price.id = goods.id
WHERE area_goods_price.id = 184 [ RunTime:0.0352s ]
SQL: SELECT * FROM `order_goods` WHERE `f_order_form_no` = 'b1c3f689d7bc344c49e1ff766d826c72'  [ RunTime:0.0336s ]
SQL: SELECT
goods.id AS id,
goods.`name` AS name,
area_goods_price.price AS price,
area_goods_price.inventory AS inventory,
area_goods_price.sale_price AS sale_price,
area_goods_price.sale_inventory AS sale_inventory,
area_goods_price.sale_time AS sale_time
FROM
goods
INNER JOIN area_goods_price ON area_goods_price.id = goods.id
WHERE area_goods_price.id = 184 [ RunTime:0.0340s ]
INFO: [ view_parse ] --START--
INFO: [ template_filter ] --START--
INFO: Run Behavior\ContentReplaceBehavior [ RunTime:0.000147s ]
INFO: [ template_filter ] --END-- [ RunTime:0.000247s ]
NOTIC: [8] Undefined index: goods E:\wamp\www\Application\Runtime\Cache\Home\29e75cbd77d33d91950dd368c5090943.php 第 502 行.
NOTIC: [8] Undefined index: goods E:\wamp\www\Application\Runtime\Cache\Home\29e75cbd77d33d91950dd368c5090943.php 第 502 行.
NOTIC: [8] Undefined index: goods E:\wamp\www\Application\Runtime\Cache\Home\29e75cbd77d33d91950dd368c5090943.php 第 502 行.
NOTIC: [8] Undefined index: goods E:\wamp\www\Application\Runtime\Cache\Home\29e75cbd77d33d91950dd368c5090943.php 第 502 行.
NOTIC: [8] Undefined index: goods E:\wamp\www\Application\Runtime\Cache\Home\29e75cbd77d33d91950dd368c5090943.php 第 502 行.
NOTIC: [8] Undefined index: goods E:\wamp\www\Application\Runtime\Cache\Home\29e75cbd77d33d91950dd368c5090943.php 第 502 行.
NOTIC: [8] Undefined index: goods E:\wamp\www\Application\Runtime\Cache\Home\29e75cbd77d33d91950dd368c5090943.php 第 502 行.
NOTIC: [8] Undefined index: goods E:\wamp\www\Application\Runtime\Cache\Home\29e75cbd77d33d91950dd368c5090943.php 第 502 行.
NOTIC: [8] Undefined index: goods E:\wamp\www\Application\Runtime\Cache\Home\29e75cbd77d33d91950dd368c5090943.php 第 502 行.
NOTIC: [8] Undefined index: goods E:\wamp\www\Application\Runtime\Cache\Home\29e75cbd77d33d91950dd368c5090943.php 第 502 行.
NOTIC: [8] Undefined index: goods E:\wamp\www\Application\Runtime\Cache\Home\29e75cbd77d33d91950dd368c5090943.php 第 502 行.
NOTIC: [8] Undefined index: goods E:\wamp\www\Application\Runtime\Cache\Home\29e75cbd77d33d91950dd368c5090943.php 第 502 行.
NOTIC: [8] Undefined index: goods E:\wamp\www\Application\Runtime\Cache\Home\29e75cbd77d33d91950dd368c5090943.php 第 502 行.
NOTIC: [8] Undefined index: goods E:\wamp\www\Application\Runtime\Cache\Home\29e75cbd77d33d91950dd368c5090943.php 第 502 行.
NOTIC: [8] Undefined index: goods E:\wamp\www\Application\Runtime\Cache\Home\29e75cbd77d33d91950dd368c5090943.php 第 502 行.
INFO: Run Behavior\ParseTemplateBehavior [ RunTime:0.037523s ]
INFO: [ view_parse ] --END-- [ RunTime:0.037635s ]
INFO: [ view_filter ] --START--
INFO: Run Behavior\WriteHtmlCacheBehavior [ RunTime:0.000663s ]
INFO: [ view_filter ] --END-- [ RunTime:0.000744s ]
INFO: [ app_end ] --START--
INFO: Run Behavior\ShowPageTraceBehavior [ RunTime:0.001104s ]
INFO: [ app_end ] --END-- [ RunTime:0.001183s ]

