[ 2016-06-17T10:53:32+08:00 ] 127.0.0.1 /bs.php/wechat/index/bindWechat.html
INFO: [ app_init ] --START--
INFO: Run Behavior\BuildLiteBehavior [ RunTime:0.000043s ]
INFO: [ app_init ] --END-- [ RunTime:0.003060s ]
INFO: [ app_begin ] --START--
INFO: Run Behavior\ReadHtmlCacheBehavior [ RunTime:0.001858s ]
INFO: [ app_begin ] --END-- [ RunTime:0.002050s ]
NOTIC: [8] Undefined index: appId C:\app\wamp\www\a4php\func\wechat\wechat.php 第 390 行.
NOTIC: [8] Undefined index: appSecret C:\app\wamp\www\a4php\func\wechat\wechat.php 第 395 行.
NOTIC: [8] Undefined index: accessTokenTempFilename C:\app\wamp\www\a4php\func\wechat\wechat.php 第 410 行.
NOTIC: [8] Undefined index: getAccessTokenUrl C:\app\wamp\www\a4php\func\wechat\wechat.php 第 417 行.

[ 2016-06-17T10:54:48+08:00 ] 127.0.0.1 /bs.php/wechat/index/bindWechat.html
INFO: [ app_init ] --START--
INFO: Run Behavior\BuildLiteBehavior [ RunTime:0.000045s ]
INFO: [ app_init ] --END-- [ RunTime:0.001792s ]
INFO: [ app_begin ] --START--
INFO: Run Behavior\ReadHtmlCacheBehavior [ RunTime:0.001980s ]
INFO: [ app_begin ] --END-- [ RunTime:0.002174s ]
NOTIC: [8] Undefined index: appId C:\app\wamp\www\a4php\func\wechat\wechat.php 第 390 行.
NOTIC: [8] Undefined index: appSecret C:\app\wamp\www\a4php\func\wechat\wechat.php 第 395 行.
NOTIC: [8] Undefined index: accessTokenTempFilename C:\app\wamp\www\a4php\func\wechat\wechat.php 第 410 行.
NOTIC: [8] Undefined index: getAccessTokenUrl C:\app\wamp\www\a4php\func\wechat\wechat.php 第 417 行.
NOTIC: [8] Undefined index: accessTokenTempFilename C:\app\wamp\www\a4php\func\wechat\wechat.php 第 410 行.
NOTIC: [8] Undefined index: getAccessTokenUrl C:\app\wamp\www\a4php\func\wechat\wechat.php 第 417 行.
NOTIC: [8] Undefined index: getQrCodeTicketUrl C:\app\wamp\www\a4php\func\wechat\wechat.php 第 524 行.
NOTIC: [8] Undefined index: exchangeQrCodeImgUrl C:\app\wamp\www\a4php\func\wechat\wechat.php 第 450 行.
INFO: [ view_parse ] --START--
INFO: [ template_filter ] --START--
INFO: Run Behavior\ContentReplaceBehavior [ RunTime:0.000361s ]
INFO: [ template_filter ] --END-- [ RunTime:0.000589s ]
NOTIC: [8] Undefined index: Content-MD5 C:\app\wamp\www\PlugIn\ucloud\http.php 第 67 行.
NOTIC: [8] Undefined index: Content-Type C:\app\wamp\www\PlugIn\ucloud\http.php 第 67 行.
NOTIC: [8] Undefined index: Expires C:\app\wamp\www\PlugIn\ucloud\http.php 第 67 行.
INFO: Run Behavior\ParseTemplateBehavior [ RunTime:0.118438s ]
INFO: [ view_parse ] --END-- [ RunTime:0.118683s ]
INFO: [ view_filter ] --START--
INFO: Run Behavior\WriteHtmlCacheBehavior [ RunTime:0.002264s ]
INFO: [ view_filter ] --END-- [ RunTime:0.002437s ]
INFO: [ app_end ] --START--
INFO: Run Behavior\ShowPageTraceBehavior [ RunTime:0.020323s ]
INFO: [ app_end ] --END-- [ RunTime:0.020502s ]

[ 2016-06-17T11:07:12+08:00 ] 127.0.0.1 /bs.php/wechat/index/bindWechat.html
INFO: [ app_init ] --START--
INFO: Run Behavior\BuildLiteBehavior [ RunTime:0.000040s ]
INFO: [ app_init ] --END-- [ RunTime:0.001455s ]
INFO: [ app_begin ] --START--
INFO: Run Behavior\ReadHtmlCacheBehavior [ RunTime:0.002421s ]
INFO: [ app_begin ] --END-- [ RunTime:0.002631s ]
NOTIC: [8] Undefined index: exchangeQrCodeImgUrl C:\app\wamp\www\a4php\func\wechat\wechat.php 第 450 行.
INFO: [ view_parse ] --START--
INFO: [ template_filter ] --START--
INFO: Run Behavior\ContentReplaceBehavior [ RunTime:0.000237s ]
INFO: [ template_filter ] --END-- [ RunTime:0.000419s ]
NOTIC: [8] Undefined index: Content-MD5 C:\app\wamp\www\PlugIn\ucloud\http.php 第 67 行.
NOTIC: [8] Undefined index: Content-Type C:\app\wamp\www\PlugIn\ucloud\http.php 第 67 行.
NOTIC: [8] Undefined index: Expires C:\app\wamp\www\PlugIn\ucloud\http.php 第 67 行.
INFO: Run Behavior\ParseTemplateBehavior [ RunTime:0.076555s ]
INFO: [ view_parse ] --END-- [ RunTime:0.076943s ]
INFO: [ view_filter ] --START--
INFO: Run Behavior\WriteHtmlCacheBehavior [ RunTime:0.002397s ]
INFO: [ view_filter ] --END-- [ RunTime:0.002562s ]
INFO: [ app_end ] --START--
INFO: Run Behavior\ShowPageTraceBehavior [ RunTime:0.003191s ]
INFO: [ app_end ] --END-- [ RunTime:0.003363s ]

[ 2016-06-17T11:11:49+08:00 ] 127.0.0.1 /bs.php/wechat/index/bindWechat.html
INFO: [ app_init ] --START--
INFO: Run Behavior\BuildLiteBehavior [ RunTime:0.000042s ]
INFO: [ app_init ] --END-- [ RunTime:0.001539s ]
INFO: [ app_begin ] --START--
INFO: Run Behavior\ReadHtmlCacheBehavior [ RunTime:0.002722s ]
INFO: [ app_begin ] --END-- [ RunTime:0.002920s ]
NOTIC: [8] Undefined index: exchangeQrCodeImgUrl C:\app\wamp\www\a4php\func\wechat\wechat.php 第 450 行.
INFO: [ view_parse ] --START--
INFO: [ template_filter ] --START--
INFO: Run Behavior\ContentReplaceBehavior [ RunTime:0.000233s ]
INFO: [ template_filter ] --END-- [ RunTime:0.000420s ]
NOTIC: [8] Undefined index: Content-MD5 C:\app\wamp\www\PlugIn\ucloud\http.php 第 67 行.
NOTIC: [8] Undefined index: Content-Type C:\app\wamp\www\PlugIn\ucloud\http.php 第 67 行.
NOTIC: [8] Undefined index: Expires C:\app\wamp\www\PlugIn\ucloud\http.php 第 67 行.
INFO: Run Behavior\ParseTemplateBehavior [ RunTime:0.050527s ]
INFO: [ view_parse ] --END-- [ RunTime:0.050810s ]
INFO: [ view_filter ] --START--
INFO: Run Behavior\WriteHtmlCacheBehavior [ RunTime:0.002255s ]
INFO: [ view_filter ] --END-- [ RunTime:0.002460s ]
INFO: [ app_end ] --START--
INFO: Run Behavior\ShowPageTraceBehavior [ RunTime:0.002124s ]
INFO: [ app_end ] --END-- [ RunTime:0.002294s ]

[ 2016-06-17T11:13:53+08:00 ] 127.0.0.1 /bs.php/wechat/index/bindWechat.html
INFO: [ app_init ] --START--
INFO: Run Behavior\BuildLiteBehavior [ RunTime:0.000049s ]
INFO: [ app_init ] --END-- [ RunTime:0.001481s ]
INFO: [ app_begin ] --START--
INFO: Run Behavior\ReadHtmlCacheBehavior [ RunTime:0.002570s ]
INFO: [ app_begin ] --END-- [ RunTime:0.002783s ]
NOTIC: [8] Undefined index: exchangeQrCodeImgUrl C:\app\wamp\www\a4php\func\wechat\wechat.php 第 450 行.
INFO: [ view_parse ] --START--
INFO: [ template_filter ] --START--
INFO: Run Behavior\ContentReplaceBehavior [ RunTime:0.000260s ]
INFO: [ template_filter ] --END-- [ RunTime:0.000524s ]
NOTIC: [8] Undefined index: Content-MD5 C:\app\wamp\www\PlugIn\ucloud\http.php 第 67 行.
NOTIC: [8] Undefined index: Content-Type C:\app\wamp\www\PlugIn\ucloud\http.php 第 67 行.
NOTIC: [8] Undefined index: Expires C:\app\wamp\www\PlugIn\ucloud\http.php 第 67 行.
INFO: Run Behavior\ParseTemplateBehavior [ RunTime:0.082840s ]
INFO: [ view_parse ] --END-- [ RunTime:0.083049s ]
INFO: [ view_filter ] --START--
INFO: Run Behavior\WriteHtmlCacheBehavior [ RunTime:0.040001s ]
INFO: [ view_filter ] --END-- [ RunTime:0.040176s ]
INFO: [ app_end ] --START--
INFO: Run Behavior\ShowPageTraceBehavior [ RunTime:0.006945s ]
INFO: [ app_end ] --END-- [ RunTime:0.007130s ]

[ 2016-06-17T11:35:34+08:00 ] 127.0.0.1 /bs.php/wechat/index/bindWechat.html
INFO: [ app_init ] --START--
INFO: Run Behavior\BuildLiteBehavior [ RunTime:0.000041s ]
INFO: [ app_init ] --END-- [ RunTime:0.001543s ]
INFO: [ app_begin ] --START--
INFO: Run Behavior\ReadHtmlCacheBehavior [ RunTime:0.004325s ]
INFO: [ app_begin ] --END-- [ RunTime:0.004527s ]
INFO: [ view_parse ] --START--
INFO: [ template_filter ] --START--
INFO: Run Behavior\ContentReplaceBehavior [ RunTime:0.000236s ]
INFO: [ template_filter ] --END-- [ RunTime:0.000411s ]
NOTIC: [8] Undefined index: Content-MD5 C:\app\wamp\www\PlugIn\ucloud\http.php 第 67 行.
NOTIC: [8] Undefined index: Content-Type C:\app\wamp\www\PlugIn\ucloud\http.php 第 67 行.
NOTIC: [8] Undefined index: Expires C:\app\wamp\www\PlugIn\ucloud\http.php 第 67 行.
INFO: Run Behavior\ParseTemplateBehavior [ RunTime:0.058514s ]
INFO: [ view_parse ] --END-- [ RunTime:0.059324s ]
INFO: [ view_filter ] --START--
INFO: Run Behavior\WriteHtmlCacheBehavior [ RunTime:0.001896s ]
INFO: [ view_filter ] --END-- [ RunTime:0.002062s ]
INFO: [ app_end ] --START--
INFO: Run Behavior\ShowPageTraceBehavior [ RunTime:0.002530s ]
INFO: [ app_end ] --END-- [ RunTime:0.002707s ]

