[ 2016-06-13T16:14:16+08:00 ] 127.0.0.1 /bs.php/wechat/index/bindWechat.html
INFO: [ app_init ] --START--
INFO: Run Behavior\BuildLiteBehavior [ RunTime:0.000020s ]
INFO: [ app_init ] --END-- [ RunTime:0.000525s ]
INFO: [ app_begin ] --START--
INFO: Run Behavior\ReadHtmlCacheBehavior [ RunTime:0.000664s ]
INFO: [ app_begin ] --END-- [ RunTime:0.000730s ]
INFO: [ view_parse ] --START--
INFO: [ template_filter ] --START--
INFO: Run Behavior\ContentReplaceBehavior [ RunTime:0.000218s ]
INFO: [ template_filter ] --END-- [ RunTime:0.000357s ]
INFO: Run Behavior\ParseTemplateBehavior [ RunTime:0.027492s ]
INFO: [ view_parse ] --END-- [ RunTime:0.027668s ]
INFO: [ view_filter ] --START--
INFO: Run Behavior\WriteHtmlCacheBehavior [ RunTime:0.001117s ]
INFO: [ view_filter ] --END-- [ RunTime:0.001227s ]
INFO: [ app_end ] --START--
INFO: Run Behavior\ShowPageTraceBehavior [ RunTime:0.001192s ]
INFO: [ app_end ] --END-- [ RunTime:0.001305s ]

[ 2016-06-13T16:14:35+08:00 ] 127.0.0.1 /bs.php/wechat/index/ajaxBindWechat.html
INFO: [ app_init ] --START--
INFO: Run Behavior\BuildLiteBehavior [ RunTime:0.000017s ]
INFO: [ app_init ] --END-- [ RunTime:0.000422s ]
INFO: [ app_begin ] --START--
INFO: Run Behavior\ReadHtmlCacheBehavior [ RunTime:0.000634s ]
INFO: [ app_begin ] --END-- [ RunTime:0.000695s ]
SQL: SHOW COLUMNS FROM `employee` [ RunTime:0.0087s ]
SQL: SELECT
employee.id,
employee.signin_name,
employee.pwd,
employee.username,
employee.tel_no,
employee.email,
employee.wechat_id,
employee.qq_id,
employee.birthday_time,
employee.e_gender,
employee.join_time,
employee.leave_time,
employee.f_employee_type_id,
employee.f_employee_status_id,
employee_type.`name` AS employee_type_name
FROM `employee`
INNER JOIN employee_type ON employee_type.id = employee.f_employee_type_id
WHERE employee.f_employee_status_id = 1
AND employee.signin_name = 'admin' [ RunTime:0.0006s ]

[ 2016-06-13T16:21:54+08:00 ] 127.0.0.1 /bs.php/wechat/index/bindWechat.html
INFO: [ app_init ] --START--
INFO: Run Behavior\BuildLiteBehavior [ RunTime:0.000018s ]
INFO: [ app_init ] --END-- [ RunTime:0.000382s ]
INFO: [ app_begin ] --START--
INFO: Run Behavior\ReadHtmlCacheBehavior [ RunTime:0.000513s ]
INFO: [ app_begin ] --END-- [ RunTime:0.000578s ]
INFO: [ view_parse ] --START--
INFO: [ template_filter ] --START--
INFO: Run Behavior\ContentReplaceBehavior [ RunTime:0.000219s ]
INFO: [ template_filter ] --END-- [ RunTime:0.000373s ]
INFO: Run Behavior\ParseTemplateBehavior [ RunTime:0.027177s ]
INFO: [ view_parse ] --END-- [ RunTime:0.027341s ]
INFO: [ view_filter ] --START--
INFO: Run Behavior\WriteHtmlCacheBehavior [ RunTime:0.000804s ]
INFO: [ view_filter ] --END-- [ RunTime:0.000910s ]
INFO: [ app_end ] --START--
INFO: Run Behavior\ShowPageTraceBehavior [ RunTime:0.001155s ]
INFO: [ app_end ] --END-- [ RunTime:0.001326s ]

[ 2016-06-13T16:22:26+08:00 ] 127.0.0.1 /bs.php/wechat/index/ajaxBindWechat.html
INFO: [ app_init ] --START--
INFO: Run Behavior\BuildLiteBehavior [ RunTime:0.000017s ]
INFO: [ app_init ] --END-- [ RunTime:0.000418s ]
INFO: [ app_begin ] --START--
INFO: Run Behavior\ReadHtmlCacheBehavior [ RunTime:0.000603s ]
INFO: [ app_begin ] --END-- [ RunTime:0.000663s ]
SQL: SHOW COLUMNS FROM `employee` [ RunTime:0.0102s ]
SQL: SELECT
employee.id,
employee.signin_name,
employee.pwd,
employee.username,
employee.tel_no,
employee.email,
employee.wechat_id,
employee.qq_id,
employee.birthday_time,
employee.e_gender,
employee.join_time,
employee.leave_time,
employee.f_employee_type_id,
employee.f_employee_status_id,
employee_type.`name` AS employee_type_name
FROM `employee`
INNER JOIN employee_type ON employee_type.id = employee.f_employee_type_id
WHERE employee.f_employee_status_id = 1
AND employee.signin_name = 'admin' [ RunTime:0.0012s ]

[ 2016-06-13T16:22:41+08:00 ] 127.0.0.1 /bs.php/wechat/index/bindWechat.html
INFO: [ app_init ] --START--
INFO: Run Behavior\BuildLiteBehavior [ RunTime:0.000019s ]
INFO: [ app_init ] --END-- [ RunTime:0.000455s ]
INFO: [ app_begin ] --START--
INFO: Run Behavior\ReadHtmlCacheBehavior [ RunTime:0.000982s ]
INFO: [ app_begin ] --END-- [ RunTime:0.001054s ]
INFO: [ view_parse ] --START--
INFO: [ template_filter ] --START--
INFO: Run Behavior\ContentReplaceBehavior [ RunTime:0.000292s ]
INFO: [ template_filter ] --END-- [ RunTime:0.000449s ]
INFO: Run Behavior\ParseTemplateBehavior [ RunTime:0.030200s ]
INFO: [ view_parse ] --END-- [ RunTime:0.030376s ]
INFO: [ view_filter ] --START--
INFO: Run Behavior\WriteHtmlCacheBehavior [ RunTime:0.000807s ]
INFO: [ view_filter ] --END-- [ RunTime:0.000923s ]
INFO: [ app_end ] --START--
INFO: Run Behavior\ShowPageTraceBehavior [ RunTime:0.001582s ]
INFO: [ app_end ] --END-- [ RunTime:0.001719s ]

