[ 2016-05-21T16:03:23+08:00 ] 127.0.0.1 /bs.php/lib/icheck/icheck.css
INFO: [ app_init ] --START--
INFO: Run Behavior\BuildLiteBehavior [ RunTime:0.000030s ]
INFO: [ app_init ] --END-- [ RunTime:0.000678s ]
ERR: 无法加载模块:Lib

[ 2016-05-21T16:03:23+08:00 ] 127.0.0.1 /bs.php/static/h-ui/css/H-ui.admin.css
INFO: [ app_init ] --START--
INFO: Run Behavior\BuildLiteBehavior [ RunTime:0.000027s ]
INFO: [ app_init ] --END-- [ RunTime:0.000665s ]
ERR: 无法加载模块:Static

[ 2016-05-21T16:03:23+08:00 ] 127.0.0.1 /bs.php/static/h-ui/skin/default/skin.css
INFO: [ app_init ] --START--
INFO: Run Behavior\BuildLiteBehavior [ RunTime:0.000033s ]
INFO: [ app_init ] --END-- [ RunTime:0.004248s ]
ERR: 无法加载模块:Static

[ 2016-05-21T16:03:23+08:00 ] 127.0.0.1 /bs.php/static/h-ui/css/H-ui.min.css
INFO: [ app_init ] --START--
INFO: Run Behavior\BuildLiteBehavior [ RunTime:0.000030s ]
INFO: [ app_init ] --END-- [ RunTime:0.000652s ]
ERR: 无法加载模块:Static

[ 2016-05-21T16:03:23+08:00 ] 127.0.0.1 /bs.php/lib/Hui-iconfont/1.0.7/iconfont.css
INFO: [ app_init ] --START--
INFO: Run Behavior\BuildLiteBehavior [ RunTime:0.000032s ]
INFO: [ app_init ] --END-- [ RunTime:0.000999s ]
ERR: 无法加载模块:Lib

[ 2016-05-21T16:03:23+08:00 ] 127.0.0.1 /bs.php/static/h-ui/css/style.css
INFO: [ app_init ] --START--
INFO: Run Behavior\BuildLiteBehavior [ RunTime:0.000031s ]
INFO: [ app_init ] --END-- [ RunTime:0.000966s ]
ERR: 无法加载模块:Static

[ 2016-05-21T16:03:23+08:00 ] 127.0.0.1 /bs.php/welcome.html
INFO: [ app_init ] --START--
INFO: Run Behavior\BuildLiteBehavior [ RunTime:0.000032s ]
INFO: [ app_init ] --END-- [ RunTime:0.000744s ]
ERR: 无法加载模块:Welcome

[ 2016-05-21T16:03:23+08:00 ] 127.0.0.1 /bs.php/lib/layer/2.1/layer.js
INFO: [ app_init ] --START--
INFO: Run Behavior\BuildLiteBehavior [ RunTime:0.000026s ]
INFO: [ app_init ] --END-- [ RunTime:0.000547s ]
ERR: 无法加载模块:Lib

[ 2016-05-21T16:03:23+08:00 ] 127.0.0.1 /bs.php/lib/jquery/1.9.1/jquery.min.js
INFO: [ app_init ] --START--
INFO: Run Behavior\BuildLiteBehavior [ RunTime:0.000030s ]
INFO: [ app_init ] --END-- [ RunTime:0.000639s ]
ERR: 无法加载模块:Lib

[ 2016-05-21T16:03:23+08:00 ] 127.0.0.1 /bs.php/static/h-ui/js/H-ui.js
INFO: [ app_init ] --START--
INFO: Run Behavior\BuildLiteBehavior [ RunTime:0.000035s ]
INFO: [ app_init ] --END-- [ RunTime:0.001553s ]
ERR: 无法加载模块:Static

[ 2016-05-21T16:03:23+08:00 ] 127.0.0.1 /bs.php/static/h-ui/js/H-ui.admin.js
INFO: [ app_init ] --START--
INFO: Run Behavior\BuildLiteBehavior [ RunTime:0.000033s ]
INFO: [ app_init ] --END-- [ RunTime:0.000729s ]
ERR: 无法加载模块:Static

[ 2016-05-21T16:05:14+08:00 ] 127.0.0.1 /bs.php/%7BW_ROOT_HUIA%7Dstatic/h-ui/skin/default/skin.css
INFO: [ app_init ] --START--
INFO: Run Behavior\BuildLiteBehavior [ RunTime:0.000031s ]
INFO: [ app_init ] --END-- [ RunTime:0.000617s ]
ERR: 无法加载模块:{W_ROOT_HUIA}static

[ 2016-05-21T16:05:14+08:00 ] 127.0.0.1 /bs.php/%7BW_ROOT_HUIA%7Dlib/icheck/icheck.css
INFO: [ app_init ] --START--
INFO: Run Behavior\BuildLiteBehavior [ RunTime:0.000029s ]
INFO: [ app_init ] --END-- [ RunTime:0.001134s ]
ERR: 无法加载模块:{W_ROOT_HUIA}lib

[ 2016-05-21T16:05:14+08:00 ] 127.0.0.1 /bs.php/%7BW_ROOT_HUIA%7Dlib/Hui-iconfont/1.0.7/iconfont.css
INFO: [ app_init ] --START--
INFO: Run Behavior\BuildLiteBehavior [ RunTime:0.000030s ]
INFO: [ app_init ] --END-- [ RunTime:0.000630s ]
ERR: 无法加载模块:{W_ROOT_HUIA}lib

[ 2016-05-21T16:05:14+08:00 ] 127.0.0.1 /bs.php/%7BW_ROOT_HUIA%7Dstatic/h-ui/css/style.css
INFO: [ app_init ] --START--
INFO: Run Behavior\BuildLiteBehavior [ RunTime:0.000073s ]
INFO: [ app_init ] --END-- [ RunTime:0.001431s ]
ERR: 无法加载模块:{W_ROOT_HUIA}static

[ 2016-05-21T16:05:14+08:00 ] 127.0.0.1 /bs.php/%7BW_ROOT_HUIA%7Dstatic/h-ui/css/H-ui.min.css
INFO: [ app_init ] --START--
INFO: Run Behavior\BuildLiteBehavior [ RunTime:0.000029s ]
INFO: [ app_init ] --END-- [ RunTime:0.000696s ]
ERR: 无法加载模块:{W_ROOT_HUIA}static

[ 2016-05-21T16:05:14+08:00 ] 127.0.0.1 /bs.php/%7BW_ROOT_HUIA%7Dstatic/h-ui/css/H-ui.admin.css
INFO: [ app_init ] --START--
INFO: Run Behavior\BuildLiteBehavior [ RunTime:0.000031s ]
INFO: [ app_init ] --END-- [ RunTime:0.001758s ]
ERR: 无法加载模块:{W_ROOT_HUIA}static

[ 2016-05-21T16:05:14+08:00 ] 127.0.0.1 /bs.php/welcome.html
INFO: [ app_init ] --START--
INFO: Run Behavior\BuildLiteBehavior [ RunTime:0.000027s ]
INFO: [ app_init ] --END-- [ RunTime:0.000600s ]
ERR: 无法加载模块:Welcome

[ 2016-05-21T16:05:14+08:00 ] 127.0.0.1 /bs.php/%7BW_ROOT_HUIA%7Dstatic/h-ui/js/H-ui.js
INFO: [ app_init ] --START--
INFO: Run Behavior\BuildLiteBehavior [ RunTime:0.000028s ]
INFO: [ app_init ] --END-- [ RunTime:0.000615s ]
ERR: 无法加载模块:{W_ROOT_HUIA}static

b

[ 2016-05-21T16:05:14+08:00 ] 127.0.0.1 /bs.php/%7BW_ROOT_HUIA%7Dlib/layer/2.1/layer.js
INFO: [ app_init ] --START--
INFO: Run Behavior\BuildLiteBehavior [ RunTime:0.000032s ]
INFO: [ app_init ] --END-- [ RunTime:0.000728s ]
ERR: 无法加载模块:{W_ROOT_HUIA}lib

tatic

[ 2016-05-21T16:05:14+08:00 ] 127.0.0.1 /bs.php/%7BW_ROOT_HUIA%7Dfavicon.ico
INFO: [ app_init ] --START--
INFO: Run Behavior\BuildLiteBehavior [ RunTime:0.000019s ]
INFO: [ app_init ] --END-- [ RunTime:0.000393s ]
ERR: 无法加载模块:{W_ROOT_HUIA}favicon

[ 2016-05-21T16:06:29+08:00 ] 127.0.0.1 /bs.php/%7BW_ROOT_HUIA%7Dstatic/h-ui/css/H-ui.min.css
INFO: [ app_init ] --START--
INFO: Run Behavior\BuildLiteBehavior [ RunTime:0.000028s ]
INFO: [ app_init ] --END-- [ RunTime:0.000600s ]
ERR: 无法加载模块:{W_ROOT_HUIA}static

[ 2016-05-21T16:06:29+08:00 ] 127.0.0.1 /bs.php/%7BW_ROOT_HUIA%7Dstatic/h-ui/css/style.css
INFO: [ app_init ] --START--
INFO: Run Behavior\BuildLiteBehavior [ RunTime:0.000036s ]
INFO: [ app_init ] --END-- [ RunTime:0.000970s ]
ERR: 无法加载模块:{W_ROOT_HUIA}static

[ 2016-05-21T16:06:29+08:00 ] 127.0.0.1 /bs.php/%7BW_ROOT_HUIA%7Dstatic/h-ui/css/H-ui.admin.css
INFO: [ app_init ] --START--
INFO: Run Behavior\BuildLiteBehavior [ RunTime:0.000048s ]
INFO: [ app_init ] --END-- [ RunTime:0.001427s ]
ERR: 无法加载模块:{W_ROOT_HUIA}static

[ 2016-05-21T16:06:29+08:00 ] 127.0.0.1 /bs.php/%7BW_ROOT_HUIA%7Dlib/icheck/icheck.css
INFO: [ app_init ] --START--
INFO: Run Behavior\BuildLiteBehavior [ RunTime:0.000063s ]
INFO: [ app_init ] --END-- [ RunTime:0.002921s ]
ERR: 无法加载模块:{W_ROOT_HUIA}lib

[ 2016-05-21T16:06:29+08:00 ] 127.0.0.1 /bs.php/%7BW_ROOT_HUIA%7Dlib/Hui-iconfont/1.0.7/iconfont.css
INFO: [ app_init ] --START--
INFO: Run Behavior\BuildLiteBehavior [ RunTime:0.000028s ]
INFO: [ app_init ] --END-- [ RunTime:0.000658s ]
ERR: 无法加载模块:{W_ROOT_HUIA}lib

[ 2016-05-21T16:06:29+08:00 ] 127.0.0.1 /bs.php/%7BW_ROOT_HUIA%7Dstatic/h-ui/skin/default/skin.css
INFO: [ app_init ] --START--
INFO: Run Behavior\BuildLiteBehavior [ RunTime:0.000032s ]
INFO: [ app_init ] --END-- [ RunTime:0.000832s ]
ERR: 无法加载模块:{W_ROOT_HUIA}static

[ 2016-05-21T16:06:29+08:00 ] 127.0.0.1 /bs.php/welcome.html
INFO: [ app_init ] --START--
INFO: Run Behavior\BuildLiteBehavior [ RunTime:0.000029s ]
INFO: [ app_init ] --END-- [ RunTime:0.000576s ]
ERR: 无法加载模块:Welcome

[ 2016-05-21T16:06:29+08:00 ] 127.0.0.1 /bs.php/%7BW_ROOT_HUIA%7Dlib/jquery/1.9.1/jquery.min.js
INFO: [ app_init ] --START--
INFO: Run Behavior\BuildLiteBehavior [ RunTime:0.000029s ]
INFO: [ app_init ] --END-- [ RunTime:0.000597s ]
ERR: 无法加载模块:{W_ROOT_HUIA}lib

[ 2016-05-21T16:06:29+08:00 ] 127.0.0.1 /bs.php/%7BW_ROOT_HUIA%7Dlib/layer/2.1/layer.js
INFO: [ app_init ] --START--
INFO: Run Behavior\BuildLiteBehavior [ RunTime:0.000029s ]
INFO: [ app_init ] --END-- [ RunTime:0.000589s ]
ERR: 无法加载模块:{W_ROOT_HUIA}lib

[ 2016-05-21T16:06:29+08:00 ] 127.0.0.1 /bs.php/%7BW_ROOT_HUIA%7Dstatic/h-ui/js/H-ui.js
INFO: [ app_init ] --START--
INFO: Run Behavior\BuildLiteBehavior [ RunTime:0.000029s ]
INFO: [ app_init ] --END-- [ RunTime:0.000534s ]
ERR: 无法加载模块:{W_ROOT_HUIA}static

[ 2016-05-21T16:06:29+08:00 ] 127.0.0.1 /bs.php/%7BW_ROOT_HUIA%7Dstatic/h-ui/js/H-ui.admin.js
INFO: [ app_init ] --START--
INFO: Run Behavior\BuildLiteBehavior [ RunTime:0.000019s ]
INFO: [ app_init ] --END-- [ RunTime:0.000385s ]
ERR: 无法加载模块:{W_ROOT_HUIA}static

[ 2016-05-21T16:07:20+08:00 ] 127.0.0.1 /bs.php/welcome.html
INFO: [ app_init ] --START--
INFO: Run Behavior\BuildLiteBehavior [ RunTime:0.000029s ]
INFO: [ app_init ] --END-- [ RunTime:0.000473s ]
ERR: 无法加载模块:Welcome

[ 2016-05-21T16:09:34+08:00 ] 127.0.0.1 /bs.php/welcome.html
INFO: [ app_init ] --START--
INFO: Run Behavior\BuildLiteBehavior [ RunTime:0.000022s ]
INFO: [ app_init ] --END-- [ RunTime:0.000535s ]
ERR: 无法加载模块:Welcome

[ 2016-05-21T16:10:26+08:00 ] 127.0.0.1 /bs.php/welcome.html
INFO: [ app_init ] --START--
INFO: Run Behavior\BuildLiteBehavior [ RunTime:0.000020s ]
INFO: [ app_init ] --END-- [ RunTime:0.000443s ]
ERR: 无法加载模块:Welcome

[ 2016-05-21T16:11:34+08:00 ] 127.0.0.1 /bs.php/welcome.html
INFO: [ app_init ] --START--
INFO: Run Behavior\BuildLiteBehavior [ RunTime:0.000032s ]
INFO: [ app_init ] --END-- [ RunTime:0.000649s ]
ERR: 无法加载模块:Welcome

[ 2016-05-21T16:15:15+08:00 ] 127.0.0.1 /bs.php/welcome.html
INFO: [ app_init ] --START--
INFO: Run Behavior\BuildLiteBehavior [ RunTime:0.000021s ]
INFO: [ app_init ] --END-- [ RunTime:0.000508s ]
ERR: 无法加载模块:Welcome

[ 2016-05-21T16:18:49+08:00 ] 127.0.0.1 /bs.php/welcome.html
INFO: [ app_init ] --START--
INFO: Run Behavior\BuildLiteBehavior [ RunTime:0.000039s ]
INFO: [ app_init ] --END-- [ RunTime:0.000730s ]
ERR: 无法加载模块:Welcome

[ 2016-05-21T16:19:20+08:00 ] 127.0.0.1 /bs.php/welcome.html
INFO: [ app_init ] --START--
INFO: Run Behavior\BuildLiteBehavior [ RunTime:0.000024s ]
INFO: [ app_init ] --END-- [ RunTime:0.000589s ]
ERR: 无法加载模块:Welcome

[ 2016-05-21T18:00:16+08:00 ] 127.0.0.1 /bs.php/welcome.html
INFO: [ app_init ] --START--
INFO: Run Behavior\BuildLiteBehavior [ RunTime:0.000041s ]
INFO: [ app_init ] --END-- [ RunTime:0.003677s ]
ERR: 无法加载模块:Welcome

[ 2016-05-21T18:02:26+08:00 ] 127.0.0.1 /bs.php/welcome.html
INFO: [ app_init ] --START--
INFO: Run Behavior\BuildLiteBehavior [ RunTime:0.000025s ]
INFO: [ app_init ] --END-- [ RunTime:0.000994s ]
ERR: 无法加载模块:Welcome

