[ 2016-06-17T08:37:44+08:00 ] 127.0.0.1 /bs.php
INFO: [ app_init ] --START--
INFO: Run Behavior\BuildLiteBehavior [ RunTime:0.000042s ]
INFO: [ app_init ] --END-- [ RunTime:0.001285s ]
INFO: [ app_begin ] --START--
INFO: Run Behavior\ReadHtmlCacheBehavior [ RunTime:0.002679s ]
INFO: [ app_begin ] --END-- [ RunTime:0.003395s ]
SQL: SHOW COLUMNS FROM `area` [ RunTime:0.0238s ]
SQL: SELECT `id` FROM `area` WHERE `name` = '北京' LIMIT 1   [ RunTime:0.0012s ]
INFO: [ view_parse ] --START--
INFO: [ template_filter ] --START--
INFO: Run Behavior\ContentReplaceBehavior [ RunTime:0.000220s ]
INFO: [ template_filter ] --END-- [ RunTime:0.000390s ]
NOTIC: [8] Undefined index: employeeInfo C:\app\wamp\www\BackworkStation\Runtime\Cache\Home\7845707409def0668184300e473d9e9a.php 第 232 行.
NOTIC: [8] Undefined index: employeeInfo C:\app\wamp\www\BackworkStation\Runtime\Cache\Home\7845707409def0668184300e473d9e9a.php 第 256 行.
NOTIC: [8] Undefined index: employeeInfo C:\app\wamp\www\BackworkStation\Runtime\Cache\Home\7845707409def0668184300e473d9e9a.php 第 385 行.
INFO: Run Behavior\ParseTemplateBehavior [ RunTime:0.079832s ]
INFO: [ view_parse ] --END-- [ RunTime:0.080041s ]
INFO: [ view_filter ] --START--
INFO: Run Behavior\WriteHtmlCacheBehavior [ RunTime:0.004626s ]
INFO: [ view_filter ] --END-- [ RunTime:0.004795s ]
INFO: [ app_end ] --START--
INFO: Run Behavior\ShowPageTraceBehavior [ RunTime:0.003074s ]
INFO: [ app_end ] --END-- [ RunTime:0.003246s ]

[ 2016-06-17T08:37:49+08:00 ] 127.0.0.1 /bs.php/home/employee/ajaxSignIn.html
INFO: [ app_init ] --START--
INFO: Run Behavior\BuildLiteBehavior [ RunTime:0.000043s ]
INFO: [ app_init ] --END-- [ RunTime:0.001852s ]
INFO: [ app_begin ] --START--
INFO: Run Behavior\ReadHtmlCacheBehavior [ RunTime:0.002518s ]
INFO: [ app_begin ] --END-- [ RunTime:0.002704s ]
SQL: SHOW COLUMNS FROM `employee` [ RunTime:0.0224s ]
SQL: SELECT
employee.id,
employee.signin_name,
employee.pwd,
employee.username,
employee.tel_no,
employee.email,
employee.wechat_id,
employee.qq_id,
employee.birthday_time,
employee.e_gender,
employee.join_time,
employee.leave_time,
employee.f_employee_type_id,
employee.f_employee_status_id,
employee_type.`name` AS employee_type_name
FROM `employee`
INNER JOIN employee_type ON employee_type.id = employee.f_employee_type_id
WHERE employee.f_employee_status_id = 1
AND employee.signin_name = 'admin' [ RunTime:0.0011s ]

[ 2016-06-17T08:37:51+08:00 ] 127.0.0.1 /bs.php
INFO: [ app_init ] --START--
INFO: Run Behavior\BuildLiteBehavior [ RunTime:0.000043s ]
INFO: [ app_init ] --END-- [ RunTime:0.001514s ]
INFO: [ app_begin ] --START--
INFO: Run Behavior\ReadHtmlCacheBehavior [ RunTime:0.002039s ]
INFO: [ app_begin ] --END-- [ RunTime:0.002236s ]
SQL: SHOW COLUMNS FROM `area` [ RunTime:0.0261s ]
SQL: SELECT `id` FROM `area` WHERE `name` = '北京' LIMIT 1   [ RunTime:0.0007s ]
INFO: [ view_parse ] --START--
INFO: [ template_filter ] --START--
INFO: Run Behavior\ContentReplaceBehavior [ RunTime:0.000261s ]
INFO: [ template_filter ] --END-- [ RunTime:0.000603s ]
NOTIC: [8] Undefined index: Content-MD5 C:\app\wamp\www\PlugIn\ucloud\http.php 第 67 行.
NOTIC: [8] Undefined index: Content-Type C:\app\wamp\www\PlugIn\ucloud\http.php 第 67 行.
NOTIC: [8] Undefined index: Expires C:\app\wamp\www\PlugIn\ucloud\http.php 第 67 行.
INFO: Run Behavior\ParseTemplateBehavior [ RunTime:0.081639s ]
INFO: [ view_parse ] --END-- [ RunTime:0.081841s ]
INFO: [ view_filter ] --START--
INFO: Run Behavior\WriteHtmlCacheBehavior [ RunTime:0.003066s ]
INFO: [ view_filter ] --END-- [ RunTime:0.003234s ]
INFO: [ app_end ] --START--
INFO: Run Behavior\ShowPageTraceBehavior [ RunTime:0.002942s ]
INFO: [ app_end ] --END-- [ RunTime:0.003112s ]

[ 2016-06-17T08:38:26+08:00 ] 127.0.0.1 /bs.php
INFO: [ app_init ] --START--
INFO: Run Behavior\BuildLiteBehavior [ RunTime:0.000042s ]
INFO: [ app_init ] --END-- [ RunTime:0.001729s ]
INFO: [ app_begin ] --START--
INFO: Run Behavior\ReadHtmlCacheBehavior [ RunTime:0.002747s ]
INFO: [ app_begin ] --END-- [ RunTime:0.003129s ]
SQL: SHOW COLUMNS FROM `area` [ RunTime:0.0337s ]
SQL: SELECT `id` FROM `area` WHERE `name` = '北京' LIMIT 1   [ RunTime:0.0008s ]
INFO: [ view_parse ] --START--
INFO: [ template_filter ] --START--
INFO: Run Behavior\ContentReplaceBehavior [ RunTime:0.000320s ]
INFO: [ template_filter ] --END-- [ RunTime:0.000499s ]
NOTIC: [8] Undefined index: Content-MD5 C:\app\wamp\www\PlugIn\ucloud\http.php 第 67 行.
NOTIC: [8] Undefined index: Content-Type C:\app\wamp\www\PlugIn\ucloud\http.php 第 67 行.
NOTIC: [8] Undefined index: Expires C:\app\wamp\www\PlugIn\ucloud\http.php 第 67 行.
INFO: Run Behavior\ParseTemplateBehavior [ RunTime:0.070179s ]
INFO: [ view_parse ] --END-- [ RunTime:0.071142s ]
INFO: [ view_filter ] --START--
INFO: Run Behavior\WriteHtmlCacheBehavior [ RunTime:0.038591s ]
INFO: [ view_filter ] --END-- [ RunTime:0.038761s ]
INFO: [ app_end ] --START--
INFO: Run Behavior\ShowPageTraceBehavior [ RunTime:0.004981s ]
INFO: [ app_end ] --END-- [ RunTime:0.005163s ]

[ 2016-06-17T08:59:40+08:00 ] 127.0.0.1 /bs.php
INFO: [ app_init ] --START--
INFO: Run Behavior\BuildLiteBehavior [ RunTime:0.000042s ]
INFO: [ app_init ] --END-- [ RunTime:0.009863s ]
INFO: [ app_begin ] --START--
INFO: Run Behavior\ReadHtmlCacheBehavior [ RunTime:0.013888s ]
INFO: [ app_begin ] --END-- [ RunTime:0.014116s ]
SQL: SHOW COLUMNS FROM `area` [ RunTime:0.0427s ]
SQL: SELECT `id` FROM `area` WHERE `name` = '北京' LIMIT 1   [ RunTime:0.0010s ]
INFO: [ view_parse ] --START--
INFO: [ template_filter ] --START--
INFO: Run Behavior\ContentReplaceBehavior [ RunTime:0.000309s ]
INFO: [ template_filter ] --END-- [ RunTime:0.000514s ]
NOTIC: [8] Undefined index: Content-MD5 C:\app\wamp\www\PlugIn\ucloud\http.php 第 67 行.
NOTIC: [8] Undefined index: Content-Type C:\app\wamp\www\PlugIn\ucloud\http.php 第 67 行.
NOTIC: [8] Undefined index: Expires C:\app\wamp\www\PlugIn\ucloud\http.php 第 67 行.
INFO: Run Behavior\ParseTemplateBehavior [ RunTime:0.111872s ]
INFO: [ view_parse ] --END-- [ RunTime:0.112101s ]
INFO: [ view_filter ] --START--
INFO: Run Behavior\WriteHtmlCacheBehavior [ RunTime:0.015172s ]
INFO: [ view_filter ] --END-- [ RunTime:0.015337s ]
INFO: [ app_end ] --START--
INFO: Run Behavior\ShowPageTraceBehavior [ RunTime:0.006805s ]
INFO: [ app_end ] --END-- [ RunTime:0.006976s ]

[ 2016-06-17T08:59:51+08:00 ] 127.0.0.1 /bs.php
INFO: [ app_init ] --START--
INFO: Run Behavior\BuildLiteBehavior [ RunTime:0.000041s ]
INFO: [ app_init ] --END-- [ RunTime:0.001734s ]
INFO: [ app_begin ] --START--
INFO: Run Behavior\ReadHtmlCacheBehavior [ RunTime:0.005418s ]
INFO: [ app_begin ] --END-- [ RunTime:0.005935s ]
SQL: SHOW COLUMNS FROM `area` [ RunTime:0.1113s ]
SQL: SELECT `id` FROM `area` WHERE `name` = '北京' LIMIT 1   [ RunTime:0.0008s ]
INFO: [ view_parse ] --START--
INFO: [ template_filter ] --START--
INFO: Run Behavior\ContentReplaceBehavior [ RunTime:0.000238s ]
INFO: [ template_filter ] --END-- [ RunTime:0.000412s ]
NOTIC: [8] Undefined index: Content-MD5 C:\app\wamp\www\PlugIn\ucloud\http.php 第 67 行.
NOTIC: [8] Undefined index: Content-Type C:\app\wamp\www\PlugIn\ucloud\http.php 第 67 行.
NOTIC: [8] Undefined index: Expires C:\app\wamp\www\PlugIn\ucloud\http.php 第 67 行.
INFO: Run Behavior\ParseTemplateBehavior [ RunTime:0.054982s ]
INFO: [ view_parse ] --END-- [ RunTime:0.055190s ]
INFO: [ view_filter ] --START--
INFO: Run Behavior\WriteHtmlCacheBehavior [ RunTime:0.003126s ]
INFO: [ view_filter ] --END-- [ RunTime:0.003293s ]
INFO: [ app_end ] --START--
INFO: Run Behavior\ShowPageTraceBehavior [ RunTime:0.005107s ]
INFO: [ app_end ] --END-- [ RunTime:0.005398s ]

[ 2016-06-17T09:05:41+08:00 ] 127.0.0.1 /bs.php
INFO: [ app_init ] --START--
INFO: Run Behavior\BuildLiteBehavior [ RunTime:0.000043s ]
INFO: [ app_init ] --END-- [ RunTime:0.003804s ]
INFO: [ app_begin ] --START--
INFO: Run Behavior\ReadHtmlCacheBehavior [ RunTime:0.002846s ]
INFO: [ app_begin ] --END-- [ RunTime:0.003054s ]
SQL: SHOW COLUMNS FROM `area` [ RunTime:0.0254s ]
SQL: SELECT `id` FROM `area` WHERE `name` = '北京' LIMIT 1   [ RunTime:0.0010s ]
INFO: [ view_parse ] --START--
INFO: [ template_filter ] --START--
INFO: Run Behavior\ContentReplaceBehavior [ RunTime:0.000234s ]
INFO: [ template_filter ] --END-- [ RunTime:0.000406s ]
NOTIC: [8] Undefined index: Content-MD5 C:\app\wamp\www\PlugIn\ucloud\http.php 第 67 行.
NOTIC: [8] Undefined index: Content-Type C:\app\wamp\www\PlugIn\ucloud\http.php 第 67 行.
NOTIC: [8] Undefined index: Expires C:\app\wamp\www\PlugIn\ucloud\http.php 第 67 行.
INFO: Run Behavior\ParseTemplateBehavior [ RunTime:0.049321s ]
INFO: [ view_parse ] --END-- [ RunTime:0.049502s ]
INFO: [ view_filter ] --START--
INFO: Run Behavior\WriteHtmlCacheBehavior [ RunTime:0.002332s ]
INFO: [ view_filter ] --END-- [ RunTime:0.002490s ]
INFO: [ app_end ] --START--
INFO: Run Behavior\ShowPageTraceBehavior [ RunTime:0.003137s ]
INFO: [ app_end ] --END-- [ RunTime:0.003307s ]

[ 2016-06-17T10:52:56+08:00 ] 127.0.0.1 /bs.php
INFO: [ app_init ] --START--
INFO: Run Behavior\BuildLiteBehavior [ RunTime:0.000053s ]
INFO: [ app_init ] --END-- [ RunTime:0.051626s ]
INFO: [ app_begin ] --START--
INFO: Run Behavior\ReadHtmlCacheBehavior [ RunTime:0.010570s ]
INFO: [ app_begin ] --END-- [ RunTime:0.010792s ]

[ 2016-06-17T10:53:15+08:00 ] 127.0.0.1 /bs.php
INFO: [ app_init ] --START--
INFO: Run Behavior\BuildLiteBehavior [ RunTime:0.000043s ]
INFO: [ app_init ] --END-- [ RunTime:0.003187s ]
INFO: [ app_begin ] --START--
INFO: Run Behavior\ReadHtmlCacheBehavior [ RunTime:0.001754s ]
INFO: [ app_begin ] --END-- [ RunTime:0.001951s ]
SQL: SHOW COLUMNS FROM `area` [ RunTime:0.0712s ]
SQL: SELECT `id` FROM `area` WHERE `name` = '北京' LIMIT 1   [ RunTime:0.0017s ]
INFO: [ view_parse ] --START--
INFO: [ template_filter ] --START--
INFO: Run Behavior\ContentReplaceBehavior [ RunTime:0.000236s ]
INFO: [ template_filter ] --END-- [ RunTime:0.000406s ]
NOTIC: [8] Undefined index: employeeInfo C:\app\wamp\www\BackworkStation\Runtime\Cache\Home\7845707409def0668184300e473d9e9a.php 第 232 行.
NOTIC: [8] Undefined index: employeeInfo C:\app\wamp\www\BackworkStation\Runtime\Cache\Home\7845707409def0668184300e473d9e9a.php 第 256 行.
NOTIC: [8] Undefined index: employeeInfo C:\app\wamp\www\BackworkStation\Runtime\Cache\Home\7845707409def0668184300e473d9e9a.php 第 403 行.
INFO: Run Behavior\ParseTemplateBehavior [ RunTime:0.140588s ]
INFO: [ view_parse ] --END-- [ RunTime:0.140861s ]
INFO: [ view_filter ] --START--
INFO: Run Behavior\WriteHtmlCacheBehavior [ RunTime:0.011694s ]
INFO: [ view_filter ] --END-- [ RunTime:0.011863s ]
INFO: [ app_end ] --START--
INFO: Run Behavior\ShowPageTraceBehavior [ RunTime:0.009911s ]
INFO: [ app_end ] --END-- [ RunTime:0.010520s ]

[ 2016-06-17T10:53:27+08:00 ] 127.0.0.1 /bs.php/home/employee/ajaxSignIn.html
INFO: [ app_init ] --START--
INFO: Run Behavior\BuildLiteBehavior [ RunTime:0.000040s ]
INFO: [ app_init ] --END-- [ RunTime:0.001357s ]
INFO: [ app_begin ] --START--
INFO: Run Behavior\ReadHtmlCacheBehavior [ RunTime:0.002201s ]
INFO: [ app_begin ] --END-- [ RunTime:0.002391s ]
SQL: SHOW COLUMNS FROM `employee` [ RunTime:0.0284s ]
SQL: SELECT
employee.id,
employee.signin_name,
employee.pwd,
employee.username,
employee.tel_no,
employee.email,
employee.wechat_id,
employee.qq_id,
employee.birthday_time,
employee.e_gender,
employee.join_time,
employee.leave_time,
employee.f_employee_type_id,
employee.f_employee_status_id,
employee_type.`name` AS employee_type_name
FROM `employee`
INNER JOIN employee_type ON employee_type.id = employee.f_employee_type_id
WHERE employee.f_employee_status_id = 1
AND employee.signin_name = 'admin' [ RunTime:0.0644s ]

[ 2016-06-17T10:53:28+08:00 ] 127.0.0.1 /bs.php
INFO: [ app_init ] --START--
INFO: Run Behavior\BuildLiteBehavior [ RunTime:0.000058s ]
INFO: [ app_init ] --END-- [ RunTime:0.001889s ]
INFO: [ app_begin ] --START--
INFO: Run Behavior\ReadHtmlCacheBehavior [ RunTime:0.002023s ]
INFO: [ app_begin ] --END-- [ RunTime:0.002212s ]
SQL: SHOW COLUMNS FROM `area` [ RunTime:0.0197s ]
SQL: SELECT `id` FROM `area` WHERE `name` = '北京' LIMIT 1   [ RunTime:0.0008s ]
INFO: [ view_parse ] --START--
INFO: [ template_filter ] --START--
INFO: Run Behavior\ContentReplaceBehavior [ RunTime:0.000309s ]
INFO: [ template_filter ] --END-- [ RunTime:0.000488s ]
NOTIC: [8] Undefined index: Content-MD5 C:\app\wamp\www\PlugIn\ucloud\http.php 第 67 行.
NOTIC: [8] Undefined index: Content-Type C:\app\wamp\www\PlugIn\ucloud\http.php 第 67 行.
NOTIC: [8] Undefined index: Expires C:\app\wamp\www\PlugIn\ucloud\http.php 第 67 行.
INFO: Run Behavior\ParseTemplateBehavior [ RunTime:0.076100s ]
INFO: [ view_parse ] --END-- [ RunTime:0.076302s ]
INFO: [ view_filter ] --START--
INFO: Run Behavior\WriteHtmlCacheBehavior [ RunTime:0.002393s ]
INFO: [ view_filter ] --END-- [ RunTime:0.002570s ]
INFO: [ app_end ] --START--
INFO: Run Behavior\ShowPageTraceBehavior [ RunTime:0.002876s ]
INFO: [ app_end ] --END-- [ RunTime:0.003061s ]

[ 2016-06-17T10:54:45+08:00 ] 127.0.0.1 /bs.php
INFO: [ app_init ] --START--
INFO: Run Behavior\BuildLiteBehavior [ RunTime:0.000041s ]
INFO: [ app_init ] --END-- [ RunTime:0.006002s ]
INFO: [ app_begin ] --START--
INFO: Run Behavior\ReadHtmlCacheBehavior [ RunTime:0.002341s ]
INFO: [ app_begin ] --END-- [ RunTime:0.002548s ]
SQL: SHOW COLUMNS FROM `area` [ RunTime:0.0774s ]
SQL: SELECT `id` FROM `area` WHERE `name` = '北京' LIMIT 1   [ RunTime:0.0007s ]
INFO: [ view_parse ] --START--
INFO: [ template_filter ] --START--
INFO: Run Behavior\ContentReplaceBehavior [ RunTime:0.000248s ]
INFO: [ template_filter ] --END-- [ RunTime:0.000469s ]
NOTIC: [8] Undefined index: Content-MD5 C:\app\wamp\www\PlugIn\ucloud\http.php 第 67 行.
NOTIC: [8] Undefined index: Content-Type C:\app\wamp\www\PlugIn\ucloud\http.php 第 67 行.
NOTIC: [8] Undefined index: Expires C:\app\wamp\www\PlugIn\ucloud\http.php 第 67 行.
INFO: Run Behavior\ParseTemplateBehavior [ RunTime:0.059887s ]
INFO: [ view_parse ] --END-- [ RunTime:0.060072s ]
INFO: [ view_filter ] --START--
INFO: Run Behavior\WriteHtmlCacheBehavior [ RunTime:0.002167s ]
INFO: [ view_filter ] --END-- [ RunTime:0.002349s ]
INFO: [ app_end ] --START--
INFO: Run Behavior\ShowPageTraceBehavior [ RunTime:0.004714s ]
INFO: [ app_end ] --END-- [ RunTime:0.004891s ]

