[ 2016-06-01T15:58:53+08:00 ] 127.0.0.1 /bs.php
INFO: [ app_init ] --START--
INFO: Run Behavior\BuildLiteBehavior [ RunTime:0.000024s ]
INFO: [ app_init ] --END-- [ RunTime:0.000589s ]
INFO: [ app_begin ] --START--
INFO: Run Behavior\ReadHtmlCacheBehavior [ RunTime:0.001049s ]
INFO: [ app_begin ] --END-- [ RunTime:0.001170s ]
INFO: [ view_parse ] --START--
INFO: [ template_filter ] --START--
INFO: Run Behavior\ContentReplaceBehavior [ RunTime:0.000129s ]
INFO: [ template_filter ] --END-- [ RunTime:0.000230s ]
NOTIC: [8] Undefined index: emp E:\wamp\www\BackworkStation\Runtime\Cache\Home\7845707409def0668184300e473d9e9a.php 第 281 行.
NOTIC: [8] Undefined index: emp E:\wamp\www\BackworkStation\Runtime\Cache\Home\7845707409def0668184300e473d9e9a.php 第 305 行.
NOTIC: [8] Undefined index: emp E:\wamp\www\BackworkStation\Runtime\Cache\Home\7845707409def0668184300e473d9e9a.php 第 429 行.
INFO: Run Behavior\ParseTemplateBehavior [ RunTime:0.022562s ]
INFO: [ view_parse ] --END-- [ RunTime:0.022727s ]
INFO: [ view_filter ] --START--
INFO: Run Behavior\WriteHtmlCacheBehavior [ RunTime:0.000369s ]
INFO: [ view_filter ] --END-- [ RunTime:0.000429s ]
INFO: [ app_end ] --START--
INFO: Run Behavior\ShowPageTraceBehavior [ RunTime:0.000805s ]
INFO: [ app_end ] --END-- [ RunTime:0.000876s ]

[ 2016-06-01T15:58:56+08:00 ] 127.0.0.1 /bs.php/home/employee/signup.html
INFO: [ app_init ] --START--
INFO: Run Behavior\BuildLiteBehavior [ RunTime:0.000022s ]
INFO: [ app_init ] --END-- [ RunTime:0.000513s ]
INFO: [ app_begin ] --START--
INFO: Run Behavior\ReadHtmlCacheBehavior [ RunTime:0.001413s ]
INFO: [ app_begin ] --END-- [ RunTime:0.001560s ]
SQL: SHOW COLUMNS FROM `employee_type` [ RunTime:0.0526s ]
SQL: SELECT * FROM `employee_type`  [ RunTime:0.0426s ]
INFO: [ view_parse ] --START--
INFO: [ template_filter ] --START--
INFO: Run Behavior\ContentReplaceBehavior [ RunTime:0.000128s ]
INFO: [ template_filter ] --END-- [ RunTime:0.000238s ]
NOTIC: [8] Undefined index: emp E:\wamp\www\BackworkStation\Runtime\Cache\Home\caa92eb9671b54a900ec1f6fdc97edd1.php 第 281 行.
NOTIC: [8] Undefined index: emp E:\wamp\www\BackworkStation\Runtime\Cache\Home\caa92eb9671b54a900ec1f6fdc97edd1.php 第 305 行.
INFO: Run Behavior\ParseTemplateBehavior [ RunTime:0.018018s ]
INFO: [ view_parse ] --END-- [ RunTime:0.018093s ]
INFO: [ view_filter ] --START--
INFO: Run Behavior\WriteHtmlCacheBehavior [ RunTime:0.000364s ]
INFO: [ view_filter ] --END-- [ RunTime:0.000430s ]
INFO: [ app_end ] --START--
INFO: Run Behavior\ShowPageTraceBehavior [ RunTime:0.000622s ]
INFO: [ app_end ] --END-- [ RunTime:0.000683s ]

[ 2016-06-01T16:00:57+08:00 ] 127.0.0.1 /bs.php/home/employee/signup.html
INFO: [ app_init ] --START--
INFO: Run Behavior\BuildLiteBehavior [ RunTime:0.000022s ]
INFO: [ app_init ] --END-- [ RunTime:0.000504s ]
INFO: [ app_begin ] --START--
INFO: Run Behavior\ReadHtmlCacheBehavior [ RunTime:0.000782s ]
INFO: [ app_begin ] --END-- [ RunTime:0.000877s ]
SQL: SHOW COLUMNS FROM `employee_type` [ RunTime:0.0450s ]
SQL: SELECT * FROM `employee_type`  [ RunTime:0.1135s ]
INFO: [ view_parse ] --START--
INFO: [ template_filter ] --START--
INFO: Run Behavior\ContentReplaceBehavior [ RunTime:0.000587s ]
INFO: [ template_filter ] --END-- [ RunTime:0.000769s ]
NOTIC: [8] Undefined index: emp E:\wamp\www\BackworkStation\Runtime\Cache\Home\caa92eb9671b54a900ec1f6fdc97edd1.php 第 281 行.
NOTIC: [8] Undefined index: emp E:\wamp\www\BackworkStation\Runtime\Cache\Home\caa92eb9671b54a900ec1f6fdc97edd1.php 第 305 行.
INFO: Run Behavior\ParseTemplateBehavior [ RunTime:0.023263s ]
INFO: [ view_parse ] --END-- [ RunTime:0.023423s ]
INFO: [ view_filter ] --START--
INFO: Run Behavior\WriteHtmlCacheBehavior [ RunTime:0.000742s ]
INFO: [ view_filter ] --END-- [ RunTime:0.000861s ]
INFO: [ app_end ] --START--
INFO: Run Behavior\ShowPageTraceBehavior [ RunTime:0.000918s ]
INFO: [ app_end ] --END-- [ RunTime:0.001015s ]

[ 2016-06-01T15:17:49+08:00 ] 127.0.0.1 /bs.php/home/employee/signup.html
INFO: [ app_init ] --START--
INFO: Run Behavior\BuildLiteBehavior [ RunTime:0.000029s ]
INFO: [ app_init ] --END-- [ RunTime:0.000688s ]
INFO: [ app_begin ] --START--
INFO: Run Behavior\ReadHtmlCacheBehavior [ RunTime:0.001038s ]
INFO: [ app_begin ] --END-- [ RunTime:0.001257s ]
SQL: SHOW COLUMNS FROM `employee_type` [ RunTime:0.0445s ]
SQL: SELECT * FROM `employee_type`  [ RunTime:0.0485s ]
INFO: [ view_parse ] --START--
INFO: [ template_filter ] --START--
INFO: Run Behavior\ContentReplaceBehavior [ RunTime:0.000141s ]
INFO: [ template_filter ] --END-- [ RunTime:0.000241s ]
NOTIC: [8] Undefined index: emp E:\wamp\www\BackworkStation\Runtime\Cache\Home\caa92eb9671b54a900ec1f6fdc97edd1.php 第 281 行.
NOTIC: [8] Undefined index: emp E:\wamp\www\BackworkStation\Runtime\Cache\Home\caa92eb9671b54a900ec1f6fdc97edd1.php 第 305 行.
INFO: Run Behavior\ParseTemplateBehavior [ RunTime:0.018229s ]
INFO: [ view_parse ] --END-- [ RunTime:0.018368s ]
INFO: [ view_filter ] --START--
INFO: Run Behavior\WriteHtmlCacheBehavior [ RunTime:0.000353s ]
INFO: [ view_filter ] --END-- [ RunTime:0.000423s ]
INFO: [ app_end ] --START--
INFO: Run Behavior\ShowPageTraceBehavior [ RunTime:0.000571s ]
INFO: [ app_end ] --END-- [ RunTime:0.000636s ]

[ 2016-06-01T15:17:56+08:00 ] 127.0.0.1 /bs.php/home/employee/signup.html
INFO: [ app_init ] --START--
INFO: Run Behavior\BuildLiteBehavior [ RunTime:0.000041s ]
INFO: [ app_init ] --END-- [ RunTime:0.000916s ]
INFO: [ app_begin ] --START--
INFO: Run Behavior\ReadHtmlCacheBehavior [ RunTime:0.001317s ]
INFO: [ app_begin ] --END-- [ RunTime:0.001498s ]
SQL: SHOW COLUMNS FROM `employee_type` [ RunTime:0.0716s ]
SQL: SELECT * FROM `employee_type`  [ RunTime:0.0538s ]
INFO: [ view_parse ] --START--
INFO: [ template_filter ] --START--
INFO: Run Behavior\ContentReplaceBehavior [ RunTime:0.000128s ]
INFO: [ template_filter ] --END-- [ RunTime:0.000224s ]
NOTIC: [8] Undefined index: emp E:\wamp\www\BackworkStation\Runtime\Cache\Home\caa92eb9671b54a900ec1f6fdc97edd1.php 第 281 行.
NOTIC: [8] Undefined index: emp E:\wamp\www\BackworkStation\Runtime\Cache\Home\caa92eb9671b54a900ec1f6fdc97edd1.php 第 305 行.
INFO: Run Behavior\ParseTemplateBehavior [ RunTime:0.020376s ]
INFO: [ view_parse ] --END-- [ RunTime:0.020510s ]
INFO: [ view_filter ] --START--
INFO: Run Behavior\WriteHtmlCacheBehavior [ RunTime:0.000410s ]
INFO: [ view_filter ] --END-- [ RunTime:0.000470s ]
INFO: [ app_end ] --START--
INFO: Run Behavior\ShowPageTraceBehavior [ RunTime:0.000651s ]
INFO: [ app_end ] --END-- [ RunTime:0.000716s ]

[ 2016-06-01T15:19:27+08:00 ] 127.0.0.1 /bs.php/home/employee/ajaxSignUp.html
INFO: [ app_init ] --START--
INFO: Run Behavior\BuildLiteBehavior [ RunTime:0.000136s ]
INFO: [ app_init ] --END-- [ RunTime:0.000823s ]
INFO: [ app_begin ] --START--
INFO: Run Behavior\ReadHtmlCacheBehavior [ RunTime:0.000917s ]
INFO: [ app_begin ] --END-- [ RunTime:0.001057s ]

[ 2016-06-01T15:20:05+08:00 ] 127.0.0.1 /bs.php/home/employee/ajaxSignUp.html
INFO: [ app_init ] --START--
INFO: Run Behavior\BuildLiteBehavior [ RunTime:0.000045s ]
INFO: [ app_init ] --END-- [ RunTime:0.000670s ]
INFO: [ app_begin ] --START--
INFO: Run Behavior\ReadHtmlCacheBehavior [ RunTime:0.000900s ]
INFO: [ app_begin ] --END-- [ RunTime:0.001035s ]

[ 2016-06-01T15:20:10+08:00 ] 127.0.0.1 /bs.php/home/employee/ajaxSignUp.html
INFO: [ app_init ] --START--
INFO: Run Behavior\BuildLiteBehavior [ RunTime:0.000023s ]
INFO: [ app_init ] --END-- [ RunTime:0.000581s ]
INFO: [ app_begin ] --START--
INFO: Run Behavior\ReadHtmlCacheBehavior [ RunTime:0.000617s ]
INFO: [ app_begin ] --END-- [ RunTime:0.000694s ]

[ 2016-06-01T15:20:13+08:00 ] 127.0.0.1 /bs.php/home/employee/ajaxSignUp.html
INFO: [ app_init ] --START--
INFO: Run Behavior\BuildLiteBehavior [ RunTime:0.000032s ]
INFO: [ app_init ] --END-- [ RunTime:0.000710s ]
INFO: [ app_begin ] --START--
INFO: Run Behavior\ReadHtmlCacheBehavior [ RunTime:0.001083s ]
INFO: [ app_begin ] --END-- [ RunTime:0.001239s ]

[ 2016-06-01T15:20:52+08:00 ] 127.0.0.1 /bs.php/home/employee/ajaxSignUp.html
INFO: [ app_init ] --START--
INFO: Run Behavior\BuildLiteBehavior [ RunTime:0.000030s ]
INFO: [ app_init ] --END-- [ RunTime:0.000743s ]
INFO: [ app_begin ] --START--
INFO: Run Behavior\ReadHtmlCacheBehavior [ RunTime:0.000866s ]
INFO: [ app_begin ] --END-- [ RunTime:0.000963s ]

[ 2016-06-01T15:20:54+08:00 ] 127.0.0.1 /bs.php/home/employee/ajaxSignUp.html
INFO: [ app_init ] --START--
INFO: Run Behavior\BuildLiteBehavior [ RunTime:0.000035s ]
INFO: [ app_init ] --END-- [ RunTime:0.000718s ]
INFO: [ app_begin ] --START--
INFO: Run Behavior\ReadHtmlCacheBehavior [ RunTime:0.000974s ]
INFO: [ app_begin ] --END-- [ RunTime:0.001097s ]

[ 2016-06-01T15:21:05+08:00 ] 127.0.0.1 /bs.php/home/employee/ajaxSignUp.html
INFO: [ app_init ] --START--
INFO: Run Behavior\BuildLiteBehavior [ RunTime:0.000031s ]
INFO: [ app_init ] --END-- [ RunTime:0.000712s ]
INFO: [ app_begin ] --START--
INFO: Run Behavior\ReadHtmlCacheBehavior [ RunTime:0.000896s ]
INFO: [ app_begin ] --END-- [ RunTime:0.001026s ]

[ 2016-06-01T15:28:38+08:00 ] 127.0.0.1 /bs.php/home/employee/ajaxSignUp.html
INFO: [ app_init ] --START--
INFO: Run Behavior\BuildLiteBehavior [ RunTime:0.000035s ]
INFO: [ app_init ] --END-- [ RunTime:0.000674s ]
INFO: [ app_begin ] --START--
INFO: Run Behavior\ReadHtmlCacheBehavior [ RunTime:0.000954s ]
INFO: [ app_begin ] --END-- [ RunTime:0.001115s ]

[ 2016-06-01T15:28:51+08:00 ] 127.0.0.1 /bs.php/home/employee/ajaxSignUp.html
INFO: [ app_init ] --START--
INFO: Run Behavior\BuildLiteBehavior [ RunTime:0.000031s ]
INFO: [ app_init ] --END-- [ RunTime:0.000656s ]
INFO: [ app_begin ] --START--
INFO: Run Behavior\ReadHtmlCacheBehavior [ RunTime:0.000585s ]
INFO: [ app_begin ] --END-- [ RunTime:0.000662s ]

[ 2016-06-01T15:28:55+08:00 ] 127.0.0.1 /bs.php/home/employee/ajaxSignUp.html
INFO: [ app_init ] --START--
INFO: Run Behavior\BuildLiteBehavior [ RunTime:0.000033s ]
INFO: [ app_init ] --END-- [ RunTime:0.000651s ]
INFO: [ app_begin ] --START--
INFO: Run Behavior\ReadHtmlCacheBehavior [ RunTime:0.001044s ]
INFO: [ app_begin ] --END-- [ RunTime:0.001191s ]

[ 2016-06-01T15:29:07+08:00 ] 127.0.0.1 /bs.php/home/employee/ajaxSignUp.html
INFO: [ app_init ] --START--
INFO: Run Behavior\BuildLiteBehavior [ RunTime:0.000032s ]
INFO: [ app_init ] --END-- [ RunTime:0.001256s ]
INFO: [ app_begin ] --START--
INFO: Run Behavior\ReadHtmlCacheBehavior [ RunTime:0.000945s ]
INFO: [ app_begin ] --END-- [ RunTime:0.001066s ]

[ 2016-06-01T15:29:10+08:00 ] 127.0.0.1 /bs.php/home/employee/signup.html
INFO: [ app_init ] --START--
INFO: Run Behavior\BuildLiteBehavior [ RunTime:0.000026s ]
INFO: [ app_init ] --END-- [ RunTime:0.000435s ]
INFO: [ app_begin ] --START--
INFO: Run Behavior\ReadHtmlCacheBehavior [ RunTime:0.000549s ]
INFO: [ app_begin ] --END-- [ RunTime:0.000636s ]
SQL: SHOW COLUMNS FROM `employee_type` [ RunTime:0.0435s ]
SQL: SELECT * FROM `employee_type`  [ RunTime:0.0429s ]
INFO: [ view_parse ] --START--
INFO: [ template_filter ] --START--
INFO: Run Behavior\ContentReplaceBehavior [ RunTime:0.000126s ]
INFO: [ template_filter ] --END-- [ RunTime:0.000217s ]
NOTIC: [8] Undefined index: emp E:\wamp\www\BackworkStation\Runtime\Cache\Home\caa92eb9671b54a900ec1f6fdc97edd1.php 第 281 行.
NOTIC: [8] Undefined index: emp E:\wamp\www\BackworkStation\Runtime\Cache\Home\caa92eb9671b54a900ec1f6fdc97edd1.php 第 305 行.
INFO: Run Behavior\ParseTemplateBehavior [ RunTime:0.013976s ]
INFO: [ view_parse ] --END-- [ RunTime:0.014201s ]
INFO: [ view_filter ] --START--
INFO: Run Behavior\WriteHtmlCacheBehavior [ RunTime:0.000315s ]
INFO: [ view_filter ] --END-- [ RunTime:0.000374s ]
INFO: [ app_end ] --START--
INFO: Run Behavior\ShowPageTraceBehavior [ RunTime:0.000533s ]
INFO: [ app_end ] --END-- [ RunTime:0.000629s ]

[ 2016-06-01T15:29:10+08:00 ] 127.0.0.1 /bs.php/home/employee/signup.html
INFO: [ app_init ] --START--
INFO: Run Behavior\BuildLiteBehavior [ RunTime:0.000022s ]
INFO: [ app_init ] --END-- [ RunTime:0.000445s ]
INFO: [ app_begin ] --START--
INFO: Run Behavior\ReadHtmlCacheBehavior [ RunTime:0.000572s ]
INFO: [ app_begin ] --END-- [ RunTime:0.000662s ]
SQL: SHOW COLUMNS FROM `employee_type` [ RunTime:0.0440s ]
SQL: SELECT * FROM `employee_type`  [ RunTime:0.0431s ]
INFO: [ view_parse ] --START--
INFO: [ template_filter ] --START--
INFO: Run Behavior\ContentReplaceBehavior [ RunTime:0.000129s ]
INFO: [ template_filter ] --END-- [ RunTime:0.000252s ]
NOTIC: [8] Undefined index: emp E:\wamp\www\BackworkStation\Runtime\Cache\Home\caa92eb9671b54a900ec1f6fdc97edd1.php 第 281 行.
NOTIC: [8] Undefined index: emp E:\wamp\www\BackworkStation\Runtime\Cache\Home\caa92eb9671b54a900ec1f6fdc97edd1.php 第 305 行.
INFO: Run Behavior\ParseTemplateBehavior [ RunTime:0.013526s ]
INFO: [ view_parse ] --END-- [ RunTime:0.013616s ]
INFO: [ view_filter ] --START--
INFO: Run Behavior\WriteHtmlCacheBehavior [ RunTime:0.000263s ]
INFO: [ view_filter ] --END-- [ RunTime:0.000321s ]
INFO: [ app_end ] --START--
INFO: Run Behavior\ShowPageTraceBehavior [ RunTime:0.000543s ]
INFO: [ app_end ] --END-- [ RunTime:0.000604s ]

[ 2016-06-01T15:13:49+08:00 ] 127.0.0.1 /bs.php
INFO: [ app_init ] --START--
INFO: Run Behavior\BuildLiteBehavior [ RunTime:0.000024s ]
INFO: [ app_init ] --END-- [ RunTime:0.001214s ]
INFO: [ app_begin ] --START--
INFO: Run Behavior\ReadHtmlCacheBehavior [ RunTime:0.001034s ]
INFO: [ app_begin ] --END-- [ RunTime:0.001115s ]
INFO: [ view_parse ] --START--
INFO: [ template_filter ] --START--
INFO: Run Behavior\ContentReplaceBehavior [ RunTime:0.000246s ]
INFO: [ template_filter ] --END-- [ RunTime:0.000392s ]
NOTIC: [8] Undefined index: emp E:\wamp\www\BackworkStation\Runtime\Cache\Home\7845707409def0668184300e473d9e9a.php 第 281 行.
NOTIC: [8] Undefined index: emp E:\wamp\www\BackworkStation\Runtime\Cache\Home\7845707409def0668184300e473d9e9a.php 第 305 行.
NOTIC: [8] Undefined index: emp E:\wamp\www\BackworkStation\Runtime\Cache\Home\7845707409def0668184300e473d9e9a.php 第 429 行.
INFO: Run Behavior\ParseTemplateBehavior [ RunTime:0.028489s ]
INFO: [ view_parse ] --END-- [ RunTime:0.028632s ]
INFO: [ view_filter ] --START--
INFO: Run Behavior\WriteHtmlCacheBehavior [ RunTime:0.001078s ]
INFO: [ view_filter ] --END-- [ RunTime:0.001223s ]
INFO: [ app_end ] --START--
INFO: Run Behavior\ShowPageTraceBehavior [ RunTime:0.001850s ]
INFO: [ app_end ] --END-- [ RunTime:0.001973s ]

[ 2016-06-01T15:13:58+08:00 ] 127.0.0.1 /bs.php/home/employee/signup.html
INFO: [ app_init ] --START--
INFO: Run Behavior\BuildLiteBehavior [ RunTime:0.000021s ]
INFO: [ app_init ] --END-- [ RunTime:0.000515s ]
INFO: [ app_begin ] --START--
INFO: Run Behavior\ReadHtmlCacheBehavior [ RunTime:0.000930s ]
INFO: [ app_begin ] --END-- [ RunTime:0.001006s ]
SQL: SHOW COLUMNS FROM `employee_type` [ RunTime:0.1865s ]
SQL: SELECT * FROM `employee_type`  [ RunTime:0.0952s ]
INFO: [ view_parse ] --START--
INFO: [ template_filter ] --START--
INFO: Run Behavior\ContentReplaceBehavior [ RunTime:0.000182s ]
INFO: [ template_filter ] --END-- [ RunTime:0.000310s ]
NOTIC: [8] Undefined index: emp E:\wamp\www\BackworkStation\Runtime\Cache\Home\caa92eb9671b54a900ec1f6fdc97edd1.php 第 281 行.
NOTIC: [8] Undefined index: emp E:\wamp\www\BackworkStation\Runtime\Cache\Home\caa92eb9671b54a900ec1f6fdc97edd1.php 第 305 行.
INFO: Run Behavior\ParseTemplateBehavior [ RunTime:0.030145s ]
INFO: [ view_parse ] --END-- [ RunTime:0.030257s ]
INFO: [ view_filter ] --START--
INFO: Run Behavior\WriteHtmlCacheBehavior [ RunTime:0.000538s ]
INFO: [ view_filter ] --END-- [ RunTime:0.000624s ]
INFO: [ app_end ] --START--
INFO: Run Behavior\ShowPageTraceBehavior [ RunTime:0.002504s ]
INFO: [ app_end ] --END-- [ RunTime:0.002648s ]

[ 2016-06-01T15:13:59+08:00 ] 127.0.0.1 /bs.php/home/employee/signup.html
INFO: [ app_init ] --START--
INFO: Run Behavior\BuildLiteBehavior [ RunTime:0.000031s ]
INFO: [ app_init ] --END-- [ RunTime:0.000841s ]
INFO: [ app_begin ] --START--
INFO: Run Behavior\ReadHtmlCacheBehavior [ RunTime:0.001642s ]
INFO: [ app_begin ] --END-- [ RunTime:0.001825s ]
SQL: SHOW COLUMNS FROM `employee_type` [ RunTime:0.0935s ]
SQL: SELECT * FROM `employee_type`  [ RunTime:0.0750s ]
INFO: [ view_parse ] --START--
INFO: [ template_filter ] --START--
INFO: Run Behavior\ContentReplaceBehavior [ RunTime:0.000126s ]
INFO: [ template_filter ] --END-- [ RunTime:0.001478s ]
NOTIC: [8] Undefined index: emp E:\wamp\www\BackworkStation\Runtime\Cache\Home\caa92eb9671b54a900ec1f6fdc97edd1.php 第 281 行.
NOTIC: [8] Undefined index: emp E:\wamp\www\BackworkStation\Runtime\Cache\Home\caa92eb9671b54a900ec1f6fdc97edd1.php 第 305 行.
INFO: Run Behavior\ParseTemplateBehavior [ RunTime:0.025891s ]
INFO: [ view_parse ] --END-- [ RunTime:0.025992s ]
INFO: [ view_filter ] --START--
INFO: Run Behavior\WriteHtmlCacheBehavior [ RunTime:0.000747s ]
INFO: [ view_filter ] --END-- [ RunTime:0.000808s ]
INFO: [ app_end ] --START--
INFO: Run Behavior\ShowPageTraceBehavior [ RunTime:0.000723s ]
INFO: [ app_end ] --END-- [ RunTime:0.000784s ]

[ 2016-06-01T17:23:27+08:00 ] 127.0.0.1 /bs.php/home/employee/ajaxSignUp.html
INFO: [ app_init ] --START--
INFO: Run Behavior\BuildLiteBehavior [ RunTime:0.000031s ]
INFO: [ app_init ] --END-- [ RunTime:0.000882s ]
INFO: [ app_begin ] --START--
INFO: Run Behavior\ReadHtmlCacheBehavior [ RunTime:0.000739s ]
INFO: [ app_begin ] --END-- [ RunTime:0.000826s ]

[ 2016-06-01T17:25:09+08:00 ] 127.0.0.1 /bs.php/home/employee/ajaxSignUp.html
INFO: [ app_init ] --START--
INFO: Run Behavior\BuildLiteBehavior [ RunTime:0.000019s ]
INFO: [ app_init ] --END-- [ RunTime:0.000455s ]
INFO: [ app_begin ] --START--
INFO: Run Behavior\ReadHtmlCacheBehavior [ RunTime:0.000713s ]
INFO: [ app_begin ] --END-- [ RunTime:0.000795s ]

[ 2016-06-01T17:27:26+08:00 ] 127.0.0.1 /bs.php/home/employee/ajaxSignUp.html
INFO: [ app_init ] --START--
INFO: Run Behavior\BuildLiteBehavior [ RunTime:0.000019s ]
INFO: [ app_init ] --END-- [ RunTime:0.000439s ]
INFO: [ app_begin ] --START--
INFO: Run Behavior\ReadHtmlCacheBehavior [ RunTime:0.000747s ]
INFO: [ app_begin ] --END-- [ RunTime:0.000811s ]

[ 2016-06-01T17:27:52+08:00 ] 127.0.0.1 /bs.php/home/employee/signup.html
INFO: [ app_init ] --START--
INFO: Run Behavior\BuildLiteBehavior [ RunTime:0.000019s ]
INFO: [ app_init ] --END-- [ RunTime:0.000527s ]
INFO: [ app_begin ] --START--
INFO: Run Behavior\ReadHtmlCacheBehavior [ RunTime:0.000851s ]
INFO: [ app_begin ] --END-- [ RunTime:0.000929s ]
SQL: SHOW COLUMNS FROM `employee_type` [ RunTime:0.0460s ]
SQL: SELECT * FROM `employee_type`  [ RunTime:0.1083s ]
INFO: [ view_parse ] --START--
INFO: [ template_filter ] --START--
INFO: Run Behavior\ContentReplaceBehavior [ RunTime:0.000346s ]
INFO: [ template_filter ] --END-- [ RunTime:0.000533s ]
NOTIC: [8] Undefined index: emp E:\wamp\www\BackworkStation\Runtime\Cache\Home\caa92eb9671b54a900ec1f6fdc97edd1.php 第 281 行.
NOTIC: [8] Undefined index: emp E:\wamp\www\BackworkStation\Runtime\Cache\Home\caa92eb9671b54a900ec1f6fdc97edd1.php 第 305 行.
INFO: Run Behavior\ParseTemplateBehavior [ RunTime:0.032617s ]
INFO: [ view_parse ] --END-- [ RunTime:0.032864s ]
INFO: [ view_filter ] --START--
INFO: Run Behavior\WriteHtmlCacheBehavior [ RunTime:0.000756s ]
INFO: [ view_filter ] --END-- [ RunTime:0.000886s ]
INFO: [ app_end ] --START--
INFO: Run Behavior\ShowPageTraceBehavior [ RunTime:0.001436s ]
INFO: [ app_end ] --END-- [ RunTime:0.001571s ]

[ 2016-06-01T17:28:26+08:00 ] 127.0.0.1 /bs.php/home/employee/ajaxSignUp.html
INFO: [ app_init ] --START--
INFO: Run Behavior\BuildLiteBehavior [ RunTime:0.000021s ]
INFO: [ app_init ] --END-- [ RunTime:0.000533s ]
INFO: [ app_begin ] --START--
INFO: Run Behavior\ReadHtmlCacheBehavior [ RunTime:0.000667s ]
INFO: [ app_begin ] --END-- [ RunTime:0.000734s ]
NOTIC: [8] A non well formed numeric value encountered E:\wamp\www\BackworkStation\Home\Controller\EmployeeController.class.php 第 91 行.

[ 2016-06-01T17:31:01+08:00 ] 127.0.0.1 /bs.php/home/employee/ajaxSignUp.html
INFO: [ app_init ] --START--
INFO: Run Behavior\BuildLiteBehavior [ RunTime:0.000021s ]
INFO: [ app_init ] --END-- [ RunTime:0.000492s ]
INFO: [ app_begin ] --START--
INFO: Run Behavior\ReadHtmlCacheBehavior [ RunTime:0.000694s ]
INFO: [ app_begin ] --END-- [ RunTime:0.000762s ]
NOTIC: [8] A non well formed numeric value encountered E:\wamp\www\BackworkStation\Home\Controller\EmployeeController.class.php 第 92 行.
NOTIC: [8] A non well formed numeric value encountered E:\wamp\www\BackworkStation\Home\Controller\EmployeeController.class.php 第 93 行.
SQL: SHOW COLUMNS FROM `employee` [ RunTime:0.0460s ]
NOTIC: [8] Undefined index: validate E:\wamp\www\ThinkPHP\Library\Think\Model.class.php 第 1185 行.
NOTIC: [8] Undefined index: auto E:\wamp\www\ThinkPHP\Library\Think\Model.class.php 第 1128 行.
SQL: INSERT INTO `employee` (`signin_name`,`pwd`,`username`,`tel_no`,`email`,`pid`,`qq_id`,`birthday_time`,`e_gender`,`join_time`,`f_employee_type_id`) VALUES ('1','12341234','1','13522178057','','110107198605132711','','1471861860','M','1471969860','1') [ RunTime:0.0475s ]

[ 2016-06-01T17:31:33+08:00 ] 127.0.0.1 /bs.php/home/employee/ajaxSignIn.html
INFO: [ app_init ] --START--
INFO: Run Behavior\BuildLiteBehavior [ RunTime:0.000016s ]
INFO: [ app_init ] --END-- [ RunTime:0.000421s ]
INFO: [ app_begin ] --START--
INFO: Run Behavior\ReadHtmlCacheBehavior [ RunTime:0.000628s ]
INFO: [ app_begin ] --END-- [ RunTime:0.000690s ]
SQL: SHOW COLUMNS FROM `employee` [ RunTime:0.0542s ]
ERR: SQLSTATE[42S22]: Column not found: 1054 Unknown column 'employee.m_phone' in 'field list'

[ 2016-06-01T17:31:35+08:00 ] 127.0.0.1 /bs.php/home/employee/ajaxSignIn.html
INFO: [ app_init ] --START--
INFO: Run Behavior\BuildLiteBehavior [ RunTime:0.000017s ]
INFO: [ app_init ] --END-- [ RunTime:0.000371s ]
INFO: [ app_begin ] --START--
INFO: Run Behavior\ReadHtmlCacheBehavior [ RunTime:0.000489s ]
INFO: [ app_begin ] --END-- [ RunTime:0.000548s ]
SQL: SHOW COLUMNS FROM `employee` [ RunTime:0.0435s ]
ERR: SQLSTATE[42S22]: Column not found: 1054 Unknown column 'employee.m_phone' in 'field list'

[ 2016-06-01T17:32:13+08:00 ] 127.0.0.1 /bs.php/home/employee/ajaxSignIn.html
INFO: [ app_init ] --START--
INFO: Run Behavior\BuildLiteBehavior [ RunTime:0.000017s ]
INFO: [ app_init ] --END-- [ RunTime:0.000372s ]
INFO: [ app_begin ] --START--
INFO: Run Behavior\ReadHtmlCacheBehavior [ RunTime:0.000487s ]
INFO: [ app_begin ] --END-- [ RunTime:0.000548s ]
SQL: SHOW COLUMNS FROM `employee` [ RunTime:0.0510s ]
ERR: SQLSTATE[42S22]: Column not found: 1054 Unknown column 'employee.m_phone' in 'field list'

[ 2016-06-01T17:32:35+08:00 ] 127.0.0.1 /bs.php/home/employee/signup.html
INFO: [ app_init ] --START--
INFO: Run Behavior\BuildLiteBehavior [ RunTime:0.000022s ]
INFO: [ app_init ] --END-- [ RunTime:0.000480s ]
INFO: [ app_begin ] --START--
INFO: Run Behavior\ReadHtmlCacheBehavior [ RunTime:0.000653s ]
INFO: [ app_begin ] --END-- [ RunTime:0.000818s ]
SQL: SHOW COLUMNS FROM `employee_type` [ RunTime:0.0418s ]
SQL: SELECT * FROM `employee_type`  [ RunTime:0.0413s ]
INFO: [ view_parse ] --START--
INFO: [ template_filter ] --START--
INFO: Run Behavior\ContentReplaceBehavior [ RunTime:0.000165s ]
INFO: [ template_filter ] --END-- [ RunTime:0.000279s ]
NOTIC: [8] Undefined index: emp E:\wamp\www\BackworkStation\Runtime\Cache\Home\caa92eb9671b54a900ec1f6fdc97edd1.php 第 281 行.
NOTIC: [8] Undefined index: emp E:\wamp\www\BackworkStation\Runtime\Cache\Home\caa92eb9671b54a900ec1f6fdc97edd1.php 第 305 行.
INFO: Run Behavior\ParseTemplateBehavior [ RunTime:0.046308s ]
INFO: [ view_parse ] --END-- [ RunTime:0.046442s ]
INFO: [ view_filter ] --START--
INFO: Run Behavior\WriteHtmlCacheBehavior [ RunTime:0.000540s ]
INFO: [ view_filter ] --END-- [ RunTime:0.000617s ]
INFO: [ app_end ] --START--
INFO: Run Behavior\ShowPageTraceBehavior [ RunTime:0.000880s ]
INFO: [ app_end ] --END-- [ RunTime:0.000956s ]

[ 2016-06-01T17:32:38+08:00 ] 127.0.0.1 /bs.php/home/employee/ajaxSignIn.html
INFO: [ app_init ] --START--
INFO: Run Behavior\BuildLiteBehavior [ RunTime:0.000021s ]
INFO: [ app_init ] --END-- [ RunTime:0.000477s ]
INFO: [ app_begin ] --START--
INFO: Run Behavior\ReadHtmlCacheBehavior [ RunTime:0.000978s ]
INFO: [ app_begin ] --END-- [ RunTime:0.001150s ]
SQL: SHOW COLUMNS FROM `employee` [ RunTime:0.0440s ]
ERR: SQLSTATE[42S22]: Column not found: 1054 Unknown column 'employee.m_phone' in 'field list'

[ 2016-06-01T17:32:42+08:00 ] 127.0.0.1 /bs.php/home/employee/ajaxSignIn.html
INFO: [ app_init ] --START--
INFO: Run Behavior\BuildLiteBehavior [ RunTime:0.000020s ]
INFO: [ app_init ] --END-- [ RunTime:0.000501s ]
INFO: [ app_begin ] --START--
INFO: Run Behavior\ReadHtmlCacheBehavior [ RunTime:0.000828s ]
INFO: [ app_begin ] --END-- [ RunTime:0.000916s ]

[ 2016-06-01T17:32:47+08:00 ] 127.0.0.1 /bs.php/home/employee/ajaxSignIn.html
INFO: [ app_init ] --START--
INFO: Run Behavior\BuildLiteBehavior [ RunTime:0.000017s ]
INFO: [ app_init ] --END-- [ RunTime:0.000387s ]
INFO: [ app_begin ] --START--
INFO: Run Behavior\ReadHtmlCacheBehavior [ RunTime:0.000519s ]
INFO: [ app_begin ] --END-- [ RunTime:0.000580s ]
SQL: SHOW COLUMNS FROM `employee` [ RunTime:0.0517s ]
ERR: SQLSTATE[42S22]: Column not found: 1054 Unknown column 'employee.m_phone' in 'field list'

[ 2016-06-01T17:34:28+08:00 ] 127.0.0.1 /bs.php/home/employee/ajaxSignIn.html
INFO: [ app_init ] --START--
INFO: Run Behavior\BuildLiteBehavior [ RunTime:0.000019s ]
INFO: [ app_init ] --END-- [ RunTime:0.000452s ]
INFO: [ app_begin ] --START--
INFO: Run Behavior\ReadHtmlCacheBehavior [ RunTime:0.000654s ]
INFO: [ app_begin ] --END-- [ RunTime:0.000717s ]

[ 2016-06-01T17:34:50+08:00 ] 127.0.0.1 /bs.php/home/employee/signup.html
INFO: [ app_init ] --START--
INFO: Run Behavior\BuildLiteBehavior [ RunTime:0.000020s ]
INFO: [ app_init ] --END-- [ RunTime:0.000470s ]
INFO: [ app_begin ] --START--
INFO: Run Behavior\ReadHtmlCacheBehavior [ RunTime:0.000687s ]
INFO: [ app_begin ] --END-- [ RunTime:0.000759s ]
SQL: SHOW COLUMNS FROM `employee_type` [ RunTime:0.0474s ]
SQL: SELECT * FROM `employee_type`  [ RunTime:0.0633s ]
INFO: [ view_parse ] --START--
INFO: [ template_filter ] --START--
INFO: Run Behavior\ContentReplaceBehavior [ RunTime:0.000190s ]
INFO: [ template_filter ] --END-- [ RunTime:0.000318s ]
NOTIC: [8] Undefined index: emp E:\wamp\www\BackworkStation\Runtime\Cache\Home\caa92eb9671b54a900ec1f6fdc97edd1.php 第 281 行.
NOTIC: [8] Undefined index: emp E:\wamp\www\BackworkStation\Runtime\Cache\Home\caa92eb9671b54a900ec1f6fdc97edd1.php 第 305 行.
INFO: Run Behavior\ParseTemplateBehavior [ RunTime:0.028064s ]
INFO: [ view_parse ] --END-- [ RunTime:0.028256s ]
INFO: [ view_filter ] --START--
INFO: Run Behavior\WriteHtmlCacheBehavior [ RunTime:0.000554s ]
INFO: [ view_filter ] --END-- [ RunTime:0.000645s ]
INFO: [ app_end ] --START--
INFO: Run Behavior\ShowPageTraceBehavior [ RunTime:0.001207s ]
INFO: [ app_end ] --END-- [ RunTime:0.001304s ]

[ 2016-06-01T17:34:53+08:00 ] 127.0.0.1 /bs.php/home/employee/ajaxSignIn.html
INFO: [ app_init ] --START--
INFO: Run Behavior\BuildLiteBehavior [ RunTime:0.000018s ]
INFO: [ app_init ] --END-- [ RunTime:0.000421s ]
INFO: [ app_begin ] --START--
INFO: Run Behavior\ReadHtmlCacheBehavior [ RunTime:0.000565s ]
INFO: [ app_begin ] --END-- [ RunTime:0.000627s ]

[ 2016-06-01T17:34:54+08:00 ] 127.0.0.1 /bs.php/home/employee/signup.html
INFO: [ app_init ] --START--
INFO: Run Behavior\BuildLiteBehavior [ RunTime:0.000020s ]
INFO: [ app_init ] --END-- [ RunTime:0.000398s ]
INFO: [ app_begin ] --START--
INFO: Run Behavior\ReadHtmlCacheBehavior [ RunTime:0.000688s ]
INFO: [ app_begin ] --END-- [ RunTime:0.000761s ]
SQL: SHOW COLUMNS FROM `employee_type` [ RunTime:0.0459s ]
SQL: SELECT * FROM `employee_type`  [ RunTime:0.0433s ]
INFO: [ view_parse ] --START--
INFO: [ template_filter ] --START--
INFO: Run Behavior\ContentReplaceBehavior [ RunTime:0.000128s ]
INFO: [ template_filter ] --END-- [ RunTime:0.000224s ]
NOTIC: [8] Undefined index: emp E:\wamp\www\BackworkStation\Runtime\Cache\Home\caa92eb9671b54a900ec1f6fdc97edd1.php 第 281 行.
NOTIC: [8] Undefined index: emp E:\wamp\www\BackworkStation\Runtime\Cache\Home\caa92eb9671b54a900ec1f6fdc97edd1.php 第 305 行.
INFO: Run Behavior\ParseTemplateBehavior [ RunTime:0.013882s ]
INFO: [ view_parse ] --END-- [ RunTime:0.013978s ]
INFO: [ view_filter ] --START--
INFO: Run Behavior\WriteHtmlCacheBehavior [ RunTime:0.000308s ]
INFO: [ view_filter ] --END-- [ RunTime:0.000439s ]
INFO: [ app_end ] --START--
INFO: Run Behavior\ShowPageTraceBehavior [ RunTime:0.000533s ]
INFO: [ app_end ] --END-- [ RunTime:0.000593s ]

[ 2016-06-01T17:35:19+08:00 ] 127.0.0.1 /bs.php/home/employee/ajaxSignIn.html
INFO: [ app_init ] --START--
INFO: Run Behavior\BuildLiteBehavior [ RunTime:0.000019s ]
INFO: [ app_init ] --END-- [ RunTime:0.000434s ]
INFO: [ app_begin ] --START--
INFO: Run Behavior\ReadHtmlCacheBehavior [ RunTime:0.000712s ]
INFO: [ app_begin ] --END-- [ RunTime:0.000783s ]
SQL: SHOW COLUMNS FROM `employee` [ RunTime:0.0434s ]
ERR: SQLSTATE[42S22]: Column not found: 1054 Unknown column 'employee.m_phone' in 'field list'

[ 2016-06-01T17:35:35+08:00 ] 127.0.0.1 /bs.php/home/employee/ajaxSignIn.html
INFO: [ app_init ] --START--
INFO: Run Behavior\BuildLiteBehavior [ RunTime:0.000019s ]
INFO: [ app_init ] --END-- [ RunTime:0.000453s ]
INFO: [ app_begin ] --START--
INFO: Run Behavior\ReadHtmlCacheBehavior [ RunTime:0.000661s ]
INFO: [ app_begin ] --END-- [ RunTime:0.000724s ]
SQL: SHOW COLUMNS FROM `employee` [ RunTime:0.0432s ]
ERR: SQLSTATE[42S22]: Column not found: 1054 Unknown column 'employee.m_phone' in 'field list'

[ 2016-06-01T17:35:46+08:00 ] 127.0.0.1 /bs.php/home/employee/ajaxSignIn.html
INFO: [ app_init ] --START--
INFO: Run Behavior\BuildLiteBehavior [ RunTime:0.000022s ]
INFO: [ app_init ] --END-- [ RunTime:0.000469s ]
INFO: [ app_begin ] --START--
INFO: Run Behavior\ReadHtmlCacheBehavior [ RunTime:0.000666s ]
INFO: [ app_begin ] --END-- [ RunTime:0.000740s ]
SQL: SHOW COLUMNS FROM `employee` [ RunTime:0.0441s ]

[ 2016-06-01T17:35:47+08:00 ] 127.0.0.1 /bs.php/home/employee/signup.html
INFO: [ app_init ] --START--
INFO: Run Behavior\BuildLiteBehavior [ RunTime:0.000034s ]
INFO: [ app_init ] --END-- [ RunTime:0.000943s ]
INFO: [ app_begin ] --START--
INFO: Run Behavior\ReadHtmlCacheBehavior [ RunTime:0.000981s ]
INFO: [ app_begin ] --END-- [ RunTime:0.001126s ]
SQL: SHOW COLUMNS FROM `employee_type` [ RunTime:0.0493s ]
SQL: SELECT * FROM `employee_type`  [ RunTime:0.0484s ]
INFO: [ view_parse ] --START--
INFO: [ template_filter ] --START--
INFO: Run Behavior\ContentReplaceBehavior [ RunTime:0.000129s ]
INFO: [ template_filter ] --END-- [ RunTime:0.000237s ]
NOTIC: [8] Undefined index: emp E:\wamp\www\BackworkStation\Runtime\Cache\Home\caa92eb9671b54a900ec1f6fdc97edd1.php 第 281 行.
NOTIC: [8] Undefined index: emp E:\wamp\www\BackworkStation\Runtime\Cache\Home\caa92eb9671b54a900ec1f6fdc97edd1.php 第 305 行.
INFO: Run Behavior\ParseTemplateBehavior [ RunTime:0.021818s ]
INFO: [ view_parse ] --END-- [ RunTime:0.021930s ]
INFO: [ view_filter ] --START--
INFO: Run Behavior\WriteHtmlCacheBehavior [ RunTime:0.000509s ]
INFO: [ view_filter ] --END-- [ RunTime:0.000603s ]
INFO: [ app_end ] --START--
INFO: Run Behavior\ShowPageTraceBehavior [ RunTime:0.000665s ]
INFO: [ app_end ] --END-- [ RunTime:0.000732s ]

[ 2016-06-01T17:35:55+08:00 ] 127.0.0.1 /bs.php/home/employee/ajaxSignIn.html
INFO: [ app_init ] --START--
INFO: Run Behavior\BuildLiteBehavior [ RunTime:0.000022s ]
INFO: [ app_init ] --END-- [ RunTime:0.000430s ]
INFO: [ app_begin ] --START--
INFO: Run Behavior\ReadHtmlCacheBehavior [ RunTime:0.000576s ]
INFO: [ app_begin ] --END-- [ RunTime:0.000659s ]
SQL: SHOW COLUMNS FROM `employee` [ RunTime:0.0453s ]
ERR: SQLSTATE[42S22]: Column not found: 1054 Unknown column 'employee.m_phone' in 'field list'

[ 2016-06-01T17:37:07+08:00 ] 127.0.0.1 /bs.php/home/employee/ajaxSignIn.html
INFO: [ app_init ] --START--
INFO: Run Behavior\BuildLiteBehavior [ RunTime:0.000017s ]
INFO: [ app_init ] --END-- [ RunTime:0.000375s ]
INFO: [ app_begin ] --START--
INFO: Run Behavior\ReadHtmlCacheBehavior [ RunTime:0.000498s ]
INFO: [ app_begin ] --END-- [ RunTime:0.000558s ]
SQL: SHOW COLUMNS FROM `employee` [ RunTime:0.0486s ]
ERR: SQLSTATE[42S22]: Column not found: 1054 Unknown column 'employee.m_phone' in 'field list'

[ 2016-06-01T17:38:07+08:00 ] 127.0.0.1 /bs.php/home/employee/signup.html
INFO: [ app_init ] --START--
INFO: Run Behavior\BuildLiteBehavior [ RunTime:0.000026s ]
INFO: [ app_init ] --END-- [ RunTime:0.000739s ]
INFO: [ app_begin ] --START--
INFO: Run Behavior\ReadHtmlCacheBehavior [ RunTime:0.000915s ]
INFO: [ app_begin ] --END-- [ RunTime:0.001014s ]
SQL: SHOW COLUMNS FROM `employee_type` [ RunTime:0.0430s ]
SQL: SELECT * FROM `employee_type`  [ RunTime:0.0412s ]
INFO: [ view_parse ] --START--
INFO: [ template_filter ] --START--
INFO: Run Behavior\ContentReplaceBehavior [ RunTime:0.000202s ]
INFO: [ template_filter ] --END-- [ RunTime:0.000473s ]
NOTIC: [8] Undefined index: emp E:\wamp\www\BackworkStation\Runtime\Cache\Home\caa92eb9671b54a900ec1f6fdc97edd1.php 第 281 行.
NOTIC: [8] Undefined index: emp E:\wamp\www\BackworkStation\Runtime\Cache\Home\caa92eb9671b54a900ec1f6fdc97edd1.php 第 305 行.
INFO: Run Behavior\ParseTemplateBehavior [ RunTime:0.045076s ]
INFO: [ view_parse ] --END-- [ RunTime:0.045209s ]
INFO: [ view_filter ] --START--
INFO: Run Behavior\WriteHtmlCacheBehavior [ RunTime:0.000490s ]
INFO: [ view_filter ] --END-- [ RunTime:0.000563s ]
INFO: [ app_end ] --START--
INFO: Run Behavior\ShowPageTraceBehavior [ RunTime:0.000866s ]
INFO: [ app_end ] --END-- [ RunTime:0.000938s ]

[ 2016-06-01T17:38:10+08:00 ] 127.0.0.1 /bs.php/home/employee/ajaxSignIn.html
INFO: [ app_init ] --START--
INFO: Run Behavior\BuildLiteBehavior [ RunTime:0.000019s ]
INFO: [ app_init ] --END-- [ RunTime:0.000446s ]
INFO: [ app_begin ] --START--
INFO: Run Behavior\ReadHtmlCacheBehavior [ RunTime:0.000679s ]
INFO: [ app_begin ] --END-- [ RunTime:0.000744s ]
SQL: SHOW COLUMNS FROM `employee` [ RunTime:0.0434s ]

[ 2016-06-01T17:41:12+08:00 ] 127.0.0.1 /bs.php/home/employee/ajaxSignIn.html
INFO: [ app_init ] --START--
INFO: Run Behavior\BuildLiteBehavior [ RunTime:0.000020s ]
INFO: [ app_init ] --END-- [ RunTime:0.000554s ]
INFO: [ app_begin ] --START--
INFO: Run Behavior\ReadHtmlCacheBehavior [ RunTime:0.000670s ]
INFO: [ app_begin ] --END-- [ RunTime:0.000742s ]
SQL: SHOW COLUMNS FROM `employee` [ RunTime:0.0459s ]

[ 2016-06-01T17:42:03+08:00 ] 127.0.0.1 /bs.php/home/employee/ajaxSignIn.html
INFO: [ app_init ] --START--
INFO: Run Behavior\BuildLiteBehavior [ RunTime:0.000020s ]
INFO: [ app_init ] --END-- [ RunTime:0.000437s ]
INFO: [ app_begin ] --START--
INFO: Run Behavior\ReadHtmlCacheBehavior [ RunTime:0.000703s ]
INFO: [ app_begin ] --END-- [ RunTime:0.000788s ]
SQL: SHOW COLUMNS FROM `employee` [ RunTime:0.0439s ]

[ 2016-06-01T17:42:18+08:00 ] 127.0.0.1 /bs.php/home/employee/ajaxSignIn.html
INFO: [ app_init ] --START--
INFO: Run Behavior\BuildLiteBehavior [ RunTime:0.000019s ]
INFO: [ app_init ] --END-- [ RunTime:0.000382s ]
INFO: [ app_begin ] --START--
INFO: Run Behavior\ReadHtmlCacheBehavior [ RunTime:0.000677s ]
INFO: [ app_begin ] --END-- [ RunTime:0.000757s ]
SQL: SHOW COLUMNS FROM `employee` [ RunTime:0.0435s ]
SQL: SELECT
employee.id,
employee.signin_name,
employee.pwd,
employee.username,
employee.tel_no,
employee.email,
employee.wechat_id,
employee.qq_id,
employee.birthday_time,
employee.e_gender,
employee.join_time,
employee.leave_time,
employee.f_employee_type_id,
employee.f_employee_status_id,
employee_type.`name` AS employee_type_name
FROM `employee`
INNER JOIN employee_type ON employee_type.id = employee.f_employee_type_id
WHERE employee.f_employee_status_id = 1
AND employee.signin_name = '1' [ RunTime:0.0460s ]

[ 2016-06-01T17:42:20+08:00 ] 127.0.0.1 /bs.php/home/employee/signup.html
INFO: [ app_init ] --START--
INFO: Run Behavior\BuildLiteBehavior [ RunTime:0.000029s ]
INFO: [ app_init ] --END-- [ RunTime:0.000686s ]
INFO: [ app_begin ] --START--
INFO: Run Behavior\ReadHtmlCacheBehavior [ RunTime:0.000556s ]
INFO: [ app_begin ] --END-- [ RunTime:0.000635s ]
SQL: SHOW COLUMNS FROM `employee_type` [ RunTime:0.0445s ]
SQL: SELECT * FROM `employee_type`  [ RunTime:0.0430s ]
INFO: [ view_parse ] --START--
INFO: [ template_filter ] --START--
INFO: Run Behavior\ContentReplaceBehavior [ RunTime:0.000293s ]
INFO: [ template_filter ] --END-- [ RunTime:0.000496s ]
INFO: Run Behavior\ParseTemplateBehavior [ RunTime:0.037847s ]
INFO: [ view_parse ] --END-- [ RunTime:0.038047s ]
INFO: [ view_filter ] --START--
INFO: Run Behavior\WriteHtmlCacheBehavior [ RunTime:0.000919s ]
INFO: [ view_filter ] --END-- [ RunTime:0.001141s ]
INFO: [ app_end ] --START--
INFO: Run Behavior\ShowPageTraceBehavior [ RunTime:0.000666s ]
INFO: [ app_end ] --END-- [ RunTime:0.000764s ]

[ 2016-06-01T18:08:09+08:00 ] 127.0.0.1 /bs.php/home/employee/ajaxSignUp.html
INFO: [ app_init ] --START--
INFO: Run Behavior\BuildLiteBehavior [ RunTime:0.000018s ]
INFO: [ app_init ] --END-- [ RunTime:0.000441s ]
INFO: [ app_begin ] --START--
INFO: Run Behavior\ReadHtmlCacheBehavior [ RunTime:0.000650s ]
INFO: [ app_begin ] --END-- [ RunTime:0.000712s ]
SQL: SHOW COLUMNS FROM `employee` [ RunTime:0.0473s ]
SQL: SELECT `id` FROM `employee` WHERE `signin_name` = '1' LIMIT 1   [ RunTime:0.0447s ]

[ 2016-06-01T18:08:27+08:00 ] 127.0.0.1 /bs.php/home/employee/ajaxSignUp.html
INFO: [ app_init ] --START--
INFO: Run Behavior\BuildLiteBehavior [ RunTime:0.000018s ]
INFO: [ app_init ] --END-- [ RunTime:0.000425s ]
INFO: [ app_begin ] --START--
INFO: Run Behavior\ReadHtmlCacheBehavior [ RunTime:0.000635s ]
INFO: [ app_begin ] --END-- [ RunTime:0.000696s ]
SQL: SHOW COLUMNS FROM `employee` [ RunTime:0.0451s ]
SQL: SELECT `id` FROM `employee` WHERE `signin_name` = '1' LIMIT 1   [ RunTime:0.0434s ]

[ 2016-06-01T18:09:00+08:00 ] 127.0.0.1 /bs.php/home/employee/ajaxSignUp.html
INFO: [ app_init ] --START--
INFO: Run Behavior\BuildLiteBehavior [ RunTime:0.000025s ]
INFO: [ app_init ] --END-- [ RunTime:0.000763s ]
INFO: [ app_begin ] --START--
INFO: Run Behavior\ReadHtmlCacheBehavior [ RunTime:0.000720s ]
INFO: [ app_begin ] --END-- [ RunTime:0.000809s ]
SQL: SHOW COLUMNS FROM `employee` [ RunTime:0.0437s ]
SQL: SELECT `id` FROM `employee` WHERE `signin_name` = '1' LIMIT 1   [ RunTime:0.0435s ]

[ 2016-06-01T18:09:04+08:00 ] 127.0.0.1 /bs.php/home/employee/ajaxSignUp.html
INFO: [ app_init ] --START--
INFO: Run Behavior\BuildLiteBehavior [ RunTime:0.000021s ]
INFO: [ app_init ] --END-- [ RunTime:0.000428s ]
INFO: [ app_begin ] --START--
INFO: Run Behavior\ReadHtmlCacheBehavior [ RunTime:0.000835s ]
INFO: [ app_begin ] --END-- [ RunTime:0.000951s ]
SQL: SHOW COLUMNS FROM `employee` [ RunTime:0.0458s ]
SQL: SELECT `id` FROM `employee` WHERE `signin_name` = '2' LIMIT 1   [ RunTime:0.0418s ]
SQL: SELECT `id` FROM `employee` WHERE `username` = '1' LIMIT 1   [ RunTime:0.1159s ]

[ 2016-06-01T18:09:25+08:00 ] 127.0.0.1 /bs.php/home/employee/ajaxSignUp.html
INFO: [ app_init ] --START--
INFO: Run Behavior\BuildLiteBehavior [ RunTime:0.000023s ]
INFO: [ app_init ] --END-- [ RunTime:0.000443s ]
INFO: [ app_begin ] --START--
INFO: Run Behavior\ReadHtmlCacheBehavior [ RunTime:0.000912s ]
INFO: [ app_begin ] --END-- [ RunTime:0.001041s ]
SQL: SHOW COLUMNS FROM `employee` [ RunTime:0.0433s ]
SQL: SELECT `id` FROM `employee` WHERE `signin_name` = '2' LIMIT 1   [ RunTime:0.0423s ]
SQL: SELECT `id` FROM `employee` WHERE `username` = '2' LIMIT 1   [ RunTime:0.0508s ]
SQL: SELECT `id` FROM `employee` WHERE `tel_no` = '13522178057' LIMIT 1   [ RunTime:0.0637s ]

[ 2016-06-01T18:09:25+08:00 ] 127.0.0.1 /bs.php/home/employee/ajaxSignUp.html
INFO: [ app_init ] --START--
INFO: Run Behavior\BuildLiteBehavior [ RunTime:0.000019s ]
INFO: [ app_init ] --END-- [ RunTime:0.000386s ]
INFO: [ app_begin ] --START--
INFO: Run Behavior\ReadHtmlCacheBehavior [ RunTime:0.000654s ]
INFO: [ app_begin ] --END-- [ RunTime:0.000749s ]
SQL: SHOW COLUMNS FROM `employee` [ RunTime:0.0496s ]
SQL: SELECT `id` FROM `employee` WHERE `signin_name` = '2' LIMIT 1   [ RunTime:0.0566s ]
SQL: SELECT `id` FROM `employee` WHERE `username` = '2' LIMIT 1   [ RunTime:0.1327s ]
SQL: SELECT `id` FROM `employee` WHERE `tel_no` = '13522178057' LIMIT 1   [ RunTime:0.0572s ]

