[ 2016-05-25T08:31:40+08:00 ] 127.0.0.1 /bs.php
INFO: [ app_init ] --START--
INFO: Run Behavior\BuildLiteBehavior [ RunTime:0.000022s ]
INFO: [ app_init ] --END-- [ RunTime:0.000825s ]
INFO: [ app_begin ] --START--
INFO: Run Behavior\ReadHtmlCacheBehavior [ RunTime:0.000989s ]
INFO: [ app_begin ] --END-- [ RunTime:0.001066s ]
INFO: [ view_parse ] --START--
INFO: [ template_filter ] --START--
INFO: Run Behavior\ContentReplaceBehavior [ RunTime:0.000182s ]
INFO: [ template_filter ] --END-- [ RunTime:0.000322s ]
NOTIC: [8] Undefined index: emp E:\wamp\www\BackworkStation\Runtime\Cache\Home\7845707409def0668184300e473d9e9a.php 第 275 行.
NOTIC: [8] Undefined index: emp E:\wamp\www\BackworkStation\Runtime\Cache\Home\7845707409def0668184300e473d9e9a.php 第 395 行.
INFO: Run Behavior\ParseTemplateBehavior [ RunTime:0.023973s ]
INFO: [ view_parse ] --END-- [ RunTime:0.024055s ]
INFO: [ view_filter ] --START--
INFO: Run Behavior\WriteHtmlCacheBehavior [ RunTime:0.000742s ]
INFO: [ view_filter ] --END-- [ RunTime:0.000819s ]
INFO: [ app_end ] --START--
INFO: Run Behavior\ShowPageTraceBehavior [ RunTime:0.001093s ]
INFO: [ app_end ] --END-- [ RunTime:0.001174s ]

[ 2016-05-25T08:31:47+08:00 ] 127.0.0.1 /bs.php/home/employee/ajaxSignIn.html
INFO: [ app_init ] --START--
INFO: Run Behavior\BuildLiteBehavior [ RunTime:0.000025s ]
INFO: [ app_init ] --END-- [ RunTime:0.001770s ]
INFO: [ app_begin ] --START--
INFO: Run Behavior\ReadHtmlCacheBehavior [ RunTime:0.000806s ]
INFO: [ app_begin ] --END-- [ RunTime:0.000901s ]
SQL: SHOW COLUMNS FROM `employee` [ RunTime:0.5701s ]
SQL: SELECT
employee.id,
employee.signin_name,
employee.pwd,
employee.username,
employee.m_phone,
employee.email,
employee.wechat_id,
employee.qq,
employee.birthday_time,
employee.e_gender,
employee.join_time,
employee.leave_time,
employee.f_employee_type_id,
employee.f_employee_status_id,
employee_type.`name` AS employee_type_name
FROM `employee`
INNER JOIN employee_type ON employee_type.id = employee.f_employee_type_id
WHERE employee.f_employee_status_id = 1
AND employee.signin_name = 'admin' [ RunTime:0.0635s ]

[ 2016-05-25T08:31:48+08:00 ] 127.0.0.1 /bs.php
INFO: [ app_init ] --START--
INFO: Run Behavior\BuildLiteBehavior [ RunTime:0.000019s ]
INFO: [ app_init ] --END-- [ RunTime:0.000401s ]
INFO: [ app_begin ] --START--
INFO: Run Behavior\ReadHtmlCacheBehavior [ RunTime:0.000548s ]
INFO: [ app_begin ] --END-- [ RunTime:0.000618s ]
INFO: [ view_parse ] --START--
INFO: [ template_filter ] --START--
INFO: Run Behavior\ContentReplaceBehavior [ RunTime:0.000113s ]
INFO: [ template_filter ] --END-- [ RunTime:0.000209s ]
INFO: Run Behavior\ParseTemplateBehavior [ RunTime:0.017382s ]
INFO: [ view_parse ] --END-- [ RunTime:0.017476s ]
INFO: [ view_filter ] --START--
INFO: Run Behavior\WriteHtmlCacheBehavior [ RunTime:0.000374s ]
INFO: [ view_filter ] --END-- [ RunTime:0.000433s ]
INFO: [ app_end ] --START--
INFO: Run Behavior\ShowPageTraceBehavior [ RunTime:0.000933s ]
INFO: [ app_end ] --END-- [ RunTime:0.001002s ]

[ 2016-05-25T08:31:50+08:00 ] 127.0.0.1 /bs.php/home/goods/update.html
INFO: [ app_init ] --START--
INFO: Run Behavior\BuildLiteBehavior [ RunTime:0.000025s ]
INFO: [ app_init ] --END-- [ RunTime:0.000650s ]
INFO: [ app_begin ] --START--
INFO: Run Behavior\ReadHtmlCacheBehavior [ RunTime:0.001179s ]
INFO: [ app_begin ] --END-- [ RunTime:0.001333s ]
SQL: SHOW COLUMNS FROM `goods_type` [ RunTime:0.0706s ]
SQL: SELECT * FROM `goods_type` WHERE `parent_id` = '0'  [ RunTime:0.0761s ]
NOTIC: [8] Undefined index: type E:\wamp\www\BackworkStation\Home\Controller\GoodsController.class.php 第 86 行.
INFO: [ view_parse ] --START--
INFO: [ template_filter ] --START--
INFO: Run Behavior\ContentReplaceBehavior [ RunTime:0.000136s ]
INFO: [ template_filter ] --END-- [ RunTime:0.000240s ]
NOTIC: [8] Undefined variable: goodsInfo E:\wamp\www\BackworkStation\Runtime\Cache\Home\d97a7aeed32be19fa910a3b857ca507e.php 第 430 行.
NOTIC: [2] Invalid argument supplied for foreach() E:\wamp\www\BackworkStation\Runtime\Cache\Home\d97a7aeed32be19fa910a3b857ca507e.php 第 430 行.
NOTIC: [8] Undefined index: bs E:\wamp\www\BackworkStation\Runtime\Cache\Home\d97a7aeed32be19fa910a3b857ca507e.php 第 448 行.
NOTIC: [8] Undefined index: bs E:\wamp\www\BackworkStation\Runtime\Cache\Home\d97a7aeed32be19fa910a3b857ca507e.php 第 452 行.
NOTIC: [8] Undefined index: bs E:\wamp\www\BackworkStation\Runtime\Cache\Home\d97a7aeed32be19fa910a3b857ca507e.php 第 460 行.
INFO: Run Behavior\ParseTemplateBehavior [ RunTime:0.028874s ]
INFO: [ view_parse ] --END-- [ RunTime:0.029057s ]
INFO: [ view_filter ] --START--
INFO: Run Behavior\WriteHtmlCacheBehavior [ RunTime:0.001467s ]
INFO: [ view_filter ] --END-- [ RunTime:0.001631s ]
INFO: [ app_end ] --START--
INFO: Run Behavior\ShowPageTraceBehavior [ RunTime:0.001234s ]
INFO: [ app_end ] --END-- [ RunTime:0.001402s ]

[ 2016-05-25T08:31:57+08:00 ] 127.0.0.1 /bs.php/home/Goods/ajaxGetSubGoodsType.html
INFO: [ app_init ] --START--
INFO: Run Behavior\BuildLiteBehavior [ RunTime:0.000025s ]
INFO: [ app_init ] --END-- [ RunTime:0.000478s ]
INFO: [ app_begin ] --START--
INFO: Run Behavior\ReadHtmlCacheBehavior [ RunTime:0.000631s ]
INFO: [ app_begin ] --END-- [ RunTime:0.000711s ]
SQL: SHOW COLUMNS FROM `goods_type` [ RunTime:0.0506s ]
SQL: SELECT * FROM `goods_type` WHERE `parent_id` = '1'  [ RunTime:0.0558s ]

[ 2016-05-25T08:31:59+08:00 ] 127.0.0.1 /bs.php/home/goods/update.html?type=5
INFO: [ app_init ] --START--
INFO: Run Behavior\BuildLiteBehavior [ RunTime:0.000024s ]
INFO: [ app_init ] --END-- [ RunTime:0.000540s ]
INFO: [ app_begin ] --START--
INFO: Run Behavior\ReadHtmlCacheBehavior [ RunTime:0.000544s ]
INFO: [ app_begin ] --END-- [ RunTime:0.000611s ]
SQL: SHOW COLUMNS FROM `goods_type` [ RunTime:0.0747s ]
SQL: SELECT * FROM `goods_type` WHERE `parent_id` = '0'  [ RunTime:0.0703s ]
SQL: SHOW COLUMNS FROM `goods` [ RunTime:0.0728s ]
SQL: SELECT COUNT(id) FROM `goods` WHERE goods.f_goods_type_id = 5 [ RunTime:0.0699s ]
NOTIC: [8] Undefined index: page_now E:\wamp\www\BackworkStation\Home\Model\GoodsModel.class.php 第 44 行.
SQL: SELECT
goods.id,
goods.open_id,
goods.`name`,
goods.unit,
area_goods_price.price AS price,
goods_img.`name` AS img
FROM goods
INNER JOIN area_goods_price ON area_goods_price.id = goods.id
LEFT JOIN goods_img ON goods_img.f_goods_id = goods.id
WHERE f_goods_status_id = 1
AND goods.f_goods_type_id = 5
ORDER BY goods.id DESC
LIMIT 0,5 [ RunTime:0.0734s ]
INFO: [ view_parse ] --START--
INFO: [ template_filter ] --START--
INFO: Run Behavior\ContentReplaceBehavior [ RunTime:0.000146s ]
INFO: [ template_filter ] --END-- [ RunTime:0.000246s ]
INFO: Run Behavior\ParseTemplateBehavior [ RunTime:0.017421s ]
INFO: [ view_parse ] --END-- [ RunTime:0.017610s ]
INFO: [ view_filter ] --START--
INFO: Run Behavior\WriteHtmlCacheBehavior [ RunTime:0.000522s ]
INFO: [ view_filter ] --END-- [ RunTime:0.000605s ]
INFO: [ app_end ] --START--
INFO: Run Behavior\ShowPageTraceBehavior [ RunTime:0.000558s ]
INFO: [ app_end ] --END-- [ RunTime:0.000619s ]

[ 2016-05-25T08:32:03+08:00 ] 127.0.0.1 /bs.php/home/goods/update.html?page_now=2&type=5
INFO: [ app_init ] --START--
INFO: Run Behavior\BuildLiteBehavior [ RunTime:0.000020s ]
INFO: [ app_init ] --END-- [ RunTime:0.000412s ]
INFO: [ app_begin ] --START--
INFO: Run Behavior\ReadHtmlCacheBehavior [ RunTime:0.000771s ]
INFO: [ app_begin ] --END-- [ RunTime:0.000842s ]
SQL: SHOW COLUMNS FROM `goods_type` [ RunTime:0.0617s ]
SQL: SELECT * FROM `goods_type` WHERE `parent_id` = '0'  [ RunTime:0.0674s ]
SQL: SHOW COLUMNS FROM `goods` [ RunTime:0.0642s ]
SQL: SELECT COUNT(id) FROM `goods` WHERE goods.f_goods_type_id = 5 [ RunTime:0.0603s ]
SQL: SELECT
goods.id,
goods.open_id,
goods.`name`,
goods.unit,
area_goods_price.price AS price,
goods_img.`name` AS img
FROM goods
INNER JOIN area_goods_price ON area_goods_price.id = goods.id
LEFT JOIN goods_img ON goods_img.f_goods_id = goods.id
WHERE f_goods_status_id = 1
AND goods.f_goods_type_id = 5
ORDER BY goods.id DESC
LIMIT 5,5 [ RunTime:0.0653s ]
INFO: [ view_parse ] --START--
INFO: [ template_filter ] --START--
INFO: Run Behavior\ContentReplaceBehavior [ RunTime:0.000132s ]
INFO: [ template_filter ] --END-- [ RunTime:0.000223s ]
INFO: Run Behavior\ParseTemplateBehavior [ RunTime:0.015515s ]
INFO: [ view_parse ] --END-- [ RunTime:0.015610s ]
INFO: [ view_filter ] --START--
INFO: Run Behavior\WriteHtmlCacheBehavior [ RunTime:0.000313s ]
INFO: [ view_filter ] --END-- [ RunTime:0.000372s ]
INFO: [ app_end ] --START--
INFO: Run Behavior\ShowPageTraceBehavior [ RunTime:0.000611s ]
INFO: [ app_end ] --END-- [ RunTime:0.000671s ]

[ 2016-05-25T08:32:08+08:00 ] 127.0.0.1 /bs.php/home/goods/update.html?page_now=1&type=5
INFO: [ app_init ] --START--
INFO: Run Behavior\BuildLiteBehavior [ RunTime:0.000018s ]
INFO: [ app_init ] --END-- [ RunTime:0.000377s ]
INFO: [ app_begin ] --START--
INFO: Run Behavior\ReadHtmlCacheBehavior [ RunTime:0.000519s ]
INFO: [ app_begin ] --END-- [ RunTime:0.000585s ]
SQL: SHOW COLUMNS FROM `goods_type` [ RunTime:0.0650s ]
SQL: SELECT * FROM `goods_type` WHERE `parent_id` = '0'  [ RunTime:0.0630s ]
SQL: SHOW COLUMNS FROM `goods` [ RunTime:0.0610s ]
SQL: SELECT COUNT(id) FROM `goods` WHERE goods.f_goods_type_id = 5 [ RunTime:0.0615s ]
SQL: SELECT
goods.id,
goods.open_id,
goods.`name`,
goods.unit,
area_goods_price.price AS price,
goods_img.`name` AS img
FROM goods
INNER JOIN area_goods_price ON area_goods_price.id = goods.id
LEFT JOIN goods_img ON goods_img.f_goods_id = goods.id
WHERE f_goods_status_id = 1
AND goods.f_goods_type_id = 5
ORDER BY goods.id DESC
LIMIT 0,5 [ RunTime:0.0618s ]
INFO: [ view_parse ] --START--
INFO: [ template_filter ] --START--
INFO: Run Behavior\ContentReplaceBehavior [ RunTime:0.000152s ]
INFO: [ template_filter ] --END-- [ RunTime:0.000261s ]
INFO: Run Behavior\ParseTemplateBehavior [ RunTime:0.016213s ]
INFO: [ view_parse ] --END-- [ RunTime:0.016304s ]
INFO: [ view_filter ] --START--
INFO: Run Behavior\WriteHtmlCacheBehavior [ RunTime:0.000272s ]
INFO: [ view_filter ] --END-- [ RunTime:0.000331s ]
INFO: [ app_end ] --START--
INFO: Run Behavior\ShowPageTraceBehavior [ RunTime:0.000551s ]
INFO: [ app_end ] --END-- [ RunTime:0.000610s ]

[ 2016-05-25T08:32:10+08:00 ] 127.0.0.1 /bs.php/home/goods/detail.html?id=383
INFO: [ app_init ] --START--
INFO: Run Behavior\BuildLiteBehavior [ RunTime:0.000019s ]
INFO: [ app_init ] --END-- [ RunTime:0.000387s ]
INFO: [ app_begin ] --START--
INFO: Run Behavior\ReadHtmlCacheBehavior [ RunTime:0.000697s ]
INFO: [ app_begin ] --END-- [ RunTime:0.000763s ]
SQL: SHOW COLUMNS FROM `goods_type` [ RunTime:0.0454s ]
SQL: SELECT * FROM `goods_type` WHERE `parent_id` = '0'  [ RunTime:0.0456s ]
SQL: SELECT * FROM `goods_type` WHERE ( parent_id <> 0 )  [ RunTime:0.0436s ]
SQL: SHOW COLUMNS FROM `goods` [ RunTime:0.0472s ]
SQL: SELECT
goods.id,
goods.open_id,
goods.`name`,
goods.f_goods_type_id,
goods.create_time,
goods.update_time,
goods.f_goods_status_id,
goods.`explain`,
goods.unit,
area_goods_price.price AS price,
area_goods_price.sale_price,
area_goods_price.sale_time,
area_goods_price.inventory,
area_goods_price.sale_inventory,
goods_img.id AS img_id,
goods_img.`name` AS img,
goods_img.is_lead,
goods_type.`name` AS goods_type_name
FROM goods
LEFT JOIN area_goods_price ON area_goods_price.id = goods.id
LEFT JOIN goods_img ON goods_img.f_goods_id = goods.id
LEFT JOIN goods_type ON goods_type.id = goods.f_goods_type_id
WHERE goods.id = 383 [ RunTime:0.0479s ]
SQL: SHOW COLUMNS FROM `norms` [ RunTime:0.0435s ]
SQL: SELECT * FROM `norms` WHERE `f_goods_id` = '383'  [ RunTime:0.0432s ]
INFO: [ view_parse ] --START--
INFO: [ template_filter ] --START--
INFO: Run Behavior\ContentReplaceBehavior [ RunTime:0.000129s ]
INFO: [ template_filter ] --END-- [ RunTime:0.000225s ]
INFO: Run Behavior\ParseTemplateBehavior [ RunTime:0.014503s ]
INFO: [ view_parse ] --END-- [ RunTime:0.014586s ]
INFO: [ view_filter ] --START--
INFO: Run Behavior\WriteHtmlCacheBehavior [ RunTime:0.000266s ]
INFO: [ view_filter ] --END-- [ RunTime:0.000323s ]
INFO: [ app_end ] --START--
INFO: Run Behavior\ShowPageTraceBehavior [ RunTime:0.000545s ]
INFO: [ app_end ] --END-- [ RunTime:0.000604s ]

[ 2016-05-25T22:02:25+08:00 ] 127.0.0.1 /bs.php
INFO: [ app_init ] --START--
INFO: Run Behavior\BuildLiteBehavior [ RunTime:0.000012s ]
INFO: [ app_init ] --END-- [ RunTime:0.000322s ]
INFO: [ app_begin ] --START--
INFO: Run Behavior\ReadHtmlCacheBehavior [ RunTime:0.000503s ]
INFO: [ app_begin ] --END-- [ RunTime:0.000553s ]
INFO: [ view_parse ] --START--
INFO: [ template_filter ] --START--
INFO: Run Behavior\ContentReplaceBehavior [ RunTime:0.000066s ]
INFO: [ template_filter ] --END-- [ RunTime:0.000113s ]
NOTIC: [8] Undefined index: emp D:\ide\wamp\www\BackworkStation\Runtime\Cache\Home\7845707409def0668184300e473d9e9a.php 第 281 行.
NOTIC: [8] Undefined index: emp D:\ide\wamp\www\BackworkStation\Runtime\Cache\Home\7845707409def0668184300e473d9e9a.php 第 426 行.
INFO: Run Behavior\ParseTemplateBehavior [ RunTime:0.010130s ]
INFO: [ view_parse ] --END-- [ RunTime:0.010191s ]
INFO: [ view_filter ] --START--
INFO: Run Behavior\WriteHtmlCacheBehavior [ RunTime:0.000235s ]
INFO: [ view_filter ] --END-- [ RunTime:0.000269s ]
INFO: [ app_end ] --START--
INFO: Run Behavior\ShowPageTraceBehavior [ RunTime:0.000397s ]
INFO: [ app_end ] --END-- [ RunTime:0.000432s ]

[ 2016-05-25T22:02:30+08:00 ] 127.0.0.1 /bs.php/home/employee/ajaxSignIn.html
INFO: [ app_init ] --START--
INFO: Run Behavior\BuildLiteBehavior [ RunTime:0.000025s ]
INFO: [ app_init ] --END-- [ RunTime:0.000378s ]
INFO: [ app_begin ] --START--
INFO: Run Behavior\ReadHtmlCacheBehavior [ RunTime:0.000421s ]
INFO: [ app_begin ] --END-- [ RunTime:0.000460s ]
SQL: SHOW COLUMNS FROM `employee` [ RunTime:0.1162s ]
SQL: SELECT
employee.id,
employee.signin_name,
employee.pwd,
employee.username,
employee.m_phone,
employee.email,
employee.wechat_id,
employee.qq,
employee.birthday_time,
employee.e_gender,
employee.join_time,
employee.leave_time,
employee.f_employee_type_id,
employee.f_employee_status_id,
employee_type.`name` AS employee_type_name
FROM `employee`
INNER JOIN employee_type ON employee_type.id = employee.f_employee_type_id
WHERE employee.f_employee_status_id = 1
AND employee.signin_name = 'admin' [ RunTime:0.1231s ]

[ 2016-05-25T22:02:31+08:00 ] 127.0.0.1 /bs.php
INFO: [ app_init ] --START--
INFO: Run Behavior\BuildLiteBehavior [ RunTime:0.000010s ]
INFO: [ app_init ] --END-- [ RunTime:0.000239s ]
INFO: [ app_begin ] --START--
INFO: Run Behavior\ReadHtmlCacheBehavior [ RunTime:0.000358s ]
INFO: [ app_begin ] --END-- [ RunTime:0.000396s ]
INFO: [ view_parse ] --START--
INFO: [ template_filter ] --START--
INFO: Run Behavior\ContentReplaceBehavior [ RunTime:0.000090s ]
INFO: [ template_filter ] --END-- [ RunTime:0.000131s ]
INFO: Run Behavior\ParseTemplateBehavior [ RunTime:0.008132s ]
INFO: [ view_parse ] --END-- [ RunTime:0.008173s ]
INFO: [ view_filter ] --START--
INFO: Run Behavior\WriteHtmlCacheBehavior [ RunTime:0.000144s ]
INFO: [ view_filter ] --END-- [ RunTime:0.000177s ]
INFO: [ app_end ] --START--
INFO: Run Behavior\ShowPageTraceBehavior [ RunTime:0.000347s ]
INFO: [ app_end ] --END-- [ RunTime:0.000379s ]

[ 2016-05-25T22:02:33+08:00 ] 127.0.0.1 /bs.php/home/pay/index.html
INFO: [ app_init ] --START--
INFO: Run Behavior\BuildLiteBehavior [ RunTime:0.000010s ]
INFO: [ app_init ] --END-- [ RunTime:0.000258s ]
INFO: [ app_begin ] --START--
INFO: Run Behavior\ReadHtmlCacheBehavior [ RunTime:0.000374s ]
INFO: [ app_begin ] --END-- [ RunTime:0.000416s ]

