[ 2016-05-27T10:09:31+08:00 ] 127.0.0.1 /bs.php
INFO: [ app_init ] --START--
INFO: Run Behavior\BuildLiteBehavior [ RunTime:0.000021s ]
INFO: [ app_init ] --END-- [ RunTime:0.000474s ]
INFO: [ app_begin ] --START--
INFO: Run Behavior\ReadHtmlCacheBehavior [ RunTime:0.000693s ]
INFO: [ app_begin ] --END-- [ RunTime:0.000759s ]
INFO: [ view_parse ] --START--
INFO: [ template_filter ] --START--
INFO: Run Behavior\ContentReplaceBehavior [ RunTime:0.000116s ]
INFO: [ template_filter ] --END-- [ RunTime:0.000207s ]
NOTIC: [8] Undefined index: emp E:\wamp\www\BackworkStation\Runtime\Cache\Home\7845707409def0668184300e473d9e9a.php 第 281 行.
NOTIC: [8] Undefined index: emp E:\wamp\www\BackworkStation\Runtime\Cache\Home\7845707409def0668184300e473d9e9a.php 第 426 行.
INFO: Run Behavior\ParseTemplateBehavior [ RunTime:0.018290s ]
INFO: [ view_parse ] --END-- [ RunTime:0.018378s ]
INFO: [ view_filter ] --START--
INFO: Run Behavior\WriteHtmlCacheBehavior [ RunTime:0.000372s ]
INFO: [ view_filter ] --END-- [ RunTime:0.000444s ]
INFO: [ app_end ] --START--
INFO: Run Behavior\ShowPageTraceBehavior [ RunTime:0.000661s ]
INFO: [ app_end ] --END-- [ RunTime:0.000719s ]

[ 2016-05-27T10:09:35+08:00 ] 127.0.0.1 /bs.php/home/employee/ajaxSignIn.html
INFO: [ app_init ] --START--
INFO: Run Behavior\BuildLiteBehavior [ RunTime:0.000020s ]
INFO: [ app_init ] --END-- [ RunTime:0.000444s ]
INFO: [ app_begin ] --START--
INFO: Run Behavior\ReadHtmlCacheBehavior [ RunTime:0.000515s ]
INFO: [ app_begin ] --END-- [ RunTime:0.000576s ]
SQL: SHOW COLUMNS FROM `employee` [ RunTime:0.0360s ]
SQL: SELECT
employee.id,
employee.signin_name,
employee.pwd,
employee.username,
employee.m_phone,
employee.email,
employee.wechat_id,
employee.qq,
employee.birthday_time,
employee.e_gender,
employee.join_time,
employee.leave_time,
employee.f_employee_type_id,
employee.f_employee_status_id,
employee_type.`name` AS employee_type_name
FROM `employee`
INNER JOIN employee_type ON employee_type.id = employee.f_employee_type_id
WHERE employee.f_employee_status_id = 1
AND employee.signin_name = 'admin' [ RunTime:0.0354s ]

[ 2016-05-27T10:09:37+08:00 ] 127.0.0.1 /bs.php
INFO: [ app_init ] --START--
INFO: Run Behavior\BuildLiteBehavior [ RunTime:0.000018s ]
INFO: [ app_init ] --END-- [ RunTime:0.000461s ]
INFO: [ app_begin ] --START--
INFO: Run Behavior\ReadHtmlCacheBehavior [ RunTime:0.000629s ]
INFO: [ app_begin ] --END-- [ RunTime:0.000693s ]
INFO: [ view_parse ] --START--
INFO: [ template_filter ] --START--
INFO: Run Behavior\ContentReplaceBehavior [ RunTime:0.000117s ]
INFO: [ template_filter ] --END-- [ RunTime:0.000211s ]
INFO: Run Behavior\ParseTemplateBehavior [ RunTime:0.013348s ]
INFO: [ view_parse ] --END-- [ RunTime:0.013434s ]
INFO: [ view_filter ] --START--
INFO: Run Behavior\WriteHtmlCacheBehavior [ RunTime:0.000281s ]
INFO: [ view_filter ] --END-- [ RunTime:0.000342s ]
INFO: [ app_end ] --START--
INFO: Run Behavior\ShowPageTraceBehavior [ RunTime:0.000623s ]
INFO: [ app_end ] --END-- [ RunTime:0.000682s ]

[ 2016-05-27T10:09:40+08:00 ] 127.0.0.1 /bs.php/home/pay/index.html
INFO: [ app_init ] --START--
INFO: Run Behavior\BuildLiteBehavior [ RunTime:0.000020s ]
INFO: [ app_init ] --END-- [ RunTime:0.000507s ]
INFO: [ app_begin ] --START--
INFO: Run Behavior\ReadHtmlCacheBehavior [ RunTime:0.000898s ]
INFO: [ app_begin ] --END-- [ RunTime:0.001015s ]
SQL: SHOW COLUMNS FROM `order_form` [ RunTime:0.0332s ]
NOTIC: [8] Undefined index: page_now E:\wamp\www\BackworkStation\Home\Controller\PayController.class.php 第 18 行.
SQL: SELECT COUNT(id) AS c FROM order_form [ RunTime:0.7848s ]
SQL: SELECT
of.id,
of.create_time,
of.refund_time,
of.`no`,
of.price,
of.is_need_invoice,
of.bc_id,
ofs.`name` AS order_form_status,
p.`name` AS pay_type,
u.username AS username
FROM
order_form AS of
LEFT JOIN order_form_status AS ofs ON ofs.id = of.f_order_form_status_id
LEFT JOIN pay_type AS p ON p.id = of.f_pay_type_id
LEFT JOIN `user` AS u ON u.id = of.f_user_id
ORDER BY of.id DESC
LIMIT 0,11 [ RunTime:0.0342s ]
INFO: [ view_parse ] --START--
INFO: [ template_filter ] --START--
INFO: Run Behavior\ContentReplaceBehavior [ RunTime:0.000391s ]
INFO: [ template_filter ] --END-- [ RunTime:0.000652s ]
INFO: Run Behavior\ParseTemplateBehavior [ RunTime:0.039437s ]
INFO: [ view_parse ] --END-- [ RunTime:0.039560s ]
INFO: [ view_filter ] --START--
INFO: Run Behavior\WriteHtmlCacheBehavior [ RunTime:0.000817s ]
INFO: [ view_filter ] --END-- [ RunTime:0.000971s ]
INFO: [ app_end ] --START--
INFO: Run Behavior\ShowPageTraceBehavior [ RunTime:0.001207s ]
INFO: [ app_end ] --END-- [ RunTime:0.001395s ]

[ 2016-05-27T10:11:54+08:00 ] 127.0.0.1 /bs.php/home/pay/isPay.html
INFO: [ app_init ] --START--
INFO: Run Behavior\BuildLiteBehavior [ RunTime:0.000020s ]
INFO: [ app_init ] --END-- [ RunTime:0.000453s ]
INFO: [ app_begin ] --START--
INFO: Run Behavior\ReadHtmlCacheBehavior [ RunTime:0.000663s ]
INFO: [ app_begin ] --END-- [ RunTime:0.000729s ]
SQL: SHOW COLUMNS FROM `order_form` [ RunTime:0.0368s ]
NOTIC: [8] Undefined index: page_now E:\wamp\www\BackworkStation\Home\Controller\PayController.class.php 第 50 行.
SQL: SELECT COUNT(id) AS c FROM order_form [ RunTime:0.0365s ]
SQL: SELECT
of.id,
of.create_time,
of.refund_time,
of.`no`,
of.price,
of.is_need_invoice,
of.bc_id,
ofs.`name` AS order_form_status,
p.`name` AS pay_type,
u.username AS username
FROM
order_form AS of
LEFT JOIN order_form_status AS ofs ON ofs.id = of.f_order_form_status_id
LEFT JOIN pay_type AS p ON p.id = of.f_pay_type_id
LEFT JOIN `user` AS u ON u.id = of.f_user_id
WHERE of.f_order_form_status_id = 2
ORDER BY of.id DESC
LIMIT 0,11 [ RunTime:0.0346s ]
INFO: [ view_parse ] --START--
INFO: [ template_filter ] --START--
INFO: Run Behavior\ContentReplaceBehavior [ RunTime:0.000384s ]
INFO: [ template_filter ] --END-- [ RunTime:0.000642s ]
NOTIC: [8] Undefined index: usernames E:\wamp\www\BackworkStation\Runtime\Cache\Home\df5f23c32d763355c9f283c952ae601c.php 第 461 行.
NOTIC: [8] Undefined index: usernames E:\wamp\www\BackworkStation\Runtime\Cache\Home\df5f23c32d763355c9f283c952ae601c.php 第 461 行.
NOTIC: [8] Undefined index: usernames E:\wamp\www\BackworkStation\Runtime\Cache\Home\df5f23c32d763355c9f283c952ae601c.php 第 461 行.
NOTIC: [8] Undefined index: usernames E:\wamp\www\BackworkStation\Runtime\Cache\Home\df5f23c32d763355c9f283c952ae601c.php 第 461 行.
INFO: Run Behavior\ParseTemplateBehavior [ RunTime:0.037527s ]
INFO: [ view_parse ] --END-- [ RunTime:0.037666s ]
INFO: [ view_filter ] --START--
INFO: Run Behavior\WriteHtmlCacheBehavior [ RunTime:0.000739s ]
INFO: [ view_filter ] --END-- [ RunTime:0.000865s ]
INFO: [ app_end ] --START--
INFO: Run Behavior\ShowPageTraceBehavior [ RunTime:0.001349s ]
INFO: [ app_end ] --END-- [ RunTime:0.001496s ]

[ 2016-05-27T10:12:00+08:00 ] 127.0.0.1 /bs.php/home/pay/unPay.html
INFO: [ app_init ] --START--
INFO: Run Behavior\BuildLiteBehavior [ RunTime:0.000028s ]
INFO: [ app_init ] --END-- [ RunTime:0.000523s ]
INFO: [ app_begin ] --START--
INFO: Run Behavior\ReadHtmlCacheBehavior [ RunTime:0.001090s ]
INFO: [ app_begin ] --END-- [ RunTime:0.001219s ]
SQL: SHOW COLUMNS FROM `order_form` [ RunTime:0.0651s ]
NOTIC: [8] Undefined index: page_now E:\wamp\www\BackworkStation\Home\Controller\PayController.class.php 第 64 行.
SQL: SELECT COUNT(id) AS c FROM order_form [ RunTime:0.0368s ]
SQL: SELECT
of.id,
of.create_time,
of.refund_time,
of.`no`,
of.price,
of.is_need_invoice,
of.bc_id,
ofs.`name` AS order_form_status,
p.`name` AS pay_type,
u.username AS username
FROM
order_form AS of
LEFT JOIN order_form_status AS ofs ON ofs.id = of.f_order_form_status_id
LEFT JOIN pay_type AS p ON p.id = of.f_pay_type_id
LEFT JOIN `user` AS u ON u.id = of.f_user_id
WHERE of.f_order_form_status_id = 3
ORDER BY of.id DESC
LIMIT 0,11 [ RunTime:0.0382s ]
INFO: [ view_parse ] --START--
INFO: [ template_filter ] --START--
INFO: Run Behavior\ContentReplaceBehavior [ RunTime:0.000149s ]
INFO: [ template_filter ] --END-- [ RunTime:0.000252s ]
NOTIC: [8] Undefined index: usernames E:\wamp\www\BackworkStation\Runtime\Cache\Home\d4c50e34a468de28fbf0552f18846ded.php 第 461 行.
NOTIC: [8] Undefined index: usernames E:\wamp\www\BackworkStation\Runtime\Cache\Home\d4c50e34a468de28fbf0552f18846ded.php 第 461 行.
NOTIC: [8] Undefined index: usernames E:\wamp\www\BackworkStation\Runtime\Cache\Home\d4c50e34a468de28fbf0552f18846ded.php 第 461 行.
NOTIC: [8] Undefined index: usernames E:\wamp\www\BackworkStation\Runtime\Cache\Home\d4c50e34a468de28fbf0552f18846ded.php 第 461 行.
NOTIC: [8] Undefined index: usernames E:\wamp\www\BackworkStation\Runtime\Cache\Home\d4c50e34a468de28fbf0552f18846ded.php 第 461 行.
NOTIC: [8] Undefined index: usernames E:\wamp\www\BackworkStation\Runtime\Cache\Home\d4c50e34a468de28fbf0552f18846ded.php 第 461 行.
NOTIC: [8] Undefined index: usernames E:\wamp\www\BackworkStation\Runtime\Cache\Home\d4c50e34a468de28fbf0552f18846ded.php 第 461 行.
INFO: Run Behavior\ParseTemplateBehavior [ RunTime:0.021774s ]
INFO: [ view_parse ] --END-- [ RunTime:0.021922s ]
INFO: [ view_filter ] --START--
INFO: Run Behavior\WriteHtmlCacheBehavior [ RunTime:0.000868s ]
INFO: [ view_filter ] --END-- [ RunTime:0.000991s ]
INFO: [ app_end ] --START--
INFO: Run Behavior\ShowPageTraceBehavior [ RunTime:0.001599s ]
INFO: [ app_end ] --END-- [ RunTime:0.001765s ]

[ 2016-05-27T10:12:02+08:00 ] 127.0.0.1 /bs.php/home/pay/isOut.html
INFO: [ app_init ] --START--
INFO: Run Behavior\BuildLiteBehavior [ RunTime:0.000021s ]
INFO: [ app_init ] --END-- [ RunTime:0.000427s ]
INFO: [ app_begin ] --START--
INFO: Run Behavior\ReadHtmlCacheBehavior [ RunTime:0.000682s ]
INFO: [ app_begin ] --END-- [ RunTime:0.000768s ]
SQL: SHOW COLUMNS FROM `order_form` [ RunTime:0.0377s ]
NOTIC: [8] Undefined index: page_now E:\wamp\www\BackworkStation\Home\Controller\PayController.class.php 第 78 行.
SQL: SELECT COUNT(id) AS c FROM order_form [ RunTime:0.0330s ]
SQL: SELECT
of.id,
of.create_time,
of.refund_time,
of.`no`,
of.price,
of.is_need_invoice,
of.bc_id,
ofs.`name` AS order_form_status,
p.`name` AS pay_type,
u.username AS username
FROM
order_form AS of
LEFT JOIN order_form_status AS ofs ON ofs.id = of.f_order_form_status_id
LEFT JOIN pay_type AS p ON p.id = of.f_pay_type_id
LEFT JOIN `user` AS u ON u.id = of.f_user_id
WHERE of.f_order_form_status_id = 4
ORDER BY of.id DESC
LIMIT 0,11 [ RunTime:0.0359s ]
INFO: [ view_parse ] --START--
INFO: [ template_filter ] --START--
INFO: Run Behavior\ContentReplaceBehavior [ RunTime:0.000173s ]
INFO: [ template_filter ] --END-- [ RunTime:0.000311s ]
INFO: Run Behavior\ParseTemplateBehavior [ RunTime:0.018101s ]
INFO: [ view_parse ] --END-- [ RunTime:0.018213s ]
INFO: [ view_filter ] --START--
INFO: Run Behavior\WriteHtmlCacheBehavior [ RunTime:0.000290s ]
INFO: [ view_filter ] --END-- [ RunTime:0.000350s ]
INFO: [ app_end ] --START--
INFO: Run Behavior\ShowPageTraceBehavior [ RunTime:0.000570s ]
INFO: [ app_end ] --END-- [ RunTime:0.000646s ]

[ 2016-05-27T10:12:03+08:00 ] 127.0.0.1 /bs.php/home/pay/isArrive.html
INFO: [ app_init ] --START--
INFO: Run Behavior\BuildLiteBehavior [ RunTime:0.000020s ]
INFO: [ app_init ] --END-- [ RunTime:0.000404s ]
INFO: [ app_begin ] --START--
INFO: Run Behavior\ReadHtmlCacheBehavior [ RunTime:0.000605s ]
INFO: [ app_begin ] --END-- [ RunTime:0.000686s ]
SQL: SHOW COLUMNS FROM `order_form` [ RunTime:0.0351s ]
NOTIC: [8] Undefined index: page_now E:\wamp\www\BackworkStation\Home\Controller\PayController.class.php 第 92 行.
SQL: SELECT COUNT(id) AS c FROM order_form [ RunTime:0.0909s ]
SQL: SELECT
of.id,
of.create_time,
of.refund_time,
of.`no`,
of.price,
of.is_need_invoice,
of.bc_id,
ofs.`name` AS order_form_status,
p.`name` AS pay_type,
u.username AS username
FROM
order_form AS of
LEFT JOIN order_form_status AS ofs ON ofs.id = of.f_order_form_status_id
LEFT JOIN pay_type AS p ON p.id = of.f_pay_type_id
LEFT JOIN `user` AS u ON u.id = of.f_user_id
WHERE of.f_order_form_status_id = 5
ORDER BY of.id DESC
LIMIT 0,11 [ RunTime:0.0348s ]
INFO: [ view_parse ] --START--
INFO: [ template_filter ] --START--
INFO: Run Behavior\ContentReplaceBehavior [ RunTime:0.000176s ]
INFO: [ template_filter ] --END-- [ RunTime:0.000300s ]
INFO: Run Behavior\ParseTemplateBehavior [ RunTime:0.032158s ]
INFO: [ view_parse ] --END-- [ RunTime:0.032296s ]
INFO: [ view_filter ] --START--
INFO: Run Behavior\WriteHtmlCacheBehavior [ RunTime:0.000528s ]
INFO: [ view_filter ] --END-- [ RunTime:0.000610s ]
INFO: [ app_end ] --START--
INFO: Run Behavior\ShowPageTraceBehavior [ RunTime:0.000714s ]
INFO: [ app_end ] --END-- [ RunTime:0.000796s ]

[ 2016-05-27T10:12:05+08:00 ] 127.0.0.1 /bs.php/home/pay/index.html
INFO: [ app_init ] --START--
INFO: Run Behavior\BuildLiteBehavior [ RunTime:0.000019s ]
INFO: [ app_init ] --END-- [ RunTime:0.000421s ]
INFO: [ app_begin ] --START--
INFO: Run Behavior\ReadHtmlCacheBehavior [ RunTime:0.000559s ]
INFO: [ app_begin ] --END-- [ RunTime:0.000623s ]
SQL: SHOW COLUMNS FROM `order_form` [ RunTime:0.0339s ]
NOTIC: [8] Undefined index: page_now E:\wamp\www\BackworkStation\Home\Controller\PayController.class.php 第 18 行.
SQL: SELECT COUNT(id) AS c FROM order_form [ RunTime:0.0349s ]
SQL: SELECT
of.id,
of.create_time,
of.refund_time,
of.`no`,
of.price,
of.is_need_invoice,
of.bc_id,
ofs.`name` AS order_form_status,
p.`name` AS pay_type,
u.username AS username
FROM
order_form AS of
LEFT JOIN order_form_status AS ofs ON ofs.id = of.f_order_form_status_id
LEFT JOIN pay_type AS p ON p.id = of.f_pay_type_id
LEFT JOIN `user` AS u ON u.id = of.f_user_id
ORDER BY of.id DESC
LIMIT 0,11 [ RunTime:0.0380s ]
INFO: [ view_parse ] --START--
INFO: [ template_filter ] --START--
INFO: Run Behavior\ContentReplaceBehavior [ RunTime:0.000129s ]
INFO: [ template_filter ] --END-- [ RunTime:0.000225s ]
INFO: Run Behavior\ParseTemplateBehavior [ RunTime:0.016509s ]
INFO: [ view_parse ] --END-- [ RunTime:0.016590s ]
INFO: [ view_filter ] --START--
INFO: Run Behavior\WriteHtmlCacheBehavior [ RunTime:0.000366s ]
INFO: [ view_filter ] --END-- [ RunTime:0.000427s ]
INFO: [ app_end ] --START--
INFO: Run Behavior\ShowPageTraceBehavior [ RunTime:0.000545s ]
INFO: [ app_end ] --END-- [ RunTime:0.000605s ]

