[ 2016-06-03T08:29:32+08:00 ] 121.42.0.35 /bs.php
INFO: [ app_init ] --START--
INFO: Run Behavior\BuildLiteBehavior [ RunTime:0.000028s ]
INFO: [ app_init ] --END-- [ RunTime:0.000490s ]
INFO: [ app_begin ] --START--
INFO: Run Behavior\ReadHtmlCacheBehavior [ RunTime:0.000568s ]
INFO: [ app_begin ] --END-- [ RunTime:0.000639s ]
INFO: [ view_parse ] --START--
INFO: [ template_filter ] --START--
INFO: Run Behavior\ContentReplaceBehavior [ RunTime:0.000120s ]
INFO: [ template_filter ] --END-- [ RunTime:0.000187s ]
NOTIC: [8] Undefined index: emp /data/home/qxu1192070148/htdocs/BackworkStation/Runtime/Cache/Home/7845707409def0668184300e473d9e9a.php 第 281 行.
NOTIC: [8] Undefined index: emp /data/home/qxu1192070148/htdocs/BackworkStation/Runtime/Cache/Home/7845707409def0668184300e473d9e9a.php 第 305 行.
NOTIC: [8] Undefined index: emp /data/home/qxu1192070148/htdocs/BackworkStation/Runtime/Cache/Home/7845707409def0668184300e473d9e9a.php 第 435 行.
INFO: Run Behavior\ParseTemplateBehavior [ RunTime:0.026333s ]
INFO: [ view_parse ] --END-- [ RunTime:0.026408s ]
INFO: [ view_filter ] --START--
INFO: Run Behavior\WriteHtmlCacheBehavior [ RunTime:0.000301s ]
INFO: [ view_filter ] --END-- [ RunTime:0.000356s ]
INFO: [ app_end ] --START--
INFO: Run Behavior\ShowPageTraceBehavior [ RunTime:0.000530s ]
INFO: [ app_end ] --END-- [ RunTime:0.000588s ]

